ERROR - 2015-01-27T20:08:00+07:00 - exception 'Twig_Error_Runtime' with message 'Key "steps" for array with keys "id, name, contents" does not exist in "itinerary-step.twig" at line 135' in /home/matt/public_html/Provins/core/vendor/twig/twig/lib/Twig/Template.php:393
Stack trace:
#0 /home/matt/public_html/Provins/core/views_cache/9d/29/37688ea804e2afe2d53f0843dc731699e653f630eff2c2222c5625b1eeca.php(381): Twig_Template->getAttribute(Array, 'steps', Array)
#1 /home/matt/public_html/Provins/core/vendor/twig/twig/lib/Twig/Template.php(144): __TwigTemplate_9d2937688ea804e2afe2d53f0843dc731699e653f630eff2c2222c5625b1eeca->block_section(Array, Array)
#2 /home/matt/public_html/Provins/core/views_cache/0a/4c/bd615aee27a81e830cf3cc4c42a408d359db12c32467ff3e202def5f8ad1.php(70): Twig_Template->displayBlock('section', Array, Array)
#3 /home/matt/public_html/Provins/core/vendor/twig/twig/lib/Twig/Template.php(279): __TwigTemplate_0a4cbd615aee27a81e830cf3cc4c42a408d359db12c32467ff3e202def5f8ad1->doDisplay(Array, Array)
#4 /home/matt/public_html/Provins/core/vendor/twig/twig/lib/Twig/Template.php(253): Twig_Template->displayWithErrorHandling(Array, Array)
#5 /home/matt/public_html/Provins/core/views_cache/9d/29/37688ea804e2afe2d53f0843dc731699e653f630eff2c2222c5625b1eeca.php(25): Twig_Template->display(Array, Array)
#6 /home/matt/public_html/Provins/core/vendor/twig/twig/lib/Twig/Template.php(279): __TwigTemplate_9d2937688ea804e2afe2d53f0843dc731699e653f630eff2c2222c5625b1eeca->doDisplay(Array, Array)
#7 /home/matt/public_html/Provins/core/vendor/twig/twig/lib/Twig/Template.php(253): Twig_Template->displayWithErrorHandling(Array, Array)
#8 /home/matt/public_html/Provins/core/vendor/twig/twig/lib/Twig/Template.php(264): Twig_Template->display(Array)
#9 /home/matt/public_html/Provins/core/vendor/slim/views/Slim/Views/Twig.php(91): Twig_Template->render(Array)
#10 /home/matt/public_html/Provins/core/vendor/slim/slim/Slim/View.php(255): Slim\Views\Twig->render('itinerary-step....', NULL)
#11 /home/matt/public_html/Provins/core/vendor/slim/slim/Slim/View.php(243): Slim\View->fetch('itinerary-step....', NULL)
#12 /home/matt/public_html/Provins/core/vendor/slim/slim/Slim/Slim.php(757): Slim\View->display('itinerary-step....')
#13 /home/matt/public_html/Provins/core/kernel/View.php(73): Slim\Slim->render('itinerary-step....')
#14 /home/matt/public_html/Provins/core/kernel/Controllers.php(248): View::render('\xC3\x89tape', 'itinerary-step', Array)
#15 [internal function]: Controllers::itineraryStep('court-famille-l...', '10-rue-st-thiba...')
#16 /home/matt/public_html/Provins/core/vendor/slim/slim/Slim/Route.php(462): call_user_func_array('Controllers::it...', Array)
#17 /home/matt/public_html/Provins/core/vendor/slim/slim/Slim/Slim.php(1326): Slim\Route->dispatch()
#18 /home/matt/public_html/Provins/core/vendor/slim/slim/Slim/Middleware/Flash.php(85): Slim\Slim->call()
#19 /home/matt/public_html/Provins/core/vendor/slim/slim/Slim/Middleware/MethodOverride.php(92): Slim\Middleware\Flash->call()
#20 /home/matt/public_html/Provins/core/vendor/slim/slim/Slim/Middleware/PrettyExceptions.php(67): Slim\Middleware\MethodOverride->call()
#21 /home/matt/public_html/Provins/core/vendor/slim/slim/Slim/Slim.php(1271): Slim\Middleware\PrettyExceptions->call()
#22 /home/matt/public_html/Provins/core/index.php(10): Slim\Slim->run()
#23 /home/matt/public_html/Provins/index.php(5): require_once('/home/matt/publ...')
#24 {main}
ERROR - 2015-01-27T20:08:00+07:00 - exception 'Twig_Error_Runtime' with message 'Key "steps" for array with keys "id, name, contents" does not exist in "itinerary-step.twig" at line 135' in /home/matt/public_html/Provins/core/vendor/twig/twig/lib/Twig/Template.php:393
Stack trace:
#0 /home/matt/public_html/Provins/core/views_cache/9d/29/37688ea804e2afe2d53f0843dc731699e653f630eff2c2222c5625b1eeca.php(381): Twig_Template->getAttribute(Array, 'steps', Array)
#1 /home/matt/public_html/Provins/core/vendor/twig/twig/lib/Twig/Template.php(144): __TwigTemplate_9d2937688ea804e2afe2d53f0843dc731699e653f630eff2c2222c5625b1eeca->block_section(Array, Array)
#2 /home/matt/public_html/Provins/core/views_cache/0a/4c/bd615aee27a81e830cf3cc4c42a408d359db12c32467ff3e202def5f8ad1.php(70): Twig_Template->displayBlock('section', Array, Array)
#3 /home/matt/public_html/Provins/core/vendor/twig/twig/lib/Twig/Template.php(279): __TwigTemplate_0a4cbd615aee27a81e830cf3cc4c42a408d359db12c32467ff3e202def5f8ad1->doDisplay(Array, Array)
#4 /home/matt/public_html/Provins/core/vendor/twig/twig/lib/Twig/Template.php(253): Twig_Template->displayWithErrorHandling(Array, Array)
#5 /home/matt/public_html/Provins/core/views_cache/9d/29/37688ea804e2afe2d53f0843dc731699e653f630eff2c2222c5625b1eeca.php(25): Twig_Template->display(Array, Array)
#6 /home/matt/public_html/Provins/core/vendor/twig/twig/lib/Twig/Template.php(279): __TwigTemplate_9d2937688ea804e2afe2d53f0843dc731699e653f630eff2c2222c5625b1eeca->doDisplay(Array, Array)
#7 /home/matt/public_html/Provins/core/vendor/twig/twig/lib/Twig/Template.php(253): Twig_Template->displayWithErrorHandling(Array, Array)
#8 /home/matt/public_html/Provins/core/vendor/twig/twig/lib/Twig/Template.php(264): Twig_Template->display(Array)
#9 /home/matt/public_html/Provins/core/vendor/slim/views/Slim/Views/Twig.php(91): Twig_Template->render(Array)
#10 /home/matt/public_html/Provins/core/vendor/slim/slim/Slim/View.php(255): Slim\Views\Twig->render('itinerary-step....', NULL)
#11 /home/matt/public_html/Provins/core/vendor/slim/slim/Slim/View.php(243): Slim\View->fetch('itinerary-step....', NULL)
#12 /home/matt/public_html/Provins/core/vendor/slim/slim/Slim/Slim.php(757): Slim\View->display('itinerary-step....')
#13 /home/matt/public_html/Provins/core/kernel/View.php(73): Slim\Slim->render('itinerary-step....')
#14 /home/matt/public_html/Provins/core/kernel/Controllers.php(248): View::render('\xC3\x89tape', 'itinerary-step', Array)
#15 [internal function]: Controllers::itineraryStep('court-famille-l...', '14-porte-de-jou...')
#16 /home/matt/public_html/Provins/core/vendor/slim/slim/Slim/Route.php(462): call_user_func_array('Controllers::it...', Array)
#17 /home/matt/public_html/Provins/core/vendor/slim/slim/Slim/Slim.php(1326): Slim\Route->dispatch()
#18 /home/matt/public_html/Provins/core/vendor/slim/slim/Slim/Middleware/Flash.php(85): Slim\Slim->call()
#19 /home/matt/public_html/Provins/core/vendor/slim/slim/Slim/Middleware/MethodOverride.php(92): Slim\Middleware\Flash->call()
#20 /home/matt/public_html/Provins/core/vendor/slim/slim/Slim/Middleware/PrettyExceptions.php(67): Slim\Middleware\MethodOverride->call()
#21 /home/matt/public_html/Provins/core/vendor/slim/slim/Slim/Slim.php(1271): Slim\Middleware\PrettyExceptions->call()
#22 /home/matt/public_html/Provins/core/index.php(10): Slim\Slim->run()
#23 /home/matt/public_html/Provins/index.php(5): require_once('/home/matt/publ...')
#24 {main}
ERROR - 2015-01-27T20:08:00+07:00 - exception 'Twig_Error_Runtime' with message 'Key "steps" for array with keys "id, name, contents" does not exist in "itinerary-step.twig" at line 135' in /home/matt/public_html/Provins/core/vendor/twig/twig/lib/Twig/Template.php:393
Stack trace:
#0 /home/matt/public_html/Provins/core/views_cache/9d/29/37688ea804e2afe2d53f0843dc731699e653f630eff2c2222c5625b1eeca.php(381): Twig_Template->getAttribute(Array, 'steps', Array)
#1 /home/matt/public_html/Provins/core/vendor/twig/twig/lib/Twig/Template.php(144): __TwigTemplate_9d2937688ea804e2afe2d53f0843dc731699e653f630eff2c2222c5625b1eeca->block_section(Array, Array)
#2 /home/matt/public_html/Provins/core/views_cache/0a/4c/bd615aee27a81e830cf3cc4c42a408d359db12c32467ff3e202def5f8ad1.php(70): Twig_Template->displayBlock('section', Array, Array)
#3 /home/matt/public_html/Provins/core/vendor/twig/twig/lib/Twig/Template.php(279): __TwigTemplate_0a4cbd615aee27a81e830cf3cc4c42a408d359db12c32467ff3e202def5f8ad1->doDisplay(Array, Array)
#4 /home/matt/public_html/Provins/core/vendor/twig/twig/lib/Twig/Template.php(253): Twig_Template->displayWithErrorHandling(Array, Array)
#5 /home/matt/public_html/Provins/core/views_cache/9d/29/37688ea804e2afe2d53f0843dc731699e653f630eff2c2222c5625b1eeca.php(25): Twig_Template->display(Array, Array)
#6 /home/matt/public_html/Provins/core/vendor/twig/twig/lib/Twig/Template.php(279): __TwigTemplate_9d2937688ea804e2afe2d53f0843dc731699e653f630eff2c2222c5625b1eeca->doDisplay(Array, Array)
#7 /home/matt/public_html/Provins/core/vendor/twig/twig/lib/Twig/Template.php(253): Twig_Template->displayWithErrorHandling(Array, Array)
#8 /home/matt/public_html/Provins/core/vendor/twig/twig/lib/Twig/Template.php(264): Twig_Template->display(Array)
#9 /home/matt/public_html/Provins/core/vendor/slim/views/Slim/Views/Twig.php(91): Twig_Template->render(Array)
#10 /home/matt/public_html/Provins/core/vendor/slim/slim/Slim/View.php(255): Slim\Views\Twig->render('itinerary-step....', NULL)
#11 /home/matt/public_html/Provins/core/vendor/slim/slim/Slim/View.php(243): Slim\View->fetch('itinerary-step....', NULL)
#12 /home/matt/public_html/Provins/core/vendor/slim/slim/Slim/Slim.php(757): Slim\View->display('itinerary-step....')
#13 /home/matt/public_html/Provins/core/kernel/View.php(73): Slim\Slim->render('itinerary-step....')
#14 /home/matt/public_html/Provins/core/kernel/Controllers.php(248): View::render('\xC3\x89tape', 'itinerary-step', Array)
#15 [internal function]: Controllers::itineraryStep('court-famille-l...', '00-depart')
#16 /home/matt/public_html/Provins/core/vendor/slim/slim/Slim/Route.php(462): call_user_func_array('Controllers::it...', Array)
#17 /home/matt/public_html/Provins/core/vendor/slim/slim/Slim/Slim.php(1326): Slim\Route->dispatch()
#18 /home/matt/public_html/Provins/core/vendor/slim/slim/Slim/Middleware/Flash.php(85): Slim\Slim->call()
#19 /home/matt/public_html/Provins/core/vendor/slim/slim/Slim/Middleware/MethodOverride.php(92): Slim\Middleware\Flash->call()
#20 /home/matt/public_html/Provins/core/vendor/slim/slim/Slim/Middleware/PrettyExceptions.php(67): Slim\Middleware\MethodOverride->call()
#21 /home/matt/public_html/Provins/core/vendor/slim/slim/Slim/Slim.php(1271): Slim\Middleware\PrettyExceptions->call()
#22 /home/matt/public_html/Provins/core/index.php(10): Slim\Slim->run()
#23 /home/matt/public_html/Provins/index.php(5): require_once('/home/matt/publ...')
#24 {main}
