ERROR - 2015-01-21T00:03:50+07:00 - exception 'Twig_Error_Runtime' with message 'Impossible to access an attribute ("name") on a NULL variable ("") in "itineraries.twig" at line 7' in /home/matt/public_html/Provins/core/vendor/twig/twig/lib/Twig/Template.php:393
Stack trace:
#0 /home/matt/public_html/Provins/core/views_cache/3c/a6/5e1cd827a04242376cd1bacb5d08deb52af0e39ff7246bbd76b042b5aa20.php(41): Twig_Template->getAttribute(NULL, 'name', Array)
#1 /home/matt/public_html/Provins/core/vendor/twig/twig/lib/Twig/Template.php(144): __TwigTemplate_3ca65e1cd827a04242376cd1bacb5d08deb52af0e39ff7246bbd76b042b5aa20->block_section(Array, Array)
#2 /home/matt/public_html/Provins/core/views_cache/0a/4c/bd615aee27a81e830cf3cc4c42a408d359db12c32467ff3e202def5f8ad1.php(70): Twig_Template->displayBlock('section', Array, Array)
#3 /home/matt/public_html/Provins/core/vendor/twig/twig/lib/Twig/Template.php(279): __TwigTemplate_0a4cbd615aee27a81e830cf3cc4c42a408d359db12c32467ff3e202def5f8ad1->doDisplay(Array, Array)
#4 /home/matt/public_html/Provins/core/vendor/twig/twig/lib/Twig/Template.php(253): Twig_Template->displayWithErrorHandling(Array, Array)
#5 /home/matt/public_html/Provins/core/views_cache/3c/a6/5e1cd827a04242376cd1bacb5d08deb52af0e39ff7246bbd76b042b5aa20.php(24): Twig_Template->display(Array, Array)
#6 /home/matt/public_html/Provins/core/vendor/twig/twig/lib/Twig/Template.php(279): __TwigTemplate_3ca65e1cd827a04242376cd1bacb5d08deb52af0e39ff7246bbd76b042b5aa20->doDisplay(Array, Array)
#7 /home/matt/public_html/Provins/core/vendor/twig/twig/lib/Twig/Template.php(253): Twig_Template->displayWithErrorHandling(Array, Array)
#8 /home/matt/public_html/Provins/core/vendor/twig/twig/lib/Twig/Template.php(264): Twig_Template->display(Array)
#9 /home/matt/public_html/Provins/core/vendor/slim/views/Slim/Views/Twig.php(91): Twig_Template->render(Array)
#10 /home/matt/public_html/Provins/core/vendor/slim/slim/Slim/View.php(255): Slim\Views\Twig->render('itineraries.twi...', NULL)
#11 /home/matt/public_html/Provins/core/vendor/slim/slim/Slim/View.php(243): Slim\View->fetch('itineraries.twi...', NULL)
#12 /home/matt/public_html/Provins/core/vendor/slim/slim/Slim/Slim.php(757): Slim\View->display('itineraries.twi...')
#13 /home/matt/public_html/Provins/core/kernel/View.php(73): Slim\Slim->render('itineraries.twi...')
#14 /home/matt/public_html/Provins/core/kernel/Controllers.php(49): View::render('Parcours', 'itineraries', Array)
#15 [internal function]: Controllers::itineraries()
#16 /home/matt/public_html/Provins/core/vendor/slim/slim/Slim/Route.php(462): call_user_func_array('Controllers::it...', Array)
#17 /home/matt/public_html/Provins/core/vendor/slim/slim/Slim/Slim.php(1326): Slim\Route->dispatch()
#18 /home/matt/public_html/Provins/core/vendor/slim/slim/Slim/Middleware/Flash.php(85): Slim\Slim->call()
#19 /home/matt/public_html/Provins/core/vendor/slim/slim/Slim/Middleware/MethodOverride.php(92): Slim\Middleware\Flash->call()
#20 /home/matt/public_html/Provins/core/vendor/slim/slim/Slim/Middleware/PrettyExceptions.php(67): Slim\Middleware\MethodOverride->call()
#21 /home/matt/public_html/Provins/core/vendor/slim/slim/Slim/Slim.php(1271): Slim\Middleware\PrettyExceptions->call()
#22 /home/matt/public_html/Provins/core/index.php(10): Slim\Slim->run()
#23 /home/matt/public_html/Provins/index.php(5): require_once('/home/matt/publ...')
#24 {main}
ERROR - 2015-01-21T00:04:29+07:00 - exception 'Twig_Error_Runtime' with message 'Impossible to access an attribute ("name") on a NULL variable ("") in "itineraries.twig" at line 7' in /home/matt/public_html/Provins/core/vendor/twig/twig/lib/Twig/Template.php:393
Stack trace:
#0 /home/matt/public_html/Provins/core/views_cache/3c/a6/5e1cd827a04242376cd1bacb5d08deb52af0e39ff7246bbd76b042b5aa20.php(41): Twig_Template->getAttribute(NULL, 'name', Array)
#1 /home/matt/public_html/Provins/core/vendor/twig/twig/lib/Twig/Template.php(144): __TwigTemplate_3ca65e1cd827a04242376cd1bacb5d08deb52af0e39ff7246bbd76b042b5aa20->block_section(Array, Array)
#2 /home/matt/public_html/Provins/core/views_cache/0a/4c/bd615aee27a81e830cf3cc4c42a408d359db12c32467ff3e202def5f8ad1.php(70): Twig_Template->displayBlock('section', Array, Array)
#3 /home/matt/public_html/Provins/core/vendor/twig/twig/lib/Twig/Template.php(279): __TwigTemplate_0a4cbd615aee27a81e830cf3cc4c42a408d359db12c32467ff3e202def5f8ad1->doDisplay(Array, Array)
#4 /home/matt/public_html/Provins/core/vendor/twig/twig/lib/Twig/Template.php(253): Twig_Template->displayWithErrorHandling(Array, Array)
#5 /home/matt/public_html/Provins/core/views_cache/3c/a6/5e1cd827a04242376cd1bacb5d08deb52af0e39ff7246bbd76b042b5aa20.php(24): Twig_Template->display(Array, Array)
#6 /home/matt/public_html/Provins/core/vendor/twig/twig/lib/Twig/Template.php(279): __TwigTemplate_3ca65e1cd827a04242376cd1bacb5d08deb52af0e39ff7246bbd76b042b5aa20->doDisplay(Array, Array)
#7 /home/matt/public_html/Provins/core/vendor/twig/twig/lib/Twig/Template.php(253): Twig_Template->displayWithErrorHandling(Array, Array)
#8 /home/matt/public_html/Provins/core/vendor/twig/twig/lib/Twig/Template.php(264): Twig_Template->display(Array)
#9 /home/matt/public_html/Provins/core/vendor/slim/views/Slim/Views/Twig.php(91): Twig_Template->render(Array)
#10 /home/matt/public_html/Provins/core/vendor/slim/slim/Slim/View.php(255): Slim\Views\Twig->render('itineraries.twi...', NULL)
#11 /home/matt/public_html/Provins/core/vendor/slim/slim/Slim/View.php(243): Slim\View->fetch('itineraries.twi...', NULL)
#12 /home/matt/public_html/Provins/core/vendor/slim/slim/Slim/Slim.php(757): Slim\View->display('itineraries.twi...')
#13 /home/matt/public_html/Provins/core/kernel/View.php(73): Slim\Slim->render('itineraries.twi...')
#14 /home/matt/public_html/Provins/core/kernel/Controllers.php(49): View::render('Parcours', 'itineraries', Array)
#15 [internal function]: Controllers::itineraries()
#16 /home/matt/public_html/Provins/core/vendor/slim/slim/Slim/Route.php(462): call_user_func_array('Controllers::it...', Array)
#17 /home/matt/public_html/Provins/core/vendor/slim/slim/Slim/Slim.php(1326): Slim\Route->dispatch()
#18 /home/matt/public_html/Provins/core/vendor/slim/slim/Slim/Middleware/Flash.php(85): Slim\Slim->call()
#19 /home/matt/public_html/Provins/core/vendor/slim/slim/Slim/Middleware/MethodOverride.php(92): Slim\Middleware\Flash->call()
#20 /home/matt/public_html/Provins/core/vendor/slim/slim/Slim/Middleware/PrettyExceptions.php(67): Slim\Middleware\MethodOverride->call()
#21 /home/matt/public_html/Provins/core/vendor/slim/slim/Slim/Slim.php(1271): Slim\Middleware\PrettyExceptions->call()
#22 /home/matt/public_html/Provins/core/index.php(10): Slim\Slim->run()
#23 /home/matt/public_html/Provins/index.php(5): require_once('/home/matt/publ...')
#24 {main}
ERROR - 2015-01-21T00:05:42+07:00 - exception 'Twig_Error_Runtime' with message 'Impossible to access an attribute ("name") on a NULL variable ("") in "itineraries.twig" at line 7' in /home/matt/public_html/Provins/core/vendor/twig/twig/lib/Twig/Template.php:393
Stack trace:
#0 /home/matt/public_html/Provins/core/views_cache/3c/a6/5e1cd827a04242376cd1bacb5d08deb52af0e39ff7246bbd76b042b5aa20.php(41): Twig_Template->getAttribute(NULL, 'name', Array)
#1 /home/matt/public_html/Provins/core/vendor/twig/twig/lib/Twig/Template.php(144): __TwigTemplate_3ca65e1cd827a04242376cd1bacb5d08deb52af0e39ff7246bbd76b042b5aa20->block_section(Array, Array)
#2 /home/matt/public_html/Provins/core/views_cache/0a/4c/bd615aee27a81e830cf3cc4c42a408d359db12c32467ff3e202def5f8ad1.php(70): Twig_Template->displayBlock('section', Array, Array)
#3 /home/matt/public_html/Provins/core/vendor/twig/twig/lib/Twig/Template.php(279): __TwigTemplate_0a4cbd615aee27a81e830cf3cc4c42a408d359db12c32467ff3e202def5f8ad1->doDisplay(Array, Array)
#4 /home/matt/public_html/Provins/core/vendor/twig/twig/lib/Twig/Template.php(253): Twig_Template->displayWithErrorHandling(Array, Array)
#5 /home/matt/public_html/Provins/core/views_cache/3c/a6/5e1cd827a04242376cd1bacb5d08deb52af0e39ff7246bbd76b042b5aa20.php(24): Twig_Template->display(Array, Array)
#6 /home/matt/public_html/Provins/core/vendor/twig/twig/lib/Twig/Template.php(279): __TwigTemplate_3ca65e1cd827a04242376cd1bacb5d08deb52af0e39ff7246bbd76b042b5aa20->doDisplay(Array, Array)
#7 /home/matt/public_html/Provins/core/vendor/twig/twig/lib/Twig/Template.php(253): Twig_Template->displayWithErrorHandling(Array, Array)
#8 /home/matt/public_html/Provins/core/vendor/twig/twig/lib/Twig/Template.php(264): Twig_Template->display(Array)
#9 /home/matt/public_html/Provins/core/vendor/slim/views/Slim/Views/Twig.php(91): Twig_Template->render(Array)
#10 /home/matt/public_html/Provins/core/vendor/slim/slim/Slim/View.php(255): Slim\Views\Twig->render('itineraries.twi...', NULL)
#11 /home/matt/public_html/Provins/core/vendor/slim/slim/Slim/View.php(243): Slim\View->fetch('itineraries.twi...', NULL)
#12 /home/matt/public_html/Provins/core/vendor/slim/slim/Slim/Slim.php(757): Slim\View->display('itineraries.twi...')
#13 /home/matt/public_html/Provins/core/kernel/View.php(73): Slim\Slim->render('itineraries.twi...')
#14 /home/matt/public_html/Provins/core/kernel/Controllers.php(51): View::render('Parcours', 'itineraries', Array)
#15 [internal function]: Controllers::itineraries()
#16 /home/matt/public_html/Provins/core/vendor/slim/slim/Slim/Route.php(462): call_user_func_array('Controllers::it...', Array)
#17 /home/matt/public_html/Provins/core/vendor/slim/slim/Slim/Slim.php(1326): Slim\Route->dispatch()
#18 /home/matt/public_html/Provins/core/vendor/slim/slim/Slim/Middleware/Flash.php(85): Slim\Slim->call()
#19 /home/matt/public_html/Provins/core/vendor/slim/slim/Slim/Middleware/MethodOverride.php(92): Slim\Middleware\Flash->call()
#20 /home/matt/public_html/Provins/core/vendor/slim/slim/Slim/Middleware/PrettyExceptions.php(67): Slim\Middleware\MethodOverride->call()
#21 /home/matt/public_html/Provins/core/vendor/slim/slim/Slim/Slim.php(1271): Slim\Middleware\PrettyExceptions->call()
#22 /home/matt/public_html/Provins/core/index.php(10): Slim\Slim->run()
#23 /home/matt/public_html/Provins/index.php(5): require_once('/home/matt/publ...')
#24 {main}
ERROR - 2015-01-21T00:06:38+07:00 - exception 'Twig_Error_Runtime' with message 'Impossible to access an attribute ("name") on a NULL variable ("") in "itineraries.twig" at line 7' in /home/matt/public_html/Provins/core/vendor/twig/twig/lib/Twig/Template.php:393
Stack trace:
#0 /home/matt/public_html/Provins/core/views_cache/3c/a6/5e1cd827a04242376cd1bacb5d08deb52af0e39ff7246bbd76b042b5aa20.php(41): Twig_Template->getAttribute(NULL, 'name', Array)
#1 /home/matt/public_html/Provins/core/vendor/twig/twig/lib/Twig/Template.php(144): __TwigTemplate_3ca65e1cd827a04242376cd1bacb5d08deb52af0e39ff7246bbd76b042b5aa20->block_section(Array, Array)
#2 /home/matt/public_html/Provins/core/views_cache/0a/4c/bd615aee27a81e830cf3cc4c42a408d359db12c32467ff3e202def5f8ad1.php(70): Twig_Template->displayBlock('section', Array, Array)
#3 /home/matt/public_html/Provins/core/vendor/twig/twig/lib/Twig/Template.php(279): __TwigTemplate_0a4cbd615aee27a81e830cf3cc4c42a408d359db12c32467ff3e202def5f8ad1->doDisplay(Array, Array)
#4 /home/matt/public_html/Provins/core/vendor/twig/twig/lib/Twig/Template.php(253): Twig_Template->displayWithErrorHandling(Array, Array)
#5 /home/matt/public_html/Provins/core/views_cache/3c/a6/5e1cd827a04242376cd1bacb5d08deb52af0e39ff7246bbd76b042b5aa20.php(24): Twig_Template->display(Array, Array)
#6 /home/matt/public_html/Provins/core/vendor/twig/twig/lib/Twig/Template.php(279): __TwigTemplate_3ca65e1cd827a04242376cd1bacb5d08deb52af0e39ff7246bbd76b042b5aa20->doDisplay(Array, Array)
#7 /home/matt/public_html/Provins/core/vendor/twig/twig/lib/Twig/Template.php(253): Twig_Template->displayWithErrorHandling(Array, Array)
#8 /home/matt/public_html/Provins/core/vendor/twig/twig/lib/Twig/Template.php(264): Twig_Template->display(Array)
#9 /home/matt/public_html/Provins/core/vendor/slim/views/Slim/Views/Twig.php(91): Twig_Template->render(Array)
#10 /home/matt/public_html/Provins/core/vendor/slim/slim/Slim/View.php(255): Slim\Views\Twig->render('itineraries.twi...', NULL)
#11 /home/matt/public_html/Provins/core/vendor/slim/slim/Slim/View.php(243): Slim\View->fetch('itineraries.twi...', NULL)
#12 /home/matt/public_html/Provins/core/vendor/slim/slim/Slim/Slim.php(757): Slim\View->display('itineraries.twi...')
#13 /home/matt/public_html/Provins/core/kernel/View.php(73): Slim\Slim->render('itineraries.twi...')
#14 /home/matt/public_html/Provins/core/kernel/Controllers.php(52): View::render('Parcours', 'itineraries', Array)
#15 [internal function]: Controllers::itineraries()
#16 /home/matt/public_html/Provins/core/vendor/slim/slim/Slim/Route.php(462): call_user_func_array('Controllers::it...', Array)
#17 /home/matt/public_html/Provins/core/vendor/slim/slim/Slim/Slim.php(1326): Slim\Route->dispatch()
#18 /home/matt/public_html/Provins/core/vendor/slim/slim/Slim/Middleware/Flash.php(85): Slim\Slim->call()
#19 /home/matt/public_html/Provins/core/vendor/slim/slim/Slim/Middleware/MethodOverride.php(92): Slim\Middleware\Flash->call()
#20 /home/matt/public_html/Provins/core/vendor/slim/slim/Slim/Middleware/PrettyExceptions.php(67): Slim\Middleware\MethodOverride->call()
#21 /home/matt/public_html/Provins/core/vendor/slim/slim/Slim/Slim.php(1271): Slim\Middleware\PrettyExceptions->call()
#22 /home/matt/public_html/Provins/core/index.php(10): Slim\Slim->run()
#23 /home/matt/public_html/Provins/index.php(5): require_once('/home/matt/publ...')
#24 {main}
ERROR - 2015-01-21T00:07:29+07:00 - exception 'Twig_Error_Runtime' with message 'Impossible to access an attribute ("name") on a NULL variable ("") in "itineraries.twig" at line 7' in /home/matt/public_html/Provins/core/vendor/twig/twig/lib/Twig/Template.php:393
Stack trace:
#0 /home/matt/public_html/Provins/core/views_cache/3c/a6/5e1cd827a04242376cd1bacb5d08deb52af0e39ff7246bbd76b042b5aa20.php(41): Twig_Template->getAttribute(NULL, 'name', Array)
#1 /home/matt/public_html/Provins/core/vendor/twig/twig/lib/Twig/Template.php(144): __TwigTemplate_3ca65e1cd827a04242376cd1bacb5d08deb52af0e39ff7246bbd76b042b5aa20->block_section(Array, Array)
#2 /home/matt/public_html/Provins/core/views_cache/0a/4c/bd615aee27a81e830cf3cc4c42a408d359db12c32467ff3e202def5f8ad1.php(70): Twig_Template->displayBlock('section', Array, Array)
#3 /home/matt/public_html/Provins/core/vendor/twig/twig/lib/Twig/Template.php(279): __TwigTemplate_0a4cbd615aee27a81e830cf3cc4c42a408d359db12c32467ff3e202def5f8ad1->doDisplay(Array, Array)
#4 /home/matt/public_html/Provins/core/vendor/twig/twig/lib/Twig/Template.php(253): Twig_Template->displayWithErrorHandling(Array, Array)
#5 /home/matt/public_html/Provins/core/views_cache/3c/a6/5e1cd827a04242376cd1bacb5d08deb52af0e39ff7246bbd76b042b5aa20.php(24): Twig_Template->display(Array, Array)
#6 /home/matt/public_html/Provins/core/vendor/twig/twig/lib/Twig/Template.php(279): __TwigTemplate_3ca65e1cd827a04242376cd1bacb5d08deb52af0e39ff7246bbd76b042b5aa20->doDisplay(Array, Array)
#7 /home/matt/public_html/Provins/core/vendor/twig/twig/lib/Twig/Template.php(253): Twig_Template->displayWithErrorHandling(Array, Array)
#8 /home/matt/public_html/Provins/core/vendor/twig/twig/lib/Twig/Template.php(264): Twig_Template->display(Array)
#9 /home/matt/public_html/Provins/core/vendor/slim/views/Slim/Views/Twig.php(91): Twig_Template->render(Array)
#10 /home/matt/public_html/Provins/core/vendor/slim/slim/Slim/View.php(255): Slim\Views\Twig->render('itineraries.twi...', NULL)
#11 /home/matt/public_html/Provins/core/vendor/slim/slim/Slim/View.php(243): Slim\View->fetch('itineraries.twi...', NULL)
#12 /home/matt/public_html/Provins/core/vendor/slim/slim/Slim/Slim.php(757): Slim\View->display('itineraries.twi...')
#13 /home/matt/public_html/Provins/core/kernel/View.php(73): Slim\Slim->render('itineraries.twi...')
#14 /home/matt/public_html/Provins/core/kernel/Controllers.php(53): View::render('Parcours', 'itineraries', Array)
#15 [internal function]: Controllers::itineraries()
#16 /home/matt/public_html/Provins/core/vendor/slim/slim/Slim/Route.php(462): call_user_func_array('Controllers::it...', Array)
#17 /home/matt/public_html/Provins/core/vendor/slim/slim/Slim/Slim.php(1326): Slim\Route->dispatch()
#18 /home/matt/public_html/Provins/core/vendor/slim/slim/Slim/Middleware/Flash.php(85): Slim\Slim->call()
#19 /home/matt/public_html/Provins/core/vendor/slim/slim/Slim/Middleware/MethodOverride.php(92): Slim\Middleware\Flash->call()
#20 /home/matt/public_html/Provins/core/vendor/slim/slim/Slim/Middleware/PrettyExceptions.php(67): Slim\Middleware\MethodOverride->call()
#21 /home/matt/public_html/Provins/core/vendor/slim/slim/Slim/Slim.php(1271): Slim\Middleware\PrettyExceptions->call()
#22 /home/matt/public_html/Provins/core/index.php(10): Slim\Slim->run()
#23 /home/matt/public_html/Provins/index.php(5): require_once('/home/matt/publ...')
#24 {main}
ERROR - 2015-01-21T00:08:12+07:00 - exception 'Twig_Error_Runtime' with message 'Impossible to access an attribute ("name") on a NULL variable ("") in "itineraries.twig" at line 7' in /home/matt/public_html/Provins/core/vendor/twig/twig/lib/Twig/Template.php:393
Stack trace:
#0 /home/matt/public_html/Provins/core/views_cache/3c/a6/5e1cd827a04242376cd1bacb5d08deb52af0e39ff7246bbd76b042b5aa20.php(41): Twig_Template->getAttribute(NULL, 'name', Array)
#1 /home/matt/public_html/Provins/core/vendor/twig/twig/lib/Twig/Template.php(144): __TwigTemplate_3ca65e1cd827a04242376cd1bacb5d08deb52af0e39ff7246bbd76b042b5aa20->block_section(Array, Array)
#2 /home/matt/public_html/Provins/core/views_cache/0a/4c/bd615aee27a81e830cf3cc4c42a408d359db12c32467ff3e202def5f8ad1.php(70): Twig_Template->displayBlock('section', Array, Array)
#3 /home/matt/public_html/Provins/core/vendor/twig/twig/lib/Twig/Template.php(279): __TwigTemplate_0a4cbd615aee27a81e830cf3cc4c42a408d359db12c32467ff3e202def5f8ad1->doDisplay(Array, Array)
#4 /home/matt/public_html/Provins/core/vendor/twig/twig/lib/Twig/Template.php(253): Twig_Template->displayWithErrorHandling(Array, Array)
#5 /home/matt/public_html/Provins/core/views_cache/3c/a6/5e1cd827a04242376cd1bacb5d08deb52af0e39ff7246bbd76b042b5aa20.php(24): Twig_Template->display(Array, Array)
#6 /home/matt/public_html/Provins/core/vendor/twig/twig/lib/Twig/Template.php(279): __TwigTemplate_3ca65e1cd827a04242376cd1bacb5d08deb52af0e39ff7246bbd76b042b5aa20->doDisplay(Array, Array)
#7 /home/matt/public_html/Provins/core/vendor/twig/twig/lib/Twig/Template.php(253): Twig_Template->displayWithErrorHandling(Array, Array)
#8 /home/matt/public_html/Provins/core/vendor/twig/twig/lib/Twig/Template.php(264): Twig_Template->display(Array)
#9 /home/matt/public_html/Provins/core/vendor/slim/views/Slim/Views/Twig.php(91): Twig_Template->render(Array)
#10 /home/matt/public_html/Provins/core/vendor/slim/slim/Slim/View.php(255): Slim\Views\Twig->render('itineraries.twi...', NULL)
#11 /home/matt/public_html/Provins/core/vendor/slim/slim/Slim/View.php(243): Slim\View->fetch('itineraries.twi...', NULL)
#12 /home/matt/public_html/Provins/core/vendor/slim/slim/Slim/Slim.php(757): Slim\View->display('itineraries.twi...')
#13 /home/matt/public_html/Provins/core/kernel/View.php(73): Slim\Slim->render('itineraries.twi...')
#14 /home/matt/public_html/Provins/core/kernel/Controllers.php(52): View::render('Parcours', 'itineraries', Array)
#15 [internal function]: Controllers::itineraries()
#16 /home/matt/public_html/Provins/core/vendor/slim/slim/Slim/Route.php(462): call_user_func_array('Controllers::it...', Array)
#17 /home/matt/public_html/Provins/core/vendor/slim/slim/Slim/Slim.php(1326): Slim\Route->dispatch()
#18 /home/matt/public_html/Provins/core/vendor/slim/slim/Slim/Middleware/Flash.php(85): Slim\Slim->call()
#19 /home/matt/public_html/Provins/core/vendor/slim/slim/Slim/Middleware/MethodOverride.php(92): Slim\Middleware\Flash->call()
#20 /home/matt/public_html/Provins/core/vendor/slim/slim/Slim/Middleware/PrettyExceptions.php(67): Slim\Middleware\MethodOverride->call()
#21 /home/matt/public_html/Provins/core/vendor/slim/slim/Slim/Slim.php(1271): Slim\Middleware\PrettyExceptions->call()
#22 /home/matt/public_html/Provins/core/index.php(10): Slim\Slim->run()
#23 /home/matt/public_html/Provins/index.php(5): require_once('/home/matt/publ...')
#24 {main}
ERROR - 2015-01-21T00:08:25+07:00 - exception 'Twig_Error_Runtime' with message 'Impossible to access an attribute ("name") on a NULL variable ("") in "itineraries.twig" at line 7' in /home/matt/public_html/Provins/core/vendor/twig/twig/lib/Twig/Template.php:393
Stack trace:
#0 /home/matt/public_html/Provins/core/views_cache/3c/a6/5e1cd827a04242376cd1bacb5d08deb52af0e39ff7246bbd76b042b5aa20.php(41): Twig_Template->getAttribute(NULL, 'name', Array)
#1 /home/matt/public_html/Provins/core/vendor/twig/twig/lib/Twig/Template.php(144): __TwigTemplate_3ca65e1cd827a04242376cd1bacb5d08deb52af0e39ff7246bbd76b042b5aa20->block_section(Array, Array)
#2 /home/matt/public_html/Provins/core/views_cache/0a/4c/bd615aee27a81e830cf3cc4c42a408d359db12c32467ff3e202def5f8ad1.php(70): Twig_Template->displayBlock('section', Array, Array)
#3 /home/matt/public_html/Provins/core/vendor/twig/twig/lib/Twig/Template.php(279): __TwigTemplate_0a4cbd615aee27a81e830cf3cc4c42a408d359db12c32467ff3e202def5f8ad1->doDisplay(Array, Array)
#4 /home/matt/public_html/Provins/core/vendor/twig/twig/lib/Twig/Template.php(253): Twig_Template->displayWithErrorHandling(Array, Array)
#5 /home/matt/public_html/Provins/core/views_cache/3c/a6/5e1cd827a04242376cd1bacb5d08deb52af0e39ff7246bbd76b042b5aa20.php(24): Twig_Template->display(Array, Array)
#6 /home/matt/public_html/Provins/core/vendor/twig/twig/lib/Twig/Template.php(279): __TwigTemplate_3ca65e1cd827a04242376cd1bacb5d08deb52af0e39ff7246bbd76b042b5aa20->doDisplay(Array, Array)
#7 /home/matt/public_html/Provins/core/vendor/twig/twig/lib/Twig/Template.php(253): Twig_Template->displayWithErrorHandling(Array, Array)
#8 /home/matt/public_html/Provins/core/vendor/twig/twig/lib/Twig/Template.php(264): Twig_Template->display(Array)
#9 /home/matt/public_html/Provins/core/vendor/slim/views/Slim/Views/Twig.php(91): Twig_Template->render(Array)
#10 /home/matt/public_html/Provins/core/vendor/slim/slim/Slim/View.php(255): Slim\Views\Twig->render('itineraries.twi...', NULL)
#11 /home/matt/public_html/Provins/core/vendor/slim/slim/Slim/View.php(243): Slim\View->fetch('itineraries.twi...', NULL)
#12 /home/matt/public_html/Provins/core/vendor/slim/slim/Slim/Slim.php(757): Slim\View->display('itineraries.twi...')
#13 /home/matt/public_html/Provins/core/kernel/View.php(73): Slim\Slim->render('itineraries.twi...')
#14 /home/matt/public_html/Provins/core/kernel/Controllers.php(51): View::render('Parcours', 'itineraries', Array)
#15 [internal function]: Controllers::itineraries()
#16 /home/matt/public_html/Provins/core/vendor/slim/slim/Slim/Route.php(462): call_user_func_array('Controllers::it...', Array)
#17 /home/matt/public_html/Provins/core/vendor/slim/slim/Slim/Slim.php(1326): Slim\Route->dispatch()
#18 /home/matt/public_html/Provins/core/vendor/slim/slim/Slim/Middleware/Flash.php(85): Slim\Slim->call()
#19 /home/matt/public_html/Provins/core/vendor/slim/slim/Slim/Middleware/MethodOverride.php(92): Slim\Middleware\Flash->call()
#20 /home/matt/public_html/Provins/core/vendor/slim/slim/Slim/Middleware/PrettyExceptions.php(67): Slim\Middleware\MethodOverride->call()
#21 /home/matt/public_html/Provins/core/vendor/slim/slim/Slim/Slim.php(1271): Slim\Middleware\PrettyExceptions->call()
#22 /home/matt/public_html/Provins/core/index.php(10): Slim\Slim->run()
#23 /home/matt/public_html/Provins/index.php(5): require_once('/home/matt/publ...')
#24 {main}
ERROR - 2015-01-21T00:08:26+07:00 - exception 'Twig_Error_Runtime' with message 'Impossible to access an attribute ("name") on a NULL variable ("") in "itineraries.twig" at line 7' in /home/matt/public_html/Provins/core/vendor/twig/twig/lib/Twig/Template.php:393
Stack trace:
#0 /home/matt/public_html/Provins/core/views_cache/3c/a6/5e1cd827a04242376cd1bacb5d08deb52af0e39ff7246bbd76b042b5aa20.php(41): Twig_Template->getAttribute(NULL, 'name', Array)
#1 /home/matt/public_html/Provins/core/vendor/twig/twig/lib/Twig/Template.php(144): __TwigTemplate_3ca65e1cd827a04242376cd1bacb5d08deb52af0e39ff7246bbd76b042b5aa20->block_section(Array, Array)
#2 /home/matt/public_html/Provins/core/views_cache/0a/4c/bd615aee27a81e830cf3cc4c42a408d359db12c32467ff3e202def5f8ad1.php(70): Twig_Template->displayBlock('section', Array, Array)
#3 /home/matt/public_html/Provins/core/vendor/twig/twig/lib/Twig/Template.php(279): __TwigTemplate_0a4cbd615aee27a81e830cf3cc4c42a408d359db12c32467ff3e202def5f8ad1->doDisplay(Array, Array)
#4 /home/matt/public_html/Provins/core/vendor/twig/twig/lib/Twig/Template.php(253): Twig_Template->displayWithErrorHandling(Array, Array)
#5 /home/matt/public_html/Provins/core/views_cache/3c/a6/5e1cd827a04242376cd1bacb5d08deb52af0e39ff7246bbd76b042b5aa20.php(24): Twig_Template->display(Array, Array)
#6 /home/matt/public_html/Provins/core/vendor/twig/twig/lib/Twig/Template.php(279): __TwigTemplate_3ca65e1cd827a04242376cd1bacb5d08deb52af0e39ff7246bbd76b042b5aa20->doDisplay(Array, Array)
#7 /home/matt/public_html/Provins/core/vendor/twig/twig/lib/Twig/Template.php(253): Twig_Template->displayWithErrorHandling(Array, Array)
#8 /home/matt/public_html/Provins/core/vendor/twig/twig/lib/Twig/Template.php(264): Twig_Template->display(Array)
#9 /home/matt/public_html/Provins/core/vendor/slim/views/Slim/Views/Twig.php(91): Twig_Template->render(Array)
#10 /home/matt/public_html/Provins/core/vendor/slim/slim/Slim/View.php(255): Slim\Views\Twig->render('itineraries.twi...', NULL)
#11 /home/matt/public_html/Provins/core/vendor/slim/slim/Slim/View.php(243): Slim\View->fetch('itineraries.twi...', NULL)
#12 /home/matt/public_html/Provins/core/vendor/slim/slim/Slim/Slim.php(757): Slim\View->display('itineraries.twi...')
#13 /home/matt/public_html/Provins/core/kernel/View.php(73): Slim\Slim->render('itineraries.twi...')
#14 /home/matt/public_html/Provins/core/kernel/Controllers.php(51): View::render('Parcours', 'itineraries', Array)
#15 [internal function]: Controllers::itineraries()
#16 /home/matt/public_html/Provins/core/vendor/slim/slim/Slim/Route.php(462): call_user_func_array('Controllers::it...', Array)
#17 /home/matt/public_html/Provins/core/vendor/slim/slim/Slim/Slim.php(1326): Slim\Route->dispatch()
#18 /home/matt/public_html/Provins/core/vendor/slim/slim/Slim/Middleware/Flash.php(85): Slim\Slim->call()
#19 /home/matt/public_html/Provins/core/vendor/slim/slim/Slim/Middleware/MethodOverride.php(92): Slim\Middleware\Flash->call()
#20 /home/matt/public_html/Provins/core/vendor/slim/slim/Slim/Middleware/PrettyExceptions.php(67): Slim\Middleware\MethodOverride->call()
#21 /home/matt/public_html/Provins/core/vendor/slim/slim/Slim/Slim.php(1271): Slim\Middleware\PrettyExceptions->call()
#22 /home/matt/public_html/Provins/core/index.php(10): Slim\Slim->run()
#23 /home/matt/public_html/Provins/index.php(5): require_once('/home/matt/publ...')
#24 {main}
ERROR - 2015-01-21T00:08:55+07:00 - exception 'Twig_Error_Runtime' with message 'Impossible to access an attribute ("name") on a NULL variable ("") in "itineraries.twig" at line 7' in /home/matt/public_html/Provins/core/vendor/twig/twig/lib/Twig/Template.php:393
Stack trace:
#0 /home/matt/public_html/Provins/core/views_cache/3c/a6/5e1cd827a04242376cd1bacb5d08deb52af0e39ff7246bbd76b042b5aa20.php(41): Twig_Template->getAttribute(NULL, 'name', Array)
#1 /home/matt/public_html/Provins/core/vendor/twig/twig/lib/Twig/Template.php(144): __TwigTemplate_3ca65e1cd827a04242376cd1bacb5d08deb52af0e39ff7246bbd76b042b5aa20->block_section(Array, Array)
#2 /home/matt/public_html/Provins/core/views_cache/0a/4c/bd615aee27a81e830cf3cc4c42a408d359db12c32467ff3e202def5f8ad1.php(70): Twig_Template->displayBlock('section', Array, Array)
#3 /home/matt/public_html/Provins/core/vendor/twig/twig/lib/Twig/Template.php(279): __TwigTemplate_0a4cbd615aee27a81e830cf3cc4c42a408d359db12c32467ff3e202def5f8ad1->doDisplay(Array, Array)
#4 /home/matt/public_html/Provins/core/vendor/twig/twig/lib/Twig/Template.php(253): Twig_Template->displayWithErrorHandling(Array, Array)
#5 /home/matt/public_html/Provins/core/views_cache/3c/a6/5e1cd827a04242376cd1bacb5d08deb52af0e39ff7246bbd76b042b5aa20.php(24): Twig_Template->display(Array, Array)
#6 /home/matt/public_html/Provins/core/vendor/twig/twig/lib/Twig/Template.php(279): __TwigTemplate_3ca65e1cd827a04242376cd1bacb5d08deb52af0e39ff7246bbd76b042b5aa20->doDisplay(Array, Array)
#7 /home/matt/public_html/Provins/core/vendor/twig/twig/lib/Twig/Template.php(253): Twig_Template->displayWithErrorHandling(Array, Array)
#8 /home/matt/public_html/Provins/core/vendor/twig/twig/lib/Twig/Template.php(264): Twig_Template->display(Array)
#9 /home/matt/public_html/Provins/core/vendor/slim/views/Slim/Views/Twig.php(91): Twig_Template->render(Array)
#10 /home/matt/public_html/Provins/core/vendor/slim/slim/Slim/View.php(255): Slim\Views\Twig->render('itineraries.twi...', NULL)
#11 /home/matt/public_html/Provins/core/vendor/slim/slim/Slim/View.php(243): Slim\View->fetch('itineraries.twi...', NULL)
#12 /home/matt/public_html/Provins/core/vendor/slim/slim/Slim/Slim.php(757): Slim\View->display('itineraries.twi...')
#13 /home/matt/public_html/Provins/core/kernel/View.php(73): Slim\Slim->render('itineraries.twi...')
#14 /home/matt/public_html/Provins/core/kernel/Controllers.php(49): View::render('Parcours', 'itineraries', Array)
#15 [internal function]: Controllers::itineraries()
#16 /home/matt/public_html/Provins/core/vendor/slim/slim/Slim/Route.php(462): call_user_func_array('Controllers::it...', Array)
#17 /home/matt/public_html/Provins/core/vendor/slim/slim/Slim/Slim.php(1326): Slim\Route->dispatch()
#18 /home/matt/public_html/Provins/core/vendor/slim/slim/Slim/Middleware/Flash.php(85): Slim\Slim->call()
#19 /home/matt/public_html/Provins/core/vendor/slim/slim/Slim/Middleware/MethodOverride.php(92): Slim\Middleware\Flash->call()
#20 /home/matt/public_html/Provins/core/vendor/slim/slim/Slim/Middleware/PrettyExceptions.php(67): Slim\Middleware\MethodOverride->call()
#21 /home/matt/public_html/Provins/core/vendor/slim/slim/Slim/Slim.php(1271): Slim\Middleware\PrettyExceptions->call()
#22 /home/matt/public_html/Provins/core/index.php(10): Slim\Slim->run()
#23 /home/matt/public_html/Provins/index.php(5): require_once('/home/matt/publ...')
#24 {main}
ERROR - 2015-01-21T00:09:03+07:00 - exception 'Twig_Error_Runtime' with message 'Impossible to access an attribute ("name") on a NULL variable ("") in "itineraries.twig" at line 7' in /home/matt/public_html/Provins/core/vendor/twig/twig/lib/Twig/Template.php:393
Stack trace:
#0 /home/matt/public_html/Provins/core/views_cache/3c/a6/5e1cd827a04242376cd1bacb5d08deb52af0e39ff7246bbd76b042b5aa20.php(41): Twig_Template->getAttribute(NULL, 'name', Array)
#1 /home/matt/public_html/Provins/core/vendor/twig/twig/lib/Twig/Template.php(144): __TwigTemplate_3ca65e1cd827a04242376cd1bacb5d08deb52af0e39ff7246bbd76b042b5aa20->block_section(Array, Array)
#2 /home/matt/public_html/Provins/core/views_cache/0a/4c/bd615aee27a81e830cf3cc4c42a408d359db12c32467ff3e202def5f8ad1.php(70): Twig_Template->displayBlock('section', Array, Array)
#3 /home/matt/public_html/Provins/core/vendor/twig/twig/lib/Twig/Template.php(279): __TwigTemplate_0a4cbd615aee27a81e830cf3cc4c42a408d359db12c32467ff3e202def5f8ad1->doDisplay(Array, Array)
#4 /home/matt/public_html/Provins/core/vendor/twig/twig/lib/Twig/Template.php(253): Twig_Template->displayWithErrorHandling(Array, Array)
#5 /home/matt/public_html/Provins/core/views_cache/3c/a6/5e1cd827a04242376cd1bacb5d08deb52af0e39ff7246bbd76b042b5aa20.php(24): Twig_Template->display(Array, Array)
#6 /home/matt/public_html/Provins/core/vendor/twig/twig/lib/Twig/Template.php(279): __TwigTemplate_3ca65e1cd827a04242376cd1bacb5d08deb52af0e39ff7246bbd76b042b5aa20->doDisplay(Array, Array)
#7 /home/matt/public_html/Provins/core/vendor/twig/twig/lib/Twig/Template.php(253): Twig_Template->displayWithErrorHandling(Array, Array)
#8 /home/matt/public_html/Provins/core/vendor/twig/twig/lib/Twig/Template.php(264): Twig_Template->display(Array)
#9 /home/matt/public_html/Provins/core/vendor/slim/views/Slim/Views/Twig.php(91): Twig_Template->render(Array)
#10 /home/matt/public_html/Provins/core/vendor/slim/slim/Slim/View.php(255): Slim\Views\Twig->render('itineraries.twi...', NULL)
#11 /home/matt/public_html/Provins/core/vendor/slim/slim/Slim/View.php(243): Slim\View->fetch('itineraries.twi...', NULL)
#12 /home/matt/public_html/Provins/core/vendor/slim/slim/Slim/Slim.php(757): Slim\View->display('itineraries.twi...')
#13 /home/matt/public_html/Provins/core/kernel/View.php(73): Slim\Slim->render('itineraries.twi...')
#14 /home/matt/public_html/Provins/core/kernel/Controllers.php(51): View::render('Parcours', 'itineraries', Array)
#15 [internal function]: Controllers::itineraries()
#16 /home/matt/public_html/Provins/core/vendor/slim/slim/Slim/Route.php(462): call_user_func_array('Controllers::it...', Array)
#17 /home/matt/public_html/Provins/core/vendor/slim/slim/Slim/Slim.php(1326): Slim\Route->dispatch()
#18 /home/matt/public_html/Provins/core/vendor/slim/slim/Slim/Middleware/Flash.php(85): Slim\Slim->call()
#19 /home/matt/public_html/Provins/core/vendor/slim/slim/Slim/Middleware/MethodOverride.php(92): Slim\Middleware\Flash->call()
#20 /home/matt/public_html/Provins/core/vendor/slim/slim/Slim/Middleware/PrettyExceptions.php(67): Slim\Middleware\MethodOverride->call()
#21 /home/matt/public_html/Provins/core/vendor/slim/slim/Slim/Slim.php(1271): Slim\Middleware\PrettyExceptions->call()
#22 /home/matt/public_html/Provins/core/index.php(10): Slim\Slim->run()
#23 /home/matt/public_html/Provins/index.php(5): require_once('/home/matt/publ...')
#24 {main}
