ERROR - 2015-02-25T03:27:29+07:00 - exception 'ErrorException' with message 'Undefined index: name' in /home/matt/public_html/Provins-2/core/kernel/Controllers.php:129
Stack trace:
#0 /home/matt/public_html/Provins-2/core/kernel/Controllers.php(129): Slim\Slim::handleErrors(8, 'Undefined index...', '/home/matt/publ...', 129, Array)
#1 [internal function]: Controllers::itinerarySummary('court-famille-l...')
#2 /home/matt/public_html/Provins-2/core/vendor/slim/slim/Slim/Route.php(462): call_user_func_array('Controllers::it...', Array)
#3 /home/matt/public_html/Provins-2/core/vendor/slim/slim/Slim/Slim.php(1326): Slim\Route->dispatch()
#4 /home/matt/public_html/Provins-2/core/vendor/slim/slim/Slim/Middleware/Flash.php(85): Slim\Slim->call()
#5 /home/matt/public_html/Provins-2/core/vendor/slim/slim/Slim/Middleware/MethodOverride.php(92): Slim\Middleware\Flash->call()
#6 /home/matt/public_html/Provins-2/core/vendor/slim/slim/Slim/Middleware/PrettyExceptions.php(67): Slim\Middleware\MethodOverride->call()
#7 /home/matt/public_html/Provins-2/core/vendor/slim/slim/Slim/Slim.php(1271): Slim\Middleware\PrettyExceptions->call()
#8 /home/matt/public_html/Provins-2/core/kernel/Kernel.php(160): Slim\Slim->run()
#9 /home/matt/public_html/Provins-2/core/index.php(8): Kernel->run()
#10 /home/matt/public_html/Provins-2/index.php(5): require_once('/home/matt/publ...')
#11 {main}
ERROR - 2015-02-25T03:27:56+07:00 - exception 'ErrorException' with message 'Undefined index: name' in /home/matt/public_html/Provins-2/core/kernel/Controllers.php:129
Stack trace:
#0 /home/matt/public_html/Provins-2/core/kernel/Controllers.php(129): Slim\Slim::handleErrors(8, 'Undefined index...', '/home/matt/publ...', 129, Array)
#1 [internal function]: Controllers::itinerarySummary('court-famille-l...')
#2 /home/matt/public_html/Provins-2/core/vendor/slim/slim/Slim/Route.php(462): call_user_func_array('Controllers::it...', Array)
#3 /home/matt/public_html/Provins-2/core/vendor/slim/slim/Slim/Slim.php(1326): Slim\Route->dispatch()
#4 /home/matt/public_html/Provins-2/core/vendor/slim/slim/Slim/Middleware/Flash.php(85): Slim\Slim->call()
#5 /home/matt/public_html/Provins-2/core/vendor/slim/slim/Slim/Middleware/MethodOverride.php(92): Slim\Middleware\Flash->call()
#6 /home/matt/public_html/Provins-2/core/vendor/slim/slim/Slim/Middleware/PrettyExceptions.php(67): Slim\Middleware\MethodOverride->call()
#7 /home/matt/public_html/Provins-2/core/vendor/slim/slim/Slim/Slim.php(1271): Slim\Middleware\PrettyExceptions->call()
#8 /home/matt/public_html/Provins-2/core/kernel/Kernel.php(160): Slim\Slim->run()
#9 /home/matt/public_html/Provins-2/core/index.php(8): Kernel->run()
#10 /home/matt/public_html/Provins-2/index.php(5): require_once('/home/matt/publ...')
#11 {main}
ERROR - 2015-02-25T03:42:02+07:00 - exception 'Twig_Error_Loader' with message 'Unable to find template "404.twig" (looked into: core/views).' in /home/matt/public_html/Provins-2/core/vendor/twig/twig/lib/Twig/Loader/Filesystem.php:191
Stack trace:
#0 /home/matt/public_html/Provins-2/core/vendor/twig/twig/lib/Twig/Loader/Filesystem.php(138): Twig_Loader_Filesystem->findTemplate('404.twig')
#1 /home/matt/public_html/Provins-2/core/vendor/twig/twig/lib/Twig/Environment.php(265): Twig_Loader_Filesystem->getCacheKey('404.twig')
#2 /home/matt/public_html/Provins-2/core/vendor/twig/twig/lib/Twig/Environment.php(323): Twig_Environment->getTemplateClass('404.twig', NULL)
#3 /home/matt/public_html/Provins-2/core/vendor/slim/views/Slim/Views/Twig.php(87): Twig_Environment->loadTemplate('404.twig')
#4 /home/matt/public_html/Provins-2/core/vendor/slim/slim/Slim/View.php(255): Slim\Views\Twig->render('404.twig', NULL)
#5 /home/matt/public_html/Provins-2/core/vendor/slim/slim/Slim/View.php(243): Slim\View->fetch('404.twig', NULL)
#6 /home/matt/public_html/Provins-2/core/vendor/slim/slim/Slim/Slim.php(757): Slim\View->display('404.twig')
#7 /home/matt/public_html/Provins-2/core/kernel/View.php(77): Slim\Slim->render('404.twig')
#8 /home/matt/public_html/Provins-2/core/kernel/Controllers.php(31): View::render('404', '404')
#9 [internal function]: Controllers::notFound()
#10 /home/matt/public_html/Provins-2/core/vendor/slim/slim/Slim/Slim.php(598): call_user_func('Controllers::no...')
#11 /home/matt/public_html/Provins-2/core/kernel/Controllers.php(27): Slim\Slim->notFound()
#12 /home/matt/public_html/Provins-2/core/kernel/Controllers.php(130): Controllers::redirect404()
#13 [internal function]: Controllers::itinerarySummary('court-famille-l...')
#14 /home/matt/public_html/Provins-2/core/vendor/slim/slim/Slim/Route.php(462): call_user_func_array('Controllers::it...', Array)
#15 /home/matt/public_html/Provins-2/core/vendor/slim/slim/Slim/Slim.php(1326): Slim\Route->dispatch()
#16 /home/matt/public_html/Provins-2/core/vendor/slim/slim/Slim/Middleware/Flash.php(85): Slim\Slim->call()
#17 /home/matt/public_html/Provins-2/core/vendor/slim/slim/Slim/Middleware/MethodOverride.php(92): Slim\Middleware\Flash->call()
#18 /home/matt/public_html/Provins-2/core/vendor/slim/slim/Slim/Middleware/PrettyExceptions.php(67): Slim\Middleware\MethodOverride->call()
#19 /home/matt/public_html/Provins-2/core/vendor/slim/slim/Slim/Slim.php(1271): Slim\Middleware\PrettyExceptions->call()
#20 /home/matt/public_html/Provins-2/core/kernel/Kernel.php(160): Slim\Slim->run()
#21 /home/matt/public_html/Provins-2/core/index.php(8): Kernel->run()
#22 /home/matt/public_html/Provins-2/index.php(5): require_once('/home/matt/publ...')
#23 {main}
