ERROR - 2015-03-01T00:22:28+07:00 - exception 'Twig_Error_Runtime' with message 'Variable "app" does not exist in "itinerary-summary.twig" at line 68' in /home/matt/public_html/Provins-2/core/vendor/twig/twig/lib/Twig/Template.php:332
Stack trace:
#0 /home/matt/public_html/Provins-2/core/views_cache/f5/46/fe2560227110c0ecd6f337bf5623e5212628ba1d4bf37e6b66228ee37d91.php(183): Twig_Template->getContext(Array, 'app')
#1 /home/matt/public_html/Provins-2/core/vendor/twig/twig/lib/Twig/Template.php(144): __TwigTemplate_f546fe2560227110c0ecd6f337bf5623e5212628ba1d4bf37e6b66228ee37d91->block_section(Array, Array)
#2 /home/matt/public_html/Provins-2/core/views_cache/0a/4c/bd615aee27a81e830cf3cc4c42a408d359db12c32467ff3e202def5f8ad1.php(70): Twig_Template->displayBlock('section', Array, Array)
#3 /home/matt/public_html/Provins-2/core/vendor/twig/twig/lib/Twig/Template.php(279): __TwigTemplate_0a4cbd615aee27a81e830cf3cc4c42a408d359db12c32467ff3e202def5f8ad1->doDisplay(Array, Array)
#4 /home/matt/public_html/Provins-2/core/vendor/twig/twig/lib/Twig/Template.php(253): Twig_Template->displayWithErrorHandling(Array, Array)
#5 /home/matt/public_html/Provins-2/core/views_cache/f5/46/fe2560227110c0ecd6f337bf5623e5212628ba1d4bf37e6b66228ee37d91.php(29): Twig_Template->display(Array, Array)
#6 /home/matt/public_html/Provins-2/core/vendor/twig/twig/lib/Twig/Template.php(279): __TwigTemplate_f546fe2560227110c0ecd6f337bf5623e5212628ba1d4bf37e6b66228ee37d91->doDisplay(Array, Array)
#7 /home/matt/public_html/Provins-2/core/vendor/twig/twig/lib/Twig/Template.php(253): Twig_Template->displayWithErrorHandling(Array, Array)
#8 /home/matt/public_html/Provins-2/core/vendor/twig/twig/lib/Twig/Template.php(264): Twig_Template->display(Array)
#9 /home/matt/public_html/Provins-2/core/vendor/slim/views/Slim/Views/Twig.php(91): Twig_Template->render(Array)
#10 /home/matt/public_html/Provins-2/core/vendor/slim/slim/Slim/View.php(255): Slim\Views\Twig->render('itinerary-summa...', NULL)
#11 /home/matt/public_html/Provins-2/core/vendor/slim/slim/Slim/View.php(243): Slim\View->fetch('itinerary-summa...', NULL)
#12 /home/matt/public_html/Provins-2/core/vendor/slim/slim/Slim/Slim.php(757): Slim\View->display('itinerary-summa...')
#13 /home/matt/public_html/Provins-2/core/kernel/View.php(77): Slim\Slim->render('itinerary-summa...')
#14 /home/matt/public_html/Provins-2/core/kernel/Controllers.php(149): View::render('La Petite \xC3\x89pop...', 'itinerary-summa...', Array)
#15 [internal function]: Controllers::itinerarySummary('court-famille-l...')
#16 /home/matt/public_html/Provins-2/core/vendor/slim/slim/Slim/Route.php(462): call_user_func_array('Controllers::it...', Array)
#17 /home/matt/public_html/Provins-2/core/vendor/slim/slim/Slim/Slim.php(1326): Slim\Route->dispatch()
#18 /home/matt/public_html/Provins-2/core/vendor/slim/slim/Slim/Middleware/Flash.php(85): Slim\Slim->call()
#19 /home/matt/public_html/Provins-2/core/vendor/slim/slim/Slim/Middleware/MethodOverride.php(92): Slim\Middleware\Flash->call()
#20 /home/matt/public_html/Provins-2/core/vendor/slim/slim/Slim/Middleware/PrettyExceptions.php(67): Slim\Middleware\MethodOverride->call()
#21 /home/matt/public_html/Provins-2/core/vendor/slim/slim/Slim/Slim.php(1271): Slim\Middleware\PrettyExceptions->call()
#22 /home/matt/public_html/Provins-2/core/kernel/Kernel.php(160): Slim\Slim->run()
#23 /home/matt/public_html/Provins-2/core/index.php(8): Kernel->run()
#24 /home/matt/public_html/Provins-2/index.php(5): require_once('/home/matt/publ...')
#25 {main}
ERROR - 2015-03-01T00:22:29+07:00 - exception 'Twig_Error_Runtime' with message 'Variable "app" does not exist in "itinerary-summary.twig" at line 68' in /home/matt/public_html/Provins-2/core/vendor/twig/twig/lib/Twig/Template.php:332
Stack trace:
#0 /home/matt/public_html/Provins-2/core/views_cache/f5/46/fe2560227110c0ecd6f337bf5623e5212628ba1d4bf37e6b66228ee37d91.php(183): Twig_Template->getContext(Array, 'app')
#1 /home/matt/public_html/Provins-2/core/vendor/twig/twig/lib/Twig/Template.php(144): __TwigTemplate_f546fe2560227110c0ecd6f337bf5623e5212628ba1d4bf37e6b66228ee37d91->block_section(Array, Array)
#2 /home/matt/public_html/Provins-2/core/views_cache/0a/4c/bd615aee27a81e830cf3cc4c42a408d359db12c32467ff3e202def5f8ad1.php(70): Twig_Template->displayBlock('section', Array, Array)
#3 /home/matt/public_html/Provins-2/core/vendor/twig/twig/lib/Twig/Template.php(279): __TwigTemplate_0a4cbd615aee27a81e830cf3cc4c42a408d359db12c32467ff3e202def5f8ad1->doDisplay(Array, Array)
#4 /home/matt/public_html/Provins-2/core/vendor/twig/twig/lib/Twig/Template.php(253): Twig_Template->displayWithErrorHandling(Array, Array)
#5 /home/matt/public_html/Provins-2/core/views_cache/f5/46/fe2560227110c0ecd6f337bf5623e5212628ba1d4bf37e6b66228ee37d91.php(29): Twig_Template->display(Array, Array)
#6 /home/matt/public_html/Provins-2/core/vendor/twig/twig/lib/Twig/Template.php(279): __TwigTemplate_f546fe2560227110c0ecd6f337bf5623e5212628ba1d4bf37e6b66228ee37d91->doDisplay(Array, Array)
#7 /home/matt/public_html/Provins-2/core/vendor/twig/twig/lib/Twig/Template.php(253): Twig_Template->displayWithErrorHandling(Array, Array)
#8 /home/matt/public_html/Provins-2/core/vendor/twig/twig/lib/Twig/Template.php(264): Twig_Template->display(Array)
#9 /home/matt/public_html/Provins-2/core/vendor/slim/views/Slim/Views/Twig.php(91): Twig_Template->render(Array)
#10 /home/matt/public_html/Provins-2/core/vendor/slim/slim/Slim/View.php(255): Slim\Views\Twig->render('itinerary-summa...', NULL)
#11 /home/matt/public_html/Provins-2/core/vendor/slim/slim/Slim/View.php(243): Slim\View->fetch('itinerary-summa...', NULL)
#12 /home/matt/public_html/Provins-2/core/vendor/slim/slim/Slim/Slim.php(757): Slim\View->display('itinerary-summa...')
#13 /home/matt/public_html/Provins-2/core/kernel/View.php(77): Slim\Slim->render('itinerary-summa...')
#14 /home/matt/public_html/Provins-2/core/kernel/Controllers.php(149): View::render('La Petite \xC3\x89pop...', 'itinerary-summa...', Array)
#15 [internal function]: Controllers::itinerarySummary('court-famille-l...')
#16 /home/matt/public_html/Provins-2/core/vendor/slim/slim/Slim/Route.php(462): call_user_func_array('Controllers::it...', Array)
#17 /home/matt/public_html/Provins-2/core/vendor/slim/slim/Slim/Slim.php(1326): Slim\Route->dispatch()
#18 /home/matt/public_html/Provins-2/core/vendor/slim/slim/Slim/Middleware/Flash.php(85): Slim\Slim->call()
#19 /home/matt/public_html/Provins-2/core/vendor/slim/slim/Slim/Middleware/MethodOverride.php(92): Slim\Middleware\Flash->call()
#20 /home/matt/public_html/Provins-2/core/vendor/slim/slim/Slim/Middleware/PrettyExceptions.php(67): Slim\Middleware\MethodOverride->call()
#21 /home/matt/public_html/Provins-2/core/vendor/slim/slim/Slim/Slim.php(1271): Slim\Middleware\PrettyExceptions->call()
#22 /home/matt/public_html/Provins-2/core/kernel/Kernel.php(160): Slim\Slim->run()
#23 /home/matt/public_html/Provins-2/core/index.php(8): Kernel->run()
#24 /home/matt/public_html/Provins-2/index.php(5): require_once('/home/matt/publ...')
#25 {main}
ERROR - 2015-03-01T00:29:19+07:00 - exception 'Twig_Error_Loader' with message 'Unable to find template "start.twig" (looked into: core/views).' in /home/matt/public_html/Provins-2/core/vendor/twig/twig/lib/Twig/Loader/Filesystem.php:191
Stack trace:
#0 /home/matt/public_html/Provins-2/core/vendor/twig/twig/lib/Twig/Loader/Filesystem.php(138): Twig_Loader_Filesystem->findTemplate('start.twig')
#1 /home/matt/public_html/Provins-2/core/vendor/twig/twig/lib/Twig/Environment.php(265): Twig_Loader_Filesystem->getCacheKey('start.twig')
#2 /home/matt/public_html/Provins-2/core/vendor/twig/twig/lib/Twig/Environment.php(323): Twig_Environment->getTemplateClass('start.twig', NULL)
#3 /home/matt/public_html/Provins-2/core/vendor/slim/views/Slim/Views/Twig.php(87): Twig_Environment->loadTemplate('start.twig')
#4 /home/matt/public_html/Provins-2/core/vendor/slim/slim/Slim/View.php(255): Slim\Views\Twig->render('start.twig', NULL)
#5 /home/matt/public_html/Provins-2/core/vendor/slim/slim/Slim/View.php(243): Slim\View->fetch('start.twig', NULL)
#6 /home/matt/public_html/Provins-2/core/vendor/slim/slim/Slim/Slim.php(757): Slim\View->display('start.twig')
#7 /home/matt/public_html/Provins-2/core/kernel/View.php(77): Slim\Slim->render('start.twig')
#8 /home/matt/public_html/Provins-2/core/kernel/Controllers.php(47): View::render('Commencer', 'start')
#9 [internal function]: Controllers::start()
#10 /home/matt/public_html/Provins-2/core/vendor/slim/slim/Slim/Route.php(462): call_user_func_array('Controllers::st...', Array)
#11 /home/matt/public_html/Provins-2/core/vendor/slim/slim/Slim/Slim.php(1326): Slim\Route->dispatch()
#12 /home/matt/public_html/Provins-2/core/vendor/slim/slim/Slim/Middleware/Flash.php(85): Slim\Slim->call()
#13 /home/matt/public_html/Provins-2/core/vendor/slim/slim/Slim/Middleware/MethodOverride.php(92): Slim\Middleware\Flash->call()
#14 /home/matt/public_html/Provins-2/core/vendor/slim/slim/Slim/Middleware/PrettyExceptions.php(67): Slim\Middleware\MethodOverride->call()
#15 /home/matt/public_html/Provins-2/core/vendor/slim/slim/Slim/Slim.php(1271): Slim\Middleware\PrettyExceptions->call()
#16 /home/matt/public_html/Provins-2/core/kernel/Kernel.php(160): Slim\Slim->run()
#17 /home/matt/public_html/Provins-2/core/index.php(8): Kernel->run()
#18 /home/matt/public_html/Provins-2/index.php(5): require_once('/home/matt/publ...')
#19 {main}
ERROR - 2015-03-01T00:32:14+07:00 - exception 'Twig_Error_Syntax' with message 'Unexpected character "!" in "page-itinerary-summary.twig" at line 33' in /home/matt/public_html/Provins-2/core/vendor/twig/twig/lib/Twig/Lexer.php:284
Stack trace:
#0 /home/matt/public_html/Provins-2/core/vendor/twig/twig/lib/Twig/Lexer.php(205): Twig_Lexer->lexExpression()
#1 /home/matt/public_html/Provins-2/core/vendor/twig/twig/lib/Twig/Lexer.php(111): Twig_Lexer->lexBlock()
#2 /home/matt/public_html/Provins-2/core/vendor/twig/twig/lib/Twig/Environment.php(469): Twig_Lexer->tokenize('{% extends 'ske...', 'page-itinerary-...')
#3 /home/matt/public_html/Provins-2/core/vendor/twig/twig/lib/Twig/Environment.php(559): Twig_Environment->tokenize('{% extends 'ske...', 'page-itinerary-...')
#4 /home/matt/public_html/Provins-2/core/vendor/twig/twig/lib/Twig/Environment.php(334): Twig_Environment->compileSource('{% extends 'ske...', 'page-itinerary-...')
#5 /home/matt/public_html/Provins-2/core/vendor/slim/views/Slim/Views/Twig.php(87): Twig_Environment->loadTemplate('page-itinerary-...')
#6 /home/matt/public_html/Provins-2/core/vendor/slim/slim/Slim/View.php(255): Slim\Views\Twig->render('page-itinerary-...', NULL)
#7 /home/matt/public_html/Provins-2/core/vendor/slim/slim/Slim/View.php(243): Slim\View->fetch('page-itinerary-...', NULL)
#8 /home/matt/public_html/Provins-2/core/vendor/slim/slim/Slim/Slim.php(757): Slim\View->display('page-itinerary-...')
#9 /home/matt/public_html/Provins-2/core/kernel/View.php(77): Slim\Slim->render('page-itinerary-...')
#10 /home/matt/public_html/Provins-2/core/kernel/Controllers.php(149): View::render('Le Chevalier \xC3\xA0...', 'itinerary-summa...', Array)
#11 [internal function]: Controllers::itinerarySummary('long-famille-le...')
#12 /home/matt/public_html/Provins-2/core/vendor/slim/slim/Slim/Route.php(462): call_user_func_array('Controllers::it...', Array)
#13 /home/matt/public_html/Provins-2/core/vendor/slim/slim/Slim/Slim.php(1326): Slim\Route->dispatch()
#14 /home/matt/public_html/Provins-2/core/vendor/slim/slim/Slim/Middleware/Flash.php(85): Slim\Slim->call()
#15 /home/matt/public_html/Provins-2/core/vendor/slim/slim/Slim/Middleware/MethodOverride.php(92): Slim\Middleware\Flash->call()
#16 /home/matt/public_html/Provins-2/core/vendor/slim/slim/Slim/Middleware/PrettyExceptions.php(67): Slim\Middleware\MethodOverride->call()
#17 /home/matt/public_html/Provins-2/core/vendor/slim/slim/Slim/Slim.php(1271): Slim\Middleware\PrettyExceptions->call()
#18 /home/matt/public_html/Provins-2/core/kernel/Kernel.php(160): Slim\Slim->run()
#19 /home/matt/public_html/Provins-2/core/index.php(8): Kernel->run()
#20 /home/matt/public_html/Provins-2/index.php(5): require_once('/home/matt/publ...')
#21 {main}
ERROR - 2015-03-01T00:32:15+07:00 - exception 'Twig_Error_Syntax' with message 'Unexpected character "!" in "page-itinerary-summary.twig" at line 33' in /home/matt/public_html/Provins-2/core/vendor/twig/twig/lib/Twig/Lexer.php:284
Stack trace:
#0 /home/matt/public_html/Provins-2/core/vendor/twig/twig/lib/Twig/Lexer.php(205): Twig_Lexer->lexExpression()
#1 /home/matt/public_html/Provins-2/core/vendor/twig/twig/lib/Twig/Lexer.php(111): Twig_Lexer->lexBlock()
#2 /home/matt/public_html/Provins-2/core/vendor/twig/twig/lib/Twig/Environment.php(469): Twig_Lexer->tokenize('{% extends 'ske...', 'page-itinerary-...')
#3 /home/matt/public_html/Provins-2/core/vendor/twig/twig/lib/Twig/Environment.php(559): Twig_Environment->tokenize('{% extends 'ske...', 'page-itinerary-...')
#4 /home/matt/public_html/Provins-2/core/vendor/twig/twig/lib/Twig/Environment.php(334): Twig_Environment->compileSource('{% extends 'ske...', 'page-itinerary-...')
#5 /home/matt/public_html/Provins-2/core/vendor/slim/views/Slim/Views/Twig.php(87): Twig_Environment->loadTemplate('page-itinerary-...')
#6 /home/matt/public_html/Provins-2/core/vendor/slim/slim/Slim/View.php(255): Slim\Views\Twig->render('page-itinerary-...', NULL)
#7 /home/matt/public_html/Provins-2/core/vendor/slim/slim/Slim/View.php(243): Slim\View->fetch('page-itinerary-...', NULL)
#8 /home/matt/public_html/Provins-2/core/vendor/slim/slim/Slim/Slim.php(757): Slim\View->display('page-itinerary-...')
#9 /home/matt/public_html/Provins-2/core/kernel/View.php(77): Slim\Slim->render('page-itinerary-...')
#10 /home/matt/public_html/Provins-2/core/kernel/Controllers.php(149): View::render('Le Chevalier \xC3\xA0...', 'itinerary-summa...', Array)
#11 [internal function]: Controllers::itinerarySummary('long-famille-le...')
#12 /home/matt/public_html/Provins-2/core/vendor/slim/slim/Slim/Route.php(462): call_user_func_array('Controllers::it...', Array)
#13 /home/matt/public_html/Provins-2/core/vendor/slim/slim/Slim/Slim.php(1326): Slim\Route->dispatch()
#14 /home/matt/public_html/Provins-2/core/vendor/slim/slim/Slim/Middleware/Flash.php(85): Slim\Slim->call()
#15 /home/matt/public_html/Provins-2/core/vendor/slim/slim/Slim/Middleware/MethodOverride.php(92): Slim\Middleware\Flash->call()
#16 /home/matt/public_html/Provins-2/core/vendor/slim/slim/Slim/Middleware/PrettyExceptions.php(67): Slim\Middleware\MethodOverride->call()
#17 /home/matt/public_html/Provins-2/core/vendor/slim/slim/Slim/Slim.php(1271): Slim\Middleware\PrettyExceptions->call()
#18 /home/matt/public_html/Provins-2/core/kernel/Kernel.php(160): Slim\Slim->run()
#19 /home/matt/public_html/Provins-2/core/index.php(8): Kernel->run()
#20 /home/matt/public_html/Provins-2/index.php(5): require_once('/home/matt/publ...')
#21 {main}
ERROR - 2015-03-01T00:32:15+07:00 - exception 'Twig_Error_Syntax' with message 'Unexpected character "!" in "page-itinerary-summary.twig" at line 33' in /home/matt/public_html/Provins-2/core/vendor/twig/twig/lib/Twig/Lexer.php:284
Stack trace:
#0 /home/matt/public_html/Provins-2/core/vendor/twig/twig/lib/Twig/Lexer.php(205): Twig_Lexer->lexExpression()
#1 /home/matt/public_html/Provins-2/core/vendor/twig/twig/lib/Twig/Lexer.php(111): Twig_Lexer->lexBlock()
#2 /home/matt/public_html/Provins-2/core/vendor/twig/twig/lib/Twig/Environment.php(469): Twig_Lexer->tokenize('{% extends 'ske...', 'page-itinerary-...')
#3 /home/matt/public_html/Provins-2/core/vendor/twig/twig/lib/Twig/Environment.php(559): Twig_Environment->tokenize('{% extends 'ske...', 'page-itinerary-...')
#4 /home/matt/public_html/Provins-2/core/vendor/twig/twig/lib/Twig/Environment.php(334): Twig_Environment->compileSource('{% extends 'ske...', 'page-itinerary-...')
#5 /home/matt/public_html/Provins-2/core/vendor/slim/views/Slim/Views/Twig.php(87): Twig_Environment->loadTemplate('page-itinerary-...')
#6 /home/matt/public_html/Provins-2/core/vendor/slim/slim/Slim/View.php(255): Slim\Views\Twig->render('page-itinerary-...', NULL)
#7 /home/matt/public_html/Provins-2/core/vendor/slim/slim/Slim/View.php(243): Slim\View->fetch('page-itinerary-...', NULL)
#8 /home/matt/public_html/Provins-2/core/vendor/slim/slim/Slim/Slim.php(757): Slim\View->display('page-itinerary-...')
#9 /home/matt/public_html/Provins-2/core/kernel/View.php(77): Slim\Slim->render('page-itinerary-...')
#10 /home/matt/public_html/Provins-2/core/kernel/Controllers.php(149): View::render('Le Chevalier \xC3\xA0...', 'itinerary-summa...', Array)
#11 [internal function]: Controllers::itinerarySummary('long-famille-le...')
#12 /home/matt/public_html/Provins-2/core/vendor/slim/slim/Slim/Route.php(462): call_user_func_array('Controllers::it...', Array)
#13 /home/matt/public_html/Provins-2/core/vendor/slim/slim/Slim/Slim.php(1326): Slim\Route->dispatch()
#14 /home/matt/public_html/Provins-2/core/vendor/slim/slim/Slim/Middleware/Flash.php(85): Slim\Slim->call()
#15 /home/matt/public_html/Provins-2/core/vendor/slim/slim/Slim/Middleware/MethodOverride.php(92): Slim\Middleware\Flash->call()
#16 /home/matt/public_html/Provins-2/core/vendor/slim/slim/Slim/Middleware/PrettyExceptions.php(67): Slim\Middleware\MethodOverride->call()
#17 /home/matt/public_html/Provins-2/core/vendor/slim/slim/Slim/Slim.php(1271): Slim\Middleware\PrettyExceptions->call()
#18 /home/matt/public_html/Provins-2/core/kernel/Kernel.php(160): Slim\Slim->run()
#19 /home/matt/public_html/Provins-2/core/index.php(8): Kernel->run()
#20 /home/matt/public_html/Provins-2/index.php(5): require_once('/home/matt/publ...')
#21 {main}
ERROR - 2015-03-01T00:32:31+07:00 - exception 'Twig_Error_Syntax' with message 'Unexpected character "!" in "page-itinerary-summary.twig" at line 33' in /home/matt/public_html/Provins-2/core/vendor/twig/twig/lib/Twig/Lexer.php:284
Stack trace:
#0 /home/matt/public_html/Provins-2/core/vendor/twig/twig/lib/Twig/Lexer.php(205): Twig_Lexer->lexExpression()
#1 /home/matt/public_html/Provins-2/core/vendor/twig/twig/lib/Twig/Lexer.php(111): Twig_Lexer->lexBlock()
#2 /home/matt/public_html/Provins-2/core/vendor/twig/twig/lib/Twig/Environment.php(469): Twig_Lexer->tokenize('{% extends 'ske...', 'page-itinerary-...')
#3 /home/matt/public_html/Provins-2/core/vendor/twig/twig/lib/Twig/Environment.php(559): Twig_Environment->tokenize('{% extends 'ske...', 'page-itinerary-...')
#4 /home/matt/public_html/Provins-2/core/vendor/twig/twig/lib/Twig/Environment.php(334): Twig_Environment->compileSource('{% extends 'ske...', 'page-itinerary-...')
#5 /home/matt/public_html/Provins-2/core/vendor/slim/views/Slim/Views/Twig.php(87): Twig_Environment->loadTemplate('page-itinerary-...')
#6 /home/matt/public_html/Provins-2/core/vendor/slim/slim/Slim/View.php(255): Slim\Views\Twig->render('page-itinerary-...', NULL)
#7 /home/matt/public_html/Provins-2/core/vendor/slim/slim/Slim/View.php(243): Slim\View->fetch('page-itinerary-...', NULL)
#8 /home/matt/public_html/Provins-2/core/vendor/slim/slim/Slim/Slim.php(757): Slim\View->display('page-itinerary-...')
#9 /home/matt/public_html/Provins-2/core/kernel/View.php(77): Slim\Slim->render('page-itinerary-...')
#10 /home/matt/public_html/Provins-2/core/kernel/Controllers.php(149): View::render('Le Chevalier \xC3\xA0...', 'itinerary-summa...', Array)
#11 [internal function]: Controllers::itinerarySummary('long-famille-le...')
#12 /home/matt/public_html/Provins-2/core/vendor/slim/slim/Slim/Route.php(462): call_user_func_array('Controllers::it...', Array)
#13 /home/matt/public_html/Provins-2/core/vendor/slim/slim/Slim/Slim.php(1326): Slim\Route->dispatch()
#14 /home/matt/public_html/Provins-2/core/vendor/slim/slim/Slim/Middleware/Flash.php(85): Slim\Slim->call()
#15 /home/matt/public_html/Provins-2/core/vendor/slim/slim/Slim/Middleware/MethodOverride.php(92): Slim\Middleware\Flash->call()
#16 /home/matt/public_html/Provins-2/core/vendor/slim/slim/Slim/Middleware/PrettyExceptions.php(67): Slim\Middleware\MethodOverride->call()
#17 /home/matt/public_html/Provins-2/core/vendor/slim/slim/Slim/Slim.php(1271): Slim\Middleware\PrettyExceptions->call()
#18 /home/matt/public_html/Provins-2/core/kernel/Kernel.php(160): Slim\Slim->run()
#19 /home/matt/public_html/Provins-2/core/index.php(8): Kernel->run()
#20 /home/matt/public_html/Provins-2/index.php(5): require_once('/home/matt/publ...')
#21 {main}
ERROR - 2015-03-01T00:32:51+07:00 - exception 'Twig_Error_Runtime' with message 'Impossible to access an attribute ("duration") on a boolean variable ("1") in "table-itinerary-summary.twig" at line 4' in /home/matt/public_html/Provins-2/core/vendor/twig/twig/lib/Twig/Template.php:393
Stack trace:
#0 /home/matt/public_html/Provins-2/core/views_cache/83/56/f1e2e05e3a9515bcae506a1aaa6ea4dea77a7cc687c8c3318c6630430aea.php(24): Twig_Template->getAttribute(true, 'duration', Array)
#1 /home/matt/public_html/Provins-2/core/vendor/twig/twig/lib/Twig/Template.php(279): __TwigTemplate_8356f1e2e05e3a9515bcae506a1aaa6ea4dea77a7cc687c8c3318c6630430aea->doDisplay(Array, Array)
#2 /home/matt/public_html/Provins-2/core/vendor/twig/twig/lib/Twig/Template.php(253): Twig_Template->displayWithErrorHandling(Array, Array)
#3 /home/matt/public_html/Provins-2/core/views_cache/34/4a/465e995cf57a4ba5a09d133d1157ea01a63ccec3ec6a49391541d20e6498.php(190): Twig_Template->display(Array, Array)
#4 /home/matt/public_html/Provins-2/core/vendor/twig/twig/lib/Twig/Template.php(279): __TwigTemplate_344a465e995cf57a4ba5a09d133d1157ea01a63ccec3ec6a49391541d20e6498_105822104->doDisplay(Array, Array)
#5 /home/matt/public_html/Provins-2/core/vendor/twig/twig/lib/Twig/Template.php(253): Twig_Template->displayWithErrorHandling(Array, Array)
#6 /home/matt/public_html/Provins-2/core/views_cache/34/4a/465e995cf57a4ba5a09d133d1157ea01a63ccec3ec6a49391541d20e6498.php(101): Twig_Template->display(Array)
#7 /home/matt/public_html/Provins-2/core/vendor/twig/twig/lib/Twig/Template.php(144): __TwigTemplate_344a465e995cf57a4ba5a09d133d1157ea01a63ccec3ec6a49391541d20e6498->block_section(Array, Array)
#8 /home/matt/public_html/Provins-2/core/views_cache/0a/4c/bd615aee27a81e830cf3cc4c42a408d359db12c32467ff3e202def5f8ad1.php(70): Twig_Template->displayBlock('section', Array, Array)
#9 /home/matt/public_html/Provins-2/core/vendor/twig/twig/lib/Twig/Template.php(279): __TwigTemplate_0a4cbd615aee27a81e830cf3cc4c42a408d359db12c32467ff3e202def5f8ad1->doDisplay(Array, Array)
#10 /home/matt/public_html/Provins-2/core/vendor/twig/twig/lib/Twig/Template.php(253): Twig_Template->displayWithErrorHandling(Array, Array)
#11 /home/matt/public_html/Provins-2/core/views_cache/34/4a/465e995cf57a4ba5a09d133d1157ea01a63ccec3ec6a49391541d20e6498.php(29): Twig_Template->display(Array, Array)
#12 /home/matt/public_html/Provins-2/core/vendor/twig/twig/lib/Twig/Template.php(279): __TwigTemplate_344a465e995cf57a4ba5a09d133d1157ea01a63ccec3ec6a49391541d20e6498->doDisplay(Array, Array)
#13 /home/matt/public_html/Provins-2/core/vendor/twig/twig/lib/Twig/Template.php(253): Twig_Template->displayWithErrorHandling(Array, Array)
#14 /home/matt/public_html/Provins-2/core/vendor/twig/twig/lib/Twig/Template.php(264): Twig_Template->display(Array)
#15 /home/matt/public_html/Provins-2/core/vendor/slim/views/Slim/Views/Twig.php(91): Twig_Template->render(Array)
#16 /home/matt/public_html/Provins-2/core/vendor/slim/slim/Slim/View.php(255): Slim\Views\Twig->render('page-itinerary-...', NULL)
#17 /home/matt/public_html/Provins-2/core/vendor/slim/slim/Slim/View.php(243): Slim\View->fetch('page-itinerary-...', NULL)
#18 /home/matt/public_html/Provins-2/core/vendor/slim/slim/Slim/Slim.php(757): Slim\View->display('page-itinerary-...')
#19 /home/matt/public_html/Provins-2/core/kernel/View.php(77): Slim\Slim->render('page-itinerary-...')
#20 /home/matt/public_html/Provins-2/core/kernel/Controllers.php(149): View::render('Le Chevalier \xC3\xA0...', 'itinerary-summa...', Array)
#21 [internal function]: Controllers::itinerarySummary('long-famille-le...')
#22 /home/matt/public_html/Provins-2/core/vendor/slim/slim/Slim/Route.php(462): call_user_func_array('Controllers::it...', Array)
#23 /home/matt/public_html/Provins-2/core/vendor/slim/slim/Slim/Slim.php(1326): Slim\Route->dispatch()
#24 /home/matt/public_html/Provins-2/core/vendor/slim/slim/Slim/Middleware/Flash.php(85): Slim\Slim->call()
#25 /home/matt/public_html/Provins-2/core/vendor/slim/slim/Slim/Middleware/MethodOverride.php(92): Slim\Middleware\Flash->call()
#26 /home/matt/public_html/Provins-2/core/vendor/slim/slim/Slim/Middleware/PrettyExceptions.php(67): Slim\Middleware\MethodOverride->call()
#27 /home/matt/public_html/Provins-2/core/vendor/slim/slim/Slim/Slim.php(1271): Slim\Middleware\PrettyExceptions->call()
#28 /home/matt/public_html/Provins-2/core/kernel/Kernel.php(160): Slim\Slim->run()
#29 /home/matt/public_html/Provins-2/core/index.php(8): Kernel->run()
#30 /home/matt/public_html/Provins-2/index.php(5): require_once('/home/matt/publ...')
#31 {main}
ERROR - 2015-03-01T00:32:53+07:00 - exception 'Twig_Error_Runtime' with message 'Impossible to access an attribute ("duration") on a boolean variable ("1") in "table-itinerary-summary.twig" at line 4' in /home/matt/public_html/Provins-2/core/vendor/twig/twig/lib/Twig/Template.php:393
Stack trace:
#0 /home/matt/public_html/Provins-2/core/views_cache/83/56/f1e2e05e3a9515bcae506a1aaa6ea4dea77a7cc687c8c3318c6630430aea.php(24): Twig_Template->getAttribute(true, 'duration', Array)
#1 /home/matt/public_html/Provins-2/core/vendor/twig/twig/lib/Twig/Template.php(279): __TwigTemplate_8356f1e2e05e3a9515bcae506a1aaa6ea4dea77a7cc687c8c3318c6630430aea->doDisplay(Array, Array)
#2 /home/matt/public_html/Provins-2/core/vendor/twig/twig/lib/Twig/Template.php(253): Twig_Template->displayWithErrorHandling(Array, Array)
#3 /home/matt/public_html/Provins-2/core/views_cache/34/4a/465e995cf57a4ba5a09d133d1157ea01a63ccec3ec6a49391541d20e6498.php(190): Twig_Template->display(Array, Array)
#4 /home/matt/public_html/Provins-2/core/vendor/twig/twig/lib/Twig/Template.php(279): __TwigTemplate_344a465e995cf57a4ba5a09d133d1157ea01a63ccec3ec6a49391541d20e6498_105822104->doDisplay(Array, Array)
#5 /home/matt/public_html/Provins-2/core/vendor/twig/twig/lib/Twig/Template.php(253): Twig_Template->displayWithErrorHandling(Array, Array)
#6 /home/matt/public_html/Provins-2/core/views_cache/34/4a/465e995cf57a4ba5a09d133d1157ea01a63ccec3ec6a49391541d20e6498.php(101): Twig_Template->display(Array)
#7 /home/matt/public_html/Provins-2/core/vendor/twig/twig/lib/Twig/Template.php(144): __TwigTemplate_344a465e995cf57a4ba5a09d133d1157ea01a63ccec3ec6a49391541d20e6498->block_section(Array, Array)
#8 /home/matt/public_html/Provins-2/core/views_cache/0a/4c/bd615aee27a81e830cf3cc4c42a408d359db12c32467ff3e202def5f8ad1.php(70): Twig_Template->displayBlock('section', Array, Array)
#9 /home/matt/public_html/Provins-2/core/vendor/twig/twig/lib/Twig/Template.php(279): __TwigTemplate_0a4cbd615aee27a81e830cf3cc4c42a408d359db12c32467ff3e202def5f8ad1->doDisplay(Array, Array)
#10 /home/matt/public_html/Provins-2/core/vendor/twig/twig/lib/Twig/Template.php(253): Twig_Template->displayWithErrorHandling(Array, Array)
#11 /home/matt/public_html/Provins-2/core/views_cache/34/4a/465e995cf57a4ba5a09d133d1157ea01a63ccec3ec6a49391541d20e6498.php(29): Twig_Template->display(Array, Array)
#12 /home/matt/public_html/Provins-2/core/vendor/twig/twig/lib/Twig/Template.php(279): __TwigTemplate_344a465e995cf57a4ba5a09d133d1157ea01a63ccec3ec6a49391541d20e6498->doDisplay(Array, Array)
#13 /home/matt/public_html/Provins-2/core/vendor/twig/twig/lib/Twig/Template.php(253): Twig_Template->displayWithErrorHandling(Array, Array)
#14 /home/matt/public_html/Provins-2/core/vendor/twig/twig/lib/Twig/Template.php(264): Twig_Template->display(Array)
#15 /home/matt/public_html/Provins-2/core/vendor/slim/views/Slim/Views/Twig.php(91): Twig_Template->render(Array)
#16 /home/matt/public_html/Provins-2/core/vendor/slim/slim/Slim/View.php(255): Slim\Views\Twig->render('page-itinerary-...', NULL)
#17 /home/matt/public_html/Provins-2/core/vendor/slim/slim/Slim/View.php(243): Slim\View->fetch('page-itinerary-...', NULL)
#18 /home/matt/public_html/Provins-2/core/vendor/slim/slim/Slim/Slim.php(757): Slim\View->display('page-itinerary-...')
#19 /home/matt/public_html/Provins-2/core/kernel/View.php(77): Slim\Slim->render('page-itinerary-...')
#20 /home/matt/public_html/Provins-2/core/kernel/Controllers.php(149): View::render('Le Chevalier \xC3\xA0...', 'itinerary-summa...', Array)
#21 [internal function]: Controllers::itinerarySummary('long-famille-le...')
#22 /home/matt/public_html/Provins-2/core/vendor/slim/slim/Slim/Route.php(462): call_user_func_array('Controllers::it...', Array)
#23 /home/matt/public_html/Provins-2/core/vendor/slim/slim/Slim/Slim.php(1326): Slim\Route->dispatch()
#24 /home/matt/public_html/Provins-2/core/vendor/slim/slim/Slim/Middleware/Flash.php(85): Slim\Slim->call()
#25 /home/matt/public_html/Provins-2/core/vendor/slim/slim/Slim/Middleware/MethodOverride.php(92): Slim\Middleware\Flash->call()
#26 /home/matt/public_html/Provins-2/core/vendor/slim/slim/Slim/Middleware/PrettyExceptions.php(67): Slim\Middleware\MethodOverride->call()
#27 /home/matt/public_html/Provins-2/core/vendor/slim/slim/Slim/Slim.php(1271): Slim\Middleware\PrettyExceptions->call()
#28 /home/matt/public_html/Provins-2/core/kernel/Kernel.php(160): Slim\Slim->run()
#29 /home/matt/public_html/Provins-2/core/index.php(8): Kernel->run()
#30 /home/matt/public_html/Provins-2/index.php(5): require_once('/home/matt/publ...')
#31 {main}
