ERROR - 2015-03-27T10:54:26+01:00 - exception 'Twig_Error_Runtime' with message 'Key "src" for array with keys "alt, type, icon" does not exist in "skel/array-contents.twig" at line 32' in /home/matt/public_html/rallye-provins/core/vendor/twig/twig/lib/Twig/Template.php:403
Stack trace:
#0 /home/matt/public_html/rallye-provins/core/views_cache/52/96/532077b1c01fc789c34af6867987a5c80ffa6e5dc9e77bc3bbe1aa96592a.php(97): Twig_Template->getAttribute(Array, 'src', Array)
#1 /home/matt/public_html/rallye-provins/core/vendor/twig/twig/lib/Twig/Template.php(289): __TwigTemplate_5296532077b1c01fc789c34af6867987a5c80ffa6e5dc9e77bc3bbe1aa96592a->doDisplay(Array, Array)
#2 /home/matt/public_html/rallye-provins/core/vendor/twig/twig/lib/Twig/Template.php(263): Twig_Template->displayWithErrorHandling(Array, Array)
#3 /home/matt/public_html/rallye-provins/core/views_cache/66/67/1edf0144481b70eb12345d47aacde39301f91bd92838db2f2fe74200b029.php(56): Twig_Template->display(Array)
#4 /home/matt/public_html/rallye-provins/core/vendor/twig/twig/lib/Twig/Template.php(154): __TwigTemplate_66671edf0144481b70eb12345d47aacde39301f91bd92838db2f2fe74200b029->block_section(Array, Array)
#5 /home/matt/public_html/rallye-provins/core/views_cache/24/51/fc0e88a93af254f954cb053c654500936fc31dfb080f0a47c867638beb1c.php(70): Twig_Template->displayBlock('section', Array, Array)
#6 /home/matt/public_html/rallye-provins/core/vendor/twig/twig/lib/Twig/Template.php(289): __TwigTemplate_2451fc0e88a93af254f954cb053c654500936fc31dfb080f0a47c867638beb1c->doDisplay(Array, Array)
#7 /home/matt/public_html/rallye-provins/core/vendor/twig/twig/lib/Twig/Template.php(263): Twig_Template->displayWithErrorHandling(Array, Array)
#8 /home/matt/public_html/rallye-provins/core/views_cache/66/67/1edf0144481b70eb12345d47aacde39301f91bd92838db2f2fe74200b029.php(33): Twig_Template->display(Array, Array)
#9 /home/matt/public_html/rallye-provins/core/vendor/twig/twig/lib/Twig/Template.php(289): __TwigTemplate_66671edf0144481b70eb12345d47aacde39301f91bd92838db2f2fe74200b029->doDisplay(Array, Array)
#10 /home/matt/public_html/rallye-provins/core/vendor/twig/twig/lib/Twig/Template.php(263): Twig_Template->displayWithErrorHandling(Array, Array)
#11 /home/matt/public_html/rallye-provins/core/vendor/twig/twig/lib/Twig/Template.php(274): Twig_Template->display(Array)
#12 /home/matt/public_html/rallye-provins/core/vendor/slim/views/Twig.php(91): Twig_Template->render(Array)
#13 /home/matt/public_html/rallye-provins/core/vendor/slim/slim/Slim/View.php(255): Slim\Views\Twig->render('page-itinerary-...', NULL)
#14 /home/matt/public_html/rallye-provins/core/vendor/slim/slim/Slim/View.php(243): Slim\View->fetch('page-itinerary-...', NULL)
#15 /home/matt/public_html/rallye-provins/core/vendor/slim/slim/Slim/Slim.php(757): Slim\View->display('page-itinerary-...')
#16 /home/matt/public_html/rallye-provins/core/kernel/View.php(89): Slim\Slim->render('page-itinerary-...')
#17 /home/matt/public_html/rallye-provins/core/kernel/Controllers.php(309): View::render('\xC3\x89tape', 'itinerary-step', Array)
#18 [internal function]: Controllers::itineraryStep('court-famille-l...', '01-porte-saint-...')
#19 /home/matt/public_html/rallye-provins/core/vendor/slim/slim/Slim/Route.php(468): call_user_func_array('Controllers::it...', Array)
#20 /home/matt/public_html/rallye-provins/core/vendor/slim/slim/Slim/Slim.php(1357): Slim\Route->dispatch()
#21 /home/matt/public_html/rallye-provins/core/vendor/slim/slim/Slim/Middleware/Flash.php(85): Slim\Slim->call()
#22 /home/matt/public_html/rallye-provins/core/vendor/slim/slim/Slim/Middleware/MethodOverride.php(92): Slim\Middleware\Flash->call()
#23 /home/matt/public_html/rallye-provins/core/vendor/slim/slim/Slim/Middleware/PrettyExceptions.php(67): Slim\Middleware\MethodOverride->call()
#24 /home/matt/public_html/rallye-provins/core/vendor/slim/slim/Slim/Slim.php(1302): Slim\Middleware\PrettyExceptions->call()
#25 /home/matt/public_html/rallye-provins/core/kernel/Kernel.php(150): Slim\Slim->run()
#26 /home/matt/public_html/rallye-provins/core/index.php(8): Kernel->run()
#27 /home/matt/public_html/rallye-provins/index.php(5): require_once('/home/matt/publ...')
#28 {main}
ERROR - 2015-03-27T10:54:27+01:00 - exception 'Twig_Error_Runtime' with message 'Key "src" for array with keys "alt, type, icon" does not exist in "skel/array-contents.twig" at line 32' in /home/matt/public_html/rallye-provins/core/vendor/twig/twig/lib/Twig/Template.php:403
Stack trace:
#0 /home/matt/public_html/rallye-provins/core/views_cache/52/96/532077b1c01fc789c34af6867987a5c80ffa6e5dc9e77bc3bbe1aa96592a.php(97): Twig_Template->getAttribute(Array, 'src', Array)
#1 /home/matt/public_html/rallye-provins/core/vendor/twig/twig/lib/Twig/Template.php(289): __TwigTemplate_5296532077b1c01fc789c34af6867987a5c80ffa6e5dc9e77bc3bbe1aa96592a->doDisplay(Array, Array)
#2 /home/matt/public_html/rallye-provins/core/vendor/twig/twig/lib/Twig/Template.php(263): Twig_Template->displayWithErrorHandling(Array, Array)
#3 /home/matt/public_html/rallye-provins/core/views_cache/66/67/1edf0144481b70eb12345d47aacde39301f91bd92838db2f2fe74200b029.php(56): Twig_Template->display(Array)
#4 /home/matt/public_html/rallye-provins/core/vendor/twig/twig/lib/Twig/Template.php(154): __TwigTemplate_66671edf0144481b70eb12345d47aacde39301f91bd92838db2f2fe74200b029->block_section(Array, Array)
#5 /home/matt/public_html/rallye-provins/core/views_cache/24/51/fc0e88a93af254f954cb053c654500936fc31dfb080f0a47c867638beb1c.php(70): Twig_Template->displayBlock('section', Array, Array)
#6 /home/matt/public_html/rallye-provins/core/vendor/twig/twig/lib/Twig/Template.php(289): __TwigTemplate_2451fc0e88a93af254f954cb053c654500936fc31dfb080f0a47c867638beb1c->doDisplay(Array, Array)
#7 /home/matt/public_html/rallye-provins/core/vendor/twig/twig/lib/Twig/Template.php(263): Twig_Template->displayWithErrorHandling(Array, Array)
#8 /home/matt/public_html/rallye-provins/core/views_cache/66/67/1edf0144481b70eb12345d47aacde39301f91bd92838db2f2fe74200b029.php(33): Twig_Template->display(Array, Array)
#9 /home/matt/public_html/rallye-provins/core/vendor/twig/twig/lib/Twig/Template.php(289): __TwigTemplate_66671edf0144481b70eb12345d47aacde39301f91bd92838db2f2fe74200b029->doDisplay(Array, Array)
#10 /home/matt/public_html/rallye-provins/core/vendor/twig/twig/lib/Twig/Template.php(263): Twig_Template->displayWithErrorHandling(Array, Array)
#11 /home/matt/public_html/rallye-provins/core/vendor/twig/twig/lib/Twig/Template.php(274): Twig_Template->display(Array)
#12 /home/matt/public_html/rallye-provins/core/vendor/slim/views/Twig.php(91): Twig_Template->render(Array)
#13 /home/matt/public_html/rallye-provins/core/vendor/slim/slim/Slim/View.php(255): Slim\Views\Twig->render('page-itinerary-...', NULL)
#14 /home/matt/public_html/rallye-provins/core/vendor/slim/slim/Slim/View.php(243): Slim\View->fetch('page-itinerary-...', NULL)
#15 /home/matt/public_html/rallye-provins/core/vendor/slim/slim/Slim/Slim.php(757): Slim\View->display('page-itinerary-...')
#16 /home/matt/public_html/rallye-provins/core/kernel/View.php(89): Slim\Slim->render('page-itinerary-...')
#17 /home/matt/public_html/rallye-provins/core/kernel/Controllers.php(309): View::render('\xC3\x89tape', 'itinerary-step', Array)
#18 [internal function]: Controllers::itineraryStep('court-famille-l...', '01-porte-saint-...')
#19 /home/matt/public_html/rallye-provins/core/vendor/slim/slim/Slim/Route.php(468): call_user_func_array('Controllers::it...', Array)
#20 /home/matt/public_html/rallye-provins/core/vendor/slim/slim/Slim/Slim.php(1357): Slim\Route->dispatch()
#21 /home/matt/public_html/rallye-provins/core/vendor/slim/slim/Slim/Middleware/Flash.php(85): Slim\Slim->call()
#22 /home/matt/public_html/rallye-provins/core/vendor/slim/slim/Slim/Middleware/MethodOverride.php(92): Slim\Middleware\Flash->call()
#23 /home/matt/public_html/rallye-provins/core/vendor/slim/slim/Slim/Middleware/PrettyExceptions.php(67): Slim\Middleware\MethodOverride->call()
#24 /home/matt/public_html/rallye-provins/core/vendor/slim/slim/Slim/Slim.php(1302): Slim\Middleware\PrettyExceptions->call()
#25 /home/matt/public_html/rallye-provins/core/kernel/Kernel.php(150): Slim\Slim->run()
#26 /home/matt/public_html/rallye-provins/core/index.php(8): Kernel->run()
#27 /home/matt/public_html/rallye-provins/index.php(5): require_once('/home/matt/publ...')
#28 {main}
