ERROR - 2015-01-15T17:17:10+07:00 - exception 'Twig_Error_Runtime' with message 'Impossible to access an attribute ("name") on a string variable ("porc-epic") in "itineraries.twig" at line 6' in /home/matt/public_html/Provins/core/vendor/twig/twig/lib/Twig/Template.php:393
Stack trace:
#0 /home/matt/public_html/Provins/core/views_cache/3c/a6/5e1cd827a04242376cd1bacb5d08deb52af0e39ff7246bbd76b042b5aa20.php(39): Twig_Template->getAttribute('porc-epic', 'name', Array)
#1 /home/matt/public_html/Provins/core/vendor/twig/twig/lib/Twig/Template.php(144): __TwigTemplate_3ca65e1cd827a04242376cd1bacb5d08deb52af0e39ff7246bbd76b042b5aa20->block_section(Array, Array)
#2 /home/matt/public_html/Provins/core/views_cache/0a/4c/bd615aee27a81e830cf3cc4c42a408d359db12c32467ff3e202def5f8ad1.php(63): Twig_Template->displayBlock('section', Array, Array)
#3 /home/matt/public_html/Provins/core/vendor/twig/twig/lib/Twig/Template.php(279): __TwigTemplate_0a4cbd615aee27a81e830cf3cc4c42a408d359db12c32467ff3e202def5f8ad1->doDisplay(Array, Array)
#4 /home/matt/public_html/Provins/core/vendor/twig/twig/lib/Twig/Template.php(253): Twig_Template->displayWithErrorHandling(Array, Array)
#5 /home/matt/public_html/Provins/core/views_cache/3c/a6/5e1cd827a04242376cd1bacb5d08deb52af0e39ff7246bbd76b042b5aa20.php(24): Twig_Template->display(Array, Array)
#6 /home/matt/public_html/Provins/core/vendor/twig/twig/lib/Twig/Template.php(279): __TwigTemplate_3ca65e1cd827a04242376cd1bacb5d08deb52af0e39ff7246bbd76b042b5aa20->doDisplay(Array, Array)
#7 /home/matt/public_html/Provins/core/vendor/twig/twig/lib/Twig/Template.php(253): Twig_Template->displayWithErrorHandling(Array, Array)
#8 /home/matt/public_html/Provins/core/vendor/twig/twig/lib/Twig/Template.php(264): Twig_Template->display(Array)
#9 /home/matt/public_html/Provins/core/vendor/slim/views/Slim/Views/Twig.php(91): Twig_Template->render(Array)
#10 /home/matt/public_html/Provins/core/vendor/slim/slim/Slim/View.php(255): Slim\Views\Twig->render('itineraries.twi...', NULL)
#11 /home/matt/public_html/Provins/core/vendor/slim/slim/Slim/View.php(243): Slim\View->fetch('itineraries.twi...', NULL)
#12 /home/matt/public_html/Provins/core/vendor/slim/slim/Slim/Slim.php(757): Slim\View->display('itineraries.twi...')
#13 /home/matt/public_html/Provins/core/kernel/View.php(73): Slim\Slim->render('itineraries.twi...')
#14 /home/matt/public_html/Provins/core/kernel/Controllers.php(37): View::render('Itineraries', 'itineraries', Array)
#15 [internal function]: Controllers::itineraries()
#16 /home/matt/public_html/Provins/core/vendor/slim/slim/Slim/Route.php(462): call_user_func_array('Controllers::it...', Array)
#17 /home/matt/public_html/Provins/core/vendor/slim/slim/Slim/Slim.php(1326): Slim\Route->dispatch()
#18 /home/matt/public_html/Provins/core/vendor/slim/slim/Slim/Middleware/Flash.php(85): Slim\Slim->call()
#19 /home/matt/public_html/Provins/core/vendor/slim/slim/Slim/Middleware/MethodOverride.php(92): Slim\Middleware\Flash->call()
#20 /home/matt/public_html/Provins/core/vendor/slim/slim/Slim/Middleware/PrettyExceptions.php(67): Slim\Middleware\MethodOverride->call()
#21 /home/matt/public_html/Provins/core/vendor/slim/slim/Slim/Slim.php(1271): Slim\Middleware\PrettyExceptions->call()
#22 /home/matt/public_html/Provins/core/index.php(10): Slim\Slim->run()
#23 /home/matt/public_html/Provins/index.php(5): require_once('/home/matt/publ...')
#24 {main}
ERROR - 2015-01-15T17:28:39+07:00 - exception 'ErrorException' with message 'file_get_contents(data/itineraries/fake1/information/en/information.json): failed to open stream: No such file or directory' in /home/matt/public_html/Provins/core/kernel/Data.php:22
Stack trace:
#0 [internal function]: Slim\Slim::handleErrors(2, 'file_get_conten...', '/home/matt/publ...', 22, Array)
#1 /home/matt/public_html/Provins/core/kernel/Data.php(22): file_get_contents('data/itinerarie...')
#2 /home/matt/public_html/Provins/core/kernel/Data.php(53): Data::load('itineraries/fak...')
#3 /home/matt/public_html/Provins/core/kernel/Controllers.php(34): Data::loadTranslated('itineraries/fak...')
#4 [internal function]: Controllers::itineraries()
#5 /home/matt/public_html/Provins/core/vendor/slim/slim/Slim/Route.php(462): call_user_func_array('Controllers::it...', Array)
#6 /home/matt/public_html/Provins/core/vendor/slim/slim/Slim/Slim.php(1326): Slim\Route->dispatch()
#7 /home/matt/public_html/Provins/core/vendor/slim/slim/Slim/Middleware/Flash.php(85): Slim\Slim->call()
#8 /home/matt/public_html/Provins/core/vendor/slim/slim/Slim/Middleware/MethodOverride.php(92): Slim\Middleware\Flash->call()
#9 /home/matt/public_html/Provins/core/vendor/slim/slim/Slim/Middleware/PrettyExceptions.php(67): Slim\Middleware\MethodOverride->call()
#10 /home/matt/public_html/Provins/core/vendor/slim/slim/Slim/Slim.php(1271): Slim\Middleware\PrettyExceptions->call()
#11 /home/matt/public_html/Provins/core/index.php(10): Slim\Slim->run()
#12 /home/matt/public_html/Provins/index.php(5): require_once('/home/matt/publ...')
#13 {main}
ERROR - 2015-01-15T17:29:28+07:00 - exception 'ErrorException' with message 'file_get_contents(data/itineraries/fake1/information/en/information.json): failed to open stream: No such file or directory' in /home/matt/public_html/Provins/core/kernel/Data.php:23
Stack trace:
#0 [internal function]: Slim\Slim::handleErrors(2, 'file_get_conten...', '/home/matt/publ...', 23, Array)
#1 /home/matt/public_html/Provins/core/kernel/Data.php(23): file_get_contents('data/itinerarie...')
#2 /home/matt/public_html/Provins/core/kernel/Data.php(54): Data::load('itineraries/fak...')
#3 /home/matt/public_html/Provins/core/kernel/Controllers.php(34): Data::loadTranslated('itineraries/fak...')
#4 [internal function]: Controllers::itineraries()
#5 /home/matt/public_html/Provins/core/vendor/slim/slim/Slim/Route.php(462): call_user_func_array('Controllers::it...', Array)
#6 /home/matt/public_html/Provins/core/vendor/slim/slim/Slim/Slim.php(1326): Slim\Route->dispatch()
#7 /home/matt/public_html/Provins/core/vendor/slim/slim/Slim/Middleware/Flash.php(85): Slim\Slim->call()
#8 /home/matt/public_html/Provins/core/vendor/slim/slim/Slim/Middleware/MethodOverride.php(92): Slim\Middleware\Flash->call()
#9 /home/matt/public_html/Provins/core/vendor/slim/slim/Slim/Middleware/PrettyExceptions.php(67): Slim\Middleware\MethodOverride->call()
#10 /home/matt/public_html/Provins/core/vendor/slim/slim/Slim/Slim.php(1271): Slim\Middleware\PrettyExceptions->call()
#11 /home/matt/public_html/Provins/core/index.php(10): Slim\Slim->run()
#12 /home/matt/public_html/Provins/index.php(5): require_once('/home/matt/publ...')
#13 {main}
ERROR - 2015-01-15T17:29:56+07:00 - exception 'ErrorException' with message 'file_get_contents(data/itineraries/fake1/information/en/information.json): failed to open stream: No such file or directory' in /home/matt/public_html/Provins/core/kernel/Data.php:23
Stack trace:
#0 [internal function]: Slim\Slim::handleErrors(2, 'file_get_conten...', '/home/matt/publ...', 23, Array)
#1 /home/matt/public_html/Provins/core/kernel/Data.php(23): file_get_contents('data/itinerarie...')
#2 /home/matt/public_html/Provins/core/kernel/Data.php(54): Data::load('itineraries/fak...')
#3 /home/matt/public_html/Provins/core/kernel/Controllers.php(34): Data::loadTranslated('itineraries/fak...')
#4 [internal function]: Controllers::itineraries()
#5 /home/matt/public_html/Provins/core/vendor/slim/slim/Slim/Route.php(462): call_user_func_array('Controllers::it...', Array)
#6 /home/matt/public_html/Provins/core/vendor/slim/slim/Slim/Slim.php(1326): Slim\Route->dispatch()
#7 /home/matt/public_html/Provins/core/vendor/slim/slim/Slim/Middleware/Flash.php(85): Slim\Slim->call()
#8 /home/matt/public_html/Provins/core/vendor/slim/slim/Slim/Middleware/MethodOverride.php(92): Slim\Middleware\Flash->call()
#9 /home/matt/public_html/Provins/core/vendor/slim/slim/Slim/Middleware/PrettyExceptions.php(67): Slim\Middleware\MethodOverride->call()
#10 /home/matt/public_html/Provins/core/vendor/slim/slim/Slim/Slim.php(1271): Slim\Middleware\PrettyExceptions->call()
#11 /home/matt/public_html/Provins/core/index.php(10): Slim\Slim->run()
#12 /home/matt/public_html/Provins/index.php(5): require_once('/home/matt/publ...')
#13 {main}
ERROR - 2015-01-15T17:30:29+07:00 - exception 'ErrorException' with message 'file_get_contents(data/itineraries/fake1/information/en/information.json): failed to open stream: No such file or directory' in /home/matt/public_html/Provins/core/kernel/Data.php:22
Stack trace:
#0 [internal function]: Slim\Slim::handleErrors(2, 'file_get_conten...', '/home/matt/publ...', 22, Array)
#1 /home/matt/public_html/Provins/core/kernel/Data.php(22): file_get_contents('data/itinerarie...')
#2 /home/matt/public_html/Provins/core/kernel/Data.php(54): Data::load('itineraries/fak...')
#3 /home/matt/public_html/Provins/core/kernel/Controllers.php(34): Data::loadTranslated('itineraries/fak...')
#4 [internal function]: Controllers::itineraries()
#5 /home/matt/public_html/Provins/core/vendor/slim/slim/Slim/Route.php(462): call_user_func_array('Controllers::it...', Array)
#6 /home/matt/public_html/Provins/core/vendor/slim/slim/Slim/Slim.php(1326): Slim\Route->dispatch()
#7 /home/matt/public_html/Provins/core/vendor/slim/slim/Slim/Middleware/Flash.php(85): Slim\Slim->call()
#8 /home/matt/public_html/Provins/core/vendor/slim/slim/Slim/Middleware/MethodOverride.php(92): Slim\Middleware\Flash->call()
#9 /home/matt/public_html/Provins/core/vendor/slim/slim/Slim/Middleware/PrettyExceptions.php(67): Slim\Middleware\MethodOverride->call()
#10 /home/matt/public_html/Provins/core/vendor/slim/slim/Slim/Slim.php(1271): Slim\Middleware\PrettyExceptions->call()
#11 /home/matt/public_html/Provins/core/index.php(10): Slim\Slim->run()
#12 /home/matt/public_html/Provins/index.php(5): require_once('/home/matt/publ...')
#13 {main}
ERROR - 2015-01-15T17:30:47+07:00 - exception 'ErrorException' with message 'file_get_contents(data/itineraries/fake1/information/en/information.json): failed to open stream: No such file or directory' in /home/matt/public_html/Provins/core/kernel/Data.php:22
Stack trace:
#0 [internal function]: Slim\Slim::handleErrors(2, 'file_get_conten...', '/home/matt/publ...', 22, Array)
#1 /home/matt/public_html/Provins/core/kernel/Data.php(22): file_get_contents('data/itinerarie...')
#2 /home/matt/public_html/Provins/core/kernel/Data.php(54): Data::load('itineraries/fak...')
#3 /home/matt/public_html/Provins/core/kernel/Controllers.php(34): Data::loadTranslated('itineraries/fak...')
#4 [internal function]: Controllers::itineraries()
#5 /home/matt/public_html/Provins/core/vendor/slim/slim/Slim/Route.php(462): call_user_func_array('Controllers::it...', Array)
#6 /home/matt/public_html/Provins/core/vendor/slim/slim/Slim/Slim.php(1326): Slim\Route->dispatch()
#7 /home/matt/public_html/Provins/core/vendor/slim/slim/Slim/Middleware/Flash.php(85): Slim\Slim->call()
#8 /home/matt/public_html/Provins/core/vendor/slim/slim/Slim/Middleware/MethodOverride.php(92): Slim\Middleware\Flash->call()
#9 /home/matt/public_html/Provins/core/vendor/slim/slim/Slim/Middleware/PrettyExceptions.php(67): Slim\Middleware\MethodOverride->call()
#10 /home/matt/public_html/Provins/core/vendor/slim/slim/Slim/Slim.php(1271): Slim\Middleware\PrettyExceptions->call()
#11 /home/matt/public_html/Provins/core/index.php(10): Slim\Slim->run()
#12 /home/matt/public_html/Provins/index.php(5): require_once('/home/matt/publ...')
#13 {main}
ERROR - 2015-01-15T19:57:50+07:00 - exception 'Twig_Error_Loader' with message 'Unable to find template "itinerary-download.twig" (looked into: core/views).' in /home/matt/public_html/Provins/core/vendor/twig/twig/lib/Twig/Loader/Filesystem.php:191
Stack trace:
#0 /home/matt/public_html/Provins/core/vendor/twig/twig/lib/Twig/Loader/Filesystem.php(138): Twig_Loader_Filesystem->findTemplate('itinerary-downl...')
#1 /home/matt/public_html/Provins/core/vendor/twig/twig/lib/Twig/Environment.php(265): Twig_Loader_Filesystem->getCacheKey('itinerary-downl...')
#2 /home/matt/public_html/Provins/core/vendor/twig/twig/lib/Twig/Environment.php(323): Twig_Environment->getTemplateClass('itinerary-downl...', NULL)
#3 /home/matt/public_html/Provins/core/vendor/slim/views/Slim/Views/Twig.php(87): Twig_Environment->loadTemplate('itinerary-downl...')
#4 /home/matt/public_html/Provins/core/vendor/slim/slim/Slim/View.php(255): Slim\Views\Twig->render('itinerary-downl...', NULL)
#5 /home/matt/public_html/Provins/core/vendor/slim/slim/Slim/View.php(243): Slim\View->fetch('itinerary-downl...', NULL)
#6 /home/matt/public_html/Provins/core/vendor/slim/slim/Slim/Slim.php(757): Slim\View->display('itinerary-downl...')
#7 /home/matt/public_html/Provins/core/kernel/View.php(73): Slim\Slim->render('itinerary-downl...')
#8 /home/matt/public_html/Provins/core/kernel/Controllers.php(79): View::render('Download', 'itinerary-downl...', Array)
#9 [internal function]: Controllers::itineraryDownload('porc-epic')
#10 /home/matt/public_html/Provins/core/vendor/slim/slim/Slim/Route.php(462): call_user_func_array('Controllers::it...', Array)
#11 /home/matt/public_html/Provins/core/vendor/slim/slim/Slim/Slim.php(1326): Slim\Route->dispatch()
#12 /home/matt/public_html/Provins/core/vendor/slim/slim/Slim/Middleware/Flash.php(85): Slim\Slim->call()
#13 /home/matt/public_html/Provins/core/vendor/slim/slim/Slim/Middleware/MethodOverride.php(92): Slim\Middleware\Flash->call()
#14 /home/matt/public_html/Provins/core/vendor/slim/slim/Slim/Middleware/PrettyExceptions.php(67): Slim\Middleware\MethodOverride->call()
#15 /home/matt/public_html/Provins/core/vendor/slim/slim/Slim/Slim.php(1271): Slim\Middleware\PrettyExceptions->call()
#16 /home/matt/public_html/Provins/core/index.php(10): Slim\Slim->run()
#17 /home/matt/public_html/Provins/index.php(5): require_once('/home/matt/publ...')
#18 {main}
ERROR - 2015-01-15T19:57:51+07:00 - exception 'Twig_Error_Loader' with message 'Unable to find template "itinerary-download.twig" (looked into: core/views).' in /home/matt/public_html/Provins/core/vendor/twig/twig/lib/Twig/Loader/Filesystem.php:191
Stack trace:
#0 /home/matt/public_html/Provins/core/vendor/twig/twig/lib/Twig/Loader/Filesystem.php(138): Twig_Loader_Filesystem->findTemplate('itinerary-downl...')
#1 /home/matt/public_html/Provins/core/vendor/twig/twig/lib/Twig/Environment.php(265): Twig_Loader_Filesystem->getCacheKey('itinerary-downl...')
#2 /home/matt/public_html/Provins/core/vendor/twig/twig/lib/Twig/Environment.php(323): Twig_Environment->getTemplateClass('itinerary-downl...', NULL)
#3 /home/matt/public_html/Provins/core/vendor/slim/views/Slim/Views/Twig.php(87): Twig_Environment->loadTemplate('itinerary-downl...')
#4 /home/matt/public_html/Provins/core/vendor/slim/slim/Slim/View.php(255): Slim\Views\Twig->render('itinerary-downl...', NULL)
#5 /home/matt/public_html/Provins/core/vendor/slim/slim/Slim/View.php(243): Slim\View->fetch('itinerary-downl...', NULL)
#6 /home/matt/public_html/Provins/core/vendor/slim/slim/Slim/Slim.php(757): Slim\View->display('itinerary-downl...')
#7 /home/matt/public_html/Provins/core/kernel/View.php(73): Slim\Slim->render('itinerary-downl...')
#8 /home/matt/public_html/Provins/core/kernel/Controllers.php(79): View::render('Download', 'itinerary-downl...', Array)
#9 [internal function]: Controllers::itineraryDownload('porc-epic')
#10 /home/matt/public_html/Provins/core/vendor/slim/slim/Slim/Route.php(462): call_user_func_array('Controllers::it...', Array)
#11 /home/matt/public_html/Provins/core/vendor/slim/slim/Slim/Slim.php(1326): Slim\Route->dispatch()
#12 /home/matt/public_html/Provins/core/vendor/slim/slim/Slim/Middleware/Flash.php(85): Slim\Slim->call()
#13 /home/matt/public_html/Provins/core/vendor/slim/slim/Slim/Middleware/MethodOverride.php(92): Slim\Middleware\Flash->call()
#14 /home/matt/public_html/Provins/core/vendor/slim/slim/Slim/Middleware/PrettyExceptions.php(67): Slim\Middleware\MethodOverride->call()
#15 /home/matt/public_html/Provins/core/vendor/slim/slim/Slim/Slim.php(1271): Slim\Middleware\PrettyExceptions->call()
#16 /home/matt/public_html/Provins/core/index.php(10): Slim\Slim->run()
#17 /home/matt/public_html/Provins/index.php(5): require_once('/home/matt/publ...')
#18 {main}
ERROR - 2015-01-15T20:08:08+07:00 - exception 'Twig_Error_Runtime' with message 'Variable "itinerary" does not exist in "itinerary-download.twig" at line 4' in /home/matt/public_html/Provins/core/vendor/twig/twig/lib/Twig/Template.php:332
Stack trace:
#0 /home/matt/public_html/Provins/core/views_cache/b0/10/653e406b34545912c946b3a2da37bd71a036da2399c98444692d1c39f860.php(31): Twig_Template->getContext(Array, 'itinerary')
#1 /home/matt/public_html/Provins/core/vendor/twig/twig/lib/Twig/Template.php(144): __TwigTemplate_b010653e406b34545912c946b3a2da37bd71a036da2399c98444692d1c39f860->block_section(Array, Array)
#2 /home/matt/public_html/Provins/core/views_cache/0a/4c/bd615aee27a81e830cf3cc4c42a408d359db12c32467ff3e202def5f8ad1.php(63): Twig_Template->displayBlock('section', Array, Array)
#3 /home/matt/public_html/Provins/core/vendor/twig/twig/lib/Twig/Template.php(279): __TwigTemplate_0a4cbd615aee27a81e830cf3cc4c42a408d359db12c32467ff3e202def5f8ad1->doDisplay(Array, Array)
#4 /home/matt/public_html/Provins/core/vendor/twig/twig/lib/Twig/Template.php(253): Twig_Template->displayWithErrorHandling(Array, Array)
#5 /home/matt/public_html/Provins/core/views_cache/b0/10/653e406b34545912c946b3a2da37bd71a036da2399c98444692d1c39f860.php(24): Twig_Template->display(Array, Array)
#6 /home/matt/public_html/Provins/core/vendor/twig/twig/lib/Twig/Template.php(279): __TwigTemplate_b010653e406b34545912c946b3a2da37bd71a036da2399c98444692d1c39f860->doDisplay(Array, Array)
#7 /home/matt/public_html/Provins/core/vendor/twig/twig/lib/Twig/Template.php(253): Twig_Template->displayWithErrorHandling(Array, Array)
#8 /home/matt/public_html/Provins/core/vendor/twig/twig/lib/Twig/Template.php(264): Twig_Template->display(Array)
#9 /home/matt/public_html/Provins/core/vendor/slim/views/Slim/Views/Twig.php(91): Twig_Template->render(Array)
#10 /home/matt/public_html/Provins/core/vendor/slim/slim/Slim/View.php(255): Slim\Views\Twig->render('itinerary-downl...', NULL)
#11 /home/matt/public_html/Provins/core/vendor/slim/slim/Slim/View.php(243): Slim\View->fetch('itinerary-downl...', NULL)
#12 /home/matt/public_html/Provins/core/vendor/slim/slim/Slim/Slim.php(757): Slim\View->display('itinerary-downl...')
#13 /home/matt/public_html/Provins/core/kernel/View.php(73): Slim\Slim->render('itinerary-downl...')
#14 /home/matt/public_html/Provins/core/kernel/Controllers.php(88): View::render('Download', 'itinerary-downl...', Array)
#15 [internal function]: Controllers::itineraryDownload()
#16 /home/matt/public_html/Provins/core/vendor/slim/slim/Slim/Route.php(462): call_user_func_array('Controllers::it...', Array)
#17 /home/matt/public_html/Provins/core/vendor/slim/slim/Slim/Slim.php(1326): Slim\Route->dispatch()
#18 /home/matt/public_html/Provins/core/vendor/slim/slim/Slim/Middleware/Flash.php(85): Slim\Slim->call()
#19 /home/matt/public_html/Provins/core/vendor/slim/slim/Slim/Middleware/MethodOverride.php(92): Slim\Middleware\Flash->call()
#20 /home/matt/public_html/Provins/core/vendor/slim/slim/Slim/Middleware/PrettyExceptions.php(67): Slim\Middleware\MethodOverride->call()
#21 /home/matt/public_html/Provins/core/vendor/slim/slim/Slim/Slim.php(1271): Slim\Middleware\PrettyExceptions->call()
#22 /home/matt/public_html/Provins/core/index.php(10): Slim\Slim->run()
#23 /home/matt/public_html/Provins/index.php(5): require_once('/home/matt/publ...')
#24 {main}
ERROR - 2015-01-15T21:35:53+07:00 - exception 'ErrorException' with message 'file_put_contents() expects at least 2 parameters, 1 given' in /home/matt/public_html/Provins/core/kernel/Cache.php:39
Stack trace:
#0 [internal function]: Slim\Slim::handleErrors(2, 'file_put_conten...', '/home/matt/publ...', 39, Array)
#1 /home/matt/public_html/Provins/core/kernel/Cache.php(39): file_put_contents('data/itinerarie...')
#2 /home/matt/public_html/Provins/core/kernel/Controllers.php(93): Cache::generate('porc-epic')
#3 [internal function]: Controllers::itineraryDownload()
#4 /home/matt/public_html/Provins/core/vendor/slim/slim/Slim/Route.php(462): call_user_func_array('Controllers::it...', Array)
#5 /home/matt/public_html/Provins/core/vendor/slim/slim/Slim/Slim.php(1326): Slim\Route->dispatch()
#6 /home/matt/public_html/Provins/core/vendor/slim/slim/Slim/Middleware/Flash.php(85): Slim\Slim->call()
#7 /home/matt/public_html/Provins/core/vendor/slim/slim/Slim/Middleware/MethodOverride.php(92): Slim\Middleware\Flash->call()
#8 /home/matt/public_html/Provins/core/vendor/slim/slim/Slim/Middleware/PrettyExceptions.php(67): Slim\Middleware\MethodOverride->call()
#9 /home/matt/public_html/Provins/core/vendor/slim/slim/Slim/Slim.php(1271): Slim\Middleware\PrettyExceptions->call()
#10 /home/matt/public_html/Provins/core/index.php(10): Slim\Slim->run()
#11 /home/matt/public_html/Provins/index.php(5): require_once('/home/matt/publ...')
#12 {main}
ERROR - 2015-01-15T21:36:02+07:00 - exception 'ErrorException' with message 'file_put_contents(data/itineraries/porc-epic/cache.manifest): failed to open stream: Permission non accordée' in /home/matt/public_html/Provins/core/kernel/Cache.php:39
Stack trace:
#0 [internal function]: Slim\Slim::handleErrors(2, 'file_put_conten...', '/home/matt/publ...', 39, Array)
#1 /home/matt/public_html/Provins/core/kernel/Cache.php(39): file_put_contents('data/itinerarie...', 'CACHE MANIFEST\n...')
#2 /home/matt/public_html/Provins/core/kernel/Controllers.php(93): Cache::generate('porc-epic')
#3 [internal function]: Controllers::itineraryDownload()
#4 /home/matt/public_html/Provins/core/vendor/slim/slim/Slim/Route.php(462): call_user_func_array('Controllers::it...', Array)
#5 /home/matt/public_html/Provins/core/vendor/slim/slim/Slim/Slim.php(1326): Slim\Route->dispatch()
#6 /home/matt/public_html/Provins/core/vendor/slim/slim/Slim/Middleware/Flash.php(85): Slim\Slim->call()
#7 /home/matt/public_html/Provins/core/vendor/slim/slim/Slim/Middleware/MethodOverride.php(92): Slim\Middleware\Flash->call()
#8 /home/matt/public_html/Provins/core/vendor/slim/slim/Slim/Middleware/PrettyExceptions.php(67): Slim\Middleware\MethodOverride->call()
#9 /home/matt/public_html/Provins/core/vendor/slim/slim/Slim/Slim.php(1271): Slim\Middleware\PrettyExceptions->call()
#10 /home/matt/public_html/Provins/core/index.php(10): Slim\Slim->run()
#11 /home/matt/public_html/Provins/index.php(5): require_once('/home/matt/publ...')
#12 {main}
