ERROR - 2015-03-23T20:27:38+01:00 - exception 'ErrorException' with message 'Invalid argument supplied for foreach()' in /home/matt/public_html/Provins-2/core/kernel/Controllers.php:119
Stack trace:
#0 /home/matt/public_html/Provins-2/core/kernel/Controllers.php(119): Slim\Slim::handleErrors(2, 'Invalid argumen...', '/home/matt/publ...', 119, Array)
#1 [internal function]: Controllers::itinerarySummary('long-adultes-se...')
#2 /home/matt/public_html/Provins-2/core/vendor/slim/slim/Slim/Route.php(468): call_user_func_array('Controllers::it...', Array)
#3 /home/matt/public_html/Provins-2/core/vendor/slim/slim/Slim/Slim.php(1357): Slim\Route->dispatch()
#4 /home/matt/public_html/Provins-2/core/vendor/slim/slim/Slim/Middleware/Flash.php(85): Slim\Slim->call()
#5 /home/matt/public_html/Provins-2/core/vendor/slim/slim/Slim/Middleware/MethodOverride.php(92): Slim\Middleware\Flash->call()
#6 /home/matt/public_html/Provins-2/core/vendor/slim/slim/Slim/Middleware/PrettyExceptions.php(67): Slim\Middleware\MethodOverride->call()
#7 /home/matt/public_html/Provins-2/core/vendor/slim/slim/Slim/Slim.php(1302): Slim\Middleware\PrettyExceptions->call()
#8 /home/matt/public_html/Provins-2/core/kernel/Kernel.php(150): Slim\Slim->run()
#9 /home/matt/public_html/Provins-2/core/index.php(8): Kernel->run()
#10 /home/matt/public_html/Provins-2/index.php(5): require_once('/home/matt/publ...')
#11 {main}
ERROR - 2015-03-23T20:27:47+01:00 - exception 'ErrorException' with message 'Invalid argument supplied for foreach()' in /home/matt/public_html/Provins-2/core/kernel/Controllers.php:119
Stack trace:
#0 /home/matt/public_html/Provins-2/core/kernel/Controllers.php(119): Slim\Slim::handleErrors(2, 'Invalid argumen...', '/home/matt/publ...', 119, Array)
#1 [internal function]: Controllers::itinerarySummary('long-adultes-se...')
#2 /home/matt/public_html/Provins-2/core/vendor/slim/slim/Slim/Route.php(468): call_user_func_array('Controllers::it...', Array)
#3 /home/matt/public_html/Provins-2/core/vendor/slim/slim/Slim/Slim.php(1357): Slim\Route->dispatch()
#4 /home/matt/public_html/Provins-2/core/vendor/slim/slim/Slim/Middleware/Flash.php(85): Slim\Slim->call()
#5 /home/matt/public_html/Provins-2/core/vendor/slim/slim/Slim/Middleware/MethodOverride.php(92): Slim\Middleware\Flash->call()
#6 /home/matt/public_html/Provins-2/core/vendor/slim/slim/Slim/Middleware/PrettyExceptions.php(67): Slim\Middleware\MethodOverride->call()
#7 /home/matt/public_html/Provins-2/core/vendor/slim/slim/Slim/Slim.php(1302): Slim\Middleware\PrettyExceptions->call()
#8 /home/matt/public_html/Provins-2/core/kernel/Kernel.php(150): Slim\Slim->run()
#9 /home/matt/public_html/Provins-2/core/index.php(8): Kernel->run()
#10 /home/matt/public_html/Provins-2/index.php(5): require_once('/home/matt/publ...')
#11 {main}
