ERROR - 2015-03-29T00:21:24+01:00 - exception 'ErrorException' with message 'array_merge(): Argument #1 is not an array' in /home/matt/public_html/rallye-provins/core/kernel/Data.php:96
Stack trace:
#0 [internal function]: Slim\Slim::handleErrors(2, 'array_merge(): ...', '/home/matt/publ...', 96, Array)
#1 /home/matt/public_html/rallye-provins/core/kernel/Data.php(96): array_merge(NULL, Array)
#2 /home/matt/public_html/rallye-provins/core/kernel/Controllers.php(285): Data::loadTranslated('itineraries/lon...')
#3 [internal function]: Controllers::itineraryStep('long-famille-le...', '23-allee-d-alig...')
#4 /home/matt/public_html/rallye-provins/core/vendor/slim/slim/Slim/Route.php(468): call_user_func_array('Controllers::it...', Array)
#5 /home/matt/public_html/rallye-provins/core/vendor/slim/slim/Slim/Slim.php(1357): Slim\Route->dispatch()
#6 /home/matt/public_html/rallye-provins/core/vendor/slim/slim/Slim/Middleware/Flash.php(85): Slim\Slim->call()
#7 /home/matt/public_html/rallye-provins/core/vendor/slim/slim/Slim/Middleware/MethodOverride.php(92): Slim\Middleware\Flash->call()
#8 /home/matt/public_html/rallye-provins/core/vendor/slim/slim/Slim/Middleware/PrettyExceptions.php(67): Slim\Middleware\MethodOverride->call()
#9 /home/matt/public_html/rallye-provins/core/vendor/slim/slim/Slim/Slim.php(1302): Slim\Middleware\PrettyExceptions->call()
#10 /home/matt/public_html/rallye-provins/core/kernel/Kernel.php(150): Slim\Slim->run()
#11 /home/matt/public_html/rallye-provins/core/index.php(8): Kernel->run()
#12 /home/matt/public_html/rallye-provins/index.php(5): require_once('/home/matt/publ...')
#13 {main}
ERROR - 2015-03-29T00:22:00+01:00 - exception 'ErrorException' with message 'array_merge(): Argument #1 is not an array' in /home/matt/public_html/rallye-provins/core/kernel/Data.php:96
Stack trace:
#0 [internal function]: Slim\Slim::handleErrors(2, 'array_merge(): ...', '/home/matt/publ...', 96, Array)
#1 /home/matt/public_html/rallye-provins/core/kernel/Data.php(96): array_merge(NULL, Array)
#2 /home/matt/public_html/rallye-provins/core/kernel/Controllers.php(285): Data::loadTranslated('itineraries/lon...')
#3 [internal function]: Controllers::itineraryStep('long-famille-le...', '23-allee-d-alig...')
#4 /home/matt/public_html/rallye-provins/core/vendor/slim/slim/Slim/Route.php(468): call_user_func_array('Controllers::it...', Array)
#5 /home/matt/public_html/rallye-provins/core/vendor/slim/slim/Slim/Slim.php(1357): Slim\Route->dispatch()
#6 /home/matt/public_html/rallye-provins/core/vendor/slim/slim/Slim/Middleware/Flash.php(85): Slim\Slim->call()
#7 /home/matt/public_html/rallye-provins/core/vendor/slim/slim/Slim/Middleware/MethodOverride.php(92): Slim\Middleware\Flash->call()
#8 /home/matt/public_html/rallye-provins/core/vendor/slim/slim/Slim/Middleware/PrettyExceptions.php(67): Slim\Middleware\MethodOverride->call()
#9 /home/matt/public_html/rallye-provins/core/vendor/slim/slim/Slim/Slim.php(1302): Slim\Middleware\PrettyExceptions->call()
#10 /home/matt/public_html/rallye-provins/core/kernel/Kernel.php(150): Slim\Slim->run()
#11 /home/matt/public_html/rallye-provins/core/index.php(8): Kernel->run()
#12 /home/matt/public_html/rallye-provins/index.php(5): require_once('/home/matt/publ...')
#13 {main}
ERROR - 2015-03-29T01:33:12+01:00 - exception 'ErrorException' with message 'Non-static method I18N::getPreferredLanguage() should not be called statically' in /home/matt/public_html/rallye-provins/core/kernel/Cache.php:44
Stack trace:
#0 /home/matt/public_html/rallye-provins/core/kernel/Cache.php(44): Slim\Slim::handleErrors(2048, 'Non-static meth...', '/home/matt/publ...', 44, Array)
#1 /home/matt/public_html/rallye-provins/core/kernel/Cache.php(44): I18N::getPreferredLanguage()
#2 /home/matt/public_html/rallye-provins/core/kernel/Controllers.php(249): Cache::generate('court-famille-l...')
#3 [internal function]: Controllers::itineraryDownload()
#4 /home/matt/public_html/rallye-provins/core/vendor/slim/slim/Slim/Route.php(468): call_user_func_array('Controllers::it...', Array)
#5 /home/matt/public_html/rallye-provins/core/vendor/slim/slim/Slim/Slim.php(1357): Slim\Route->dispatch()
#6 /home/matt/public_html/rallye-provins/core/vendor/slim/slim/Slim/Middleware/Flash.php(85): Slim\Slim->call()
#7 /home/matt/public_html/rallye-provins/core/vendor/slim/slim/Slim/Middleware/MethodOverride.php(92): Slim\Middleware\Flash->call()
#8 /home/matt/public_html/rallye-provins/core/vendor/slim/slim/Slim/Middleware/PrettyExceptions.php(67): Slim\Middleware\MethodOverride->call()
#9 /home/matt/public_html/rallye-provins/core/vendor/slim/slim/Slim/Slim.php(1302): Slim\Middleware\PrettyExceptions->call()
#10 /home/matt/public_html/rallye-provins/core/kernel/Kernel.php(150): Slim\Slim->run()
#11 /home/matt/public_html/rallye-provins/core/index.php(8): Kernel->run()
#12 /home/matt/public_html/rallye-provins/index.php(5): require_once('/home/matt/publ...')
#13 {main}
ERROR - 2015-03-29T01:58:01+01:00 - exception 'ErrorException' with message 'Array to string conversion' in /home/matt/public_html/rallye-provins/core/views_cache/70/3e/4656e132b0ef7655e7095929e7e5c6cda909dd42563464e1a5fedd804ca9.php:62
Stack trace:
#0 /home/matt/public_html/rallye-provins/core/views_cache/70/3e/4656e132b0ef7655e7095929e7e5c6cda909dd42563464e1a5fedd804ca9.php(62): Slim\Slim::handleErrors(8, 'Array to string...', '/home/matt/publ...', 62, Array)
#1 /home/matt/public_html/rallye-provins/core/vendor/twig/twig/lib/Twig/Template.php(154): __TwigTemplate_703e4656e132b0ef7655e7095929e7e5c6cda909dd42563464e1a5fedd804ca9->block_section(Array, Array)
#2 /home/matt/public_html/rallye-provins/core/views_cache/24/51/fc0e88a93af254f954cb053c654500936fc31dfb080f0a47c867638beb1c.php(70): Twig_Template->displayBlock('section', Array, Array)
#3 /home/matt/public_html/rallye-provins/core/vendor/twig/twig/lib/Twig/Template.php(289): __TwigTemplate_2451fc0e88a93af254f954cb053c654500936fc31dfb080f0a47c867638beb1c->doDisplay(Array, Array)
#4 /home/matt/public_html/rallye-provins/core/vendor/twig/twig/lib/Twig/Template.php(263): Twig_Template->displayWithErrorHandling(Array, Array)
#5 /home/matt/public_html/rallye-provins/core/views_cache/70/3e/4656e132b0ef7655e7095929e7e5c6cda909dd42563464e1a5fedd804ca9.php(32): Twig_Template->display(Array, Array)
#6 /home/matt/public_html/rallye-provins/core/vendor/twig/twig/lib/Twig/Template.php(289): __TwigTemplate_703e4656e132b0ef7655e7095929e7e5c6cda909dd42563464e1a5fedd804ca9->doDisplay(Array, Array)
#7 /home/matt/public_html/rallye-provins/core/vendor/twig/twig/lib/Twig/Template.php(263): Twig_Template->displayWithErrorHandling(Array, Array)
#8 /home/matt/public_html/rallye-provins/core/vendor/twig/twig/lib/Twig/Template.php(274): Twig_Template->display(Array)
#9 /home/matt/public_html/rallye-provins/core/vendor/slim/views/Twig.php(91): Twig_Template->render(Array)
#10 /home/matt/public_html/rallye-provins/core/vendor/slim/slim/Slim/View.php(255): Slim\Views\Twig->render('page-itinerarie...', NULL)
#11 /home/matt/public_html/rallye-provins/core/vendor/slim/slim/Slim/View.php(243): Slim\View->fetch('page-itinerarie...', NULL)
#12 /home/matt/public_html/rallye-provins/core/vendor/slim/slim/Slim/Slim.php(757): Slim\View->display('page-itinerarie...')
#13 /home/matt/public_html/rallye-provins/core/kernel/View.php(89): Slim\Slim->render('page-itinerarie...')
#14 /home/matt/public_html/rallye-provins/core/kernel/Controllers.php(97): View::render('Les parcours', 'itineraries', Array)
#15 [internal function]: Controllers::itineraries()
#16 /home/matt/public_html/rallye-provins/core/vendor/slim/slim/Slim/Route.php(468): call_user_func_array('Controllers::it...', Array)
#17 /home/matt/public_html/rallye-provins/core/vendor/slim/slim/Slim/Slim.php(1357): Slim\Route->dispatch()
#18 /home/matt/public_html/rallye-provins/core/vendor/slim/slim/Slim/Middleware/Flash.php(85): Slim\Slim->call()
#19 /home/matt/public_html/rallye-provins/core/vendor/slim/slim/Slim/Middleware/MethodOverride.php(92): Slim\Middleware\Flash->call()
#20 /home/matt/public_html/rallye-provins/core/vendor/slim/slim/Slim/Middleware/PrettyExceptions.php(67): Slim\Middleware\MethodOverride->call()
#21 /home/matt/public_html/rallye-provins/core/vendor/slim/slim/Slim/Slim.php(1302): Slim\Middleware\PrettyExceptions->call()
#22 /home/matt/public_html/rallye-provins/core/kernel/Kernel.php(150): Slim\Slim->run()
#23 /home/matt/public_html/rallye-provins/core/index.php(8): Kernel->run()
#24 /home/matt/public_html/rallye-provins/index.php(5): require_once('/home/matt/publ...')
#25 {main}

Next exception 'Twig_Error_Runtime' with message 'An exception has been thrown during the rendering of a template ("Array to string conversion") in "page-itineraries.twig" at line 7.' in /home/matt/public_html/rallye-provins/core/vendor/twig/twig/lib/Twig/Template.php:158
Stack trace:
#0 /home/matt/public_html/rallye-provins/core/views_cache/24/51/fc0e88a93af254f954cb053c654500936fc31dfb080f0a47c867638beb1c.php(70): Twig_Template->displayBlock('section', Array, Array)
#1 /home/matt/public_html/rallye-provins/core/vendor/twig/twig/lib/Twig/Template.php(289): __TwigTemplate_2451fc0e88a93af254f954cb053c654500936fc31dfb080f0a47c867638beb1c->doDisplay(Array, Array)
#2 /home/matt/public_html/rallye-provins/core/vendor/twig/twig/lib/Twig/Template.php(263): Twig_Template->displayWithErrorHandling(Array, Array)
#3 /home/matt/public_html/rallye-provins/core/views_cache/70/3e/4656e132b0ef7655e7095929e7e5c6cda909dd42563464e1a5fedd804ca9.php(32): Twig_Template->display(Array, Array)
#4 /home/matt/public_html/rallye-provins/core/vendor/twig/twig/lib/Twig/Template.php(289): __TwigTemplate_703e4656e132b0ef7655e7095929e7e5c6cda909dd42563464e1a5fedd804ca9->doDisplay(Array, Array)
#5 /home/matt/public_html/rallye-provins/core/vendor/twig/twig/lib/Twig/Template.php(263): Twig_Template->displayWithErrorHandling(Array, Array)
#6 /home/matt/public_html/rallye-provins/core/vendor/twig/twig/lib/Twig/Template.php(274): Twig_Template->display(Array)
#7 /home/matt/public_html/rallye-provins/core/vendor/slim/views/Twig.php(91): Twig_Template->render(Array)
#8 /home/matt/public_html/rallye-provins/core/vendor/slim/slim/Slim/View.php(255): Slim\Views\Twig->render('page-itinerarie...', NULL)
#9 /home/matt/public_html/rallye-provins/core/vendor/slim/slim/Slim/View.php(243): Slim\View->fetch('page-itinerarie...', NULL)
#10 /home/matt/public_html/rallye-provins/core/vendor/slim/slim/Slim/Slim.php(757): Slim\View->display('page-itinerarie...')
#11 /home/matt/public_html/rallye-provins/core/kernel/View.php(89): Slim\Slim->render('page-itinerarie...')
#12 /home/matt/public_html/rallye-provins/core/kernel/Controllers.php(97): View::render('Les parcours', 'itineraries', Array)
#13 [internal function]: Controllers::itineraries()
#14 /home/matt/public_html/rallye-provins/core/vendor/slim/slim/Slim/Route.php(468): call_user_func_array('Controllers::it...', Array)
#15 /home/matt/public_html/rallye-provins/core/vendor/slim/slim/Slim/Slim.php(1357): Slim\Route->dispatch()
#16 /home/matt/public_html/rallye-provins/core/vendor/slim/slim/Slim/Middleware/Flash.php(85): Slim\Slim->call()
#17 /home/matt/public_html/rallye-provins/core/vendor/slim/slim/Slim/Middleware/MethodOverride.php(92): Slim\Middleware\Flash->call()
#18 /home/matt/public_html/rallye-provins/core/vendor/slim/slim/Slim/Middleware/PrettyExceptions.php(67): Slim\Middleware\MethodOverride->call()
#19 /home/matt/public_html/rallye-provins/core/vendor/slim/slim/Slim/Slim.php(1302): Slim\Middleware\PrettyExceptions->call()
#20 /home/matt/public_html/rallye-provins/core/kernel/Kernel.php(150): Slim\Slim->run()
#21 /home/matt/public_html/rallye-provins/core/index.php(8): Kernel->run()
#22 /home/matt/public_html/rallye-provins/index.php(5): require_once('/home/matt/publ...')
#23 {main}
ERROR - 2015-03-29T01:58:08+01:00 - exception 'ErrorException' with message 'Array to string conversion' in /home/matt/public_html/rallye-provins/core/views_cache/70/3e/4656e132b0ef7655e7095929e7e5c6cda909dd42563464e1a5fedd804ca9.php:62
Stack trace:
#0 /home/matt/public_html/rallye-provins/core/views_cache/70/3e/4656e132b0ef7655e7095929e7e5c6cda909dd42563464e1a5fedd804ca9.php(62): Slim\Slim::handleErrors(8, 'Array to string...', '/home/matt/publ...', 62, Array)
#1 /home/matt/public_html/rallye-provins/core/vendor/twig/twig/lib/Twig/Template.php(154): __TwigTemplate_703e4656e132b0ef7655e7095929e7e5c6cda909dd42563464e1a5fedd804ca9->block_section(Array, Array)
#2 /home/matt/public_html/rallye-provins/core/views_cache/24/51/fc0e88a93af254f954cb053c654500936fc31dfb080f0a47c867638beb1c.php(70): Twig_Template->displayBlock('section', Array, Array)
#3 /home/matt/public_html/rallye-provins/core/vendor/twig/twig/lib/Twig/Template.php(289): __TwigTemplate_2451fc0e88a93af254f954cb053c654500936fc31dfb080f0a47c867638beb1c->doDisplay(Array, Array)
#4 /home/matt/public_html/rallye-provins/core/vendor/twig/twig/lib/Twig/Template.php(263): Twig_Template->displayWithErrorHandling(Array, Array)
#5 /home/matt/public_html/rallye-provins/core/views_cache/70/3e/4656e132b0ef7655e7095929e7e5c6cda909dd42563464e1a5fedd804ca9.php(32): Twig_Template->display(Array, Array)
#6 /home/matt/public_html/rallye-provins/core/vendor/twig/twig/lib/Twig/Template.php(289): __TwigTemplate_703e4656e132b0ef7655e7095929e7e5c6cda909dd42563464e1a5fedd804ca9->doDisplay(Array, Array)
#7 /home/matt/public_html/rallye-provins/core/vendor/twig/twig/lib/Twig/Template.php(263): Twig_Template->displayWithErrorHandling(Array, Array)
#8 /home/matt/public_html/rallye-provins/core/vendor/twig/twig/lib/Twig/Template.php(274): Twig_Template->display(Array)
#9 /home/matt/public_html/rallye-provins/core/vendor/slim/views/Twig.php(91): Twig_Template->render(Array)
#10 /home/matt/public_html/rallye-provins/core/vendor/slim/slim/Slim/View.php(255): Slim\Views\Twig->render('page-itinerarie...', NULL)
#11 /home/matt/public_html/rallye-provins/core/vendor/slim/slim/Slim/View.php(243): Slim\View->fetch('page-itinerarie...', NULL)
#12 /home/matt/public_html/rallye-provins/core/vendor/slim/slim/Slim/Slim.php(757): Slim\View->display('page-itinerarie...')
#13 /home/matt/public_html/rallye-provins/core/kernel/View.php(89): Slim\Slim->render('page-itinerarie...')
#14 /home/matt/public_html/rallye-provins/core/kernel/Controllers.php(97): View::render('Les parcours', 'itineraries', Array)
#15 [internal function]: Controllers::itineraries()
#16 /home/matt/public_html/rallye-provins/core/vendor/slim/slim/Slim/Route.php(468): call_user_func_array('Controllers::it...', Array)
#17 /home/matt/public_html/rallye-provins/core/vendor/slim/slim/Slim/Slim.php(1357): Slim\Route->dispatch()
#18 /home/matt/public_html/rallye-provins/core/vendor/slim/slim/Slim/Middleware/Flash.php(85): Slim\Slim->call()
#19 /home/matt/public_html/rallye-provins/core/vendor/slim/slim/Slim/Middleware/MethodOverride.php(92): Slim\Middleware\Flash->call()
#20 /home/matt/public_html/rallye-provins/core/vendor/slim/slim/Slim/Middleware/PrettyExceptions.php(67): Slim\Middleware\MethodOverride->call()
#21 /home/matt/public_html/rallye-provins/core/vendor/slim/slim/Slim/Slim.php(1302): Slim\Middleware\PrettyExceptions->call()
#22 /home/matt/public_html/rallye-provins/core/kernel/Kernel.php(150): Slim\Slim->run()
#23 /home/matt/public_html/rallye-provins/core/index.php(8): Kernel->run()
#24 /home/matt/public_html/rallye-provins/index.php(5): require_once('/home/matt/publ...')
#25 {main}

Next exception 'Twig_Error_Runtime' with message 'An exception has been thrown during the rendering of a template ("Array to string conversion") in "page-itineraries.twig" at line 7.' in /home/matt/public_html/rallye-provins/core/vendor/twig/twig/lib/Twig/Template.php:158
Stack trace:
#0 /home/matt/public_html/rallye-provins/core/views_cache/24/51/fc0e88a93af254f954cb053c654500936fc31dfb080f0a47c867638beb1c.php(70): Twig_Template->displayBlock('section', Array, Array)
#1 /home/matt/public_html/rallye-provins/core/vendor/twig/twig/lib/Twig/Template.php(289): __TwigTemplate_2451fc0e88a93af254f954cb053c654500936fc31dfb080f0a47c867638beb1c->doDisplay(Array, Array)
#2 /home/matt/public_html/rallye-provins/core/vendor/twig/twig/lib/Twig/Template.php(263): Twig_Template->displayWithErrorHandling(Array, Array)
#3 /home/matt/public_html/rallye-provins/core/views_cache/70/3e/4656e132b0ef7655e7095929e7e5c6cda909dd42563464e1a5fedd804ca9.php(32): Twig_Template->display(Array, Array)
#4 /home/matt/public_html/rallye-provins/core/vendor/twig/twig/lib/Twig/Template.php(289): __TwigTemplate_703e4656e132b0ef7655e7095929e7e5c6cda909dd42563464e1a5fedd804ca9->doDisplay(Array, Array)
#5 /home/matt/public_html/rallye-provins/core/vendor/twig/twig/lib/Twig/Template.php(263): Twig_Template->displayWithErrorHandling(Array, Array)
#6 /home/matt/public_html/rallye-provins/core/vendor/twig/twig/lib/Twig/Template.php(274): Twig_Template->display(Array)
#7 /home/matt/public_html/rallye-provins/core/vendor/slim/views/Twig.php(91): Twig_Template->render(Array)
#8 /home/matt/public_html/rallye-provins/core/vendor/slim/slim/Slim/View.php(255): Slim\Views\Twig->render('page-itinerarie...', NULL)
#9 /home/matt/public_html/rallye-provins/core/vendor/slim/slim/Slim/View.php(243): Slim\View->fetch('page-itinerarie...', NULL)
#10 /home/matt/public_html/rallye-provins/core/vendor/slim/slim/Slim/Slim.php(757): Slim\View->display('page-itinerarie...')
#11 /home/matt/public_html/rallye-provins/core/kernel/View.php(89): Slim\Slim->render('page-itinerarie...')
#12 /home/matt/public_html/rallye-provins/core/kernel/Controllers.php(97): View::render('Les parcours', 'itineraries', Array)
#13 [internal function]: Controllers::itineraries()
#14 /home/matt/public_html/rallye-provins/core/vendor/slim/slim/Slim/Route.php(468): call_user_func_array('Controllers::it...', Array)
#15 /home/matt/public_html/rallye-provins/core/vendor/slim/slim/Slim/Slim.php(1357): Slim\Route->dispatch()
#16 /home/matt/public_html/rallye-provins/core/vendor/slim/slim/Slim/Middleware/Flash.php(85): Slim\Slim->call()
#17 /home/matt/public_html/rallye-provins/core/vendor/slim/slim/Slim/Middleware/MethodOverride.php(92): Slim\Middleware\Flash->call()
#18 /home/matt/public_html/rallye-provins/core/vendor/slim/slim/Slim/Middleware/PrettyExceptions.php(67): Slim\Middleware\MethodOverride->call()
#19 /home/matt/public_html/rallye-provins/core/vendor/slim/slim/Slim/Slim.php(1302): Slim\Middleware\PrettyExceptions->call()
#20 /home/matt/public_html/rallye-provins/core/kernel/Kernel.php(150): Slim\Slim->run()
#21 /home/matt/public_html/rallye-provins/core/index.php(8): Kernel->run()
#22 /home/matt/public_html/rallye-provins/index.php(5): require_once('/home/matt/publ...')
#23 {main}
ERROR - 2015-03-29T01:58:10+01:00 - exception 'ErrorException' with message 'Array to string conversion' in /home/matt/public_html/rallye-provins/core/views_cache/70/3e/4656e132b0ef7655e7095929e7e5c6cda909dd42563464e1a5fedd804ca9.php:62
Stack trace:
#0 /home/matt/public_html/rallye-provins/core/views_cache/70/3e/4656e132b0ef7655e7095929e7e5c6cda909dd42563464e1a5fedd804ca9.php(62): Slim\Slim::handleErrors(8, 'Array to string...', '/home/matt/publ...', 62, Array)
#1 /home/matt/public_html/rallye-provins/core/vendor/twig/twig/lib/Twig/Template.php(154): __TwigTemplate_703e4656e132b0ef7655e7095929e7e5c6cda909dd42563464e1a5fedd804ca9->block_section(Array, Array)
#2 /home/matt/public_html/rallye-provins/core/views_cache/24/51/fc0e88a93af254f954cb053c654500936fc31dfb080f0a47c867638beb1c.php(70): Twig_Template->displayBlock('section', Array, Array)
#3 /home/matt/public_html/rallye-provins/core/vendor/twig/twig/lib/Twig/Template.php(289): __TwigTemplate_2451fc0e88a93af254f954cb053c654500936fc31dfb080f0a47c867638beb1c->doDisplay(Array, Array)
#4 /home/matt/public_html/rallye-provins/core/vendor/twig/twig/lib/Twig/Template.php(263): Twig_Template->displayWithErrorHandling(Array, Array)
#5 /home/matt/public_html/rallye-provins/core/views_cache/70/3e/4656e132b0ef7655e7095929e7e5c6cda909dd42563464e1a5fedd804ca9.php(32): Twig_Template->display(Array, Array)
#6 /home/matt/public_html/rallye-provins/core/vendor/twig/twig/lib/Twig/Template.php(289): __TwigTemplate_703e4656e132b0ef7655e7095929e7e5c6cda909dd42563464e1a5fedd804ca9->doDisplay(Array, Array)
#7 /home/matt/public_html/rallye-provins/core/vendor/twig/twig/lib/Twig/Template.php(263): Twig_Template->displayWithErrorHandling(Array, Array)
#8 /home/matt/public_html/rallye-provins/core/vendor/twig/twig/lib/Twig/Template.php(274): Twig_Template->display(Array)
#9 /home/matt/public_html/rallye-provins/core/vendor/slim/views/Twig.php(91): Twig_Template->render(Array)
#10 /home/matt/public_html/rallye-provins/core/vendor/slim/slim/Slim/View.php(255): Slim\Views\Twig->render('page-itinerarie...', NULL)
#11 /home/matt/public_html/rallye-provins/core/vendor/slim/slim/Slim/View.php(243): Slim\View->fetch('page-itinerarie...', NULL)
#12 /home/matt/public_html/rallye-provins/core/vendor/slim/slim/Slim/Slim.php(757): Slim\View->display('page-itinerarie...')
#13 /home/matt/public_html/rallye-provins/core/kernel/View.php(89): Slim\Slim->render('page-itinerarie...')
#14 /home/matt/public_html/rallye-provins/core/kernel/Controllers.php(97): View::render('Les parcours', 'itineraries', Array)
#15 [internal function]: Controllers::itineraries()
#16 /home/matt/public_html/rallye-provins/core/vendor/slim/slim/Slim/Route.php(468): call_user_func_array('Controllers::it...', Array)
#17 /home/matt/public_html/rallye-provins/core/vendor/slim/slim/Slim/Slim.php(1357): Slim\Route->dispatch()
#18 /home/matt/public_html/rallye-provins/core/vendor/slim/slim/Slim/Middleware/Flash.php(85): Slim\Slim->call()
#19 /home/matt/public_html/rallye-provins/core/vendor/slim/slim/Slim/Middleware/MethodOverride.php(92): Slim\Middleware\Flash->call()
#20 /home/matt/public_html/rallye-provins/core/vendor/slim/slim/Slim/Middleware/PrettyExceptions.php(67): Slim\Middleware\MethodOverride->call()
#21 /home/matt/public_html/rallye-provins/core/vendor/slim/slim/Slim/Slim.php(1302): Slim\Middleware\PrettyExceptions->call()
#22 /home/matt/public_html/rallye-provins/core/kernel/Kernel.php(150): Slim\Slim->run()
#23 /home/matt/public_html/rallye-provins/core/index.php(8): Kernel->run()
#24 /home/matt/public_html/rallye-provins/index.php(5): require_once('/home/matt/publ...')
#25 {main}

Next exception 'Twig_Error_Runtime' with message 'An exception has been thrown during the rendering of a template ("Array to string conversion") in "page-itineraries.twig" at line 7.' in /home/matt/public_html/rallye-provins/core/vendor/twig/twig/lib/Twig/Template.php:158
Stack trace:
#0 /home/matt/public_html/rallye-provins/core/views_cache/24/51/fc0e88a93af254f954cb053c654500936fc31dfb080f0a47c867638beb1c.php(70): Twig_Template->displayBlock('section', Array, Array)
#1 /home/matt/public_html/rallye-provins/core/vendor/twig/twig/lib/Twig/Template.php(289): __TwigTemplate_2451fc0e88a93af254f954cb053c654500936fc31dfb080f0a47c867638beb1c->doDisplay(Array, Array)
#2 /home/matt/public_html/rallye-provins/core/vendor/twig/twig/lib/Twig/Template.php(263): Twig_Template->displayWithErrorHandling(Array, Array)
#3 /home/matt/public_html/rallye-provins/core/views_cache/70/3e/4656e132b0ef7655e7095929e7e5c6cda909dd42563464e1a5fedd804ca9.php(32): Twig_Template->display(Array, Array)
#4 /home/matt/public_html/rallye-provins/core/vendor/twig/twig/lib/Twig/Template.php(289): __TwigTemplate_703e4656e132b0ef7655e7095929e7e5c6cda909dd42563464e1a5fedd804ca9->doDisplay(Array, Array)
#5 /home/matt/public_html/rallye-provins/core/vendor/twig/twig/lib/Twig/Template.php(263): Twig_Template->displayWithErrorHandling(Array, Array)
#6 /home/matt/public_html/rallye-provins/core/vendor/twig/twig/lib/Twig/Template.php(274): Twig_Template->display(Array)
#7 /home/matt/public_html/rallye-provins/core/vendor/slim/views/Twig.php(91): Twig_Template->render(Array)
#8 /home/matt/public_html/rallye-provins/core/vendor/slim/slim/Slim/View.php(255): Slim\Views\Twig->render('page-itinerarie...', NULL)
#9 /home/matt/public_html/rallye-provins/core/vendor/slim/slim/Slim/View.php(243): Slim\View->fetch('page-itinerarie...', NULL)
#10 /home/matt/public_html/rallye-provins/core/vendor/slim/slim/Slim/Slim.php(757): Slim\View->display('page-itinerarie...')
#11 /home/matt/public_html/rallye-provins/core/kernel/View.php(89): Slim\Slim->render('page-itinerarie...')
#12 /home/matt/public_html/rallye-provins/core/kernel/Controllers.php(97): View::render('Les parcours', 'itineraries', Array)
#13 [internal function]: Controllers::itineraries()
#14 /home/matt/public_html/rallye-provins/core/vendor/slim/slim/Slim/Route.php(468): call_user_func_array('Controllers::it...', Array)
#15 /home/matt/public_html/rallye-provins/core/vendor/slim/slim/Slim/Slim.php(1357): Slim\Route->dispatch()
#16 /home/matt/public_html/rallye-provins/core/vendor/slim/slim/Slim/Middleware/Flash.php(85): Slim\Slim->call()
#17 /home/matt/public_html/rallye-provins/core/vendor/slim/slim/Slim/Middleware/MethodOverride.php(92): Slim\Middleware\Flash->call()
#18 /home/matt/public_html/rallye-provins/core/vendor/slim/slim/Slim/Middleware/PrettyExceptions.php(67): Slim\Middleware\MethodOverride->call()
#19 /home/matt/public_html/rallye-provins/core/vendor/slim/slim/Slim/Slim.php(1302): Slim\Middleware\PrettyExceptions->call()
#20 /home/matt/public_html/rallye-provins/core/kernel/Kernel.php(150): Slim\Slim->run()
#21 /home/matt/public_html/rallye-provins/core/index.php(8): Kernel->run()
#22 /home/matt/public_html/rallye-provins/index.php(5): require_once('/home/matt/publ...')
#23 {main}
ERROR - 2015-03-29T03:08:13+02:00 - exception 'ErrorException' with message 'Undefined variable: kernel' in /home/matt/public_html/rallye-provins/core/kernel/Controllers.php:257
Stack trace:
#0 /home/matt/public_html/rallye-provins/core/kernel/Controllers.php(257): Slim\Slim::handleErrors(8, 'Undefined varia...', '/home/matt/publ...', 257, Array)
#1 [internal function]: Controllers::itineraryDownload('fr')
#2 /home/matt/public_html/rallye-provins/core/vendor/slim/slim/Slim/Route.php(468): call_user_func_array('Controllers::it...', Array)
#3 /home/matt/public_html/rallye-provins/core/vendor/slim/slim/Slim/Slim.php(1357): Slim\Route->dispatch()
#4 /home/matt/public_html/rallye-provins/core/vendor/slim/slim/Slim/Middleware/Flash.php(85): Slim\Slim->call()
#5 /home/matt/public_html/rallye-provins/core/vendor/slim/slim/Slim/Middleware/MethodOverride.php(92): Slim\Middleware\Flash->call()
#6 /home/matt/public_html/rallye-provins/core/vendor/slim/slim/Slim/Middleware/PrettyExceptions.php(67): Slim\Middleware\MethodOverride->call()
#7 /home/matt/public_html/rallye-provins/core/vendor/slim/slim/Slim/Slim.php(1302): Slim\Middleware\PrettyExceptions->call()
#8 /home/matt/public_html/rallye-provins/core/kernel/Kernel.php(150): Slim\Slim->run()
#9 /home/matt/public_html/rallye-provins/core/index.php(8): Kernel->run()
#10 /home/matt/public_html/rallye-provins/index.php(5): require_once('/home/matt/publ...')
#11 {main}
ERROR - 2015-03-29T03:15:35+02:00 - exception 'Twig_Error_Syntax' with message 'Unclosed "variable" in "page-itinerary-summary.twig" at line 36' in /home/matt/public_html/rallye-provins/core/vendor/twig/twig/lib/Twig/Lexer.php:227
Stack trace:
#0 /home/matt/public_html/rallye-provins/core/vendor/twig/twig/lib/Twig/Lexer.php(216): Twig_Lexer->lexExpression()
#1 /home/matt/public_html/rallye-provins/core/vendor/twig/twig/lib/Twig/Lexer.php(115): Twig_Lexer->lexVar()
#2 /home/matt/public_html/rallye-provins/core/vendor/twig/twig/lib/Twig/Environment.php(505): Twig_Lexer->tokenize('{% extends 'ske...', 'page-itinerary-...')
#3 /home/matt/public_html/rallye-provins/core/vendor/twig/twig/lib/Twig/Environment.php(595): Twig_Environment->tokenize('{% extends 'ske...', 'page-itinerary-...')
#4 /home/matt/public_html/rallye-provins/core/vendor/twig/twig/lib/Twig/Environment.php(335): Twig_Environment->compileSource('{% extends 'ske...', 'page-itinerary-...')
#5 /home/matt/public_html/rallye-provins/core/vendor/slim/views/Twig.php(87): Twig_Environment->loadTemplate('page-itinerary-...')
#6 /home/matt/public_html/rallye-provins/core/vendor/slim/slim/Slim/View.php(255): Slim\Views\Twig->render('page-itinerary-...', NULL)
#7 /home/matt/public_html/rallye-provins/core/vendor/slim/slim/Slim/View.php(243): Slim\View->fetch('page-itinerary-...', NULL)
#8 /home/matt/public_html/rallye-provins/core/vendor/slim/slim/Slim/Slim.php(757): Slim\View->display('page-itinerary-...')
#9 /home/matt/public_html/rallye-provins/core/kernel/View.php(89): Slim\Slim->render('page-itinerary-...')
#10 /home/matt/public_html/rallye-provins/core/kernel/Controllers.php(125): View::render('La Petite \xC3\x89pop...', 'itinerary-summa...', Array)
#11 [internal function]: Controllers::itinerarySummary('court-famille-l...')
#12 /home/matt/public_html/rallye-provins/core/vendor/slim/slim/Slim/Route.php(468): call_user_func_array('Controllers::it...', Array)
#13 /home/matt/public_html/rallye-provins/core/vendor/slim/slim/Slim/Slim.php(1357): Slim\Route->dispatch()
#14 /home/matt/public_html/rallye-provins/core/vendor/slim/slim/Slim/Middleware/Flash.php(85): Slim\Slim->call()
#15 /home/matt/public_html/rallye-provins/core/vendor/slim/slim/Slim/Middleware/MethodOverride.php(92): Slim\Middleware\Flash->call()
#16 /home/matt/public_html/rallye-provins/core/vendor/slim/slim/Slim/Middleware/PrettyExceptions.php(67): Slim\Middleware\MethodOverride->call()
#17 /home/matt/public_html/rallye-provins/core/vendor/slim/slim/Slim/Slim.php(1302): Slim\Middleware\PrettyExceptions->call()
#18 /home/matt/public_html/rallye-provins/core/kernel/Kernel.php(150): Slim\Slim->run()
#19 /home/matt/public_html/rallye-provins/core/index.php(8): Kernel->run()
#20 /home/matt/public_html/rallye-provins/index.php(5): require_once('/home/matt/publ...')
#21 {main}
ERROR - 2015-03-29T11:09:12+02:00 - exception 'ErrorException' with message 'array_merge(): Argument #1 is not an array' in /home/matt/public_html/rallye-provins/core/kernel/Data.php:96
Stack trace:
#0 [internal function]: Slim\Slim::handleErrors(2, 'array_merge(): ...', '/home/matt/publ...', 96, Array)
#1 /home/matt/public_html/rallye-provins/core/kernel/Data.php(96): array_merge(NULL, Array)
#2 /home/matt/public_html/rallye-provins/core/kernel/Controllers.php(294): Data::loadTranslated('itineraries/lon...')
#3 [internal function]: Controllers::itineraryStep('long-adultes-se...', '02-provins-gene...')
#4 /home/matt/public_html/rallye-provins/core/vendor/slim/slim/Slim/Route.php(468): call_user_func_array('Controllers::it...', Array)
#5 /home/matt/public_html/rallye-provins/core/vendor/slim/slim/Slim/Slim.php(1357): Slim\Route->dispatch()
#6 /home/matt/public_html/rallye-provins/core/vendor/slim/slim/Slim/Middleware/Flash.php(85): Slim\Slim->call()
#7 /home/matt/public_html/rallye-provins/core/vendor/slim/slim/Slim/Middleware/MethodOverride.php(92): Slim\Middleware\Flash->call()
#8 /home/matt/public_html/rallye-provins/core/vendor/slim/slim/Slim/Middleware/PrettyExceptions.php(67): Slim\Middleware\MethodOverride->call()
#9 /home/matt/public_html/rallye-provins/core/vendor/slim/slim/Slim/Slim.php(1302): Slim\Middleware\PrettyExceptions->call()
#10 /home/matt/public_html/rallye-provins/core/kernel/Kernel.php(150): Slim\Slim->run()
#11 /home/matt/public_html/rallye-provins/core/index.php(8): Kernel->run()
#12 /home/matt/public_html/rallye-provins/index.php(5): require_once('/home/matt/publ...')
#13 {main}
