ERROR - 2015-01-22T19:40:56+07:00 - exception 'LogicException' with message 'Attribute "data" does not exist for Node "Twig_Node".' in /home/matt/public_html/Provins/core/vendor/twig/twig/lib/Twig/Node.php:144
Stack trace:
#0 /home/matt/public_html/Provins/core/vendor/twig/extensions/lib/Twig/Extensions/Node/Trans.php(141): Twig_Node->getAttribute('data')
#1 /home/matt/public_html/Provins/core/vendor/twig/extensions/lib/Twig/Extensions/Node/Trans.php(34): Twig_Extensions_Node_Trans->compileString(Object(Twig_Node))
#2 /home/matt/public_html/Provins/core/vendor/twig/twig/lib/Twig/Node.php(108): Twig_Extensions_Node_Trans->compile(Object(Twig_Compiler))
#3 /home/matt/public_html/Provins/core/vendor/twig/twig/lib/Twig/Compiler.php(98): Twig_Node->compile(Object(Twig_Compiler))
#4 /home/matt/public_html/Provins/core/vendor/twig/twig/lib/Twig/Node/Block.php(39): Twig_Compiler->subcompile(Object(Twig_Node))
#5 /home/matt/public_html/Provins/core/vendor/twig/twig/lib/Twig/Node.php(108): Twig_Node_Block->compile(Object(Twig_Compiler))
#6 /home/matt/public_html/Provins/core/vendor/twig/twig/lib/Twig/Node.php(108): Twig_Node->compile(Object(Twig_Compiler))
#7 /home/matt/public_html/Provins/core/vendor/twig/twig/lib/Twig/Compiler.php(98): Twig_Node->compile(Object(Twig_Compiler))
#8 /home/matt/public_html/Provins/core/vendor/twig/twig/lib/Twig/Node/Module.php(65): Twig_Compiler->subcompile(Object(Twig_Node))
#9 /home/matt/public_html/Provins/core/vendor/twig/twig/lib/Twig/Node/Module.php(38): Twig_Node_Module->compileTemplate(Object(Twig_Compiler))
#10 /home/matt/public_html/Provins/core/vendor/twig/twig/lib/Twig/Compiler.php(87): Twig_Node_Module->compile(Object(Twig_Compiler))
#11 /home/matt/public_html/Provins/core/vendor/twig/twig/lib/Twig/Environment.php(543): Twig_Compiler->compile(Object(Twig_Node_Module))
#12 /home/matt/public_html/Provins/core/vendor/twig/twig/lib/Twig/Environment.php(559): Twig_Environment->compile(Object(Twig_Node_Module))
#13 /home/matt/public_html/Provins/core/vendor/twig/twig/lib/Twig/Environment.php(334): Twig_Environment->compileSource('\n{% extends 'sk...', 'itinerary-step....')
#14 /home/matt/public_html/Provins/core/vendor/slim/views/Slim/Views/Twig.php(87): Twig_Environment->loadTemplate('itinerary-step....')
#15 /home/matt/public_html/Provins/core/vendor/slim/slim/Slim/View.php(255): Slim\Views\Twig->render('itinerary-step....', NULL)
#16 /home/matt/public_html/Provins/core/vendor/slim/slim/Slim/View.php(243): Slim\View->fetch('itinerary-step....', NULL)
#17 /home/matt/public_html/Provins/core/vendor/slim/slim/Slim/Slim.php(757): Slim\View->display('itinerary-step....')
#18 /home/matt/public_html/Provins/core/kernel/View.php(73): Slim\Slim->render('itinerary-step....')
#19 /home/matt/public_html/Provins/core/kernel/Controllers.php(183): View::render('\xC3\x89tape', 'itinerary-step', Array)
#20 [internal function]: Controllers::itineraryStep('court-adultes-c...', '00-depart')
#21 /home/matt/public_html/Provins/core/vendor/slim/slim/Slim/Route.php(462): call_user_func_array('Controllers::it...', Array)
#22 /home/matt/public_html/Provins/core/vendor/slim/slim/Slim/Slim.php(1326): Slim\Route->dispatch()
#23 /home/matt/public_html/Provins/core/vendor/slim/slim/Slim/Middleware/Flash.php(85): Slim\Slim->call()
#24 /home/matt/public_html/Provins/core/vendor/slim/slim/Slim/Middleware/MethodOverride.php(92): Slim\Middleware\Flash->call()
#25 /home/matt/public_html/Provins/core/vendor/slim/slim/Slim/Middleware/PrettyExceptions.php(67): Slim\Middleware\MethodOverride->call()
#26 /home/matt/public_html/Provins/core/vendor/slim/slim/Slim/Slim.php(1271): Slim\Middleware\PrettyExceptions->call()
#27 /home/matt/public_html/Provins/core/index.php(10): Slim\Slim->run()
#28 /home/matt/public_html/Provins/index.php(5): require_once('/home/matt/publ...')
#29 {main}

Next exception 'Twig_Error_Syntax' with message 'An exception has been thrown during the compilation of a template ("Attribute "data" does not exist for Node "Twig_Node".") in "itinerary-step.twig".' in /home/matt/public_html/Provins/core/vendor/twig/twig/lib/Twig/Environment.php:564
Stack trace:
#0 /home/matt/public_html/Provins/core/vendor/twig/twig/lib/Twig/Environment.php(334): Twig_Environment->compileSource('\n{% extends 'sk...', 'itinerary-step....')
#1 /home/matt/public_html/Provins/core/vendor/slim/views/Slim/Views/Twig.php(87): Twig_Environment->loadTemplate('itinerary-step....')
#2 /home/matt/public_html/Provins/core/vendor/slim/slim/Slim/View.php(255): Slim\Views\Twig->render('itinerary-step....', NULL)
#3 /home/matt/public_html/Provins/core/vendor/slim/slim/Slim/View.php(243): Slim\View->fetch('itinerary-step....', NULL)
#4 /home/matt/public_html/Provins/core/vendor/slim/slim/Slim/Slim.php(757): Slim\View->display('itinerary-step....')
#5 /home/matt/public_html/Provins/core/kernel/View.php(73): Slim\Slim->render('itinerary-step....')
#6 /home/matt/public_html/Provins/core/kernel/Controllers.php(183): View::render('\xC3\x89tape', 'itinerary-step', Array)
#7 [internal function]: Controllers::itineraryStep('court-adultes-c...', '00-depart')
#8 /home/matt/public_html/Provins/core/vendor/slim/slim/Slim/Route.php(462): call_user_func_array('Controllers::it...', Array)
#9 /home/matt/public_html/Provins/core/vendor/slim/slim/Slim/Slim.php(1326): Slim\Route->dispatch()
#10 /home/matt/public_html/Provins/core/vendor/slim/slim/Slim/Middleware/Flash.php(85): Slim\Slim->call()
#11 /home/matt/public_html/Provins/core/vendor/slim/slim/Slim/Middleware/MethodOverride.php(92): Slim\Middleware\Flash->call()
#12 /home/matt/public_html/Provins/core/vendor/slim/slim/Slim/Middleware/PrettyExceptions.php(67): Slim\Middleware\MethodOverride->call()
#13 /home/matt/public_html/Provins/core/vendor/slim/slim/Slim/Slim.php(1271): Slim\Middleware\PrettyExceptions->call()
#14 /home/matt/public_html/Provins/core/index.php(10): Slim\Slim->run()
#15 /home/matt/public_html/Provins/index.php(5): require_once('/home/matt/publ...')
#16 {main}
ERROR - 2015-01-22T20:33:05+07:00 - exception 'Twig_Error_Syntax' with message 'The text to be translated with "trans" can only contain references to simple variables in "itineraries.twig" at line 26' in /home/matt/public_html/Provins/core/vendor/twig/extensions/lib/Twig/Extensions/TokenParser/Trans.php:90
Stack trace:
#0 /home/matt/public_html/Provins/core/vendor/twig/extensions/lib/Twig/Extensions/TokenParser/Trans.php(52): Twig_Extensions_TokenParser_Trans->checkTransString(Object(Twig_Node), 26)
#1 /home/matt/public_html/Provins/core/vendor/twig/twig/lib/Twig/Parser.php(187): Twig_Extensions_TokenParser_Trans->parse(Object(Twig_Token))
#2 /home/matt/public_html/Provins/core/vendor/twig/twig/lib/Twig/TokenParser/For.php(47): Twig_Parser->subparse(Array)
#3 /home/matt/public_html/Provins/core/vendor/twig/twig/lib/Twig/Parser.php(187): Twig_TokenParser_For->parse(Object(Twig_Token))
#4 /home/matt/public_html/Provins/core/vendor/twig/twig/lib/Twig/TokenParser/Block.php(45): Twig_Parser->subparse(Array, true)
#5 /home/matt/public_html/Provins/core/vendor/twig/twig/lib/Twig/Parser.php(187): Twig_TokenParser_Block->parse(Object(Twig_Token))
#6 /home/matt/public_html/Provins/core/vendor/twig/twig/lib/Twig/Parser.php(95): Twig_Parser->subparse(NULL, false)
#7 /home/matt/public_html/Provins/core/vendor/twig/twig/lib/Twig/Environment.php(507): Twig_Parser->parse(Object(Twig_TokenStream))
#8 /home/matt/public_html/Provins/core/vendor/twig/twig/lib/Twig/Environment.php(559): Twig_Environment->parse(Object(Twig_TokenStream))
#9 /home/matt/public_html/Provins/core/vendor/twig/twig/lib/Twig/Environment.php(334): Twig_Environment->compileSource('{% extends 'ske...', 'itineraries.twi...')
#10 /home/matt/public_html/Provins/core/vendor/slim/views/Slim/Views/Twig.php(87): Twig_Environment->loadTemplate('itineraries.twi...')
#11 /home/matt/public_html/Provins/core/vendor/slim/slim/Slim/View.php(255): Slim\Views\Twig->render('itineraries.twi...', NULL)
#12 /home/matt/public_html/Provins/core/vendor/slim/slim/Slim/View.php(243): Slim\View->fetch('itineraries.twi...', NULL)
#13 /home/matt/public_html/Provins/core/vendor/slim/slim/Slim/Slim.php(757): Slim\View->display('itineraries.twi...')
#14 /home/matt/public_html/Provins/core/kernel/View.php(73): Slim\Slim->render('itineraries.twi...')
#15 /home/matt/public_html/Provins/core/kernel/Controllers.php(49): View::render('Parcours', 'itineraries', Array)
#16 [internal function]: Controllers::itineraries()
#17 /home/matt/public_html/Provins/core/vendor/slim/slim/Slim/Route.php(462): call_user_func_array('Controllers::it...', Array)
#18 /home/matt/public_html/Provins/core/vendor/slim/slim/Slim/Slim.php(1326): Slim\Route->dispatch()
#19 /home/matt/public_html/Provins/core/vendor/slim/slim/Slim/Middleware/Flash.php(85): Slim\Slim->call()
#20 /home/matt/public_html/Provins/core/vendor/slim/slim/Slim/Middleware/MethodOverride.php(92): Slim\Middleware\Flash->call()
#21 /home/matt/public_html/Provins/core/vendor/slim/slim/Slim/Middleware/PrettyExceptions.php(67): Slim\Middleware\MethodOverride->call()
#22 /home/matt/public_html/Provins/core/vendor/slim/slim/Slim/Slim.php(1271): Slim\Middleware\PrettyExceptions->call()
#23 /home/matt/public_html/Provins/core/index.php(10): Slim\Slim->run()
#24 /home/matt/public_html/Provins/index.php(5): require_once('/home/matt/publ...')
#25 {main}
ERROR - 2015-01-22T20:33:05+07:00 - exception 'Twig_Error_Syntax' with message 'The text to be translated with "trans" can only contain references to simple variables in "itineraries.twig" at line 26' in /home/matt/public_html/Provins/core/vendor/twig/extensions/lib/Twig/Extensions/TokenParser/Trans.php:90
Stack trace:
#0 /home/matt/public_html/Provins/core/vendor/twig/extensions/lib/Twig/Extensions/TokenParser/Trans.php(52): Twig_Extensions_TokenParser_Trans->checkTransString(Object(Twig_Node), 26)
#1 /home/matt/public_html/Provins/core/vendor/twig/twig/lib/Twig/Parser.php(187): Twig_Extensions_TokenParser_Trans->parse(Object(Twig_Token))
#2 /home/matt/public_html/Provins/core/vendor/twig/twig/lib/Twig/TokenParser/For.php(47): Twig_Parser->subparse(Array)
#3 /home/matt/public_html/Provins/core/vendor/twig/twig/lib/Twig/Parser.php(187): Twig_TokenParser_For->parse(Object(Twig_Token))
#4 /home/matt/public_html/Provins/core/vendor/twig/twig/lib/Twig/TokenParser/Block.php(45): Twig_Parser->subparse(Array, true)
#5 /home/matt/public_html/Provins/core/vendor/twig/twig/lib/Twig/Parser.php(187): Twig_TokenParser_Block->parse(Object(Twig_Token))
#6 /home/matt/public_html/Provins/core/vendor/twig/twig/lib/Twig/Parser.php(95): Twig_Parser->subparse(NULL, false)
#7 /home/matt/public_html/Provins/core/vendor/twig/twig/lib/Twig/Environment.php(507): Twig_Parser->parse(Object(Twig_TokenStream))
#8 /home/matt/public_html/Provins/core/vendor/twig/twig/lib/Twig/Environment.php(559): Twig_Environment->parse(Object(Twig_TokenStream))
#9 /home/matt/public_html/Provins/core/vendor/twig/twig/lib/Twig/Environment.php(334): Twig_Environment->compileSource('{% extends 'ske...', 'itineraries.twi...')
#10 /home/matt/public_html/Provins/core/vendor/slim/views/Slim/Views/Twig.php(87): Twig_Environment->loadTemplate('itineraries.twi...')
#11 /home/matt/public_html/Provins/core/vendor/slim/slim/Slim/View.php(255): Slim\Views\Twig->render('itineraries.twi...', NULL)
#12 /home/matt/public_html/Provins/core/vendor/slim/slim/Slim/View.php(243): Slim\View->fetch('itineraries.twi...', NULL)
#13 /home/matt/public_html/Provins/core/vendor/slim/slim/Slim/Slim.php(757): Slim\View->display('itineraries.twi...')
#14 /home/matt/public_html/Provins/core/kernel/View.php(73): Slim\Slim->render('itineraries.twi...')
#15 /home/matt/public_html/Provins/core/kernel/Controllers.php(49): View::render('Parcours', 'itineraries', Array)
#16 [internal function]: Controllers::itineraries()
#17 /home/matt/public_html/Provins/core/vendor/slim/slim/Slim/Route.php(462): call_user_func_array('Controllers::it...', Array)
#18 /home/matt/public_html/Provins/core/vendor/slim/slim/Slim/Slim.php(1326): Slim\Route->dispatch()
#19 /home/matt/public_html/Provins/core/vendor/slim/slim/Slim/Middleware/Flash.php(85): Slim\Slim->call()
#20 /home/matt/public_html/Provins/core/vendor/slim/slim/Slim/Middleware/MethodOverride.php(92): Slim\Middleware\Flash->call()
#21 /home/matt/public_html/Provins/core/vendor/slim/slim/Slim/Middleware/PrettyExceptions.php(67): Slim\Middleware\MethodOverride->call()
#22 /home/matt/public_html/Provins/core/vendor/slim/slim/Slim/Slim.php(1271): Slim\Middleware\PrettyExceptions->call()
#23 /home/matt/public_html/Provins/core/index.php(10): Slim\Slim->run()
#24 /home/matt/public_html/Provins/index.php(5): require_once('/home/matt/publ...')
#25 {main}
ERROR - 2015-01-22T21:40:05+07:00 - exception 'Twig_Error_Syntax' with message 'Unexpected tag name "endif" (expecting closing tag for the "for" tag defined near line 6) in "itineraries.twig" at line 54' in /home/matt/public_html/Provins/core/vendor/twig/twig/lib/Twig/Parser.php:174
Stack trace:
#0 /home/matt/public_html/Provins/core/vendor/twig/twig/lib/Twig/TokenParser/For.php(47): Twig_Parser->subparse(Array)
#1 /home/matt/public_html/Provins/core/vendor/twig/twig/lib/Twig/Parser.php(187): Twig_TokenParser_For->parse(Object(Twig_Token))
#2 /home/matt/public_html/Provins/core/vendor/twig/twig/lib/Twig/TokenParser/Block.php(45): Twig_Parser->subparse(Array, true)
#3 /home/matt/public_html/Provins/core/vendor/twig/twig/lib/Twig/Parser.php(187): Twig_TokenParser_Block->parse(Object(Twig_Token))
#4 /home/matt/public_html/Provins/core/vendor/twig/twig/lib/Twig/Parser.php(95): Twig_Parser->subparse(NULL, false)
#5 /home/matt/public_html/Provins/core/vendor/twig/twig/lib/Twig/Environment.php(507): Twig_Parser->parse(Object(Twig_TokenStream))
#6 /home/matt/public_html/Provins/core/vendor/twig/twig/lib/Twig/Environment.php(559): Twig_Environment->parse(Object(Twig_TokenStream))
#7 /home/matt/public_html/Provins/core/vendor/twig/twig/lib/Twig/Environment.php(334): Twig_Environment->compileSource('{% extends 'ske...', 'itineraries.twi...')
#8 /home/matt/public_html/Provins/core/vendor/slim/views/Slim/Views/Twig.php(87): Twig_Environment->loadTemplate('itineraries.twi...')
#9 /home/matt/public_html/Provins/core/vendor/slim/slim/Slim/View.php(255): Slim\Views\Twig->render('itineraries.twi...', NULL)
#10 /home/matt/public_html/Provins/core/vendor/slim/slim/Slim/View.php(243): Slim\View->fetch('itineraries.twi...', NULL)
#11 /home/matt/public_html/Provins/core/vendor/slim/slim/Slim/Slim.php(757): Slim\View->display('itineraries.twi...')
#12 /home/matt/public_html/Provins/core/kernel/View.php(73): Slim\Slim->render('itineraries.twi...')
#13 /home/matt/public_html/Provins/core/kernel/Controllers.php(49): View::render('Parcours', 'itineraries', Array)
#14 [internal function]: Controllers::itineraries()
#15 /home/matt/public_html/Provins/core/vendor/slim/slim/Slim/Route.php(462): call_user_func_array('Controllers::it...', Array)
#16 /home/matt/public_html/Provins/core/vendor/slim/slim/Slim/Slim.php(1326): Slim\Route->dispatch()
#17 /home/matt/public_html/Provins/core/vendor/slim/slim/Slim/Middleware/Flash.php(85): Slim\Slim->call()
#18 /home/matt/public_html/Provins/core/vendor/slim/slim/Slim/Middleware/MethodOverride.php(92): Slim\Middleware\Flash->call()
#19 /home/matt/public_html/Provins/core/vendor/slim/slim/Slim/Middleware/PrettyExceptions.php(67): Slim\Middleware\MethodOverride->call()
#20 /home/matt/public_html/Provins/core/vendor/slim/slim/Slim/Slim.php(1271): Slim\Middleware\PrettyExceptions->call()
#21 /home/matt/public_html/Provins/core/index.php(10): Slim\Slim->run()
#22 /home/matt/public_html/Provins/index.php(5): require_once('/home/matt/publ...')
#23 {main}
ERROR - 2015-01-22T21:40:06+07:00 - exception 'Twig_Error_Syntax' with message 'Unexpected tag name "endif" (expecting closing tag for the "for" tag defined near line 6) in "itineraries.twig" at line 54' in /home/matt/public_html/Provins/core/vendor/twig/twig/lib/Twig/Parser.php:174
Stack trace:
#0 /home/matt/public_html/Provins/core/vendor/twig/twig/lib/Twig/TokenParser/For.php(47): Twig_Parser->subparse(Array)
#1 /home/matt/public_html/Provins/core/vendor/twig/twig/lib/Twig/Parser.php(187): Twig_TokenParser_For->parse(Object(Twig_Token))
#2 /home/matt/public_html/Provins/core/vendor/twig/twig/lib/Twig/TokenParser/Block.php(45): Twig_Parser->subparse(Array, true)
#3 /home/matt/public_html/Provins/core/vendor/twig/twig/lib/Twig/Parser.php(187): Twig_TokenParser_Block->parse(Object(Twig_Token))
#4 /home/matt/public_html/Provins/core/vendor/twig/twig/lib/Twig/Parser.php(95): Twig_Parser->subparse(NULL, false)
#5 /home/matt/public_html/Provins/core/vendor/twig/twig/lib/Twig/Environment.php(507): Twig_Parser->parse(Object(Twig_TokenStream))
#6 /home/matt/public_html/Provins/core/vendor/twig/twig/lib/Twig/Environment.php(559): Twig_Environment->parse(Object(Twig_TokenStream))
#7 /home/matt/public_html/Provins/core/vendor/twig/twig/lib/Twig/Environment.php(334): Twig_Environment->compileSource('{% extends 'ske...', 'itineraries.twi...')
#8 /home/matt/public_html/Provins/core/vendor/slim/views/Slim/Views/Twig.php(87): Twig_Environment->loadTemplate('itineraries.twi...')
#9 /home/matt/public_html/Provins/core/vendor/slim/slim/Slim/View.php(255): Slim\Views\Twig->render('itineraries.twi...', NULL)
#10 /home/matt/public_html/Provins/core/vendor/slim/slim/Slim/View.php(243): Slim\View->fetch('itineraries.twi...', NULL)
#11 /home/matt/public_html/Provins/core/vendor/slim/slim/Slim/Slim.php(757): Slim\View->display('itineraries.twi...')
#12 /home/matt/public_html/Provins/core/kernel/View.php(73): Slim\Slim->render('itineraries.twi...')
#13 /home/matt/public_html/Provins/core/kernel/Controllers.php(49): View::render('Parcours', 'itineraries', Array)
#14 [internal function]: Controllers::itineraries()
#15 /home/matt/public_html/Provins/core/vendor/slim/slim/Slim/Route.php(462): call_user_func_array('Controllers::it...', Array)
#16 /home/matt/public_html/Provins/core/vendor/slim/slim/Slim/Slim.php(1326): Slim\Route->dispatch()
#17 /home/matt/public_html/Provins/core/vendor/slim/slim/Slim/Middleware/Flash.php(85): Slim\Slim->call()
#18 /home/matt/public_html/Provins/core/vendor/slim/slim/Slim/Middleware/MethodOverride.php(92): Slim\Middleware\Flash->call()
#19 /home/matt/public_html/Provins/core/vendor/slim/slim/Slim/Middleware/PrettyExceptions.php(67): Slim\Middleware\MethodOverride->call()
#20 /home/matt/public_html/Provins/core/vendor/slim/slim/Slim/Slim.php(1271): Slim\Middleware\PrettyExceptions->call()
#21 /home/matt/public_html/Provins/core/index.php(10): Slim\Slim->run()
#22 /home/matt/public_html/Provins/index.php(5): require_once('/home/matt/publ...')
#23 {main}
ERROR - 2015-01-22T21:40:07+07:00 - exception 'Twig_Error_Syntax' with message 'Unexpected tag name "endif" (expecting closing tag for the "for" tag defined near line 6) in "itineraries.twig" at line 54' in /home/matt/public_html/Provins/core/vendor/twig/twig/lib/Twig/Parser.php:174
Stack trace:
#0 /home/matt/public_html/Provins/core/vendor/twig/twig/lib/Twig/TokenParser/For.php(47): Twig_Parser->subparse(Array)
#1 /home/matt/public_html/Provins/core/vendor/twig/twig/lib/Twig/Parser.php(187): Twig_TokenParser_For->parse(Object(Twig_Token))
#2 /home/matt/public_html/Provins/core/vendor/twig/twig/lib/Twig/TokenParser/Block.php(45): Twig_Parser->subparse(Array, true)
#3 /home/matt/public_html/Provins/core/vendor/twig/twig/lib/Twig/Parser.php(187): Twig_TokenParser_Block->parse(Object(Twig_Token))
#4 /home/matt/public_html/Provins/core/vendor/twig/twig/lib/Twig/Parser.php(95): Twig_Parser->subparse(NULL, false)
#5 /home/matt/public_html/Provins/core/vendor/twig/twig/lib/Twig/Environment.php(507): Twig_Parser->parse(Object(Twig_TokenStream))
#6 /home/matt/public_html/Provins/core/vendor/twig/twig/lib/Twig/Environment.php(559): Twig_Environment->parse(Object(Twig_TokenStream))
#7 /home/matt/public_html/Provins/core/vendor/twig/twig/lib/Twig/Environment.php(334): Twig_Environment->compileSource('{% extends 'ske...', 'itineraries.twi...')
#8 /home/matt/public_html/Provins/core/vendor/slim/views/Slim/Views/Twig.php(87): Twig_Environment->loadTemplate('itineraries.twi...')
#9 /home/matt/public_html/Provins/core/vendor/slim/slim/Slim/View.php(255): Slim\Views\Twig->render('itineraries.twi...', NULL)
#10 /home/matt/public_html/Provins/core/vendor/slim/slim/Slim/View.php(243): Slim\View->fetch('itineraries.twi...', NULL)
#11 /home/matt/public_html/Provins/core/vendor/slim/slim/Slim/Slim.php(757): Slim\View->display('itineraries.twi...')
#12 /home/matt/public_html/Provins/core/kernel/View.php(73): Slim\Slim->render('itineraries.twi...')
#13 /home/matt/public_html/Provins/core/kernel/Controllers.php(49): View::render('Parcours', 'itineraries', Array)
#14 [internal function]: Controllers::itineraries()
#15 /home/matt/public_html/Provins/core/vendor/slim/slim/Slim/Route.php(462): call_user_func_array('Controllers::it...', Array)
#16 /home/matt/public_html/Provins/core/vendor/slim/slim/Slim/Slim.php(1326): Slim\Route->dispatch()
#17 /home/matt/public_html/Provins/core/vendor/slim/slim/Slim/Middleware/Flash.php(85): Slim\Slim->call()
#18 /home/matt/public_html/Provins/core/vendor/slim/slim/Slim/Middleware/MethodOverride.php(92): Slim\Middleware\Flash->call()
#19 /home/matt/public_html/Provins/core/vendor/slim/slim/Slim/Middleware/PrettyExceptions.php(67): Slim\Middleware\MethodOverride->call()
#20 /home/matt/public_html/Provins/core/vendor/slim/slim/Slim/Slim.php(1271): Slim\Middleware\PrettyExceptions->call()
#21 /home/matt/public_html/Provins/core/index.php(10): Slim\Slim->run()
#22 /home/matt/public_html/Provins/index.php(5): require_once('/home/matt/publ...')
#23 {main}
