ERROR - 2015-02-28T23:53:08+07:00 - exception 'Twig_Error_Runtime' with message 'Variable "itinerary" does not exist in "itinerary-summary.twig" at line 13' in /home/matt/public_html/Provins-2/core/vendor/twig/twig/lib/Twig/Template.php:332
Stack trace:
#0 /home/matt/public_html/Provins-2/core/views_cache/f5/46/fe2560227110c0ecd6f337bf5623e5212628ba1d4bf37e6b66228ee37d91.php(57): Twig_Template->getContext(Array, 'itinerary')
#1 /home/matt/public_html/Provins-2/core/vendor/twig/twig/lib/Twig/Template.php(144): __TwigTemplate_f546fe2560227110c0ecd6f337bf5623e5212628ba1d4bf37e6b66228ee37d91->block_section(Array, Array)
#2 /home/matt/public_html/Provins-2/core/views_cache/0a/4c/bd615aee27a81e830cf3cc4c42a408d359db12c32467ff3e202def5f8ad1.php(70): Twig_Template->displayBlock('section', Array, Array)
#3 /home/matt/public_html/Provins-2/core/vendor/twig/twig/lib/Twig/Template.php(279): __TwigTemplate_0a4cbd615aee27a81e830cf3cc4c42a408d359db12c32467ff3e202def5f8ad1->doDisplay(Array, Array)
#4 /home/matt/public_html/Provins-2/core/vendor/twig/twig/lib/Twig/Template.php(253): Twig_Template->displayWithErrorHandling(Array, Array)
#5 /home/matt/public_html/Provins-2/core/views_cache/f5/46/fe2560227110c0ecd6f337bf5623e5212628ba1d4bf37e6b66228ee37d91.php(26): Twig_Template->display(Array, Array)
#6 /home/matt/public_html/Provins-2/core/vendor/twig/twig/lib/Twig/Template.php(279): __TwigTemplate_f546fe2560227110c0ecd6f337bf5623e5212628ba1d4bf37e6b66228ee37d91->doDisplay(Array, Array)
#7 /home/matt/public_html/Provins-2/core/vendor/twig/twig/lib/Twig/Template.php(253): Twig_Template->displayWithErrorHandling(Array, Array)
#8 /home/matt/public_html/Provins-2/core/vendor/twig/twig/lib/Twig/Template.php(264): Twig_Template->display(Array)
#9 /home/matt/public_html/Provins-2/core/vendor/slim/views/Slim/Views/Twig.php(91): Twig_Template->render(Array)
#10 /home/matt/public_html/Provins-2/core/vendor/slim/slim/Slim/View.php(255): Slim\Views\Twig->render('itinerary-summa...', NULL)
#11 /home/matt/public_html/Provins-2/core/vendor/slim/slim/Slim/View.php(243): Slim\View->fetch('itinerary-summa...', NULL)
#12 /home/matt/public_html/Provins-2/core/vendor/slim/slim/Slim/Slim.php(757): Slim\View->display('itinerary-summa...')
#13 /home/matt/public_html/Provins-2/core/kernel/View.php(77): Slim\Slim->render('itinerary-summa...')
#14 /home/matt/public_html/Provins-2/core/kernel/Controllers.php(149): View::render('La Petite \xC3\x89pop...', 'itinerary-summa...', Array)
#15 [internal function]: Controllers::itinerarySummary('court-famille-l...')
#16 /home/matt/public_html/Provins-2/core/vendor/slim/slim/Slim/Route.php(462): call_user_func_array('Controllers::it...', Array)
#17 /home/matt/public_html/Provins-2/core/vendor/slim/slim/Slim/Slim.php(1326): Slim\Route->dispatch()
#18 /home/matt/public_html/Provins-2/core/vendor/slim/slim/Slim/Middleware/Flash.php(85): Slim\Slim->call()
#19 /home/matt/public_html/Provins-2/core/vendor/slim/slim/Slim/Middleware/MethodOverride.php(92): Slim\Middleware\Flash->call()
#20 /home/matt/public_html/Provins-2/core/vendor/slim/slim/Slim/Middleware/PrettyExceptions.php(67): Slim\Middleware\MethodOverride->call()
#21 /home/matt/public_html/Provins-2/core/vendor/slim/slim/Slim/Slim.php(1271): Slim\Middleware\PrettyExceptions->call()
#22 /home/matt/public_html/Provins-2/core/kernel/Kernel.php(160): Slim\Slim->run()
#23 /home/matt/public_html/Provins-2/core/index.php(8): Kernel->run()
#24 /home/matt/public_html/Provins-2/index.php(5): require_once('/home/matt/publ...')
#25 {main}
ERROR - 2015-02-28T23:53:11+07:00 - exception 'Twig_Error_Runtime' with message 'Variable "itinerary" does not exist in "itinerary-summary.twig" at line 13' in /home/matt/public_html/Provins-2/core/vendor/twig/twig/lib/Twig/Template.php:332
Stack trace:
#0 /home/matt/public_html/Provins-2/core/views_cache/f5/46/fe2560227110c0ecd6f337bf5623e5212628ba1d4bf37e6b66228ee37d91.php(57): Twig_Template->getContext(Array, 'itinerary')
#1 /home/matt/public_html/Provins-2/core/vendor/twig/twig/lib/Twig/Template.php(144): __TwigTemplate_f546fe2560227110c0ecd6f337bf5623e5212628ba1d4bf37e6b66228ee37d91->block_section(Array, Array)
#2 /home/matt/public_html/Provins-2/core/views_cache/0a/4c/bd615aee27a81e830cf3cc4c42a408d359db12c32467ff3e202def5f8ad1.php(70): Twig_Template->displayBlock('section', Array, Array)
#3 /home/matt/public_html/Provins-2/core/vendor/twig/twig/lib/Twig/Template.php(279): __TwigTemplate_0a4cbd615aee27a81e830cf3cc4c42a408d359db12c32467ff3e202def5f8ad1->doDisplay(Array, Array)
#4 /home/matt/public_html/Provins-2/core/vendor/twig/twig/lib/Twig/Template.php(253): Twig_Template->displayWithErrorHandling(Array, Array)
#5 /home/matt/public_html/Provins-2/core/views_cache/f5/46/fe2560227110c0ecd6f337bf5623e5212628ba1d4bf37e6b66228ee37d91.php(26): Twig_Template->display(Array, Array)
#6 /home/matt/public_html/Provins-2/core/vendor/twig/twig/lib/Twig/Template.php(279): __TwigTemplate_f546fe2560227110c0ecd6f337bf5623e5212628ba1d4bf37e6b66228ee37d91->doDisplay(Array, Array)
#7 /home/matt/public_html/Provins-2/core/vendor/twig/twig/lib/Twig/Template.php(253): Twig_Template->displayWithErrorHandling(Array, Array)
#8 /home/matt/public_html/Provins-2/core/vendor/twig/twig/lib/Twig/Template.php(264): Twig_Template->display(Array)
#9 /home/matt/public_html/Provins-2/core/vendor/slim/views/Slim/Views/Twig.php(91): Twig_Template->render(Array)
#10 /home/matt/public_html/Provins-2/core/vendor/slim/slim/Slim/View.php(255): Slim\Views\Twig->render('itinerary-summa...', NULL)
#11 /home/matt/public_html/Provins-2/core/vendor/slim/slim/Slim/View.php(243): Slim\View->fetch('itinerary-summa...', NULL)
#12 /home/matt/public_html/Provins-2/core/vendor/slim/slim/Slim/Slim.php(757): Slim\View->display('itinerary-summa...')
#13 /home/matt/public_html/Provins-2/core/kernel/View.php(77): Slim\Slim->render('itinerary-summa...')
#14 /home/matt/public_html/Provins-2/core/kernel/Controllers.php(149): View::render('La Petite \xC3\x89pop...', 'itinerary-summa...', Array)
#15 [internal function]: Controllers::itinerarySummary('court-famille-l...')
#16 /home/matt/public_html/Provins-2/core/vendor/slim/slim/Slim/Route.php(462): call_user_func_array('Controllers::it...', Array)
#17 /home/matt/public_html/Provins-2/core/vendor/slim/slim/Slim/Slim.php(1326): Slim\Route->dispatch()
#18 /home/matt/public_html/Provins-2/core/vendor/slim/slim/Slim/Middleware/Flash.php(85): Slim\Slim->call()
#19 /home/matt/public_html/Provins-2/core/vendor/slim/slim/Slim/Middleware/MethodOverride.php(92): Slim\Middleware\Flash->call()
#20 /home/matt/public_html/Provins-2/core/vendor/slim/slim/Slim/Middleware/PrettyExceptions.php(67): Slim\Middleware\MethodOverride->call()
#21 /home/matt/public_html/Provins-2/core/vendor/slim/slim/Slim/Slim.php(1271): Slim\Middleware\PrettyExceptions->call()
#22 /home/matt/public_html/Provins-2/core/kernel/Kernel.php(160): Slim\Slim->run()
#23 /home/matt/public_html/Provins-2/core/index.php(8): Kernel->run()
#24 /home/matt/public_html/Provins-2/index.php(5): require_once('/home/matt/publ...')
#25 {main}
ERROR - 2015-02-28T23:53:13+07:00 - exception 'Twig_Error_Runtime' with message 'Variable "itinerary" does not exist in "itinerary-summary.twig" at line 13' in /home/matt/public_html/Provins-2/core/vendor/twig/twig/lib/Twig/Template.php:332
Stack trace:
#0 /home/matt/public_html/Provins-2/core/views_cache/f5/46/fe2560227110c0ecd6f337bf5623e5212628ba1d4bf37e6b66228ee37d91.php(57): Twig_Template->getContext(Array, 'itinerary')
#1 /home/matt/public_html/Provins-2/core/vendor/twig/twig/lib/Twig/Template.php(144): __TwigTemplate_f546fe2560227110c0ecd6f337bf5623e5212628ba1d4bf37e6b66228ee37d91->block_section(Array, Array)
#2 /home/matt/public_html/Provins-2/core/views_cache/0a/4c/bd615aee27a81e830cf3cc4c42a408d359db12c32467ff3e202def5f8ad1.php(70): Twig_Template->displayBlock('section', Array, Array)
#3 /home/matt/public_html/Provins-2/core/vendor/twig/twig/lib/Twig/Template.php(279): __TwigTemplate_0a4cbd615aee27a81e830cf3cc4c42a408d359db12c32467ff3e202def5f8ad1->doDisplay(Array, Array)
#4 /home/matt/public_html/Provins-2/core/vendor/twig/twig/lib/Twig/Template.php(253): Twig_Template->displayWithErrorHandling(Array, Array)
#5 /home/matt/public_html/Provins-2/core/views_cache/f5/46/fe2560227110c0ecd6f337bf5623e5212628ba1d4bf37e6b66228ee37d91.php(26): Twig_Template->display(Array, Array)
#6 /home/matt/public_html/Provins-2/core/vendor/twig/twig/lib/Twig/Template.php(279): __TwigTemplate_f546fe2560227110c0ecd6f337bf5623e5212628ba1d4bf37e6b66228ee37d91->doDisplay(Array, Array)
#7 /home/matt/public_html/Provins-2/core/vendor/twig/twig/lib/Twig/Template.php(253): Twig_Template->displayWithErrorHandling(Array, Array)
#8 /home/matt/public_html/Provins-2/core/vendor/twig/twig/lib/Twig/Template.php(264): Twig_Template->display(Array)
#9 /home/matt/public_html/Provins-2/core/vendor/slim/views/Slim/Views/Twig.php(91): Twig_Template->render(Array)
#10 /home/matt/public_html/Provins-2/core/vendor/slim/slim/Slim/View.php(255): Slim\Views\Twig->render('itinerary-summa...', NULL)
#11 /home/matt/public_html/Provins-2/core/vendor/slim/slim/Slim/View.php(243): Slim\View->fetch('itinerary-summa...', NULL)
#12 /home/matt/public_html/Provins-2/core/vendor/slim/slim/Slim/Slim.php(757): Slim\View->display('itinerary-summa...')
#13 /home/matt/public_html/Provins-2/core/kernel/View.php(77): Slim\Slim->render('itinerary-summa...')
#14 /home/matt/public_html/Provins-2/core/kernel/Controllers.php(149): View::render('La Petite \xC3\x89pop...', 'itinerary-summa...', Array)
#15 [internal function]: Controllers::itinerarySummary('court-famille-l...')
#16 /home/matt/public_html/Provins-2/core/vendor/slim/slim/Slim/Route.php(462): call_user_func_array('Controllers::it...', Array)
#17 /home/matt/public_html/Provins-2/core/vendor/slim/slim/Slim/Slim.php(1326): Slim\Route->dispatch()
#18 /home/matt/public_html/Provins-2/core/vendor/slim/slim/Slim/Middleware/Flash.php(85): Slim\Slim->call()
#19 /home/matt/public_html/Provins-2/core/vendor/slim/slim/Slim/Middleware/MethodOverride.php(92): Slim\Middleware\Flash->call()
#20 /home/matt/public_html/Provins-2/core/vendor/slim/slim/Slim/Middleware/PrettyExceptions.php(67): Slim\Middleware\MethodOverride->call()
#21 /home/matt/public_html/Provins-2/core/vendor/slim/slim/Slim/Slim.php(1271): Slim\Middleware\PrettyExceptions->call()
#22 /home/matt/public_html/Provins-2/core/kernel/Kernel.php(160): Slim\Slim->run()
#23 /home/matt/public_html/Provins-2/core/index.php(8): Kernel->run()
#24 /home/matt/public_html/Provins-2/index.php(5): require_once('/home/matt/publ...')
#25 {main}
ERROR - 2015-02-28T23:53:24+07:00 - exception 'Twig_Error_Runtime' with message 'Variable "itinerary" does not exist in "itinerary-summary.twig" at line 13' in /home/matt/public_html/Provins-2/core/vendor/twig/twig/lib/Twig/Template.php:332
Stack trace:
#0 /home/matt/public_html/Provins-2/core/views_cache/f5/46/fe2560227110c0ecd6f337bf5623e5212628ba1d4bf37e6b66228ee37d91.php(57): Twig_Template->getContext(Array, 'itinerary')
#1 /home/matt/public_html/Provins-2/core/vendor/twig/twig/lib/Twig/Template.php(144): __TwigTemplate_f546fe2560227110c0ecd6f337bf5623e5212628ba1d4bf37e6b66228ee37d91->block_section(Array, Array)
#2 /home/matt/public_html/Provins-2/core/views_cache/0a/4c/bd615aee27a81e830cf3cc4c42a408d359db12c32467ff3e202def5f8ad1.php(70): Twig_Template->displayBlock('section', Array, Array)
#3 /home/matt/public_html/Provins-2/core/vendor/twig/twig/lib/Twig/Template.php(279): __TwigTemplate_0a4cbd615aee27a81e830cf3cc4c42a408d359db12c32467ff3e202def5f8ad1->doDisplay(Array, Array)
#4 /home/matt/public_html/Provins-2/core/vendor/twig/twig/lib/Twig/Template.php(253): Twig_Template->displayWithErrorHandling(Array, Array)
#5 /home/matt/public_html/Provins-2/core/views_cache/f5/46/fe2560227110c0ecd6f337bf5623e5212628ba1d4bf37e6b66228ee37d91.php(26): Twig_Template->display(Array, Array)
#6 /home/matt/public_html/Provins-2/core/vendor/twig/twig/lib/Twig/Template.php(279): __TwigTemplate_f546fe2560227110c0ecd6f337bf5623e5212628ba1d4bf37e6b66228ee37d91->doDisplay(Array, Array)
#7 /home/matt/public_html/Provins-2/core/vendor/twig/twig/lib/Twig/Template.php(253): Twig_Template->displayWithErrorHandling(Array, Array)
#8 /home/matt/public_html/Provins-2/core/vendor/twig/twig/lib/Twig/Template.php(264): Twig_Template->display(Array)
#9 /home/matt/public_html/Provins-2/core/vendor/slim/views/Slim/Views/Twig.php(91): Twig_Template->render(Array)
#10 /home/matt/public_html/Provins-2/core/vendor/slim/slim/Slim/View.php(255): Slim\Views\Twig->render('itinerary-summa...', NULL)
#11 /home/matt/public_html/Provins-2/core/vendor/slim/slim/Slim/View.php(243): Slim\View->fetch('itinerary-summa...', NULL)
#12 /home/matt/public_html/Provins-2/core/vendor/slim/slim/Slim/Slim.php(757): Slim\View->display('itinerary-summa...')
#13 /home/matt/public_html/Provins-2/core/kernel/View.php(77): Slim\Slim->render('itinerary-summa...')
#14 /home/matt/public_html/Provins-2/core/kernel/Controllers.php(149): View::render('La Petite \xC3\x89pop...', 'itinerary-summa...', Array)
#15 [internal function]: Controllers::itinerarySummary('court-famille-l...')
#16 /home/matt/public_html/Provins-2/core/vendor/slim/slim/Slim/Route.php(462): call_user_func_array('Controllers::it...', Array)
#17 /home/matt/public_html/Provins-2/core/vendor/slim/slim/Slim/Slim.php(1326): Slim\Route->dispatch()
#18 /home/matt/public_html/Provins-2/core/vendor/slim/slim/Slim/Middleware/Flash.php(85): Slim\Slim->call()
#19 /home/matt/public_html/Provins-2/core/vendor/slim/slim/Slim/Middleware/MethodOverride.php(92): Slim\Middleware\Flash->call()
#20 /home/matt/public_html/Provins-2/core/vendor/slim/slim/Slim/Middleware/PrettyExceptions.php(67): Slim\Middleware\MethodOverride->call()
#21 /home/matt/public_html/Provins-2/core/vendor/slim/slim/Slim/Slim.php(1271): Slim\Middleware\PrettyExceptions->call()
#22 /home/matt/public_html/Provins-2/core/kernel/Kernel.php(160): Slim\Slim->run()
#23 /home/matt/public_html/Provins-2/core/index.php(8): Kernel->run()
#24 /home/matt/public_html/Provins-2/index.php(5): require_once('/home/matt/publ...')
#25 {main}
