ERROR - 2015-01-20T17:17:23+07:00 - exception 'ErrorException' with message 'Array to string conversion' in /home/matt/public_html/Provins/core/views_cache/9d/29/37688ea804e2afe2d53f0843dc731699e653f630eff2c2222c5625b1eeca.php:223
Stack trace:
#0 /home/matt/public_html/Provins/core/views_cache/9d/29/37688ea804e2afe2d53f0843dc731699e653f630eff2c2222c5625b1eeca.php(223): Slim\Slim::handleErrors(8, 'Array to string...', '/home/matt/publ...', 223, Array)
#1 /home/matt/public_html/Provins/core/vendor/twig/twig/lib/Twig/Template.php(144): __TwigTemplate_9d2937688ea804e2afe2d53f0843dc731699e653f630eff2c2222c5625b1eeca->block_section(Array, Array)
#2 /home/matt/public_html/Provins/core/views_cache/0a/4c/bd615aee27a81e830cf3cc4c42a408d359db12c32467ff3e202def5f8ad1.php(66): Twig_Template->displayBlock('section', Array, Array)
#3 /home/matt/public_html/Provins/core/vendor/twig/twig/lib/Twig/Template.php(279): __TwigTemplate_0a4cbd615aee27a81e830cf3cc4c42a408d359db12c32467ff3e202def5f8ad1->doDisplay(Array, Array)
#4 /home/matt/public_html/Provins/core/vendor/twig/twig/lib/Twig/Template.php(253): Twig_Template->displayWithErrorHandling(Array, Array)
#5 /home/matt/public_html/Provins/core/views_cache/9d/29/37688ea804e2afe2d53f0843dc731699e653f630eff2c2222c5625b1eeca.php(24): Twig_Template->display(Array, Array)
#6 /home/matt/public_html/Provins/core/vendor/twig/twig/lib/Twig/Template.php(279): __TwigTemplate_9d2937688ea804e2afe2d53f0843dc731699e653f630eff2c2222c5625b1eeca->doDisplay(Array, Array)
#7 /home/matt/public_html/Provins/core/vendor/twig/twig/lib/Twig/Template.php(253): Twig_Template->displayWithErrorHandling(Array, Array)
#8 /home/matt/public_html/Provins/core/vendor/twig/twig/lib/Twig/Template.php(264): Twig_Template->display(Array)
#9 /home/matt/public_html/Provins/core/vendor/slim/views/Slim/Views/Twig.php(91): Twig_Template->render(Array)
#10 /home/matt/public_html/Provins/core/vendor/slim/slim/Slim/View.php(255): Slim\Views\Twig->render('itinerary-step....', NULL)
#11 /home/matt/public_html/Provins/core/vendor/slim/slim/Slim/View.php(243): Slim\View->fetch('itinerary-step....', NULL)
#12 /home/matt/public_html/Provins/core/vendor/slim/slim/Slim/Slim.php(757): Slim\View->display('itinerary-step....')
#13 /home/matt/public_html/Provins/core/kernel/View.php(73): Slim\Slim->render('itinerary-step....')
#14 /home/matt/public_html/Provins/core/kernel/Controllers.php(173): View::render('\xC3\x89tape', 'itinerary-step', Array)
#15 [internal function]: Controllers::itineraryStep('porc-epic', 'strange-rocks')
#16 /home/matt/public_html/Provins/core/vendor/slim/slim/Slim/Route.php(462): call_user_func_array('Controllers::it...', Array)
#17 /home/matt/public_html/Provins/core/vendor/slim/slim/Slim/Slim.php(1326): Slim\Route->dispatch()
#18 /home/matt/public_html/Provins/core/vendor/slim/slim/Slim/Middleware/Flash.php(85): Slim\Slim->call()
#19 /home/matt/public_html/Provins/core/vendor/slim/slim/Slim/Middleware/MethodOverride.php(92): Slim\Middleware\Flash->call()
#20 /home/matt/public_html/Provins/core/vendor/slim/slim/Slim/Middleware/PrettyExceptions.php(67): Slim\Middleware\MethodOverride->call()
#21 /home/matt/public_html/Provins/core/vendor/slim/slim/Slim/Slim.php(1271): Slim\Middleware\PrettyExceptions->call()
#22 /home/matt/public_html/Provins/core/index.php(10): Slim\Slim->run()
#23 /home/matt/public_html/Provins/index.php(5): require_once('/home/matt/publ...')
#24 {main}

Next exception 'Twig_Error_Runtime' with message 'An exception has been thrown during the rendering of a template ("Array to string conversion") in "itinerary-step.twig" at line 72.' in /home/matt/public_html/Provins/core/vendor/twig/twig/lib/Twig/Template.php:148
Stack trace:
#0 /home/matt/public_html/Provins/core/views_cache/0a/4c/bd615aee27a81e830cf3cc4c42a408d359db12c32467ff3e202def5f8ad1.php(66): Twig_Template->displayBlock('section', Array, Array)
#1 /home/matt/public_html/Provins/core/vendor/twig/twig/lib/Twig/Template.php(279): __TwigTemplate_0a4cbd615aee27a81e830cf3cc4c42a408d359db12c32467ff3e202def5f8ad1->doDisplay(Array, Array)
#2 /home/matt/public_html/Provins/core/vendor/twig/twig/lib/Twig/Template.php(253): Twig_Template->displayWithErrorHandling(Array, Array)
#3 /home/matt/public_html/Provins/core/views_cache/9d/29/37688ea804e2afe2d53f0843dc731699e653f630eff2c2222c5625b1eeca.php(24): Twig_Template->display(Array, Array)
#4 /home/matt/public_html/Provins/core/vendor/twig/twig/lib/Twig/Template.php(279): __TwigTemplate_9d2937688ea804e2afe2d53f0843dc731699e653f630eff2c2222c5625b1eeca->doDisplay(Array, Array)
#5 /home/matt/public_html/Provins/core/vendor/twig/twig/lib/Twig/Template.php(253): Twig_Template->displayWithErrorHandling(Array, Array)
#6 /home/matt/public_html/Provins/core/vendor/twig/twig/lib/Twig/Template.php(264): Twig_Template->display(Array)
#7 /home/matt/public_html/Provins/core/vendor/slim/views/Slim/Views/Twig.php(91): Twig_Template->render(Array)
#8 /home/matt/public_html/Provins/core/vendor/slim/slim/Slim/View.php(255): Slim\Views\Twig->render('itinerary-step....', NULL)
#9 /home/matt/public_html/Provins/core/vendor/slim/slim/Slim/View.php(243): Slim\View->fetch('itinerary-step....', NULL)
#10 /home/matt/public_html/Provins/core/vendor/slim/slim/Slim/Slim.php(757): Slim\View->display('itinerary-step....')
#11 /home/matt/public_html/Provins/core/kernel/View.php(73): Slim\Slim->render('itinerary-step....')
#12 /home/matt/public_html/Provins/core/kernel/Controllers.php(173): View::render('\xC3\x89tape', 'itinerary-step', Array)
#13 [internal function]: Controllers::itineraryStep('porc-epic', 'strange-rocks')
#14 /home/matt/public_html/Provins/core/vendor/slim/slim/Slim/Route.php(462): call_user_func_array('Controllers::it...', Array)
#15 /home/matt/public_html/Provins/core/vendor/slim/slim/Slim/Slim.php(1326): Slim\Route->dispatch()
#16 /home/matt/public_html/Provins/core/vendor/slim/slim/Slim/Middleware/Flash.php(85): Slim\Slim->call()
#17 /home/matt/public_html/Provins/core/vendor/slim/slim/Slim/Middleware/MethodOverride.php(92): Slim\Middleware\Flash->call()
#18 /home/matt/public_html/Provins/core/vendor/slim/slim/Slim/Middleware/PrettyExceptions.php(67): Slim\Middleware\MethodOverride->call()
#19 /home/matt/public_html/Provins/core/vendor/slim/slim/Slim/Slim.php(1271): Slim\Middleware\PrettyExceptions->call()
#20 /home/matt/public_html/Provins/core/index.php(10): Slim\Slim->run()
#21 /home/matt/public_html/Provins/index.php(5): require_once('/home/matt/publ...')
#22 {main}
ERROR - 2015-01-20T17:48:51+07:00 - exception 'Twig_Error_Runtime' with message 'Key "config" for array with keys "I18N, Router, page, data" does not exist in "itinerary-step.twig" at line 107' in /home/matt/public_html/Provins/core/vendor/twig/twig/lib/Twig/Template.php:393
Stack trace:
#0 /home/matt/public_html/Provins/core/views_cache/9d/29/37688ea804e2afe2d53f0843dc731699e653f630eff2c2222c5625b1eeca.php(298): Twig_Template->getAttribute(Array, 'config', Array)
#1 /home/matt/public_html/Provins/core/vendor/twig/twig/lib/Twig/Template.php(144): __TwigTemplate_9d2937688ea804e2afe2d53f0843dc731699e653f630eff2c2222c5625b1eeca->block_section(Array, Array)
#2 /home/matt/public_html/Provins/core/views_cache/0a/4c/bd615aee27a81e830cf3cc4c42a408d359db12c32467ff3e202def5f8ad1.php(70): Twig_Template->displayBlock('section', Array, Array)
#3 /home/matt/public_html/Provins/core/vendor/twig/twig/lib/Twig/Template.php(279): __TwigTemplate_0a4cbd615aee27a81e830cf3cc4c42a408d359db12c32467ff3e202def5f8ad1->doDisplay(Array, Array)
#4 /home/matt/public_html/Provins/core/vendor/twig/twig/lib/Twig/Template.php(253): Twig_Template->displayWithErrorHandling(Array, Array)
#5 /home/matt/public_html/Provins/core/views_cache/9d/29/37688ea804e2afe2d53f0843dc731699e653f630eff2c2222c5625b1eeca.php(25): Twig_Template->display(Array, Array)
#6 /home/matt/public_html/Provins/core/vendor/twig/twig/lib/Twig/Template.php(279): __TwigTemplate_9d2937688ea804e2afe2d53f0843dc731699e653f630eff2c2222c5625b1eeca->doDisplay(Array, Array)
#7 /home/matt/public_html/Provins/core/vendor/twig/twig/lib/Twig/Template.php(253): Twig_Template->displayWithErrorHandling(Array, Array)
#8 /home/matt/public_html/Provins/core/vendor/twig/twig/lib/Twig/Template.php(264): Twig_Template->display(Array)
#9 /home/matt/public_html/Provins/core/vendor/slim/views/Slim/Views/Twig.php(91): Twig_Template->render(Array)
#10 /home/matt/public_html/Provins/core/vendor/slim/slim/Slim/View.php(255): Slim\Views\Twig->render('itinerary-step....', NULL)
#11 /home/matt/public_html/Provins/core/vendor/slim/slim/Slim/View.php(243): Slim\View->fetch('itinerary-step....', NULL)
#12 /home/matt/public_html/Provins/core/vendor/slim/slim/Slim/Slim.php(757): Slim\View->display('itinerary-step....')
#13 /home/matt/public_html/Provins/core/kernel/View.php(73): Slim\Slim->render('itinerary-step....')
#14 /home/matt/public_html/Provins/core/kernel/Controllers.php(173): View::render('\xC3\x89tape', 'itinerary-step', Array)
#15 [internal function]: Controllers::itineraryStep('porc-epic', 'strange-rocks')
#16 /home/matt/public_html/Provins/core/vendor/slim/slim/Slim/Route.php(462): call_user_func_array('Controllers::it...', Array)
#17 /home/matt/public_html/Provins/core/vendor/slim/slim/Slim/Slim.php(1326): Slim\Route->dispatch()
#18 /home/matt/public_html/Provins/core/vendor/slim/slim/Slim/Middleware/Flash.php(85): Slim\Slim->call()
#19 /home/matt/public_html/Provins/core/vendor/slim/slim/Slim/Middleware/MethodOverride.php(92): Slim\Middleware\Flash->call()
#20 /home/matt/public_html/Provins/core/vendor/slim/slim/Slim/Middleware/PrettyExceptions.php(67): Slim\Middleware\MethodOverride->call()
#21 /home/matt/public_html/Provins/core/vendor/slim/slim/Slim/Slim.php(1271): Slim\Middleware\PrettyExceptions->call()
#22 /home/matt/public_html/Provins/core/index.php(10): Slim\Slim->run()
#23 /home/matt/public_html/Provins/index.php(5): require_once('/home/matt/publ...')
#24 {main}
ERROR - 2015-01-20T17:48:51+07:00 - exception 'Twig_Error_Runtime' with message 'Key "config" for array with keys "I18N, Router, page, data" does not exist in "itinerary-step.twig" at line 107' in /home/matt/public_html/Provins/core/vendor/twig/twig/lib/Twig/Template.php:393
Stack trace:
#0 /home/matt/public_html/Provins/core/views_cache/9d/29/37688ea804e2afe2d53f0843dc731699e653f630eff2c2222c5625b1eeca.php(298): Twig_Template->getAttribute(Array, 'config', Array)
#1 /home/matt/public_html/Provins/core/vendor/twig/twig/lib/Twig/Template.php(144): __TwigTemplate_9d2937688ea804e2afe2d53f0843dc731699e653f630eff2c2222c5625b1eeca->block_section(Array, Array)
#2 /home/matt/public_html/Provins/core/views_cache/0a/4c/bd615aee27a81e830cf3cc4c42a408d359db12c32467ff3e202def5f8ad1.php(70): Twig_Template->displayBlock('section', Array, Array)
#3 /home/matt/public_html/Provins/core/vendor/twig/twig/lib/Twig/Template.php(279): __TwigTemplate_0a4cbd615aee27a81e830cf3cc4c42a408d359db12c32467ff3e202def5f8ad1->doDisplay(Array, Array)
#4 /home/matt/public_html/Provins/core/vendor/twig/twig/lib/Twig/Template.php(253): Twig_Template->displayWithErrorHandling(Array, Array)
#5 /home/matt/public_html/Provins/core/views_cache/9d/29/37688ea804e2afe2d53f0843dc731699e653f630eff2c2222c5625b1eeca.php(25): Twig_Template->display(Array, Array)
#6 /home/matt/public_html/Provins/core/vendor/twig/twig/lib/Twig/Template.php(279): __TwigTemplate_9d2937688ea804e2afe2d53f0843dc731699e653f630eff2c2222c5625b1eeca->doDisplay(Array, Array)
#7 /home/matt/public_html/Provins/core/vendor/twig/twig/lib/Twig/Template.php(253): Twig_Template->displayWithErrorHandling(Array, Array)
#8 /home/matt/public_html/Provins/core/vendor/twig/twig/lib/Twig/Template.php(264): Twig_Template->display(Array)
#9 /home/matt/public_html/Provins/core/vendor/slim/views/Slim/Views/Twig.php(91): Twig_Template->render(Array)
#10 /home/matt/public_html/Provins/core/vendor/slim/slim/Slim/View.php(255): Slim\Views\Twig->render('itinerary-step....', NULL)
#11 /home/matt/public_html/Provins/core/vendor/slim/slim/Slim/View.php(243): Slim\View->fetch('itinerary-step....', NULL)
#12 /home/matt/public_html/Provins/core/vendor/slim/slim/Slim/Slim.php(757): Slim\View->display('itinerary-step....')
#13 /home/matt/public_html/Provins/core/kernel/View.php(73): Slim\Slim->render('itinerary-step....')
#14 /home/matt/public_html/Provins/core/kernel/Controllers.php(173): View::render('\xC3\x89tape', 'itinerary-step', Array)
#15 [internal function]: Controllers::itineraryStep('porc-epic', 'strange-rocks')
#16 /home/matt/public_html/Provins/core/vendor/slim/slim/Slim/Route.php(462): call_user_func_array('Controllers::it...', Array)
#17 /home/matt/public_html/Provins/core/vendor/slim/slim/Slim/Slim.php(1326): Slim\Route->dispatch()
#18 /home/matt/public_html/Provins/core/vendor/slim/slim/Slim/Middleware/Flash.php(85): Slim\Slim->call()
#19 /home/matt/public_html/Provins/core/vendor/slim/slim/Slim/Middleware/MethodOverride.php(92): Slim\Middleware\Flash->call()
#20 /home/matt/public_html/Provins/core/vendor/slim/slim/Slim/Middleware/PrettyExceptions.php(67): Slim\Middleware\MethodOverride->call()
#21 /home/matt/public_html/Provins/core/vendor/slim/slim/Slim/Slim.php(1271): Slim\Middleware\PrettyExceptions->call()
#22 /home/matt/public_html/Provins/core/index.php(10): Slim\Slim->run()
#23 /home/matt/public_html/Provins/index.php(5): require_once('/home/matt/publ...')
#24 {main}
ERROR - 2015-01-20T17:49:07+07:00 - exception 'Twig_Error_Runtime' with message 'Key "config" for array with keys "routes, root" does not exist in "itinerary-step.twig" at line 107' in /home/matt/public_html/Provins/core/vendor/twig/twig/lib/Twig/Template.php:393
Stack trace:
#0 /home/matt/public_html/Provins/core/views_cache/9d/29/37688ea804e2afe2d53f0843dc731699e653f630eff2c2222c5625b1eeca.php(298): Twig_Template->getAttribute(Array, 'config', Array)
#1 /home/matt/public_html/Provins/core/vendor/twig/twig/lib/Twig/Template.php(144): __TwigTemplate_9d2937688ea804e2afe2d53f0843dc731699e653f630eff2c2222c5625b1eeca->block_section(Array, Array)
#2 /home/matt/public_html/Provins/core/views_cache/0a/4c/bd615aee27a81e830cf3cc4c42a408d359db12c32467ff3e202def5f8ad1.php(70): Twig_Template->displayBlock('section', Array, Array)
#3 /home/matt/public_html/Provins/core/vendor/twig/twig/lib/Twig/Template.php(279): __TwigTemplate_0a4cbd615aee27a81e830cf3cc4c42a408d359db12c32467ff3e202def5f8ad1->doDisplay(Array, Array)
#4 /home/matt/public_html/Provins/core/vendor/twig/twig/lib/Twig/Template.php(253): Twig_Template->displayWithErrorHandling(Array, Array)
#5 /home/matt/public_html/Provins/core/views_cache/9d/29/37688ea804e2afe2d53f0843dc731699e653f630eff2c2222c5625b1eeca.php(25): Twig_Template->display(Array, Array)
#6 /home/matt/public_html/Provins/core/vendor/twig/twig/lib/Twig/Template.php(279): __TwigTemplate_9d2937688ea804e2afe2d53f0843dc731699e653f630eff2c2222c5625b1eeca->doDisplay(Array, Array)
#7 /home/matt/public_html/Provins/core/vendor/twig/twig/lib/Twig/Template.php(253): Twig_Template->displayWithErrorHandling(Array, Array)
#8 /home/matt/public_html/Provins/core/vendor/twig/twig/lib/Twig/Template.php(264): Twig_Template->display(Array)
#9 /home/matt/public_html/Provins/core/vendor/slim/views/Slim/Views/Twig.php(91): Twig_Template->render(Array)
#10 /home/matt/public_html/Provins/core/vendor/slim/slim/Slim/View.php(255): Slim\Views\Twig->render('itinerary-step....', NULL)
#11 /home/matt/public_html/Provins/core/vendor/slim/slim/Slim/View.php(243): Slim\View->fetch('itinerary-step....', NULL)
#12 /home/matt/public_html/Provins/core/vendor/slim/slim/Slim/Slim.php(757): Slim\View->display('itinerary-step....')
#13 /home/matt/public_html/Provins/core/kernel/View.php(73): Slim\Slim->render('itinerary-step....')
#14 /home/matt/public_html/Provins/core/kernel/Controllers.php(173): View::render('\xC3\x89tape', 'itinerary-step', Array)
#15 [internal function]: Controllers::itineraryStep('porc-epic', 'strange-rocks')
#16 /home/matt/public_html/Provins/core/vendor/slim/slim/Slim/Route.php(462): call_user_func_array('Controllers::it...', Array)
#17 /home/matt/public_html/Provins/core/vendor/slim/slim/Slim/Slim.php(1326): Slim\Route->dispatch()
#18 /home/matt/public_html/Provins/core/vendor/slim/slim/Slim/Middleware/Flash.php(85): Slim\Slim->call()
#19 /home/matt/public_html/Provins/core/vendor/slim/slim/Slim/Middleware/MethodOverride.php(92): Slim\Middleware\Flash->call()
#20 /home/matt/public_html/Provins/core/vendor/slim/slim/Slim/Middleware/PrettyExceptions.php(67): Slim\Middleware\MethodOverride->call()
#21 /home/matt/public_html/Provins/core/vendor/slim/slim/Slim/Slim.php(1271): Slim\Middleware\PrettyExceptions->call()
#22 /home/matt/public_html/Provins/core/index.php(10): Slim\Slim->run()
#23 /home/matt/public_html/Provins/index.php(5): require_once('/home/matt/publ...')
#24 {main}
ERROR - 2015-01-20T21:07:54+07:00 - exception 'ErrorException' with message 'file_put_contents(data/itineraries/court-famille-la-petite-epopee/cache.manifest): failed to open stream: Permission non accordée' in /home/matt/public_html/Provins/core/kernel/Cache.php:53
Stack trace:
#0 [internal function]: Slim\Slim::handleErrors(2, 'file_put_conten...', '/home/matt/publ...', 53, Array)
#1 /home/matt/public_html/Provins/core/kernel/Cache.php(53): file_put_contents('data/itinerarie...', 'CACHE MANIFEST\n...')
#2 /home/matt/public_html/Provins/core/kernel/Controllers.php(108): Cache::generate('court-famille-l...')
#3 [internal function]: Controllers::itineraryDownload()
#4 /home/matt/public_html/Provins/core/vendor/slim/slim/Slim/Route.php(462): call_user_func_array('Controllers::it...', Array)
#5 /home/matt/public_html/Provins/core/vendor/slim/slim/Slim/Slim.php(1326): Slim\Route->dispatch()
#6 /home/matt/public_html/Provins/core/vendor/slim/slim/Slim/Middleware/Flash.php(85): Slim\Slim->call()
#7 /home/matt/public_html/Provins/core/vendor/slim/slim/Slim/Middleware/MethodOverride.php(92): Slim\Middleware\Flash->call()
#8 /home/matt/public_html/Provins/core/vendor/slim/slim/Slim/Middleware/PrettyExceptions.php(67): Slim\Middleware\MethodOverride->call()
#9 /home/matt/public_html/Provins/core/vendor/slim/slim/Slim/Slim.php(1271): Slim\Middleware\PrettyExceptions->call()
#10 /home/matt/public_html/Provins/core/index.php(10): Slim\Slim->run()
#11 /home/matt/public_html/Provins/index.php(5): require_once('/home/matt/publ...')
#12 {main}
ERROR - 2015-01-20T21:08:20+07:00 - exception 'ErrorException' with message 'file_put_contents(data/itineraries/court-famille-la-petite-epopee/cache.manifest): failed to open stream: Permission non accordée' in /home/matt/public_html/Provins/core/kernel/Cache.php:53
Stack trace:
#0 [internal function]: Slim\Slim::handleErrors(2, 'file_put_conten...', '/home/matt/publ...', 53, Array)
#1 /home/matt/public_html/Provins/core/kernel/Cache.php(53): file_put_contents('data/itinerarie...', 'CACHE MANIFEST\n...')
#2 /home/matt/public_html/Provins/core/kernel/Controllers.php(108): Cache::generate('court-famille-l...')
#3 [internal function]: Controllers::itineraryDownload()
#4 /home/matt/public_html/Provins/core/vendor/slim/slim/Slim/Route.php(462): call_user_func_array('Controllers::it...', Array)
#5 /home/matt/public_html/Provins/core/vendor/slim/slim/Slim/Slim.php(1326): Slim\Route->dispatch()
#6 /home/matt/public_html/Provins/core/vendor/slim/slim/Slim/Middleware/Flash.php(85): Slim\Slim->call()
#7 /home/matt/public_html/Provins/core/vendor/slim/slim/Slim/Middleware/MethodOverride.php(92): Slim\Middleware\Flash->call()
#8 /home/matt/public_html/Provins/core/vendor/slim/slim/Slim/Middleware/PrettyExceptions.php(67): Slim\Middleware\MethodOverride->call()
#9 /home/matt/public_html/Provins/core/vendor/slim/slim/Slim/Slim.php(1271): Slim\Middleware\PrettyExceptions->call()
#10 /home/matt/public_html/Provins/core/index.php(10): Slim\Slim->run()
#11 /home/matt/public_html/Provins/index.php(5): require_once('/home/matt/publ...')
#12 {main}
ERROR - 2015-01-20T21:08:21+07:00 - exception 'ErrorException' with message 'file_put_contents(data/itineraries/court-famille-la-petite-epopee/cache.manifest): failed to open stream: Permission non accordée' in /home/matt/public_html/Provins/core/kernel/Cache.php:53
Stack trace:
#0 [internal function]: Slim\Slim::handleErrors(2, 'file_put_conten...', '/home/matt/publ...', 53, Array)
#1 /home/matt/public_html/Provins/core/kernel/Cache.php(53): file_put_contents('data/itinerarie...', 'CACHE MANIFEST\n...')
#2 /home/matt/public_html/Provins/core/kernel/Controllers.php(108): Cache::generate('court-famille-l...')
#3 [internal function]: Controllers::itineraryDownload()
#4 /home/matt/public_html/Provins/core/vendor/slim/slim/Slim/Route.php(462): call_user_func_array('Controllers::it...', Array)
#5 /home/matt/public_html/Provins/core/vendor/slim/slim/Slim/Slim.php(1326): Slim\Route->dispatch()
#6 /home/matt/public_html/Provins/core/vendor/slim/slim/Slim/Middleware/Flash.php(85): Slim\Slim->call()
#7 /home/matt/public_html/Provins/core/vendor/slim/slim/Slim/Middleware/MethodOverride.php(92): Slim\Middleware\Flash->call()
#8 /home/matt/public_html/Provins/core/vendor/slim/slim/Slim/Middleware/PrettyExceptions.php(67): Slim\Middleware\MethodOverride->call()
#9 /home/matt/public_html/Provins/core/vendor/slim/slim/Slim/Slim.php(1271): Slim\Middleware\PrettyExceptions->call()
#10 /home/matt/public_html/Provins/core/index.php(10): Slim\Slim->run()
#11 /home/matt/public_html/Provins/index.php(5): require_once('/home/matt/publ...')
#12 {main}
ERROR - 2015-01-20T21:08:31+07:00 - exception 'ErrorException' with message 'file_put_contents(data/itineraries/court-famille-la-petite-epopee/cache.manifest): failed to open stream: Permission non accordée' in /home/matt/public_html/Provins/core/kernel/Cache.php:53
Stack trace:
#0 [internal function]: Slim\Slim::handleErrors(2, 'file_put_conten...', '/home/matt/publ...', 53, Array)
#1 /home/matt/public_html/Provins/core/kernel/Cache.php(53): file_put_contents('data/itinerarie...', 'CACHE MANIFEST\n...')
#2 /home/matt/public_html/Provins/core/kernel/Controllers.php(108): Cache::generate('court-famille-l...')
#3 [internal function]: Controllers::itineraryDownload()
#4 /home/matt/public_html/Provins/core/vendor/slim/slim/Slim/Route.php(462): call_user_func_array('Controllers::it...', Array)
#5 /home/matt/public_html/Provins/core/vendor/slim/slim/Slim/Slim.php(1326): Slim\Route->dispatch()
#6 /home/matt/public_html/Provins/core/vendor/slim/slim/Slim/Middleware/Flash.php(85): Slim\Slim->call()
#7 /home/matt/public_html/Provins/core/vendor/slim/slim/Slim/Middleware/MethodOverride.php(92): Slim\Middleware\Flash->call()
#8 /home/matt/public_html/Provins/core/vendor/slim/slim/Slim/Middleware/PrettyExceptions.php(67): Slim\Middleware\MethodOverride->call()
#9 /home/matt/public_html/Provins/core/vendor/slim/slim/Slim/Slim.php(1271): Slim\Middleware\PrettyExceptions->call()
#10 /home/matt/public_html/Provins/core/index.php(10): Slim\Slim->run()
#11 /home/matt/public_html/Provins/index.php(5): require_once('/home/matt/publ...')
#12 {main}
ERROR - 2015-01-20T21:08:49+07:00 - exception 'ErrorException' with message 'file_put_contents(data/itineraries/court-famille-la-petite-epopee/cache.manifest): failed to open stream: Permission non accordée' in /home/matt/public_html/Provins/core/kernel/Cache.php:53
Stack trace:
#0 [internal function]: Slim\Slim::handleErrors(2, 'file_put_conten...', '/home/matt/publ...', 53, Array)
#1 /home/matt/public_html/Provins/core/kernel/Cache.php(53): file_put_contents('data/itinerarie...', 'CACHE MANIFEST\n...')
#2 /home/matt/public_html/Provins/core/kernel/Controllers.php(108): Cache::generate('court-famille-l...')
#3 [internal function]: Controllers::itineraryDownload()
#4 /home/matt/public_html/Provins/core/vendor/slim/slim/Slim/Route.php(462): call_user_func_array('Controllers::it...', Array)
#5 /home/matt/public_html/Provins/core/vendor/slim/slim/Slim/Slim.php(1326): Slim\Route->dispatch()
#6 /home/matt/public_html/Provins/core/vendor/slim/slim/Slim/Middleware/Flash.php(85): Slim\Slim->call()
#7 /home/matt/public_html/Provins/core/vendor/slim/slim/Slim/Middleware/MethodOverride.php(92): Slim\Middleware\Flash->call()
#8 /home/matt/public_html/Provins/core/vendor/slim/slim/Slim/Middleware/PrettyExceptions.php(67): Slim\Middleware\MethodOverride->call()
#9 /home/matt/public_html/Provins/core/vendor/slim/slim/Slim/Slim.php(1271): Slim\Middleware\PrettyExceptions->call()
#10 /home/matt/public_html/Provins/core/index.php(10): Slim\Slim->run()
#11 /home/matt/public_html/Provins/index.php(5): require_once('/home/matt/publ...')
#12 {main}
ERROR - 2015-01-20T21:09:17+07:00 - exception 'ErrorException' with message 'array_merge(): Argument #1 is not an array' in /home/matt/public_html/Provins/core/kernel/Data.php:66
Stack trace:
#0 [internal function]: Slim\Slim::handleErrors(2, 'array_merge(): ...', '/home/matt/publ...', 66, Array)
#1 /home/matt/public_html/Provins/core/kernel/Data.php(66): array_merge(NULL, Array)
#2 /home/matt/public_html/Provins/core/kernel/Controllers.php(149): Data::loadTranslated('itineraries/cou...')
#3 [internal function]: Controllers::itineraryStep('court-famille-l...', '03-grange-dimes')
#4 /home/matt/public_html/Provins/core/vendor/slim/slim/Slim/Route.php(462): call_user_func_array('Controllers::it...', Array)
#5 /home/matt/public_html/Provins/core/vendor/slim/slim/Slim/Slim.php(1326): Slim\Route->dispatch()
#6 /home/matt/public_html/Provins/core/vendor/slim/slim/Slim/Middleware/Flash.php(85): Slim\Slim->call()
#7 /home/matt/public_html/Provins/core/vendor/slim/slim/Slim/Middleware/MethodOverride.php(92): Slim\Middleware\Flash->call()
#8 /home/matt/public_html/Provins/core/vendor/slim/slim/Slim/Middleware/PrettyExceptions.php(67): Slim\Middleware\MethodOverride->call()
#9 /home/matt/public_html/Provins/core/vendor/slim/slim/Slim/Slim.php(1271): Slim\Middleware\PrettyExceptions->call()
#10 /home/matt/public_html/Provins/core/index.php(10): Slim\Slim->run()
#11 /home/matt/public_html/Provins/index.php(5): require_once('/home/matt/publ...')
#12 {main}
ERROR - 2015-01-20T21:09:33+07:00 - exception 'ErrorException' with message 'array_merge(): Argument #1 is not an array' in /home/matt/public_html/Provins/core/kernel/Data.php:66
Stack trace:
#0 [internal function]: Slim\Slim::handleErrors(2, 'array_merge(): ...', '/home/matt/publ...', 66, Array)
#1 /home/matt/public_html/Provins/core/kernel/Data.php(66): array_merge(NULL, Array)
#2 /home/matt/public_html/Provins/core/kernel/Controllers.php(149): Data::loadTranslated('itineraries/cou...')
#3 [internal function]: Controllers::itineraryStep('court-famille-l...', '03-grange-dimes')
#4 /home/matt/public_html/Provins/core/vendor/slim/slim/Slim/Route.php(462): call_user_func_array('Controllers::it...', Array)
#5 /home/matt/public_html/Provins/core/vendor/slim/slim/Slim/Slim.php(1326): Slim\Route->dispatch()
#6 /home/matt/public_html/Provins/core/vendor/slim/slim/Slim/Middleware/Flash.php(85): Slim\Slim->call()
#7 /home/matt/public_html/Provins/core/vendor/slim/slim/Slim/Middleware/MethodOverride.php(92): Slim\Middleware\Flash->call()
#8 /home/matt/public_html/Provins/core/vendor/slim/slim/Slim/Middleware/PrettyExceptions.php(67): Slim\Middleware\MethodOverride->call()
#9 /home/matt/public_html/Provins/core/vendor/slim/slim/Slim/Slim.php(1271): Slim\Middleware\PrettyExceptions->call()
#10 /home/matt/public_html/Provins/core/index.php(10): Slim\Slim->run()
#11 /home/matt/public_html/Provins/index.php(5): require_once('/home/matt/publ...')
#12 {main}
ERROR - 2015-01-20T21:10:39+07:00 - exception 'ErrorException' with message 'array_merge(): Argument #1 is not an array' in /home/matt/public_html/Provins/core/kernel/Data.php:67
Stack trace:
#0 [internal function]: Slim\Slim::handleErrors(2, 'array_merge(): ...', '/home/matt/publ...', 67, Array)
#1 /home/matt/public_html/Provins/core/kernel/Data.php(67): array_merge(NULL, Array)
#2 /home/matt/public_html/Provins/core/kernel/Controllers.php(149): Data::loadTranslated('itineraries/cou...')
#3 [internal function]: Controllers::itineraryStep('court-famille-l...', '03-grange-dimes')
#4 /home/matt/public_html/Provins/core/vendor/slim/slim/Slim/Route.php(462): call_user_func_array('Controllers::it...', Array)
#5 /home/matt/public_html/Provins/core/vendor/slim/slim/Slim/Slim.php(1326): Slim\Route->dispatch()
#6 /home/matt/public_html/Provins/core/vendor/slim/slim/Slim/Middleware/Flash.php(85): Slim\Slim->call()
#7 /home/matt/public_html/Provins/core/vendor/slim/slim/Slim/Middleware/MethodOverride.php(92): Slim\Middleware\Flash->call()
#8 /home/matt/public_html/Provins/core/vendor/slim/slim/Slim/Middleware/PrettyExceptions.php(67): Slim\Middleware\MethodOverride->call()
#9 /home/matt/public_html/Provins/core/vendor/slim/slim/Slim/Slim.php(1271): Slim\Middleware\PrettyExceptions->call()
#10 /home/matt/public_html/Provins/core/index.php(10): Slim\Slim->run()
#11 /home/matt/public_html/Provins/index.php(5): require_once('/home/matt/publ...')
#12 {main}
ERROR - 2015-01-20T21:10:40+07:00 - exception 'ErrorException' with message 'array_merge(): Argument #1 is not an array' in /home/matt/public_html/Provins/core/kernel/Data.php:67
Stack trace:
#0 [internal function]: Slim\Slim::handleErrors(2, 'array_merge(): ...', '/home/matt/publ...', 67, Array)
#1 /home/matt/public_html/Provins/core/kernel/Data.php(67): array_merge(NULL, Array)
#2 /home/matt/public_html/Provins/core/kernel/Controllers.php(149): Data::loadTranslated('itineraries/cou...')
#3 [internal function]: Controllers::itineraryStep('court-famille-l...', '03-grange-dimes')
#4 /home/matt/public_html/Provins/core/vendor/slim/slim/Slim/Route.php(462): call_user_func_array('Controllers::it...', Array)
#5 /home/matt/public_html/Provins/core/vendor/slim/slim/Slim/Slim.php(1326): Slim\Route->dispatch()
#6 /home/matt/public_html/Provins/core/vendor/slim/slim/Slim/Middleware/Flash.php(85): Slim\Slim->call()
#7 /home/matt/public_html/Provins/core/vendor/slim/slim/Slim/Middleware/MethodOverride.php(92): Slim\Middleware\Flash->call()
#8 /home/matt/public_html/Provins/core/vendor/slim/slim/Slim/Middleware/PrettyExceptions.php(67): Slim\Middleware\MethodOverride->call()
#9 /home/matt/public_html/Provins/core/vendor/slim/slim/Slim/Slim.php(1271): Slim\Middleware\PrettyExceptions->call()
#10 /home/matt/public_html/Provins/core/index.php(10): Slim\Slim->run()
#11 /home/matt/public_html/Provins/index.php(5): require_once('/home/matt/publ...')
#12 {main}
ERROR - 2015-01-20T21:10:48+07:00 - exception 'ErrorException' with message 'array_merge(): Argument #1 is not an array' in /home/matt/public_html/Provins/core/kernel/Data.php:68
Stack trace:
#0 [internal function]: Slim\Slim::handleErrors(2, 'array_merge(): ...', '/home/matt/publ...', 68, Array)
#1 /home/matt/public_html/Provins/core/kernel/Data.php(68): array_merge(NULL, Array)
#2 /home/matt/public_html/Provins/core/kernel/Controllers.php(149): Data::loadTranslated('itineraries/cou...')
#3 [internal function]: Controllers::itineraryStep('court-famille-l...', '03-grange-dimes')
#4 /home/matt/public_html/Provins/core/vendor/slim/slim/Slim/Route.php(462): call_user_func_array('Controllers::it...', Array)
#5 /home/matt/public_html/Provins/core/vendor/slim/slim/Slim/Slim.php(1326): Slim\Route->dispatch()
#6 /home/matt/public_html/Provins/core/vendor/slim/slim/Slim/Middleware/Flash.php(85): Slim\Slim->call()
#7 /home/matt/public_html/Provins/core/vendor/slim/slim/Slim/Middleware/MethodOverride.php(92): Slim\Middleware\Flash->call()
#8 /home/matt/public_html/Provins/core/vendor/slim/slim/Slim/Middleware/PrettyExceptions.php(67): Slim\Middleware\MethodOverride->call()
#9 /home/matt/public_html/Provins/core/vendor/slim/slim/Slim/Slim.php(1271): Slim\Middleware\PrettyExceptions->call()
#10 /home/matt/public_html/Provins/core/index.php(10): Slim\Slim->run()
#11 /home/matt/public_html/Provins/index.php(5): require_once('/home/matt/publ...')
#12 {main}
ERROR - 2015-01-20T21:11:54+07:00 - exception 'ErrorException' with message 'array_merge(): Argument #1 is not an array' in /home/matt/public_html/Provins/core/kernel/Data.php:68
Stack trace:
#0 [internal function]: Slim\Slim::handleErrors(2, 'array_merge(): ...', '/home/matt/publ...', 68, Array)
#1 /home/matt/public_html/Provins/core/kernel/Data.php(68): array_merge(NULL, Array)
#2 /home/matt/public_html/Provins/core/kernel/Controllers.php(149): Data::loadTranslated('itineraries/cou...')
#3 [internal function]: Controllers::itineraryStep('court-famille-l...', '03-grange-dimes')
#4 /home/matt/public_html/Provins/core/vendor/slim/slim/Slim/Route.php(462): call_user_func_array('Controllers::it...', Array)
#5 /home/matt/public_html/Provins/core/vendor/slim/slim/Slim/Slim.php(1326): Slim\Route->dispatch()
#6 /home/matt/public_html/Provins/core/vendor/slim/slim/Slim/Middleware/Flash.php(85): Slim\Slim->call()
#7 /home/matt/public_html/Provins/core/vendor/slim/slim/Slim/Middleware/MethodOverride.php(92): Slim\Middleware\Flash->call()
#8 /home/matt/public_html/Provins/core/vendor/slim/slim/Slim/Middleware/PrettyExceptions.php(67): Slim\Middleware\MethodOverride->call()
#9 /home/matt/public_html/Provins/core/vendor/slim/slim/Slim/Slim.php(1271): Slim\Middleware\PrettyExceptions->call()
#10 /home/matt/public_html/Provins/core/index.php(10): Slim\Slim->run()
#11 /home/matt/public_html/Provins/index.php(5): require_once('/home/matt/publ...')
#12 {main}
ERROR - 2015-01-20T21:12:42+07:00 - exception 'ErrorException' with message 'array_merge(): Argument #1 is not an array' in /home/matt/public_html/Provins/core/kernel/Data.php:69
Stack trace:
#0 [internal function]: Slim\Slim::handleErrors(2, 'array_merge(): ...', '/home/matt/publ...', 69, Array)
#1 /home/matt/public_html/Provins/core/kernel/Data.php(69): array_merge(NULL, Array)
#2 /home/matt/public_html/Provins/core/kernel/Controllers.php(149): Data::loadTranslated('itineraries/cou...')
#3 [internal function]: Controllers::itineraryStep('court-famille-l...', '03-grange-dimes')
#4 /home/matt/public_html/Provins/core/vendor/slim/slim/Slim/Route.php(462): call_user_func_array('Controllers::it...', Array)
#5 /home/matt/public_html/Provins/core/vendor/slim/slim/Slim/Slim.php(1326): Slim\Route->dispatch()
#6 /home/matt/public_html/Provins/core/vendor/slim/slim/Slim/Middleware/Flash.php(85): Slim\Slim->call()
#7 /home/matt/public_html/Provins/core/vendor/slim/slim/Slim/Middleware/MethodOverride.php(92): Slim\Middleware\Flash->call()
#8 /home/matt/public_html/Provins/core/vendor/slim/slim/Slim/Middleware/PrettyExceptions.php(67): Slim\Middleware\MethodOverride->call()
#9 /home/matt/public_html/Provins/core/vendor/slim/slim/Slim/Slim.php(1271): Slim\Middleware\PrettyExceptions->call()
#10 /home/matt/public_html/Provins/core/index.php(10): Slim\Slim->run()
#11 /home/matt/public_html/Provins/index.php(5): require_once('/home/matt/publ...')
#12 {main}
ERROR - 2015-01-20T21:13:54+07:00 - exception 'ErrorException' with message 'array_merge(): Argument #1 is not an array' in /home/matt/public_html/Provins/core/kernel/Data.php:68
Stack trace:
#0 [internal function]: Slim\Slim::handleErrors(2, 'array_merge(): ...', '/home/matt/publ...', 68, Array)
#1 /home/matt/public_html/Provins/core/kernel/Data.php(68): array_merge(NULL, Array)
#2 /home/matt/public_html/Provins/core/kernel/Controllers.php(149): Data::loadTranslated('itineraries/cou...')
#3 [internal function]: Controllers::itineraryStep('court-famille-l...', '03-grange-dimes')
#4 /home/matt/public_html/Provins/core/vendor/slim/slim/Slim/Route.php(462): call_user_func_array('Controllers::it...', Array)
#5 /home/matt/public_html/Provins/core/vendor/slim/slim/Slim/Slim.php(1326): Slim\Route->dispatch()
#6 /home/matt/public_html/Provins/core/vendor/slim/slim/Slim/Middleware/Flash.php(85): Slim\Slim->call()
#7 /home/matt/public_html/Provins/core/vendor/slim/slim/Slim/Middleware/MethodOverride.php(92): Slim\Middleware\Flash->call()
#8 /home/matt/public_html/Provins/core/vendor/slim/slim/Slim/Middleware/PrettyExceptions.php(67): Slim\Middleware\MethodOverride->call()
#9 /home/matt/public_html/Provins/core/vendor/slim/slim/Slim/Slim.php(1271): Slim\Middleware\PrettyExceptions->call()
#10 /home/matt/public_html/Provins/core/index.php(10): Slim\Slim->run()
#11 /home/matt/public_html/Provins/index.php(5): require_once('/home/matt/publ...')
#12 {main}
ERROR - 2015-01-20T21:13:55+07:00 - exception 'ErrorException' with message 'array_merge(): Argument #1 is not an array' in /home/matt/public_html/Provins/core/kernel/Data.php:68
Stack trace:
#0 [internal function]: Slim\Slim::handleErrors(2, 'array_merge(): ...', '/home/matt/publ...', 68, Array)
#1 /home/matt/public_html/Provins/core/kernel/Data.php(68): array_merge(NULL, Array)
#2 /home/matt/public_html/Provins/core/kernel/Controllers.php(149): Data::loadTranslated('itineraries/cou...')
#3 [internal function]: Controllers::itineraryStep('court-famille-l...', '03-grange-dimes')
#4 /home/matt/public_html/Provins/core/vendor/slim/slim/Slim/Route.php(462): call_user_func_array('Controllers::it...', Array)
#5 /home/matt/public_html/Provins/core/vendor/slim/slim/Slim/Slim.php(1326): Slim\Route->dispatch()
#6 /home/matt/public_html/Provins/core/vendor/slim/slim/Slim/Middleware/Flash.php(85): Slim\Slim->call()
#7 /home/matt/public_html/Provins/core/vendor/slim/slim/Slim/Middleware/MethodOverride.php(92): Slim\Middleware\Flash->call()
#8 /home/matt/public_html/Provins/core/vendor/slim/slim/Slim/Middleware/PrettyExceptions.php(67): Slim\Middleware\MethodOverride->call()
#9 /home/matt/public_html/Provins/core/vendor/slim/slim/Slim/Slim.php(1271): Slim\Middleware\PrettyExceptions->call()
#10 /home/matt/public_html/Provins/core/index.php(10): Slim\Slim->run()
#11 /home/matt/public_html/Provins/index.php(5): require_once('/home/matt/publ...')
#12 {main}
ERROR - 2015-01-20T21:14:09+07:00 - exception 'ErrorException' with message 'array_merge(): Argument #1 is not an array' in /home/matt/public_html/Provins/core/kernel/Data.php:68
Stack trace:
#0 [internal function]: Slim\Slim::handleErrors(2, 'array_merge(): ...', '/home/matt/publ...', 68, Array)
#1 /home/matt/public_html/Provins/core/kernel/Data.php(68): array_merge(NULL, Array)
#2 /home/matt/public_html/Provins/core/kernel/Controllers.php(149): Data::loadTranslated('itineraries/cou...')
#3 [internal function]: Controllers::itineraryStep('court-famille-l...', '03-grange-dimes')
#4 /home/matt/public_html/Provins/core/vendor/slim/slim/Slim/Route.php(462): call_user_func_array('Controllers::it...', Array)
#5 /home/matt/public_html/Provins/core/vendor/slim/slim/Slim/Slim.php(1326): Slim\Route->dispatch()
#6 /home/matt/public_html/Provins/core/vendor/slim/slim/Slim/Middleware/Flash.php(85): Slim\Slim->call()
#7 /home/matt/public_html/Provins/core/vendor/slim/slim/Slim/Middleware/MethodOverride.php(92): Slim\Middleware\Flash->call()
#8 /home/matt/public_html/Provins/core/vendor/slim/slim/Slim/Middleware/PrettyExceptions.php(67): Slim\Middleware\MethodOverride->call()
#9 /home/matt/public_html/Provins/core/vendor/slim/slim/Slim/Slim.php(1271): Slim\Middleware\PrettyExceptions->call()
#10 /home/matt/public_html/Provins/core/index.php(10): Slim\Slim->run()
#11 /home/matt/public_html/Provins/index.php(5): require_once('/home/matt/publ...')
#12 {main}
