ERROR - 2015-01-19T17:04:56+07:00 - exception 'ErrorException' with message 'file_get_contents(data/itineraries/Porc-Épic/contents.json): failed to open stream: Aucun fichier ou dossier de ce type' in /home/matt/public_html/Provins/core/kernel/Data.php:22
Stack trace:
#0 [internal function]: Slim\Slim::handleErrors(2, 'file_get_conten...', '/home/matt/publ...', 22, Array)
#1 /home/matt/public_html/Provins/core/kernel/Data.php(22): file_get_contents('data/itinerarie...')
#2 /home/matt/public_html/Provins/core/kernel/Controllers.php(117): Data::load('itineraries/Por...')
#3 [internal function]: Controllers::itineraryStep('Porc-\xC3\x89pic', 'first-steps')
#4 /home/matt/public_html/Provins/core/vendor/slim/slim/Slim/Route.php(462): call_user_func_array('Controllers::it...', Array)
#5 /home/matt/public_html/Provins/core/vendor/slim/slim/Slim/Slim.php(1326): Slim\Route->dispatch()
#6 /home/matt/public_html/Provins/core/vendor/slim/slim/Slim/Middleware/Flash.php(85): Slim\Slim->call()
#7 /home/matt/public_html/Provins/core/vendor/slim/slim/Slim/Middleware/MethodOverride.php(92): Slim\Middleware\Flash->call()
#8 /home/matt/public_html/Provins/core/vendor/slim/slim/Slim/Middleware/PrettyExceptions.php(67): Slim\Middleware\MethodOverride->call()
#9 /home/matt/public_html/Provins/core/vendor/slim/slim/Slim/Slim.php(1271): Slim\Middleware\PrettyExceptions->call()
#10 /home/matt/public_html/Provins/core/index.php(10): Slim\Slim->run()
#11 /home/matt/public_html/Provins/index.php(5): require_once('/home/matt/publ...')
#12 {main}
ERROR - 2015-01-19T17:04:56+07:00 - exception 'ErrorException' with message 'file_get_contents(data/itineraries/Porc-Épic/contents.json): failed to open stream: Aucun fichier ou dossier de ce type' in /home/matt/public_html/Provins/core/kernel/Data.php:22
Stack trace:
#0 [internal function]: Slim\Slim::handleErrors(2, 'file_get_conten...', '/home/matt/publ...', 22, Array)
#1 /home/matt/public_html/Provins/core/kernel/Data.php(22): file_get_contents('data/itinerarie...')
#2 /home/matt/public_html/Provins/core/kernel/Controllers.php(117): Data::load('itineraries/Por...')
#3 [internal function]: Controllers::itineraryStep('Porc-\xC3\x89pic', 'first-steps')
#4 /home/matt/public_html/Provins/core/vendor/slim/slim/Slim/Route.php(462): call_user_func_array('Controllers::it...', Array)
#5 /home/matt/public_html/Provins/core/vendor/slim/slim/Slim/Slim.php(1326): Slim\Route->dispatch()
#6 /home/matt/public_html/Provins/core/vendor/slim/slim/Slim/Middleware/Flash.php(85): Slim\Slim->call()
#7 /home/matt/public_html/Provins/core/vendor/slim/slim/Slim/Middleware/MethodOverride.php(92): Slim\Middleware\Flash->call()
#8 /home/matt/public_html/Provins/core/vendor/slim/slim/Slim/Middleware/PrettyExceptions.php(67): Slim\Middleware\MethodOverride->call()
#9 /home/matt/public_html/Provins/core/vendor/slim/slim/Slim/Slim.php(1271): Slim\Middleware\PrettyExceptions->call()
#10 /home/matt/public_html/Provins/core/index.php(10): Slim\Slim->run()
#11 /home/matt/public_html/Provins/index.php(5): require_once('/home/matt/publ...')
#12 {main}
ERROR - 2015-01-19T17:04:57+07:00 - exception 'ErrorException' with message 'file_get_contents(data/itineraries/Porc-Épic/contents.json): failed to open stream: Aucun fichier ou dossier de ce type' in /home/matt/public_html/Provins/core/kernel/Data.php:22
Stack trace:
#0 [internal function]: Slim\Slim::handleErrors(2, 'file_get_conten...', '/home/matt/publ...', 22, Array)
#1 /home/matt/public_html/Provins/core/kernel/Data.php(22): file_get_contents('data/itinerarie...')
#2 /home/matt/public_html/Provins/core/kernel/Controllers.php(117): Data::load('itineraries/Por...')
#3 [internal function]: Controllers::itineraryStep('Porc-\xC3\x89pic', 'first-steps')
#4 /home/matt/public_html/Provins/core/vendor/slim/slim/Slim/Route.php(462): call_user_func_array('Controllers::it...', Array)
#5 /home/matt/public_html/Provins/core/vendor/slim/slim/Slim/Slim.php(1326): Slim\Route->dispatch()
#6 /home/matt/public_html/Provins/core/vendor/slim/slim/Slim/Middleware/Flash.php(85): Slim\Slim->call()
#7 /home/matt/public_html/Provins/core/vendor/slim/slim/Slim/Middleware/MethodOverride.php(92): Slim\Middleware\Flash->call()
#8 /home/matt/public_html/Provins/core/vendor/slim/slim/Slim/Middleware/PrettyExceptions.php(67): Slim\Middleware\MethodOverride->call()
#9 /home/matt/public_html/Provins/core/vendor/slim/slim/Slim/Slim.php(1271): Slim\Middleware\PrettyExceptions->call()
#10 /home/matt/public_html/Provins/core/index.php(10): Slim\Slim->run()
#11 /home/matt/public_html/Provins/index.php(5): require_once('/home/matt/publ...')
#12 {main}
ERROR - 2015-01-19T17:04:57+07:00 - exception 'ErrorException' with message 'file_get_contents(data/itineraries/Porc-Épic/contents.json): failed to open stream: Aucun fichier ou dossier de ce type' in /home/matt/public_html/Provins/core/kernel/Data.php:22
Stack trace:
#0 [internal function]: Slim\Slim::handleErrors(2, 'file_get_conten...', '/home/matt/publ...', 22, Array)
#1 /home/matt/public_html/Provins/core/kernel/Data.php(22): file_get_contents('data/itinerarie...')
#2 /home/matt/public_html/Provins/core/kernel/Controllers.php(117): Data::load('itineraries/Por...')
#3 [internal function]: Controllers::itineraryStep('Porc-\xC3\x89pic', 'first-steps')
#4 /home/matt/public_html/Provins/core/vendor/slim/slim/Slim/Route.php(462): call_user_func_array('Controllers::it...', Array)
#5 /home/matt/public_html/Provins/core/vendor/slim/slim/Slim/Slim.php(1326): Slim\Route->dispatch()
#6 /home/matt/public_html/Provins/core/vendor/slim/slim/Slim/Middleware/Flash.php(85): Slim\Slim->call()
#7 /home/matt/public_html/Provins/core/vendor/slim/slim/Slim/Middleware/MethodOverride.php(92): Slim\Middleware\Flash->call()
#8 /home/matt/public_html/Provins/core/vendor/slim/slim/Slim/Middleware/PrettyExceptions.php(67): Slim\Middleware\MethodOverride->call()
#9 /home/matt/public_html/Provins/core/vendor/slim/slim/Slim/Slim.php(1271): Slim\Middleware\PrettyExceptions->call()
#10 /home/matt/public_html/Provins/core/index.php(10): Slim\Slim->run()
#11 /home/matt/public_html/Provins/index.php(5): require_once('/home/matt/publ...')
#12 {main}
ERROR - 2015-01-19T17:04:59+07:00 - exception 'ErrorException' with message 'file_get_contents(data/itineraries/Porc-Épic/contents.json): failed to open stream: Aucun fichier ou dossier de ce type' in /home/matt/public_html/Provins/core/kernel/Data.php:22
Stack trace:
#0 [internal function]: Slim\Slim::handleErrors(2, 'file_get_conten...', '/home/matt/publ...', 22, Array)
#1 /home/matt/public_html/Provins/core/kernel/Data.php(22): file_get_contents('data/itinerarie...')
#2 /home/matt/public_html/Provins/core/kernel/Controllers.php(117): Data::load('itineraries/Por...')
#3 [internal function]: Controllers::itineraryStep('Porc-\xC3\x89pic', 'first-step')
#4 /home/matt/public_html/Provins/core/vendor/slim/slim/Slim/Route.php(462): call_user_func_array('Controllers::it...', Array)
#5 /home/matt/public_html/Provins/core/vendor/slim/slim/Slim/Slim.php(1326): Slim\Route->dispatch()
#6 /home/matt/public_html/Provins/core/vendor/slim/slim/Slim/Middleware/Flash.php(85): Slim\Slim->call()
#7 /home/matt/public_html/Provins/core/vendor/slim/slim/Slim/Middleware/MethodOverride.php(92): Slim\Middleware\Flash->call()
#8 /home/matt/public_html/Provins/core/vendor/slim/slim/Slim/Middleware/PrettyExceptions.php(67): Slim\Middleware\MethodOverride->call()
#9 /home/matt/public_html/Provins/core/vendor/slim/slim/Slim/Slim.php(1271): Slim\Middleware\PrettyExceptions->call()
#10 /home/matt/public_html/Provins/core/index.php(10): Slim\Slim->run()
#11 /home/matt/public_html/Provins/index.php(5): require_once('/home/matt/publ...')
#12 {main}
ERROR - 2015-01-19T17:05:00+07:00 - exception 'ErrorException' with message 'file_get_contents(data/itineraries/Porc-Épic/contents.json): failed to open stream: Aucun fichier ou dossier de ce type' in /home/matt/public_html/Provins/core/kernel/Data.php:22
Stack trace:
#0 [internal function]: Slim\Slim::handleErrors(2, 'file_get_conten...', '/home/matt/publ...', 22, Array)
#1 /home/matt/public_html/Provins/core/kernel/Data.php(22): file_get_contents('data/itinerarie...')
#2 /home/matt/public_html/Provins/core/kernel/Controllers.php(117): Data::load('itineraries/Por...')
#3 [internal function]: Controllers::itineraryStep('Porc-\xC3\x89pic', 'first-steps')
#4 /home/matt/public_html/Provins/core/vendor/slim/slim/Slim/Route.php(462): call_user_func_array('Controllers::it...', Array)
#5 /home/matt/public_html/Provins/core/vendor/slim/slim/Slim/Slim.php(1326): Slim\Route->dispatch()
#6 /home/matt/public_html/Provins/core/vendor/slim/slim/Slim/Middleware/Flash.php(85): Slim\Slim->call()
#7 /home/matt/public_html/Provins/core/vendor/slim/slim/Slim/Middleware/MethodOverride.php(92): Slim\Middleware\Flash->call()
#8 /home/matt/public_html/Provins/core/vendor/slim/slim/Slim/Middleware/PrettyExceptions.php(67): Slim\Middleware\MethodOverride->call()
#9 /home/matt/public_html/Provins/core/vendor/slim/slim/Slim/Slim.php(1271): Slim\Middleware\PrettyExceptions->call()
#10 /home/matt/public_html/Provins/core/index.php(10): Slim\Slim->run()
#11 /home/matt/public_html/Provins/index.php(5): require_once('/home/matt/publ...')
#12 {main}
ERROR - 2015-01-19T17:05:12+07:00 - exception 'ErrorException' with message 'file_get_contents(data/itineraries/Porc-Épic/contents.json): failed to open stream: Aucun fichier ou dossier de ce type' in /home/matt/public_html/Provins/core/kernel/Data.php:22
Stack trace:
#0 [internal function]: Slim\Slim::handleErrors(2, 'file_get_conten...', '/home/matt/publ...', 22, Array)
#1 /home/matt/public_html/Provins/core/kernel/Data.php(22): file_get_contents('data/itinerarie...')
#2 /home/matt/public_html/Provins/core/kernel/Controllers.php(117): Data::load('itineraries/Por...')
#3 [internal function]: Controllers::itineraryStep('Porc-\xC3\x89pic', 'first-steps')
#4 /home/matt/public_html/Provins/core/vendor/slim/slim/Slim/Route.php(462): call_user_func_array('Controllers::it...', Array)
#5 /home/matt/public_html/Provins/core/vendor/slim/slim/Slim/Slim.php(1326): Slim\Route->dispatch()
#6 /home/matt/public_html/Provins/core/vendor/slim/slim/Slim/Middleware/Flash.php(85): Slim\Slim->call()
#7 /home/matt/public_html/Provins/core/vendor/slim/slim/Slim/Middleware/MethodOverride.php(92): Slim\Middleware\Flash->call()
#8 /home/matt/public_html/Provins/core/vendor/slim/slim/Slim/Middleware/PrettyExceptions.php(67): Slim\Middleware\MethodOverride->call()
#9 /home/matt/public_html/Provins/core/vendor/slim/slim/Slim/Slim.php(1271): Slim\Middleware\PrettyExceptions->call()
#10 /home/matt/public_html/Provins/core/index.php(10): Slim\Slim->run()
#11 /home/matt/public_html/Provins/index.php(5): require_once('/home/matt/publ...')
#12 {main}
ERROR - 2015-01-19T17:07:19+07:00 - exception 'ErrorException' with message 'file_get_contents(data/itineraries/Porc-Épic/contents.json): failed to open stream: Aucun fichier ou dossier de ce type' in /home/matt/public_html/Provins/core/kernel/Data.php:22
Stack trace:
#0 [internal function]: Slim\Slim::handleErrors(2, 'file_get_conten...', '/home/matt/publ...', 22, Array)
#1 /home/matt/public_html/Provins/core/kernel/Data.php(22): file_get_contents('data/itinerarie...')
#2 /home/matt/public_html/Provins/core/kernel/Controllers.php(117): Data::load('itineraries/Por...')
#3 [internal function]: Controllers::itineraryStep('Porc-\xC3\x89pic', 'first-steps')
#4 /home/matt/public_html/Provins/core/vendor/slim/slim/Slim/Route.php(462): call_user_func_array('Controllers::it...', Array)
#5 /home/matt/public_html/Provins/core/vendor/slim/slim/Slim/Slim.php(1326): Slim\Route->dispatch()
#6 /home/matt/public_html/Provins/core/vendor/slim/slim/Slim/Middleware/Flash.php(85): Slim\Slim->call()
#7 /home/matt/public_html/Provins/core/vendor/slim/slim/Slim/Middleware/MethodOverride.php(92): Slim\Middleware\Flash->call()
#8 /home/matt/public_html/Provins/core/vendor/slim/slim/Slim/Middleware/PrettyExceptions.php(67): Slim\Middleware\MethodOverride->call()
#9 /home/matt/public_html/Provins/core/vendor/slim/slim/Slim/Slim.php(1271): Slim\Middleware\PrettyExceptions->call()
#10 /home/matt/public_html/Provins/core/index.php(10): Slim\Slim->run()
#11 /home/matt/public_html/Provins/index.php(5): require_once('/home/matt/publ...')
#12 {main}
ERROR - 2015-01-19T17:18:33+07:00 - exception 'ErrorException' with message 'Array to string conversion' in /home/matt/public_html/Provins/core/views_cache/9d/29/37688ea804e2afe2d53f0843dc731699e653f630eff2c2222c5625b1eeca.php:31
Stack trace:
#0 /home/matt/public_html/Provins/core/views_cache/9d/29/37688ea804e2afe2d53f0843dc731699e653f630eff2c2222c5625b1eeca.php(31): Slim\Slim::handleErrors(8, 'Array to string...', '/home/matt/publ...', 31, Array)
#1 /home/matt/public_html/Provins/core/vendor/twig/twig/lib/Twig/Template.php(144): __TwigTemplate_9d2937688ea804e2afe2d53f0843dc731699e653f630eff2c2222c5625b1eeca->block_section(Array, Array)
#2 /home/matt/public_html/Provins/core/views_cache/0a/4c/bd615aee27a81e830cf3cc4c42a408d359db12c32467ff3e202def5f8ad1.php(66): Twig_Template->displayBlock('section', Array, Array)
#3 /home/matt/public_html/Provins/core/vendor/twig/twig/lib/Twig/Template.php(279): __TwigTemplate_0a4cbd615aee27a81e830cf3cc4c42a408d359db12c32467ff3e202def5f8ad1->doDisplay(Array, Array)
#4 /home/matt/public_html/Provins/core/vendor/twig/twig/lib/Twig/Template.php(253): Twig_Template->displayWithErrorHandling(Array, Array)
#5 /home/matt/public_html/Provins/core/views_cache/9d/29/37688ea804e2afe2d53f0843dc731699e653f630eff2c2222c5625b1eeca.php(24): Twig_Template->display(Array, Array)
#6 /home/matt/public_html/Provins/core/vendor/twig/twig/lib/Twig/Template.php(279): __TwigTemplate_9d2937688ea804e2afe2d53f0843dc731699e653f630eff2c2222c5625b1eeca->doDisplay(Array, Array)
#7 /home/matt/public_html/Provins/core/vendor/twig/twig/lib/Twig/Template.php(253): Twig_Template->displayWithErrorHandling(Array, Array)
#8 /home/matt/public_html/Provins/core/vendor/twig/twig/lib/Twig/Template.php(264): Twig_Template->display(Array)
#9 /home/matt/public_html/Provins/core/vendor/slim/views/Slim/Views/Twig.php(91): Twig_Template->render(Array)
#10 /home/matt/public_html/Provins/core/vendor/slim/slim/Slim/View.php(255): Slim\Views\Twig->render('itinerary-step....', NULL)
#11 /home/matt/public_html/Provins/core/vendor/slim/slim/Slim/View.php(243): Slim\View->fetch('itinerary-step....', NULL)
#12 /home/matt/public_html/Provins/core/vendor/slim/slim/Slim/Slim.php(757): Slim\View->display('itinerary-step....')
#13 /home/matt/public_html/Provins/core/kernel/View.php(73): Slim\Slim->render('itinerary-step....')
#14 /home/matt/public_html/Provins/core/kernel/Controllers.php(148): View::render('\xC3\x89tape', 'itinerary-step', Array)
#15 [internal function]: Controllers::itineraryStep('porc-epic', 'first-steps')
#16 /home/matt/public_html/Provins/core/vendor/slim/slim/Slim/Route.php(462): call_user_func_array('Controllers::it...', Array)
#17 /home/matt/public_html/Provins/core/vendor/slim/slim/Slim/Slim.php(1326): Slim\Route->dispatch()
#18 /home/matt/public_html/Provins/core/vendor/slim/slim/Slim/Middleware/Flash.php(85): Slim\Slim->call()
#19 /home/matt/public_html/Provins/core/vendor/slim/slim/Slim/Middleware/MethodOverride.php(92): Slim\Middleware\Flash->call()
#20 /home/matt/public_html/Provins/core/vendor/slim/slim/Slim/Middleware/PrettyExceptions.php(67): Slim\Middleware\MethodOverride->call()
#21 /home/matt/public_html/Provins/core/vendor/slim/slim/Slim/Slim.php(1271): Slim\Middleware\PrettyExceptions->call()
#22 /home/matt/public_html/Provins/core/index.php(10): Slim\Slim->run()
#23 /home/matt/public_html/Provins/index.php(5): require_once('/home/matt/publ...')
#24 {main}

Next exception 'Twig_Error_Runtime' with message 'An exception has been thrown during the rendering of a template ("Array to string conversion") in "itinerary-step.twig" at line 5.' in /home/matt/public_html/Provins/core/vendor/twig/twig/lib/Twig/Template.php:148
Stack trace:
#0 /home/matt/public_html/Provins/core/views_cache/0a/4c/bd615aee27a81e830cf3cc4c42a408d359db12c32467ff3e202def5f8ad1.php(66): Twig_Template->displayBlock('section', Array, Array)
#1 /home/matt/public_html/Provins/core/vendor/twig/twig/lib/Twig/Template.php(279): __TwigTemplate_0a4cbd615aee27a81e830cf3cc4c42a408d359db12c32467ff3e202def5f8ad1->doDisplay(Array, Array)
#2 /home/matt/public_html/Provins/core/vendor/twig/twig/lib/Twig/Template.php(253): Twig_Template->displayWithErrorHandling(Array, Array)
#3 /home/matt/public_html/Provins/core/views_cache/9d/29/37688ea804e2afe2d53f0843dc731699e653f630eff2c2222c5625b1eeca.php(24): Twig_Template->display(Array, Array)
#4 /home/matt/public_html/Provins/core/vendor/twig/twig/lib/Twig/Template.php(279): __TwigTemplate_9d2937688ea804e2afe2d53f0843dc731699e653f630eff2c2222c5625b1eeca->doDisplay(Array, Array)
#5 /home/matt/public_html/Provins/core/vendor/twig/twig/lib/Twig/Template.php(253): Twig_Template->displayWithErrorHandling(Array, Array)
#6 /home/matt/public_html/Provins/core/vendor/twig/twig/lib/Twig/Template.php(264): Twig_Template->display(Array)
#7 /home/matt/public_html/Provins/core/vendor/slim/views/Slim/Views/Twig.php(91): Twig_Template->render(Array)
#8 /home/matt/public_html/Provins/core/vendor/slim/slim/Slim/View.php(255): Slim\Views\Twig->render('itinerary-step....', NULL)
#9 /home/matt/public_html/Provins/core/vendor/slim/slim/Slim/View.php(243): Slim\View->fetch('itinerary-step....', NULL)
#10 /home/matt/public_html/Provins/core/vendor/slim/slim/Slim/Slim.php(757): Slim\View->display('itinerary-step....')
#11 /home/matt/public_html/Provins/core/kernel/View.php(73): Slim\Slim->render('itinerary-step....')
#12 /home/matt/public_html/Provins/core/kernel/Controllers.php(148): View::render('\xC3\x89tape', 'itinerary-step', Array)
#13 [internal function]: Controllers::itineraryStep('porc-epic', 'first-steps')
#14 /home/matt/public_html/Provins/core/vendor/slim/slim/Slim/Route.php(462): call_user_func_array('Controllers::it...', Array)
#15 /home/matt/public_html/Provins/core/vendor/slim/slim/Slim/Slim.php(1326): Slim\Route->dispatch()
#16 /home/matt/public_html/Provins/core/vendor/slim/slim/Slim/Middleware/Flash.php(85): Slim\Slim->call()
#17 /home/matt/public_html/Provins/core/vendor/slim/slim/Slim/Middleware/MethodOverride.php(92): Slim\Middleware\Flash->call()
#18 /home/matt/public_html/Provins/core/vendor/slim/slim/Slim/Middleware/PrettyExceptions.php(67): Slim\Middleware\MethodOverride->call()
#19 /home/matt/public_html/Provins/core/vendor/slim/slim/Slim/Slim.php(1271): Slim\Middleware\PrettyExceptions->call()
#20 /home/matt/public_html/Provins/core/index.php(10): Slim\Slim->run()
#21 /home/matt/public_html/Provins/index.php(5): require_once('/home/matt/publ...')
#22 {main}
ERROR - 2015-01-19T17:18:42+07:00 - exception 'ErrorException' with message 'Array to string conversion' in /home/matt/public_html/Provins/core/views_cache/9d/29/37688ea804e2afe2d53f0843dc731699e653f630eff2c2222c5625b1eeca.php:31
Stack trace:
#0 /home/matt/public_html/Provins/core/views_cache/9d/29/37688ea804e2afe2d53f0843dc731699e653f630eff2c2222c5625b1eeca.php(31): Slim\Slim::handleErrors(8, 'Array to string...', '/home/matt/publ...', 31, Array)
#1 /home/matt/public_html/Provins/core/vendor/twig/twig/lib/Twig/Template.php(144): __TwigTemplate_9d2937688ea804e2afe2d53f0843dc731699e653f630eff2c2222c5625b1eeca->block_section(Array, Array)
#2 /home/matt/public_html/Provins/core/views_cache/0a/4c/bd615aee27a81e830cf3cc4c42a408d359db12c32467ff3e202def5f8ad1.php(66): Twig_Template->displayBlock('section', Array, Array)
#3 /home/matt/public_html/Provins/core/vendor/twig/twig/lib/Twig/Template.php(279): __TwigTemplate_0a4cbd615aee27a81e830cf3cc4c42a408d359db12c32467ff3e202def5f8ad1->doDisplay(Array, Array)
#4 /home/matt/public_html/Provins/core/vendor/twig/twig/lib/Twig/Template.php(253): Twig_Template->displayWithErrorHandling(Array, Array)
#5 /home/matt/public_html/Provins/core/views_cache/9d/29/37688ea804e2afe2d53f0843dc731699e653f630eff2c2222c5625b1eeca.php(24): Twig_Template->display(Array, Array)
#6 /home/matt/public_html/Provins/core/vendor/twig/twig/lib/Twig/Template.php(279): __TwigTemplate_9d2937688ea804e2afe2d53f0843dc731699e653f630eff2c2222c5625b1eeca->doDisplay(Array, Array)
#7 /home/matt/public_html/Provins/core/vendor/twig/twig/lib/Twig/Template.php(253): Twig_Template->displayWithErrorHandling(Array, Array)
#8 /home/matt/public_html/Provins/core/vendor/twig/twig/lib/Twig/Template.php(264): Twig_Template->display(Array)
#9 /home/matt/public_html/Provins/core/vendor/slim/views/Slim/Views/Twig.php(91): Twig_Template->render(Array)
#10 /home/matt/public_html/Provins/core/vendor/slim/slim/Slim/View.php(255): Slim\Views\Twig->render('itinerary-step....', NULL)
#11 /home/matt/public_html/Provins/core/vendor/slim/slim/Slim/View.php(243): Slim\View->fetch('itinerary-step....', NULL)
#12 /home/matt/public_html/Provins/core/vendor/slim/slim/Slim/Slim.php(757): Slim\View->display('itinerary-step....')
#13 /home/matt/public_html/Provins/core/kernel/View.php(73): Slim\Slim->render('itinerary-step....')
#14 /home/matt/public_html/Provins/core/kernel/Controllers.php(148): View::render('\xC3\x89tape', 'itinerary-step', Array)
#15 [internal function]: Controllers::itineraryStep('porc-epic', 'first-steps')
#16 /home/matt/public_html/Provins/core/vendor/slim/slim/Slim/Route.php(462): call_user_func_array('Controllers::it...', Array)
#17 /home/matt/public_html/Provins/core/vendor/slim/slim/Slim/Slim.php(1326): Slim\Route->dispatch()
#18 /home/matt/public_html/Provins/core/vendor/slim/slim/Slim/Middleware/Flash.php(85): Slim\Slim->call()
#19 /home/matt/public_html/Provins/core/vendor/slim/slim/Slim/Middleware/MethodOverride.php(92): Slim\Middleware\Flash->call()
#20 /home/matt/public_html/Provins/core/vendor/slim/slim/Slim/Middleware/PrettyExceptions.php(67): Slim\Middleware\MethodOverride->call()
#21 /home/matt/public_html/Provins/core/vendor/slim/slim/Slim/Slim.php(1271): Slim\Middleware\PrettyExceptions->call()
#22 /home/matt/public_html/Provins/core/index.php(10): Slim\Slim->run()
#23 /home/matt/public_html/Provins/index.php(5): require_once('/home/matt/publ...')
#24 {main}

Next exception 'Twig_Error_Runtime' with message 'An exception has been thrown during the rendering of a template ("Array to string conversion") in "itinerary-step.twig" at line 5.' in /home/matt/public_html/Provins/core/vendor/twig/twig/lib/Twig/Template.php:148
Stack trace:
#0 /home/matt/public_html/Provins/core/views_cache/0a/4c/bd615aee27a81e830cf3cc4c42a408d359db12c32467ff3e202def5f8ad1.php(66): Twig_Template->displayBlock('section', Array, Array)
#1 /home/matt/public_html/Provins/core/vendor/twig/twig/lib/Twig/Template.php(279): __TwigTemplate_0a4cbd615aee27a81e830cf3cc4c42a408d359db12c32467ff3e202def5f8ad1->doDisplay(Array, Array)
#2 /home/matt/public_html/Provins/core/vendor/twig/twig/lib/Twig/Template.php(253): Twig_Template->displayWithErrorHandling(Array, Array)
#3 /home/matt/public_html/Provins/core/views_cache/9d/29/37688ea804e2afe2d53f0843dc731699e653f630eff2c2222c5625b1eeca.php(24): Twig_Template->display(Array, Array)
#4 /home/matt/public_html/Provins/core/vendor/twig/twig/lib/Twig/Template.php(279): __TwigTemplate_9d2937688ea804e2afe2d53f0843dc731699e653f630eff2c2222c5625b1eeca->doDisplay(Array, Array)
#5 /home/matt/public_html/Provins/core/vendor/twig/twig/lib/Twig/Template.php(253): Twig_Template->displayWithErrorHandling(Array, Array)
#6 /home/matt/public_html/Provins/core/vendor/twig/twig/lib/Twig/Template.php(264): Twig_Template->display(Array)
#7 /home/matt/public_html/Provins/core/vendor/slim/views/Slim/Views/Twig.php(91): Twig_Template->render(Array)
#8 /home/matt/public_html/Provins/core/vendor/slim/slim/Slim/View.php(255): Slim\Views\Twig->render('itinerary-step....', NULL)
#9 /home/matt/public_html/Provins/core/vendor/slim/slim/Slim/View.php(243): Slim\View->fetch('itinerary-step....', NULL)
#10 /home/matt/public_html/Provins/core/vendor/slim/slim/Slim/Slim.php(757): Slim\View->display('itinerary-step....')
#11 /home/matt/public_html/Provins/core/kernel/View.php(73): Slim\Slim->render('itinerary-step....')
#12 /home/matt/public_html/Provins/core/kernel/Controllers.php(148): View::render('\xC3\x89tape', 'itinerary-step', Array)
#13 [internal function]: Controllers::itineraryStep('porc-epic', 'first-steps')
#14 /home/matt/public_html/Provins/core/vendor/slim/slim/Slim/Route.php(462): call_user_func_array('Controllers::it...', Array)
#15 /home/matt/public_html/Provins/core/vendor/slim/slim/Slim/Slim.php(1326): Slim\Route->dispatch()
#16 /home/matt/public_html/Provins/core/vendor/slim/slim/Slim/Middleware/Flash.php(85): Slim\Slim->call()
#17 /home/matt/public_html/Provins/core/vendor/slim/slim/Slim/Middleware/MethodOverride.php(92): Slim\Middleware\Flash->call()
#18 /home/matt/public_html/Provins/core/vendor/slim/slim/Slim/Middleware/PrettyExceptions.php(67): Slim\Middleware\MethodOverride->call()
#19 /home/matt/public_html/Provins/core/vendor/slim/slim/Slim/Slim.php(1271): Slim\Middleware\PrettyExceptions->call()
#20 /home/matt/public_html/Provins/core/index.php(10): Slim\Slim->run()
#21 /home/matt/public_html/Provins/index.php(5): require_once('/home/matt/publ...')
#22 {main}
ERROR - 2015-01-19T17:18:43+07:00 - exception 'ErrorException' with message 'Array to string conversion' in /home/matt/public_html/Provins/core/views_cache/9d/29/37688ea804e2afe2d53f0843dc731699e653f630eff2c2222c5625b1eeca.php:31
Stack trace:
#0 /home/matt/public_html/Provins/core/views_cache/9d/29/37688ea804e2afe2d53f0843dc731699e653f630eff2c2222c5625b1eeca.php(31): Slim\Slim::handleErrors(8, 'Array to string...', '/home/matt/publ...', 31, Array)
#1 /home/matt/public_html/Provins/core/vendor/twig/twig/lib/Twig/Template.php(144): __TwigTemplate_9d2937688ea804e2afe2d53f0843dc731699e653f630eff2c2222c5625b1eeca->block_section(Array, Array)
#2 /home/matt/public_html/Provins/core/views_cache/0a/4c/bd615aee27a81e830cf3cc4c42a408d359db12c32467ff3e202def5f8ad1.php(66): Twig_Template->displayBlock('section', Array, Array)
#3 /home/matt/public_html/Provins/core/vendor/twig/twig/lib/Twig/Template.php(279): __TwigTemplate_0a4cbd615aee27a81e830cf3cc4c42a408d359db12c32467ff3e202def5f8ad1->doDisplay(Array, Array)
#4 /home/matt/public_html/Provins/core/vendor/twig/twig/lib/Twig/Template.php(253): Twig_Template->displayWithErrorHandling(Array, Array)
#5 /home/matt/public_html/Provins/core/views_cache/9d/29/37688ea804e2afe2d53f0843dc731699e653f630eff2c2222c5625b1eeca.php(24): Twig_Template->display(Array, Array)
#6 /home/matt/public_html/Provins/core/vendor/twig/twig/lib/Twig/Template.php(279): __TwigTemplate_9d2937688ea804e2afe2d53f0843dc731699e653f630eff2c2222c5625b1eeca->doDisplay(Array, Array)
#7 /home/matt/public_html/Provins/core/vendor/twig/twig/lib/Twig/Template.php(253): Twig_Template->displayWithErrorHandling(Array, Array)
#8 /home/matt/public_html/Provins/core/vendor/twig/twig/lib/Twig/Template.php(264): Twig_Template->display(Array)
#9 /home/matt/public_html/Provins/core/vendor/slim/views/Slim/Views/Twig.php(91): Twig_Template->render(Array)
#10 /home/matt/public_html/Provins/core/vendor/slim/slim/Slim/View.php(255): Slim\Views\Twig->render('itinerary-step....', NULL)
#11 /home/matt/public_html/Provins/core/vendor/slim/slim/Slim/View.php(243): Slim\View->fetch('itinerary-step....', NULL)
#12 /home/matt/public_html/Provins/core/vendor/slim/slim/Slim/Slim.php(757): Slim\View->display('itinerary-step....')
#13 /home/matt/public_html/Provins/core/kernel/View.php(73): Slim\Slim->render('itinerary-step....')
#14 /home/matt/public_html/Provins/core/kernel/Controllers.php(148): View::render('\xC3\x89tape', 'itinerary-step', Array)
#15 [internal function]: Controllers::itineraryStep('porc-epic', 'first-steps')
#16 /home/matt/public_html/Provins/core/vendor/slim/slim/Slim/Route.php(462): call_user_func_array('Controllers::it...', Array)
#17 /home/matt/public_html/Provins/core/vendor/slim/slim/Slim/Slim.php(1326): Slim\Route->dispatch()
#18 /home/matt/public_html/Provins/core/vendor/slim/slim/Slim/Middleware/Flash.php(85): Slim\Slim->call()
#19 /home/matt/public_html/Provins/core/vendor/slim/slim/Slim/Middleware/MethodOverride.php(92): Slim\Middleware\Flash->call()
#20 /home/matt/public_html/Provins/core/vendor/slim/slim/Slim/Middleware/PrettyExceptions.php(67): Slim\Middleware\MethodOverride->call()
#21 /home/matt/public_html/Provins/core/vendor/slim/slim/Slim/Slim.php(1271): Slim\Middleware\PrettyExceptions->call()
#22 /home/matt/public_html/Provins/core/index.php(10): Slim\Slim->run()
#23 /home/matt/public_html/Provins/index.php(5): require_once('/home/matt/publ...')
#24 {main}

Next exception 'Twig_Error_Runtime' with message 'An exception has been thrown during the rendering of a template ("Array to string conversion") in "itinerary-step.twig" at line 5.' in /home/matt/public_html/Provins/core/vendor/twig/twig/lib/Twig/Template.php:148
Stack trace:
#0 /home/matt/public_html/Provins/core/views_cache/0a/4c/bd615aee27a81e830cf3cc4c42a408d359db12c32467ff3e202def5f8ad1.php(66): Twig_Template->displayBlock('section', Array, Array)
#1 /home/matt/public_html/Provins/core/vendor/twig/twig/lib/Twig/Template.php(279): __TwigTemplate_0a4cbd615aee27a81e830cf3cc4c42a408d359db12c32467ff3e202def5f8ad1->doDisplay(Array, Array)
#2 /home/matt/public_html/Provins/core/vendor/twig/twig/lib/Twig/Template.php(253): Twig_Template->displayWithErrorHandling(Array, Array)
#3 /home/matt/public_html/Provins/core/views_cache/9d/29/37688ea804e2afe2d53f0843dc731699e653f630eff2c2222c5625b1eeca.php(24): Twig_Template->display(Array, Array)
#4 /home/matt/public_html/Provins/core/vendor/twig/twig/lib/Twig/Template.php(279): __TwigTemplate_9d2937688ea804e2afe2d53f0843dc731699e653f630eff2c2222c5625b1eeca->doDisplay(Array, Array)
#5 /home/matt/public_html/Provins/core/vendor/twig/twig/lib/Twig/Template.php(253): Twig_Template->displayWithErrorHandling(Array, Array)
#6 /home/matt/public_html/Provins/core/vendor/twig/twig/lib/Twig/Template.php(264): Twig_Template->display(Array)
#7 /home/matt/public_html/Provins/core/vendor/slim/views/Slim/Views/Twig.php(91): Twig_Template->render(Array)
#8 /home/matt/public_html/Provins/core/vendor/slim/slim/Slim/View.php(255): Slim\Views\Twig->render('itinerary-step....', NULL)
#9 /home/matt/public_html/Provins/core/vendor/slim/slim/Slim/View.php(243): Slim\View->fetch('itinerary-step....', NULL)
#10 /home/matt/public_html/Provins/core/vendor/slim/slim/Slim/Slim.php(757): Slim\View->display('itinerary-step....')
#11 /home/matt/public_html/Provins/core/kernel/View.php(73): Slim\Slim->render('itinerary-step....')
#12 /home/matt/public_html/Provins/core/kernel/Controllers.php(148): View::render('\xC3\x89tape', 'itinerary-step', Array)
#13 [internal function]: Controllers::itineraryStep('porc-epic', 'first-steps')
#14 /home/matt/public_html/Provins/core/vendor/slim/slim/Slim/Route.php(462): call_user_func_array('Controllers::it...', Array)
#15 /home/matt/public_html/Provins/core/vendor/slim/slim/Slim/Slim.php(1326): Slim\Route->dispatch()
#16 /home/matt/public_html/Provins/core/vendor/slim/slim/Slim/Middleware/Flash.php(85): Slim\Slim->call()
#17 /home/matt/public_html/Provins/core/vendor/slim/slim/Slim/Middleware/MethodOverride.php(92): Slim\Middleware\Flash->call()
#18 /home/matt/public_html/Provins/core/vendor/slim/slim/Slim/Middleware/PrettyExceptions.php(67): Slim\Middleware\MethodOverride->call()
#19 /home/matt/public_html/Provins/core/vendor/slim/slim/Slim/Slim.php(1271): Slim\Middleware\PrettyExceptions->call()
#20 /home/matt/public_html/Provins/core/index.php(10): Slim\Slim->run()
#21 /home/matt/public_html/Provins/index.php(5): require_once('/home/matt/publ...')
#22 {main}
ERROR - 2015-01-19T17:18:43+07:00 - exception 'ErrorException' with message 'Array to string conversion' in /home/matt/public_html/Provins/core/views_cache/9d/29/37688ea804e2afe2d53f0843dc731699e653f630eff2c2222c5625b1eeca.php:31
Stack trace:
#0 /home/matt/public_html/Provins/core/views_cache/9d/29/37688ea804e2afe2d53f0843dc731699e653f630eff2c2222c5625b1eeca.php(31): Slim\Slim::handleErrors(8, 'Array to string...', '/home/matt/publ...', 31, Array)
#1 /home/matt/public_html/Provins/core/vendor/twig/twig/lib/Twig/Template.php(144): __TwigTemplate_9d2937688ea804e2afe2d53f0843dc731699e653f630eff2c2222c5625b1eeca->block_section(Array, Array)
#2 /home/matt/public_html/Provins/core/views_cache/0a/4c/bd615aee27a81e830cf3cc4c42a408d359db12c32467ff3e202def5f8ad1.php(66): Twig_Template->displayBlock('section', Array, Array)
#3 /home/matt/public_html/Provins/core/vendor/twig/twig/lib/Twig/Template.php(279): __TwigTemplate_0a4cbd615aee27a81e830cf3cc4c42a408d359db12c32467ff3e202def5f8ad1->doDisplay(Array, Array)
#4 /home/matt/public_html/Provins/core/vendor/twig/twig/lib/Twig/Template.php(253): Twig_Template->displayWithErrorHandling(Array, Array)
#5 /home/matt/public_html/Provins/core/views_cache/9d/29/37688ea804e2afe2d53f0843dc731699e653f630eff2c2222c5625b1eeca.php(24): Twig_Template->display(Array, Array)
#6 /home/matt/public_html/Provins/core/vendor/twig/twig/lib/Twig/Template.php(279): __TwigTemplate_9d2937688ea804e2afe2d53f0843dc731699e653f630eff2c2222c5625b1eeca->doDisplay(Array, Array)
#7 /home/matt/public_html/Provins/core/vendor/twig/twig/lib/Twig/Template.php(253): Twig_Template->displayWithErrorHandling(Array, Array)
#8 /home/matt/public_html/Provins/core/vendor/twig/twig/lib/Twig/Template.php(264): Twig_Template->display(Array)
#9 /home/matt/public_html/Provins/core/vendor/slim/views/Slim/Views/Twig.php(91): Twig_Template->render(Array)
#10 /home/matt/public_html/Provins/core/vendor/slim/slim/Slim/View.php(255): Slim\Views\Twig->render('itinerary-step....', NULL)
#11 /home/matt/public_html/Provins/core/vendor/slim/slim/Slim/View.php(243): Slim\View->fetch('itinerary-step....', NULL)
#12 /home/matt/public_html/Provins/core/vendor/slim/slim/Slim/Slim.php(757): Slim\View->display('itinerary-step....')
#13 /home/matt/public_html/Provins/core/kernel/View.php(73): Slim\Slim->render('itinerary-step....')
#14 /home/matt/public_html/Provins/core/kernel/Controllers.php(148): View::render('\xC3\x89tape', 'itinerary-step', Array)
#15 [internal function]: Controllers::itineraryStep('porc-epic', 'first-steps')
#16 /home/matt/public_html/Provins/core/vendor/slim/slim/Slim/Route.php(462): call_user_func_array('Controllers::it...', Array)
#17 /home/matt/public_html/Provins/core/vendor/slim/slim/Slim/Slim.php(1326): Slim\Route->dispatch()
#18 /home/matt/public_html/Provins/core/vendor/slim/slim/Slim/Middleware/Flash.php(85): Slim\Slim->call()
#19 /home/matt/public_html/Provins/core/vendor/slim/slim/Slim/Middleware/MethodOverride.php(92): Slim\Middleware\Flash->call()
#20 /home/matt/public_html/Provins/core/vendor/slim/slim/Slim/Middleware/PrettyExceptions.php(67): Slim\Middleware\MethodOverride->call()
#21 /home/matt/public_html/Provins/core/vendor/slim/slim/Slim/Slim.php(1271): Slim\Middleware\PrettyExceptions->call()
#22 /home/matt/public_html/Provins/core/index.php(10): Slim\Slim->run()
#23 /home/matt/public_html/Provins/index.php(5): require_once('/home/matt/publ...')
#24 {main}

Next exception 'Twig_Error_Runtime' with message 'An exception has been thrown during the rendering of a template ("Array to string conversion") in "itinerary-step.twig" at line 5.' in /home/matt/public_html/Provins/core/vendor/twig/twig/lib/Twig/Template.php:148
Stack trace:
#0 /home/matt/public_html/Provins/core/views_cache/0a/4c/bd615aee27a81e830cf3cc4c42a408d359db12c32467ff3e202def5f8ad1.php(66): Twig_Template->displayBlock('section', Array, Array)
#1 /home/matt/public_html/Provins/core/vendor/twig/twig/lib/Twig/Template.php(279): __TwigTemplate_0a4cbd615aee27a81e830cf3cc4c42a408d359db12c32467ff3e202def5f8ad1->doDisplay(Array, Array)
#2 /home/matt/public_html/Provins/core/vendor/twig/twig/lib/Twig/Template.php(253): Twig_Template->displayWithErrorHandling(Array, Array)
#3 /home/matt/public_html/Provins/core/views_cache/9d/29/37688ea804e2afe2d53f0843dc731699e653f630eff2c2222c5625b1eeca.php(24): Twig_Template->display(Array, Array)
#4 /home/matt/public_html/Provins/core/vendor/twig/twig/lib/Twig/Template.php(279): __TwigTemplate_9d2937688ea804e2afe2d53f0843dc731699e653f630eff2c2222c5625b1eeca->doDisplay(Array, Array)
#5 /home/matt/public_html/Provins/core/vendor/twig/twig/lib/Twig/Template.php(253): Twig_Template->displayWithErrorHandling(Array, Array)
#6 /home/matt/public_html/Provins/core/vendor/twig/twig/lib/Twig/Template.php(264): Twig_Template->display(Array)
#7 /home/matt/public_html/Provins/core/vendor/slim/views/Slim/Views/Twig.php(91): Twig_Template->render(Array)
#8 /home/matt/public_html/Provins/core/vendor/slim/slim/Slim/View.php(255): Slim\Views\Twig->render('itinerary-step....', NULL)
#9 /home/matt/public_html/Provins/core/vendor/slim/slim/Slim/View.php(243): Slim\View->fetch('itinerary-step....', NULL)
#10 /home/matt/public_html/Provins/core/vendor/slim/slim/Slim/Slim.php(757): Slim\View->display('itinerary-step....')
#11 /home/matt/public_html/Provins/core/kernel/View.php(73): Slim\Slim->render('itinerary-step....')
#12 /home/matt/public_html/Provins/core/kernel/Controllers.php(148): View::render('\xC3\x89tape', 'itinerary-step', Array)
#13 [internal function]: Controllers::itineraryStep('porc-epic', 'first-steps')
#14 /home/matt/public_html/Provins/core/vendor/slim/slim/Slim/Route.php(462): call_user_func_array('Controllers::it...', Array)
#15 /home/matt/public_html/Provins/core/vendor/slim/slim/Slim/Slim.php(1326): Slim\Route->dispatch()
#16 /home/matt/public_html/Provins/core/vendor/slim/slim/Slim/Middleware/Flash.php(85): Slim\Slim->call()
#17 /home/matt/public_html/Provins/core/vendor/slim/slim/Slim/Middleware/MethodOverride.php(92): Slim\Middleware\Flash->call()
#18 /home/matt/public_html/Provins/core/vendor/slim/slim/Slim/Middleware/PrettyExceptions.php(67): Slim\Middleware\MethodOverride->call()
#19 /home/matt/public_html/Provins/core/vendor/slim/slim/Slim/Slim.php(1271): Slim\Middleware\PrettyExceptions->call()
#20 /home/matt/public_html/Provins/core/index.php(10): Slim\Slim->run()
#21 /home/matt/public_html/Provins/index.php(5): require_once('/home/matt/publ...')
#22 {main}
ERROR - 2015-01-19T17:59:02+07:00 - exception 'Twig_Error_Runtime' with message 'Variable "choiceIndex" does not exist in "itinerary-step.twig" at line 42' in /home/matt/public_html/Provins/core/vendor/twig/twig/lib/Twig/Template.php:332
Stack trace:
#0 /home/matt/public_html/Provins/core/views_cache/9d/29/37688ea804e2afe2d53f0843dc731699e653f630eff2c2222c5625b1eeca.php(118): Twig_Template->getContext(Array, 'choiceIndex')
#1 /home/matt/public_html/Provins/core/vendor/twig/twig/lib/Twig/Template.php(144): __TwigTemplate_9d2937688ea804e2afe2d53f0843dc731699e653f630eff2c2222c5625b1eeca->block_section(Array, Array)
#2 /home/matt/public_html/Provins/core/views_cache/0a/4c/bd615aee27a81e830cf3cc4c42a408d359db12c32467ff3e202def5f8ad1.php(66): Twig_Template->displayBlock('section', Array, Array)
#3 /home/matt/public_html/Provins/core/vendor/twig/twig/lib/Twig/Template.php(279): __TwigTemplate_0a4cbd615aee27a81e830cf3cc4c42a408d359db12c32467ff3e202def5f8ad1->doDisplay(Array, Array)
#4 /home/matt/public_html/Provins/core/vendor/twig/twig/lib/Twig/Template.php(253): Twig_Template->displayWithErrorHandling(Array, Array)
#5 /home/matt/public_html/Provins/core/views_cache/9d/29/37688ea804e2afe2d53f0843dc731699e653f630eff2c2222c5625b1eeca.php(24): Twig_Template->display(Array, Array)
#6 /home/matt/public_html/Provins/core/vendor/twig/twig/lib/Twig/Template.php(279): __TwigTemplate_9d2937688ea804e2afe2d53f0843dc731699e653f630eff2c2222c5625b1eeca->doDisplay(Array, Array)
#7 /home/matt/public_html/Provins/core/vendor/twig/twig/lib/Twig/Template.php(253): Twig_Template->displayWithErrorHandling(Array, Array)
#8 /home/matt/public_html/Provins/core/vendor/twig/twig/lib/Twig/Template.php(264): Twig_Template->display(Array)
#9 /home/matt/public_html/Provins/core/vendor/slim/views/Slim/Views/Twig.php(91): Twig_Template->render(Array)
#10 /home/matt/public_html/Provins/core/vendor/slim/slim/Slim/View.php(255): Slim\Views\Twig->render('itinerary-step....', NULL)
#11 /home/matt/public_html/Provins/core/vendor/slim/slim/Slim/View.php(243): Slim\View->fetch('itinerary-step....', NULL)
#12 /home/matt/public_html/Provins/core/vendor/slim/slim/Slim/Slim.php(757): Slim\View->display('itinerary-step....')
#13 /home/matt/public_html/Provins/core/kernel/View.php(73): Slim\Slim->render('itinerary-step....')
#14 /home/matt/public_html/Provins/core/kernel/Controllers.php(149): View::render('\xC3\x89tape', 'itinerary-step', Array)
#15 [internal function]: Controllers::itineraryStep('porc-epic', 'strange-rocks')
#16 /home/matt/public_html/Provins/core/vendor/slim/slim/Slim/Route.php(462): call_user_func_array('Controllers::it...', Array)
#17 /home/matt/public_html/Provins/core/vendor/slim/slim/Slim/Slim.php(1326): Slim\Route->dispatch()
#18 /home/matt/public_html/Provins/core/vendor/slim/slim/Slim/Middleware/Flash.php(85): Slim\Slim->call()
#19 /home/matt/public_html/Provins/core/vendor/slim/slim/Slim/Middleware/MethodOverride.php(92): Slim\Middleware\Flash->call()
#20 /home/matt/public_html/Provins/core/vendor/slim/slim/Slim/Middleware/PrettyExceptions.php(67): Slim\Middleware\MethodOverride->call()
#21 /home/matt/public_html/Provins/core/vendor/slim/slim/Slim/Slim.php(1271): Slim\Middleware\PrettyExceptions->call()
#22 /home/matt/public_html/Provins/core/index.php(10): Slim\Slim->run()
#23 /home/matt/public_html/Provins/index.php(5): require_once('/home/matt/publ...')
#24 {main}
ERROR - 2015-01-19T17:59:15+07:00 - exception 'ErrorException' with message 'Array to string conversion' in /home/matt/public_html/Provins/core/views_cache/9d/29/37688ea804e2afe2d53f0843dc731699e653f630eff2c2222c5625b1eeca.php:175
Stack trace:
#0 /home/matt/public_html/Provins/core/views_cache/9d/29/37688ea804e2afe2d53f0843dc731699e653f630eff2c2222c5625b1eeca.php(175): Slim\Slim::handleErrors(8, 'Array to string...', '/home/matt/publ...', 175, Array)
#1 /home/matt/public_html/Provins/core/vendor/twig/twig/lib/Twig/Template.php(144): __TwigTemplate_9d2937688ea804e2afe2d53f0843dc731699e653f630eff2c2222c5625b1eeca->block_section(Array, Array)
#2 /home/matt/public_html/Provins/core/views_cache/0a/4c/bd615aee27a81e830cf3cc4c42a408d359db12c32467ff3e202def5f8ad1.php(66): Twig_Template->displayBlock('section', Array, Array)
#3 /home/matt/public_html/Provins/core/vendor/twig/twig/lib/Twig/Template.php(279): __TwigTemplate_0a4cbd615aee27a81e830cf3cc4c42a408d359db12c32467ff3e202def5f8ad1->doDisplay(Array, Array)
#4 /home/matt/public_html/Provins/core/vendor/twig/twig/lib/Twig/Template.php(253): Twig_Template->displayWithErrorHandling(Array, Array)
#5 /home/matt/public_html/Provins/core/views_cache/9d/29/37688ea804e2afe2d53f0843dc731699e653f630eff2c2222c5625b1eeca.php(24): Twig_Template->display(Array, Array)
#6 /home/matt/public_html/Provins/core/vendor/twig/twig/lib/Twig/Template.php(279): __TwigTemplate_9d2937688ea804e2afe2d53f0843dc731699e653f630eff2c2222c5625b1eeca->doDisplay(Array, Array)
#7 /home/matt/public_html/Provins/core/vendor/twig/twig/lib/Twig/Template.php(253): Twig_Template->displayWithErrorHandling(Array, Array)
#8 /home/matt/public_html/Provins/core/vendor/twig/twig/lib/Twig/Template.php(264): Twig_Template->display(Array)
#9 /home/matt/public_html/Provins/core/vendor/slim/views/Slim/Views/Twig.php(91): Twig_Template->render(Array)
#10 /home/matt/public_html/Provins/core/vendor/slim/slim/Slim/View.php(255): Slim\Views\Twig->render('itinerary-step....', NULL)
#11 /home/matt/public_html/Provins/core/vendor/slim/slim/Slim/View.php(243): Slim\View->fetch('itinerary-step....', NULL)
#12 /home/matt/public_html/Provins/core/vendor/slim/slim/Slim/Slim.php(757): Slim\View->display('itinerary-step....')
#13 /home/matt/public_html/Provins/core/kernel/View.php(73): Slim\Slim->render('itinerary-step....')
#14 /home/matt/public_html/Provins/core/kernel/Controllers.php(149): View::render('\xC3\x89tape', 'itinerary-step', Array)
#15 [internal function]: Controllers::itineraryStep('porc-epic', 'strange-rocks')
#16 /home/matt/public_html/Provins/core/vendor/slim/slim/Slim/Route.php(462): call_user_func_array('Controllers::it...', Array)
#17 /home/matt/public_html/Provins/core/vendor/slim/slim/Slim/Slim.php(1326): Slim\Route->dispatch()
#18 /home/matt/public_html/Provins/core/vendor/slim/slim/Slim/Middleware/Flash.php(85): Slim\Slim->call()
#19 /home/matt/public_html/Provins/core/vendor/slim/slim/Slim/Middleware/MethodOverride.php(92): Slim\Middleware\Flash->call()
#20 /home/matt/public_html/Provins/core/vendor/slim/slim/Slim/Middleware/PrettyExceptions.php(67): Slim\Middleware\MethodOverride->call()
#21 /home/matt/public_html/Provins/core/vendor/slim/slim/Slim/Slim.php(1271): Slim\Middleware\PrettyExceptions->call()
#22 /home/matt/public_html/Provins/core/index.php(10): Slim\Slim->run()
#23 /home/matt/public_html/Provins/index.php(5): require_once('/home/matt/publ...')
#24 {main}

Next exception 'Twig_Error_Runtime' with message 'An exception has been thrown during the rendering of a template ("Array to string conversion") in "itinerary-step.twig" at line 58.' in /home/matt/public_html/Provins/core/vendor/twig/twig/lib/Twig/Template.php:148
Stack trace:
#0 /home/matt/public_html/Provins/core/views_cache/0a/4c/bd615aee27a81e830cf3cc4c42a408d359db12c32467ff3e202def5f8ad1.php(66): Twig_Template->displayBlock('section', Array, Array)
#1 /home/matt/public_html/Provins/core/vendor/twig/twig/lib/Twig/Template.php(279): __TwigTemplate_0a4cbd615aee27a81e830cf3cc4c42a408d359db12c32467ff3e202def5f8ad1->doDisplay(Array, Array)
#2 /home/matt/public_html/Provins/core/vendor/twig/twig/lib/Twig/Template.php(253): Twig_Template->displayWithErrorHandling(Array, Array)
#3 /home/matt/public_html/Provins/core/views_cache/9d/29/37688ea804e2afe2d53f0843dc731699e653f630eff2c2222c5625b1eeca.php(24): Twig_Template->display(Array, Array)
#4 /home/matt/public_html/Provins/core/vendor/twig/twig/lib/Twig/Template.php(279): __TwigTemplate_9d2937688ea804e2afe2d53f0843dc731699e653f630eff2c2222c5625b1eeca->doDisplay(Array, Array)
#5 /home/matt/public_html/Provins/core/vendor/twig/twig/lib/Twig/Template.php(253): Twig_Template->displayWithErrorHandling(Array, Array)
#6 /home/matt/public_html/Provins/core/vendor/twig/twig/lib/Twig/Template.php(264): Twig_Template->display(Array)
#7 /home/matt/public_html/Provins/core/vendor/slim/views/Slim/Views/Twig.php(91): Twig_Template->render(Array)
#8 /home/matt/public_html/Provins/core/vendor/slim/slim/Slim/View.php(255): Slim\Views\Twig->render('itinerary-step....', NULL)
#9 /home/matt/public_html/Provins/core/vendor/slim/slim/Slim/View.php(243): Slim\View->fetch('itinerary-step....', NULL)
#10 /home/matt/public_html/Provins/core/vendor/slim/slim/Slim/Slim.php(757): Slim\View->display('itinerary-step....')
#11 /home/matt/public_html/Provins/core/kernel/View.php(73): Slim\Slim->render('itinerary-step....')
#12 /home/matt/public_html/Provins/core/kernel/Controllers.php(149): View::render('\xC3\x89tape', 'itinerary-step', Array)
#13 [internal function]: Controllers::itineraryStep('porc-epic', 'strange-rocks')
#14 /home/matt/public_html/Provins/core/vendor/slim/slim/Slim/Route.php(462): call_user_func_array('Controllers::it...', Array)
#15 /home/matt/public_html/Provins/core/vendor/slim/slim/Slim/Slim.php(1326): Slim\Route->dispatch()
#16 /home/matt/public_html/Provins/core/vendor/slim/slim/Slim/Middleware/Flash.php(85): Slim\Slim->call()
#17 /home/matt/public_html/Provins/core/vendor/slim/slim/Slim/Middleware/MethodOverride.php(92): Slim\Middleware\Flash->call()
#18 /home/matt/public_html/Provins/core/vendor/slim/slim/Slim/Middleware/PrettyExceptions.php(67): Slim\Middleware\MethodOverride->call()
#19 /home/matt/public_html/Provins/core/vendor/slim/slim/Slim/Slim.php(1271): Slim\Middleware\PrettyExceptions->call()
#20 /home/matt/public_html/Provins/core/index.php(10): Slim\Slim->run()
#21 /home/matt/public_html/Provins/index.php(5): require_once('/home/matt/publ...')
#22 {main}
ERROR - 2015-01-19T17:59:41+07:00 - exception 'ErrorException' with message 'Array to string conversion' in /home/matt/public_html/Provins/core/views_cache/9d/29/37688ea804e2afe2d53f0843dc731699e653f630eff2c2222c5625b1eeca.php:177
Stack trace:
#0 /home/matt/public_html/Provins/core/views_cache/9d/29/37688ea804e2afe2d53f0843dc731699e653f630eff2c2222c5625b1eeca.php(177): Slim\Slim::handleErrors(8, 'Array to string...', '/home/matt/publ...', 177, Array)
#1 /home/matt/public_html/Provins/core/vendor/twig/twig/lib/Twig/Template.php(144): __TwigTemplate_9d2937688ea804e2afe2d53f0843dc731699e653f630eff2c2222c5625b1eeca->block_section(Array, Array)
#2 /home/matt/public_html/Provins/core/views_cache/0a/4c/bd615aee27a81e830cf3cc4c42a408d359db12c32467ff3e202def5f8ad1.php(66): Twig_Template->displayBlock('section', Array, Array)
#3 /home/matt/public_html/Provins/core/vendor/twig/twig/lib/Twig/Template.php(279): __TwigTemplate_0a4cbd615aee27a81e830cf3cc4c42a408d359db12c32467ff3e202def5f8ad1->doDisplay(Array, Array)
#4 /home/matt/public_html/Provins/core/vendor/twig/twig/lib/Twig/Template.php(253): Twig_Template->displayWithErrorHandling(Array, Array)
#5 /home/matt/public_html/Provins/core/views_cache/9d/29/37688ea804e2afe2d53f0843dc731699e653f630eff2c2222c5625b1eeca.php(24): Twig_Template->display(Array, Array)
#6 /home/matt/public_html/Provins/core/vendor/twig/twig/lib/Twig/Template.php(279): __TwigTemplate_9d2937688ea804e2afe2d53f0843dc731699e653f630eff2c2222c5625b1eeca->doDisplay(Array, Array)
#7 /home/matt/public_html/Provins/core/vendor/twig/twig/lib/Twig/Template.php(253): Twig_Template->displayWithErrorHandling(Array, Array)
#8 /home/matt/public_html/Provins/core/vendor/twig/twig/lib/Twig/Template.php(264): Twig_Template->display(Array)
#9 /home/matt/public_html/Provins/core/vendor/slim/views/Slim/Views/Twig.php(91): Twig_Template->render(Array)
#10 /home/matt/public_html/Provins/core/vendor/slim/slim/Slim/View.php(255): Slim\Views\Twig->render('itinerary-step....', NULL)
#11 /home/matt/public_html/Provins/core/vendor/slim/slim/Slim/View.php(243): Slim\View->fetch('itinerary-step....', NULL)
#12 /home/matt/public_html/Provins/core/vendor/slim/slim/Slim/Slim.php(757): Slim\View->display('itinerary-step....')
#13 /home/matt/public_html/Provins/core/kernel/View.php(73): Slim\Slim->render('itinerary-step....')
#14 /home/matt/public_html/Provins/core/kernel/Controllers.php(149): View::render('\xC3\x89tape', 'itinerary-step', Array)
#15 [internal function]: Controllers::itineraryStep('porc-epic', 'strange-rocks')
#16 /home/matt/public_html/Provins/core/vendor/slim/slim/Slim/Route.php(462): call_user_func_array('Controllers::it...', Array)
#17 /home/matt/public_html/Provins/core/vendor/slim/slim/Slim/Slim.php(1326): Slim\Route->dispatch()
#18 /home/matt/public_html/Provins/core/vendor/slim/slim/Slim/Middleware/Flash.php(85): Slim\Slim->call()
#19 /home/matt/public_html/Provins/core/vendor/slim/slim/Slim/Middleware/MethodOverride.php(92): Slim\Middleware\Flash->call()
#20 /home/matt/public_html/Provins/core/vendor/slim/slim/Slim/Middleware/PrettyExceptions.php(67): Slim\Middleware\MethodOverride->call()
#21 /home/matt/public_html/Provins/core/vendor/slim/slim/Slim/Slim.php(1271): Slim\Middleware\PrettyExceptions->call()
#22 /home/matt/public_html/Provins/core/index.php(10): Slim\Slim->run()
#23 /home/matt/public_html/Provins/index.php(5): require_once('/home/matt/publ...')
#24 {main}

Next exception 'Twig_Error_Runtime' with message 'An exception has been thrown during the rendering of a template ("Array to string conversion") in "itinerary-step.twig" at line 58.' in /home/matt/public_html/Provins/core/vendor/twig/twig/lib/Twig/Template.php:148
Stack trace:
#0 /home/matt/public_html/Provins/core/views_cache/0a/4c/bd615aee27a81e830cf3cc4c42a408d359db12c32467ff3e202def5f8ad1.php(66): Twig_Template->displayBlock('section', Array, Array)
#1 /home/matt/public_html/Provins/core/vendor/twig/twig/lib/Twig/Template.php(279): __TwigTemplate_0a4cbd615aee27a81e830cf3cc4c42a408d359db12c32467ff3e202def5f8ad1->doDisplay(Array, Array)
#2 /home/matt/public_html/Provins/core/vendor/twig/twig/lib/Twig/Template.php(253): Twig_Template->displayWithErrorHandling(Array, Array)
#3 /home/matt/public_html/Provins/core/views_cache/9d/29/37688ea804e2afe2d53f0843dc731699e653f630eff2c2222c5625b1eeca.php(24): Twig_Template->display(Array, Array)
#4 /home/matt/public_html/Provins/core/vendor/twig/twig/lib/Twig/Template.php(279): __TwigTemplate_9d2937688ea804e2afe2d53f0843dc731699e653f630eff2c2222c5625b1eeca->doDisplay(Array, Array)
#5 /home/matt/public_html/Provins/core/vendor/twig/twig/lib/Twig/Template.php(253): Twig_Template->displayWithErrorHandling(Array, Array)
#6 /home/matt/public_html/Provins/core/vendor/twig/twig/lib/Twig/Template.php(264): Twig_Template->display(Array)
#7 /home/matt/public_html/Provins/core/vendor/slim/views/Slim/Views/Twig.php(91): Twig_Template->render(Array)
#8 /home/matt/public_html/Provins/core/vendor/slim/slim/Slim/View.php(255): Slim\Views\Twig->render('itinerary-step....', NULL)
#9 /home/matt/public_html/Provins/core/vendor/slim/slim/Slim/View.php(243): Slim\View->fetch('itinerary-step....', NULL)
#10 /home/matt/public_html/Provins/core/vendor/slim/slim/Slim/Slim.php(757): Slim\View->display('itinerary-step....')
#11 /home/matt/public_html/Provins/core/kernel/View.php(73): Slim\Slim->render('itinerary-step....')
#12 /home/matt/public_html/Provins/core/kernel/Controllers.php(149): View::render('\xC3\x89tape', 'itinerary-step', Array)
#13 [internal function]: Controllers::itineraryStep('porc-epic', 'strange-rocks')
#14 /home/matt/public_html/Provins/core/vendor/slim/slim/Slim/Route.php(462): call_user_func_array('Controllers::it...', Array)
#15 /home/matt/public_html/Provins/core/vendor/slim/slim/Slim/Slim.php(1326): Slim\Route->dispatch()
#16 /home/matt/public_html/Provins/core/vendor/slim/slim/Slim/Middleware/Flash.php(85): Slim\Slim->call()
#17 /home/matt/public_html/Provins/core/vendor/slim/slim/Slim/Middleware/MethodOverride.php(92): Slim\Middleware\Flash->call()
#18 /home/matt/public_html/Provins/core/vendor/slim/slim/Slim/Middleware/PrettyExceptions.php(67): Slim\Middleware\MethodOverride->call()
#19 /home/matt/public_html/Provins/core/vendor/slim/slim/Slim/Slim.php(1271): Slim\Middleware\PrettyExceptions->call()
#20 /home/matt/public_html/Provins/core/index.php(10): Slim\Slim->run()
#21 /home/matt/public_html/Provins/index.php(5): require_once('/home/matt/publ...')
#22 {main}
