ERROR - 2015-03-22T16:47:26+01:00 - exception 'RuntimeException' with message 'Unable to write in the cache directory (/home/matt/public_html/Provins-2/core/views_cache/f0/c3).' in /home/matt/public_html/Provins-2/core/vendor/twig/twig/lib/Twig/Environment.php:1278
Stack trace:
#0 /home/matt/public_html/Provins-2/core/vendor/twig/twig/lib/Twig/Environment.php(335): Twig_Environment->writeCacheFile('/home/matt/publ...', '<?php\n\n/* page-...')
#1 /home/matt/public_html/Provins-2/core/vendor/slim/views/Twig.php(87): Twig_Environment->loadTemplate('page-itinerary-...')
#2 /home/matt/public_html/Provins-2/core/vendor/slim/slim/Slim/View.php(255): Slim\Views\Twig->render('page-itinerary-...', NULL)
#3 /home/matt/public_html/Provins-2/core/vendor/slim/slim/Slim/View.php(243): Slim\View->fetch('page-itinerary-...', NULL)
#4 /home/matt/public_html/Provins-2/core/vendor/slim/slim/Slim/Slim.php(757): Slim\View->display('page-itinerary-...')
#5 /home/matt/public_html/Provins-2/core/kernel/View.php(89): Slim\Slim->render('page-itinerary-...')
#6 /home/matt/public_html/Provins-2/core/kernel/Controllers.php(125): View::render('La Petite \xC3\x89pop...', 'itinerary-summa...', Array)
#7 [internal function]: Controllers::itinerarySummary('court-famille-l...')
#8 /home/matt/public_html/Provins-2/core/vendor/slim/slim/Slim/Route.php(468): call_user_func_array('Controllers::it...', Array)
#9 /home/matt/public_html/Provins-2/core/vendor/slim/slim/Slim/Slim.php(1357): Slim\Route->dispatch()
#10 /home/matt/public_html/Provins-2/core/vendor/slim/slim/Slim/Middleware/Flash.php(85): Slim\Slim->call()
#11 /home/matt/public_html/Provins-2/core/vendor/slim/slim/Slim/Middleware/MethodOverride.php(92): Slim\Middleware\Flash->call()
#12 /home/matt/public_html/Provins-2/core/vendor/slim/slim/Slim/Middleware/PrettyExceptions.php(67): Slim\Middleware\MethodOverride->call()
#13 /home/matt/public_html/Provins-2/core/vendor/slim/slim/Slim/Slim.php(1302): Slim\Middleware\PrettyExceptions->call()
#14 /home/matt/public_html/Provins-2/core/kernel/Kernel.php(150): Slim\Slim->run()
#15 /home/matt/public_html/Provins-2/core/index.php(8): Kernel->run()
#16 /home/matt/public_html/Provins-2/index.php(5): require_once('/home/matt/publ...')
#17 {main}
ERROR - 2015-03-22T16:48:03+01:00 - exception 'RuntimeException' with message 'Unable to write in the cache directory (/home/matt/public_html/Provins-2/core/views_cache/f0/c3).' in /home/matt/public_html/Provins-2/core/vendor/twig/twig/lib/Twig/Environment.php:1278
Stack trace:
#0 /home/matt/public_html/Provins-2/core/vendor/twig/twig/lib/Twig/Environment.php(335): Twig_Environment->writeCacheFile('/home/matt/publ...', '<?php\n\n/* page-...')
#1 /home/matt/public_html/Provins-2/core/vendor/slim/views/Twig.php(87): Twig_Environment->loadTemplate('page-itinerary-...')
#2 /home/matt/public_html/Provins-2/core/vendor/slim/slim/Slim/View.php(255): Slim\Views\Twig->render('page-itinerary-...', NULL)
#3 /home/matt/public_html/Provins-2/core/vendor/slim/slim/Slim/View.php(243): Slim\View->fetch('page-itinerary-...', NULL)
#4 /home/matt/public_html/Provins-2/core/vendor/slim/slim/Slim/Slim.php(757): Slim\View->display('page-itinerary-...')
#5 /home/matt/public_html/Provins-2/core/kernel/View.php(89): Slim\Slim->render('page-itinerary-...')
#6 /home/matt/public_html/Provins-2/core/kernel/Controllers.php(125): View::render('La Petite \xC3\x89pop...', 'itinerary-summa...', Array)
#7 [internal function]: Controllers::itinerarySummary('court-famille-l...')
#8 /home/matt/public_html/Provins-2/core/vendor/slim/slim/Slim/Route.php(468): call_user_func_array('Controllers::it...', Array)
#9 /home/matt/public_html/Provins-2/core/vendor/slim/slim/Slim/Slim.php(1357): Slim\Route->dispatch()
#10 /home/matt/public_html/Provins-2/core/vendor/slim/slim/Slim/Middleware/Flash.php(85): Slim\Slim->call()
#11 /home/matt/public_html/Provins-2/core/vendor/slim/slim/Slim/Middleware/MethodOverride.php(92): Slim\Middleware\Flash->call()
#12 /home/matt/public_html/Provins-2/core/vendor/slim/slim/Slim/Middleware/PrettyExceptions.php(67): Slim\Middleware\MethodOverride->call()
#13 /home/matt/public_html/Provins-2/core/vendor/slim/slim/Slim/Slim.php(1302): Slim\Middleware\PrettyExceptions->call()
#14 /home/matt/public_html/Provins-2/core/kernel/Kernel.php(150): Slim\Slim->run()
#15 /home/matt/public_html/Provins-2/core/index.php(8): Kernel->run()
#16 /home/matt/public_html/Provins-2/index.php(5): require_once('/home/matt/publ...')
#17 {main}
ERROR - 2015-03-22T16:48:04+01:00 - exception 'RuntimeException' with message 'Unable to write in the cache directory (/home/matt/public_html/Provins-2/core/views_cache/f0/c3).' in /home/matt/public_html/Provins-2/core/vendor/twig/twig/lib/Twig/Environment.php:1278
Stack trace:
#0 /home/matt/public_html/Provins-2/core/vendor/twig/twig/lib/Twig/Environment.php(335): Twig_Environment->writeCacheFile('/home/matt/publ...', '<?php\n\n/* page-...')
#1 /home/matt/public_html/Provins-2/core/vendor/slim/views/Twig.php(87): Twig_Environment->loadTemplate('page-itinerary-...')
#2 /home/matt/public_html/Provins-2/core/vendor/slim/slim/Slim/View.php(255): Slim\Views\Twig->render('page-itinerary-...', NULL)
#3 /home/matt/public_html/Provins-2/core/vendor/slim/slim/Slim/View.php(243): Slim\View->fetch('page-itinerary-...', NULL)
#4 /home/matt/public_html/Provins-2/core/vendor/slim/slim/Slim/Slim.php(757): Slim\View->display('page-itinerary-...')
#5 /home/matt/public_html/Provins-2/core/kernel/View.php(89): Slim\Slim->render('page-itinerary-...')
#6 /home/matt/public_html/Provins-2/core/kernel/Controllers.php(125): View::render('La Petite \xC3\x89pop...', 'itinerary-summa...', Array)
#7 [internal function]: Controllers::itinerarySummary('court-famille-l...')
#8 /home/matt/public_html/Provins-2/core/vendor/slim/slim/Slim/Route.php(468): call_user_func_array('Controllers::it...', Array)
#9 /home/matt/public_html/Provins-2/core/vendor/slim/slim/Slim/Slim.php(1357): Slim\Route->dispatch()
#10 /home/matt/public_html/Provins-2/core/vendor/slim/slim/Slim/Middleware/Flash.php(85): Slim\Slim->call()
#11 /home/matt/public_html/Provins-2/core/vendor/slim/slim/Slim/Middleware/MethodOverride.php(92): Slim\Middleware\Flash->call()
#12 /home/matt/public_html/Provins-2/core/vendor/slim/slim/Slim/Middleware/PrettyExceptions.php(67): Slim\Middleware\MethodOverride->call()
#13 /home/matt/public_html/Provins-2/core/vendor/slim/slim/Slim/Slim.php(1302): Slim\Middleware\PrettyExceptions->call()
#14 /home/matt/public_html/Provins-2/core/kernel/Kernel.php(150): Slim\Slim->run()
#15 /home/matt/public_html/Provins-2/core/index.php(8): Kernel->run()
#16 /home/matt/public_html/Provins-2/index.php(5): require_once('/home/matt/publ...')
#17 {main}
ERROR - 2015-03-22T16:48:28+01:00 - exception 'RuntimeException' with message 'Unable to write in the cache directory (/home/matt/public_html/Provins-2/core/views_cache/f0/c3).' in /home/matt/public_html/Provins-2/core/vendor/twig/twig/lib/Twig/Environment.php:1278
Stack trace:
#0 /home/matt/public_html/Provins-2/core/vendor/twig/twig/lib/Twig/Environment.php(335): Twig_Environment->writeCacheFile('/home/matt/publ...', '<?php\n\n/* page-...')
#1 /home/matt/public_html/Provins-2/core/vendor/slim/views/Twig.php(87): Twig_Environment->loadTemplate('page-itinerary-...')
#2 /home/matt/public_html/Provins-2/core/vendor/slim/slim/Slim/View.php(255): Slim\Views\Twig->render('page-itinerary-...', NULL)
#3 /home/matt/public_html/Provins-2/core/vendor/slim/slim/Slim/View.php(243): Slim\View->fetch('page-itinerary-...', NULL)
#4 /home/matt/public_html/Provins-2/core/vendor/slim/slim/Slim/Slim.php(757): Slim\View->display('page-itinerary-...')
#5 /home/matt/public_html/Provins-2/core/kernel/View.php(89): Slim\Slim->render('page-itinerary-...')
#6 /home/matt/public_html/Provins-2/core/kernel/Controllers.php(125): View::render('La Petite \xC3\x89pop...', 'itinerary-summa...', Array)
#7 [internal function]: Controllers::itinerarySummary('court-famille-l...')
#8 /home/matt/public_html/Provins-2/core/vendor/slim/slim/Slim/Route.php(468): call_user_func_array('Controllers::it...', Array)
#9 /home/matt/public_html/Provins-2/core/vendor/slim/slim/Slim/Slim.php(1357): Slim\Route->dispatch()
#10 /home/matt/public_html/Provins-2/core/vendor/slim/slim/Slim/Middleware/Flash.php(85): Slim\Slim->call()
#11 /home/matt/public_html/Provins-2/core/vendor/slim/slim/Slim/Middleware/MethodOverride.php(92): Slim\Middleware\Flash->call()
#12 /home/matt/public_html/Provins-2/core/vendor/slim/slim/Slim/Middleware/PrettyExceptions.php(67): Slim\Middleware\MethodOverride->call()
#13 /home/matt/public_html/Provins-2/core/vendor/slim/slim/Slim/Slim.php(1302): Slim\Middleware\PrettyExceptions->call()
#14 /home/matt/public_html/Provins-2/core/kernel/Kernel.php(150): Slim\Slim->run()
#15 /home/matt/public_html/Provins-2/core/index.php(8): Kernel->run()
#16 /home/matt/public_html/Provins-2/index.php(5): require_once('/home/matt/publ...')
#17 {main}
ERROR - 2015-03-22T16:48:28+01:00 - exception 'RuntimeException' with message 'Unable to write in the cache directory (/home/matt/public_html/Provins-2/core/views_cache/f0/c3).' in /home/matt/public_html/Provins-2/core/vendor/twig/twig/lib/Twig/Environment.php:1278
Stack trace:
#0 /home/matt/public_html/Provins-2/core/vendor/twig/twig/lib/Twig/Environment.php(335): Twig_Environment->writeCacheFile('/home/matt/publ...', '<?php\n\n/* page-...')
#1 /home/matt/public_html/Provins-2/core/vendor/slim/views/Twig.php(87): Twig_Environment->loadTemplate('page-itinerary-...')
#2 /home/matt/public_html/Provins-2/core/vendor/slim/slim/Slim/View.php(255): Slim\Views\Twig->render('page-itinerary-...', NULL)
#3 /home/matt/public_html/Provins-2/core/vendor/slim/slim/Slim/View.php(243): Slim\View->fetch('page-itinerary-...', NULL)
#4 /home/matt/public_html/Provins-2/core/vendor/slim/slim/Slim/Slim.php(757): Slim\View->display('page-itinerary-...')
#5 /home/matt/public_html/Provins-2/core/kernel/View.php(89): Slim\Slim->render('page-itinerary-...')
#6 /home/matt/public_html/Provins-2/core/kernel/Controllers.php(125): View::render('La Petite \xC3\x89pop...', 'itinerary-summa...', Array)
#7 [internal function]: Controllers::itinerarySummary('court-famille-l...')
#8 /home/matt/public_html/Provins-2/core/vendor/slim/slim/Slim/Route.php(468): call_user_func_array('Controllers::it...', Array)
#9 /home/matt/public_html/Provins-2/core/vendor/slim/slim/Slim/Slim.php(1357): Slim\Route->dispatch()
#10 /home/matt/public_html/Provins-2/core/vendor/slim/slim/Slim/Middleware/Flash.php(85): Slim\Slim->call()
#11 /home/matt/public_html/Provins-2/core/vendor/slim/slim/Slim/Middleware/MethodOverride.php(92): Slim\Middleware\Flash->call()
#12 /home/matt/public_html/Provins-2/core/vendor/slim/slim/Slim/Middleware/PrettyExceptions.php(67): Slim\Middleware\MethodOverride->call()
#13 /home/matt/public_html/Provins-2/core/vendor/slim/slim/Slim/Slim.php(1302): Slim\Middleware\PrettyExceptions->call()
#14 /home/matt/public_html/Provins-2/core/kernel/Kernel.php(150): Slim\Slim->run()
#15 /home/matt/public_html/Provins-2/core/index.php(8): Kernel->run()
#16 /home/matt/public_html/Provins-2/index.php(5): require_once('/home/matt/publ...')
#17 {main}
ERROR - 2015-03-22T16:48:42+01:00 - exception 'RuntimeException' with message 'Unable to write in the cache directory (/home/matt/public_html/Provins-2/core/views_cache/f0/c3).' in /home/matt/public_html/Provins-2/core/vendor/twig/twig/lib/Twig/Environment.php:1278
Stack trace:
#0 /home/matt/public_html/Provins-2/core/vendor/twig/twig/lib/Twig/Environment.php(335): Twig_Environment->writeCacheFile('/home/matt/publ...', '<?php\n\n/* page-...')
#1 /home/matt/public_html/Provins-2/core/vendor/slim/views/Twig.php(87): Twig_Environment->loadTemplate('page-itinerary-...')
#2 /home/matt/public_html/Provins-2/core/vendor/slim/slim/Slim/View.php(255): Slim\Views\Twig->render('page-itinerary-...', NULL)
#3 /home/matt/public_html/Provins-2/core/vendor/slim/slim/Slim/View.php(243): Slim\View->fetch('page-itinerary-...', NULL)
#4 /home/matt/public_html/Provins-2/core/vendor/slim/slim/Slim/Slim.php(757): Slim\View->display('page-itinerary-...')
#5 /home/matt/public_html/Provins-2/core/kernel/View.php(89): Slim\Slim->render('page-itinerary-...')
#6 /home/matt/public_html/Provins-2/core/kernel/Controllers.php(125): View::render('La Petite \xC3\x89pop...', 'itinerary-summa...', Array)
#7 [internal function]: Controllers::itinerarySummary('court-famille-l...')
#8 /home/matt/public_html/Provins-2/core/vendor/slim/slim/Slim/Route.php(468): call_user_func_array('Controllers::it...', Array)
#9 /home/matt/public_html/Provins-2/core/vendor/slim/slim/Slim/Slim.php(1357): Slim\Route->dispatch()
#10 /home/matt/public_html/Provins-2/core/vendor/slim/slim/Slim/Middleware/Flash.php(85): Slim\Slim->call()
#11 /home/matt/public_html/Provins-2/core/vendor/slim/slim/Slim/Middleware/MethodOverride.php(92): Slim\Middleware\Flash->call()
#12 /home/matt/public_html/Provins-2/core/vendor/slim/slim/Slim/Middleware/PrettyExceptions.php(67): Slim\Middleware\MethodOverride->call()
#13 /home/matt/public_html/Provins-2/core/vendor/slim/slim/Slim/Slim.php(1302): Slim\Middleware\PrettyExceptions->call()
#14 /home/matt/public_html/Provins-2/core/kernel/Kernel.php(150): Slim\Slim->run()
#15 /home/matt/public_html/Provins-2/core/index.php(8): Kernel->run()
#16 /home/matt/public_html/Provins-2/index.php(5): require_once('/home/matt/publ...')
#17 {main}
ERROR - 2015-03-22T16:48:43+01:00 - exception 'RuntimeException' with message 'Unable to write in the cache directory (/home/matt/public_html/Provins-2/core/views_cache/f0/c3).' in /home/matt/public_html/Provins-2/core/vendor/twig/twig/lib/Twig/Environment.php:1278
Stack trace:
#0 /home/matt/public_html/Provins-2/core/vendor/twig/twig/lib/Twig/Environment.php(335): Twig_Environment->writeCacheFile('/home/matt/publ...', '<?php\n\n/* page-...')
#1 /home/matt/public_html/Provins-2/core/vendor/slim/views/Twig.php(87): Twig_Environment->loadTemplate('page-itinerary-...')
#2 /home/matt/public_html/Provins-2/core/vendor/slim/slim/Slim/View.php(255): Slim\Views\Twig->render('page-itinerary-...', NULL)
#3 /home/matt/public_html/Provins-2/core/vendor/slim/slim/Slim/View.php(243): Slim\View->fetch('page-itinerary-...', NULL)
#4 /home/matt/public_html/Provins-2/core/vendor/slim/slim/Slim/Slim.php(757): Slim\View->display('page-itinerary-...')
#5 /home/matt/public_html/Provins-2/core/kernel/View.php(89): Slim\Slim->render('page-itinerary-...')
#6 /home/matt/public_html/Provins-2/core/kernel/Controllers.php(125): View::render('La Petite \xC3\x89pop...', 'itinerary-summa...', Array)
#7 [internal function]: Controllers::itinerarySummary('court-famille-l...')
#8 /home/matt/public_html/Provins-2/core/vendor/slim/slim/Slim/Route.php(468): call_user_func_array('Controllers::it...', Array)
#9 /home/matt/public_html/Provins-2/core/vendor/slim/slim/Slim/Slim.php(1357): Slim\Route->dispatch()
#10 /home/matt/public_html/Provins-2/core/vendor/slim/slim/Slim/Middleware/Flash.php(85): Slim\Slim->call()
#11 /home/matt/public_html/Provins-2/core/vendor/slim/slim/Slim/Middleware/MethodOverride.php(92): Slim\Middleware\Flash->call()
#12 /home/matt/public_html/Provins-2/core/vendor/slim/slim/Slim/Middleware/PrettyExceptions.php(67): Slim\Middleware\MethodOverride->call()
#13 /home/matt/public_html/Provins-2/core/vendor/slim/slim/Slim/Slim.php(1302): Slim\Middleware\PrettyExceptions->call()
#14 /home/matt/public_html/Provins-2/core/kernel/Kernel.php(150): Slim\Slim->run()
#15 /home/matt/public_html/Provins-2/core/index.php(8): Kernel->run()
#16 /home/matt/public_html/Provins-2/index.php(5): require_once('/home/matt/publ...')
#17 {main}
ERROR - 2015-03-22T16:48:44+01:00 - exception 'RuntimeException' with message 'Unable to write in the cache directory (/home/matt/public_html/Provins-2/core/views_cache/f0/c3).' in /home/matt/public_html/Provins-2/core/vendor/twig/twig/lib/Twig/Environment.php:1278
Stack trace:
#0 /home/matt/public_html/Provins-2/core/vendor/twig/twig/lib/Twig/Environment.php(335): Twig_Environment->writeCacheFile('/home/matt/publ...', '<?php\n\n/* page-...')
#1 /home/matt/public_html/Provins-2/core/vendor/slim/views/Twig.php(87): Twig_Environment->loadTemplate('page-itinerary-...')
#2 /home/matt/public_html/Provins-2/core/vendor/slim/slim/Slim/View.php(255): Slim\Views\Twig->render('page-itinerary-...', NULL)
#3 /home/matt/public_html/Provins-2/core/vendor/slim/slim/Slim/View.php(243): Slim\View->fetch('page-itinerary-...', NULL)
#4 /home/matt/public_html/Provins-2/core/vendor/slim/slim/Slim/Slim.php(757): Slim\View->display('page-itinerary-...')
#5 /home/matt/public_html/Provins-2/core/kernel/View.php(89): Slim\Slim->render('page-itinerary-...')
#6 /home/matt/public_html/Provins-2/core/kernel/Controllers.php(125): View::render('La Petite \xC3\x89pop...', 'itinerary-summa...', Array)
#7 [internal function]: Controllers::itinerarySummary('court-famille-l...')
#8 /home/matt/public_html/Provins-2/core/vendor/slim/slim/Slim/Route.php(468): call_user_func_array('Controllers::it...', Array)
#9 /home/matt/public_html/Provins-2/core/vendor/slim/slim/Slim/Slim.php(1357): Slim\Route->dispatch()
#10 /home/matt/public_html/Provins-2/core/vendor/slim/slim/Slim/Middleware/Flash.php(85): Slim\Slim->call()
#11 /home/matt/public_html/Provins-2/core/vendor/slim/slim/Slim/Middleware/MethodOverride.php(92): Slim\Middleware\Flash->call()
#12 /home/matt/public_html/Provins-2/core/vendor/slim/slim/Slim/Middleware/PrettyExceptions.php(67): Slim\Middleware\MethodOverride->call()
#13 /home/matt/public_html/Provins-2/core/vendor/slim/slim/Slim/Slim.php(1302): Slim\Middleware\PrettyExceptions->call()
#14 /home/matt/public_html/Provins-2/core/kernel/Kernel.php(150): Slim\Slim->run()
#15 /home/matt/public_html/Provins-2/core/index.php(8): Kernel->run()
#16 /home/matt/public_html/Provins-2/index.php(5): require_once('/home/matt/publ...')
#17 {main}
ERROR - 2015-03-22T16:49:08+01:00 - exception 'RuntimeException' with message 'Unable to create the cache directory (/home/matt/public_html/Provins-2/core/views_cache/f0/c3).' in /home/matt/public_html/Provins-2/core/vendor/twig/twig/lib/Twig/Environment.php:1274
Stack trace:
#0 /home/matt/public_html/Provins-2/core/vendor/twig/twig/lib/Twig/Environment.php(335): Twig_Environment->writeCacheFile('/home/matt/publ...', '<?php\n\n/* page-...')
#1 /home/matt/public_html/Provins-2/core/vendor/slim/views/Twig.php(87): Twig_Environment->loadTemplate('page-itinerary-...')
#2 /home/matt/public_html/Provins-2/core/vendor/slim/slim/Slim/View.php(255): Slim\Views\Twig->render('page-itinerary-...', NULL)
#3 /home/matt/public_html/Provins-2/core/vendor/slim/slim/Slim/View.php(243): Slim\View->fetch('page-itinerary-...', NULL)
#4 /home/matt/public_html/Provins-2/core/vendor/slim/slim/Slim/Slim.php(757): Slim\View->display('page-itinerary-...')
#5 /home/matt/public_html/Provins-2/core/kernel/View.php(89): Slim\Slim->render('page-itinerary-...')
#6 /home/matt/public_html/Provins-2/core/kernel/Controllers.php(125): View::render('La Petite \xC3\x89pop...', 'itinerary-summa...', Array)
#7 [internal function]: Controllers::itinerarySummary('court-famille-l...')
#8 /home/matt/public_html/Provins-2/core/vendor/slim/slim/Slim/Route.php(468): call_user_func_array('Controllers::it...', Array)
#9 /home/matt/public_html/Provins-2/core/vendor/slim/slim/Slim/Slim.php(1357): Slim\Route->dispatch()
#10 /home/matt/public_html/Provins-2/core/vendor/slim/slim/Slim/Middleware/Flash.php(85): Slim\Slim->call()
#11 /home/matt/public_html/Provins-2/core/vendor/slim/slim/Slim/Middleware/MethodOverride.php(92): Slim\Middleware\Flash->call()
#12 /home/matt/public_html/Provins-2/core/vendor/slim/slim/Slim/Middleware/PrettyExceptions.php(67): Slim\Middleware\MethodOverride->call()
#13 /home/matt/public_html/Provins-2/core/vendor/slim/slim/Slim/Slim.php(1302): Slim\Middleware\PrettyExceptions->call()
#14 /home/matt/public_html/Provins-2/core/kernel/Kernel.php(150): Slim\Slim->run()
#15 /home/matt/public_html/Provins-2/core/index.php(8): Kernel->run()
#16 /home/matt/public_html/Provins-2/index.php(5): require_once('/home/matt/publ...')
#17 {main}
ERROR - 2015-03-22T16:49:09+01:00 - exception 'RuntimeException' with message 'Unable to create the cache directory (/home/matt/public_html/Provins-2/core/views_cache/f0/c3).' in /home/matt/public_html/Provins-2/core/vendor/twig/twig/lib/Twig/Environment.php:1274
Stack trace:
#0 /home/matt/public_html/Provins-2/core/vendor/twig/twig/lib/Twig/Environment.php(335): Twig_Environment->writeCacheFile('/home/matt/publ...', '<?php\n\n/* page-...')
#1 /home/matt/public_html/Provins-2/core/vendor/slim/views/Twig.php(87): Twig_Environment->loadTemplate('page-itinerary-...')
#2 /home/matt/public_html/Provins-2/core/vendor/slim/slim/Slim/View.php(255): Slim\Views\Twig->render('page-itinerary-...', NULL)
#3 /home/matt/public_html/Provins-2/core/vendor/slim/slim/Slim/View.php(243): Slim\View->fetch('page-itinerary-...', NULL)
#4 /home/matt/public_html/Provins-2/core/vendor/slim/slim/Slim/Slim.php(757): Slim\View->display('page-itinerary-...')
#5 /home/matt/public_html/Provins-2/core/kernel/View.php(89): Slim\Slim->render('page-itinerary-...')
#6 /home/matt/public_html/Provins-2/core/kernel/Controllers.php(125): View::render('La Petite \xC3\x89pop...', 'itinerary-summa...', Array)
#7 [internal function]: Controllers::itinerarySummary('court-famille-l...')
#8 /home/matt/public_html/Provins-2/core/vendor/slim/slim/Slim/Route.php(468): call_user_func_array('Controllers::it...', Array)
#9 /home/matt/public_html/Provins-2/core/vendor/slim/slim/Slim/Slim.php(1357): Slim\Route->dispatch()
#10 /home/matt/public_html/Provins-2/core/vendor/slim/slim/Slim/Middleware/Flash.php(85): Slim\Slim->call()
#11 /home/matt/public_html/Provins-2/core/vendor/slim/slim/Slim/Middleware/MethodOverride.php(92): Slim\Middleware\Flash->call()
#12 /home/matt/public_html/Provins-2/core/vendor/slim/slim/Slim/Middleware/PrettyExceptions.php(67): Slim\Middleware\MethodOverride->call()
#13 /home/matt/public_html/Provins-2/core/vendor/slim/slim/Slim/Slim.php(1302): Slim\Middleware\PrettyExceptions->call()
#14 /home/matt/public_html/Provins-2/core/kernel/Kernel.php(150): Slim\Slim->run()
#15 /home/matt/public_html/Provins-2/core/index.php(8): Kernel->run()
#16 /home/matt/public_html/Provins-2/index.php(5): require_once('/home/matt/publ...')
#17 {main}
ERROR - 2015-03-22T16:49:09+01:00 - exception 'RuntimeException' with message 'Unable to create the cache directory (/home/matt/public_html/Provins-2/core/views_cache/f0/c3).' in /home/matt/public_html/Provins-2/core/vendor/twig/twig/lib/Twig/Environment.php:1274
Stack trace:
#0 /home/matt/public_html/Provins-2/core/vendor/twig/twig/lib/Twig/Environment.php(335): Twig_Environment->writeCacheFile('/home/matt/publ...', '<?php\n\n/* page-...')
#1 /home/matt/public_html/Provins-2/core/vendor/slim/views/Twig.php(87): Twig_Environment->loadTemplate('page-itinerary-...')
#2 /home/matt/public_html/Provins-2/core/vendor/slim/slim/Slim/View.php(255): Slim\Views\Twig->render('page-itinerary-...', NULL)
#3 /home/matt/public_html/Provins-2/core/vendor/slim/slim/Slim/View.php(243): Slim\View->fetch('page-itinerary-...', NULL)
#4 /home/matt/public_html/Provins-2/core/vendor/slim/slim/Slim/Slim.php(757): Slim\View->display('page-itinerary-...')
#5 /home/matt/public_html/Provins-2/core/kernel/View.php(89): Slim\Slim->render('page-itinerary-...')
#6 /home/matt/public_html/Provins-2/core/kernel/Controllers.php(125): View::render('La Petite \xC3\x89pop...', 'itinerary-summa...', Array)
#7 [internal function]: Controllers::itinerarySummary('court-famille-l...')
#8 /home/matt/public_html/Provins-2/core/vendor/slim/slim/Slim/Route.php(468): call_user_func_array('Controllers::it...', Array)
#9 /home/matt/public_html/Provins-2/core/vendor/slim/slim/Slim/Slim.php(1357): Slim\Route->dispatch()
#10 /home/matt/public_html/Provins-2/core/vendor/slim/slim/Slim/Middleware/Flash.php(85): Slim\Slim->call()
#11 /home/matt/public_html/Provins-2/core/vendor/slim/slim/Slim/Middleware/MethodOverride.php(92): Slim\Middleware\Flash->call()
#12 /home/matt/public_html/Provins-2/core/vendor/slim/slim/Slim/Middleware/PrettyExceptions.php(67): Slim\Middleware\MethodOverride->call()
#13 /home/matt/public_html/Provins-2/core/vendor/slim/slim/Slim/Slim.php(1302): Slim\Middleware\PrettyExceptions->call()
#14 /home/matt/public_html/Provins-2/core/kernel/Kernel.php(150): Slim\Slim->run()
#15 /home/matt/public_html/Provins-2/core/index.php(8): Kernel->run()
#16 /home/matt/public_html/Provins-2/index.php(5): require_once('/home/matt/publ...')
#17 {main}
ERROR - 2015-03-22T16:49:39+01:00 - exception 'Twig_Error_Runtime' with message 'Key "preview" for array with keys "name, category, target, pitch, start, arrival, duration, distance, preview-map, id" does not exist in "page-itinerary-summary.twig" at line 36' in /home/matt/public_html/Provins-2/core/vendor/twig/twig/lib/Twig/Template.php:403
Stack trace:
#0 /home/matt/public_html/Provins-2/core/views_cache/f0/c3/c4dcb096282a88e582e68622d61cc8f8440831b56bc7f943a8062e4b11c6.php(122): Twig_Template->getAttribute(Array, 'preview', Array)
#1 /home/matt/public_html/Provins-2/core/vendor/twig/twig/lib/Twig/Template.php(154): __TwigTemplate_f0c3c4dcb096282a88e582e68622d61cc8f8440831b56bc7f943a8062e4b11c6->block_section(Array, Array)
#2 /home/matt/public_html/Provins-2/core/views_cache/e7/a7/5cefd83a951f6c20299935c9f8ecae65b331ad2bd0f6509cfecee0d3e2d3.php(70): Twig_Template->displayBlock('section', Array, Array)
#3 /home/matt/public_html/Provins-2/core/vendor/twig/twig/lib/Twig/Template.php(289): __TwigTemplate_e7a75cefd83a951f6c20299935c9f8ecae65b331ad2bd0f6509cfecee0d3e2d3->doDisplay(Array, Array)
#4 /home/matt/public_html/Provins-2/core/vendor/twig/twig/lib/Twig/Template.php(263): Twig_Template->displayWithErrorHandling(Array, Array)
#5 /home/matt/public_html/Provins-2/core/views_cache/f0/c3/c4dcb096282a88e582e68622d61cc8f8440831b56bc7f943a8062e4b11c6.php(37): Twig_Template->display(Array, Array)
#6 /home/matt/public_html/Provins-2/core/vendor/twig/twig/lib/Twig/Template.php(289): __TwigTemplate_f0c3c4dcb096282a88e582e68622d61cc8f8440831b56bc7f943a8062e4b11c6->doDisplay(Array, Array)
#7 /home/matt/public_html/Provins-2/core/vendor/twig/twig/lib/Twig/Template.php(263): Twig_Template->displayWithErrorHandling(Array, Array)
#8 /home/matt/public_html/Provins-2/core/vendor/twig/twig/lib/Twig/Template.php(274): Twig_Template->display(Array)
#9 /home/matt/public_html/Provins-2/core/vendor/slim/views/Twig.php(91): Twig_Template->render(Array)
#10 /home/matt/public_html/Provins-2/core/vendor/slim/slim/Slim/View.php(255): Slim\Views\Twig->render('page-itinerary-...', NULL)
#11 /home/matt/public_html/Provins-2/core/vendor/slim/slim/Slim/View.php(243): Slim\View->fetch('page-itinerary-...', NULL)
#12 /home/matt/public_html/Provins-2/core/vendor/slim/slim/Slim/Slim.php(757): Slim\View->display('page-itinerary-...')
#13 /home/matt/public_html/Provins-2/core/kernel/View.php(89): Slim\Slim->render('page-itinerary-...')
#14 /home/matt/public_html/Provins-2/core/kernel/Controllers.php(125): View::render('La Petite \xC3\x89pop...', 'itinerary-summa...', Array)
#15 [internal function]: Controllers::itinerarySummary('court-famille-l...')
#16 /home/matt/public_html/Provins-2/core/vendor/slim/slim/Slim/Route.php(468): call_user_func_array('Controllers::it...', Array)
#17 /home/matt/public_html/Provins-2/core/vendor/slim/slim/Slim/Slim.php(1357): Slim\Route->dispatch()
#18 /home/matt/public_html/Provins-2/core/vendor/slim/slim/Slim/Middleware/Flash.php(85): Slim\Slim->call()
#19 /home/matt/public_html/Provins-2/core/vendor/slim/slim/Slim/Middleware/MethodOverride.php(92): Slim\Middleware\Flash->call()
#20 /home/matt/public_html/Provins-2/core/vendor/slim/slim/Slim/Middleware/PrettyExceptions.php(67): Slim\Middleware\MethodOverride->call()
#21 /home/matt/public_html/Provins-2/core/vendor/slim/slim/Slim/Slim.php(1302): Slim\Middleware\PrettyExceptions->call()
#22 /home/matt/public_html/Provins-2/core/kernel/Kernel.php(150): Slim\Slim->run()
#23 /home/matt/public_html/Provins-2/core/index.php(8): Kernel->run()
#24 /home/matt/public_html/Provins-2/index.php(5): require_once('/home/matt/publ...')
#25 {main}
ERROR - 2015-03-22T16:49:44+01:00 - exception 'Twig_Error_Runtime' with message 'Key "preview" for array with keys "name, category, target, pitch, start, arrival, duration, distance, preview-map, id" does not exist in "page-itinerary-summary.twig" at line 36' in /home/matt/public_html/Provins-2/core/vendor/twig/twig/lib/Twig/Template.php:403
Stack trace:
#0 /home/matt/public_html/Provins-2/core/views_cache/f0/c3/c4dcb096282a88e582e68622d61cc8f8440831b56bc7f943a8062e4b11c6.php(122): Twig_Template->getAttribute(Array, 'preview', Array)
#1 /home/matt/public_html/Provins-2/core/vendor/twig/twig/lib/Twig/Template.php(154): __TwigTemplate_f0c3c4dcb096282a88e582e68622d61cc8f8440831b56bc7f943a8062e4b11c6->block_section(Array, Array)
#2 /home/matt/public_html/Provins-2/core/views_cache/e7/a7/5cefd83a951f6c20299935c9f8ecae65b331ad2bd0f6509cfecee0d3e2d3.php(70): Twig_Template->displayBlock('section', Array, Array)
#3 /home/matt/public_html/Provins-2/core/vendor/twig/twig/lib/Twig/Template.php(289): __TwigTemplate_e7a75cefd83a951f6c20299935c9f8ecae65b331ad2bd0f6509cfecee0d3e2d3->doDisplay(Array, Array)
#4 /home/matt/public_html/Provins-2/core/vendor/twig/twig/lib/Twig/Template.php(263): Twig_Template->displayWithErrorHandling(Array, Array)
#5 /home/matt/public_html/Provins-2/core/views_cache/f0/c3/c4dcb096282a88e582e68622d61cc8f8440831b56bc7f943a8062e4b11c6.php(37): Twig_Template->display(Array, Array)
#6 /home/matt/public_html/Provins-2/core/vendor/twig/twig/lib/Twig/Template.php(289): __TwigTemplate_f0c3c4dcb096282a88e582e68622d61cc8f8440831b56bc7f943a8062e4b11c6->doDisplay(Array, Array)
#7 /home/matt/public_html/Provins-2/core/vendor/twig/twig/lib/Twig/Template.php(263): Twig_Template->displayWithErrorHandling(Array, Array)
#8 /home/matt/public_html/Provins-2/core/vendor/twig/twig/lib/Twig/Template.php(274): Twig_Template->display(Array)
#9 /home/matt/public_html/Provins-2/core/vendor/slim/views/Twig.php(91): Twig_Template->render(Array)
#10 /home/matt/public_html/Provins-2/core/vendor/slim/slim/Slim/View.php(255): Slim\Views\Twig->render('page-itinerary-...', NULL)
#11 /home/matt/public_html/Provins-2/core/vendor/slim/slim/Slim/View.php(243): Slim\View->fetch('page-itinerary-...', NULL)
#12 /home/matt/public_html/Provins-2/core/vendor/slim/slim/Slim/Slim.php(757): Slim\View->display('page-itinerary-...')
#13 /home/matt/public_html/Provins-2/core/kernel/View.php(89): Slim\Slim->render('page-itinerary-...')
#14 /home/matt/public_html/Provins-2/core/kernel/Controllers.php(125): View::render('La Petite \xC3\x89pop...', 'itinerary-summa...', Array)
#15 [internal function]: Controllers::itinerarySummary('court-famille-l...')
#16 /home/matt/public_html/Provins-2/core/vendor/slim/slim/Slim/Route.php(468): call_user_func_array('Controllers::it...', Array)
#17 /home/matt/public_html/Provins-2/core/vendor/slim/slim/Slim/Slim.php(1357): Slim\Route->dispatch()
#18 /home/matt/public_html/Provins-2/core/vendor/slim/slim/Slim/Middleware/Flash.php(85): Slim\Slim->call()
#19 /home/matt/public_html/Provins-2/core/vendor/slim/slim/Slim/Middleware/MethodOverride.php(92): Slim\Middleware\Flash->call()
#20 /home/matt/public_html/Provins-2/core/vendor/slim/slim/Slim/Middleware/PrettyExceptions.php(67): Slim\Middleware\MethodOverride->call()
#21 /home/matt/public_html/Provins-2/core/vendor/slim/slim/Slim/Slim.php(1302): Slim\Middleware\PrettyExceptions->call()
#22 /home/matt/public_html/Provins-2/core/kernel/Kernel.php(150): Slim\Slim->run()
#23 /home/matt/public_html/Provins-2/core/index.php(8): Kernel->run()
#24 /home/matt/public_html/Provins-2/index.php(5): require_once('/home/matt/publ...')
#25 {main}
ERROR - 2015-03-22T16:49:44+01:00 - exception 'Twig_Error_Runtime' with message 'Key "preview" for array with keys "name, category, target, pitch, start, arrival, duration, distance, preview-map, id" does not exist in "page-itinerary-summary.twig" at line 36' in /home/matt/public_html/Provins-2/core/vendor/twig/twig/lib/Twig/Template.php:403
Stack trace:
#0 /home/matt/public_html/Provins-2/core/views_cache/f0/c3/c4dcb096282a88e582e68622d61cc8f8440831b56bc7f943a8062e4b11c6.php(122): Twig_Template->getAttribute(Array, 'preview', Array)
#1 /home/matt/public_html/Provins-2/core/vendor/twig/twig/lib/Twig/Template.php(154): __TwigTemplate_f0c3c4dcb096282a88e582e68622d61cc8f8440831b56bc7f943a8062e4b11c6->block_section(Array, Array)
#2 /home/matt/public_html/Provins-2/core/views_cache/e7/a7/5cefd83a951f6c20299935c9f8ecae65b331ad2bd0f6509cfecee0d3e2d3.php(70): Twig_Template->displayBlock('section', Array, Array)
#3 /home/matt/public_html/Provins-2/core/vendor/twig/twig/lib/Twig/Template.php(289): __TwigTemplate_e7a75cefd83a951f6c20299935c9f8ecae65b331ad2bd0f6509cfecee0d3e2d3->doDisplay(Array, Array)
#4 /home/matt/public_html/Provins-2/core/vendor/twig/twig/lib/Twig/Template.php(263): Twig_Template->displayWithErrorHandling(Array, Array)
#5 /home/matt/public_html/Provins-2/core/views_cache/f0/c3/c4dcb096282a88e582e68622d61cc8f8440831b56bc7f943a8062e4b11c6.php(37): Twig_Template->display(Array, Array)
#6 /home/matt/public_html/Provins-2/core/vendor/twig/twig/lib/Twig/Template.php(289): __TwigTemplate_f0c3c4dcb096282a88e582e68622d61cc8f8440831b56bc7f943a8062e4b11c6->doDisplay(Array, Array)
#7 /home/matt/public_html/Provins-2/core/vendor/twig/twig/lib/Twig/Template.php(263): Twig_Template->displayWithErrorHandling(Array, Array)
#8 /home/matt/public_html/Provins-2/core/vendor/twig/twig/lib/Twig/Template.php(274): Twig_Template->display(Array)
#9 /home/matt/public_html/Provins-2/core/vendor/slim/views/Twig.php(91): Twig_Template->render(Array)
#10 /home/matt/public_html/Provins-2/core/vendor/slim/slim/Slim/View.php(255): Slim\Views\Twig->render('page-itinerary-...', NULL)
#11 /home/matt/public_html/Provins-2/core/vendor/slim/slim/Slim/View.php(243): Slim\View->fetch('page-itinerary-...', NULL)
#12 /home/matt/public_html/Provins-2/core/vendor/slim/slim/Slim/Slim.php(757): Slim\View->display('page-itinerary-...')
#13 /home/matt/public_html/Provins-2/core/kernel/View.php(89): Slim\Slim->render('page-itinerary-...')
#14 /home/matt/public_html/Provins-2/core/kernel/Controllers.php(125): View::render('La Petite \xC3\x89pop...', 'itinerary-summa...', Array)
#15 [internal function]: Controllers::itinerarySummary('court-famille-l...')
#16 /home/matt/public_html/Provins-2/core/vendor/slim/slim/Slim/Route.php(468): call_user_func_array('Controllers::it...', Array)
#17 /home/matt/public_html/Provins-2/core/vendor/slim/slim/Slim/Slim.php(1357): Slim\Route->dispatch()
#18 /home/matt/public_html/Provins-2/core/vendor/slim/slim/Slim/Middleware/Flash.php(85): Slim\Slim->call()
#19 /home/matt/public_html/Provins-2/core/vendor/slim/slim/Slim/Middleware/MethodOverride.php(92): Slim\Middleware\Flash->call()
#20 /home/matt/public_html/Provins-2/core/vendor/slim/slim/Slim/Middleware/PrettyExceptions.php(67): Slim\Middleware\MethodOverride->call()
#21 /home/matt/public_html/Provins-2/core/vendor/slim/slim/Slim/Slim.php(1302): Slim\Middleware\PrettyExceptions->call()
#22 /home/matt/public_html/Provins-2/core/kernel/Kernel.php(150): Slim\Slim->run()
#23 /home/matt/public_html/Provins-2/core/index.php(8): Kernel->run()
#24 /home/matt/public_html/Provins-2/index.php(5): require_once('/home/matt/publ...')
#25 {main}
ERROR - 2015-03-22T16:49:45+01:00 - exception 'Twig_Error_Runtime' with message 'Key "preview" for array with keys "name, category, target, pitch, start, arrival, duration, distance, preview-map, id" does not exist in "page-itinerary-summary.twig" at line 36' in /home/matt/public_html/Provins-2/core/vendor/twig/twig/lib/Twig/Template.php:403
Stack trace:
#0 /home/matt/public_html/Provins-2/core/views_cache/f0/c3/c4dcb096282a88e582e68622d61cc8f8440831b56bc7f943a8062e4b11c6.php(122): Twig_Template->getAttribute(Array, 'preview', Array)
#1 /home/matt/public_html/Provins-2/core/vendor/twig/twig/lib/Twig/Template.php(154): __TwigTemplate_f0c3c4dcb096282a88e582e68622d61cc8f8440831b56bc7f943a8062e4b11c6->block_section(Array, Array)
#2 /home/matt/public_html/Provins-2/core/views_cache/e7/a7/5cefd83a951f6c20299935c9f8ecae65b331ad2bd0f6509cfecee0d3e2d3.php(70): Twig_Template->displayBlock('section', Array, Array)
#3 /home/matt/public_html/Provins-2/core/vendor/twig/twig/lib/Twig/Template.php(289): __TwigTemplate_e7a75cefd83a951f6c20299935c9f8ecae65b331ad2bd0f6509cfecee0d3e2d3->doDisplay(Array, Array)
#4 /home/matt/public_html/Provins-2/core/vendor/twig/twig/lib/Twig/Template.php(263): Twig_Template->displayWithErrorHandling(Array, Array)
#5 /home/matt/public_html/Provins-2/core/views_cache/f0/c3/c4dcb096282a88e582e68622d61cc8f8440831b56bc7f943a8062e4b11c6.php(37): Twig_Template->display(Array, Array)
#6 /home/matt/public_html/Provins-2/core/vendor/twig/twig/lib/Twig/Template.php(289): __TwigTemplate_f0c3c4dcb096282a88e582e68622d61cc8f8440831b56bc7f943a8062e4b11c6->doDisplay(Array, Array)
#7 /home/matt/public_html/Provins-2/core/vendor/twig/twig/lib/Twig/Template.php(263): Twig_Template->displayWithErrorHandling(Array, Array)
#8 /home/matt/public_html/Provins-2/core/vendor/twig/twig/lib/Twig/Template.php(274): Twig_Template->display(Array)
#9 /home/matt/public_html/Provins-2/core/vendor/slim/views/Twig.php(91): Twig_Template->render(Array)
#10 /home/matt/public_html/Provins-2/core/vendor/slim/slim/Slim/View.php(255): Slim\Views\Twig->render('page-itinerary-...', NULL)
#11 /home/matt/public_html/Provins-2/core/vendor/slim/slim/Slim/View.php(243): Slim\View->fetch('page-itinerary-...', NULL)
#12 /home/matt/public_html/Provins-2/core/vendor/slim/slim/Slim/Slim.php(757): Slim\View->display('page-itinerary-...')
#13 /home/matt/public_html/Provins-2/core/kernel/View.php(89): Slim\Slim->render('page-itinerary-...')
#14 /home/matt/public_html/Provins-2/core/kernel/Controllers.php(125): View::render('La Petite \xC3\x89pop...', 'itinerary-summa...', Array)
#15 [internal function]: Controllers::itinerarySummary('court-famille-l...')
#16 /home/matt/public_html/Provins-2/core/vendor/slim/slim/Slim/Route.php(468): call_user_func_array('Controllers::it...', Array)
#17 /home/matt/public_html/Provins-2/core/vendor/slim/slim/Slim/Slim.php(1357): Slim\Route->dispatch()
#18 /home/matt/public_html/Provins-2/core/vendor/slim/slim/Slim/Middleware/Flash.php(85): Slim\Slim->call()
#19 /home/matt/public_html/Provins-2/core/vendor/slim/slim/Slim/Middleware/MethodOverride.php(92): Slim\Middleware\Flash->call()
#20 /home/matt/public_html/Provins-2/core/vendor/slim/slim/Slim/Middleware/PrettyExceptions.php(67): Slim\Middleware\MethodOverride->call()
#21 /home/matt/public_html/Provins-2/core/vendor/slim/slim/Slim/Slim.php(1302): Slim\Middleware\PrettyExceptions->call()
#22 /home/matt/public_html/Provins-2/core/kernel/Kernel.php(150): Slim\Slim->run()
#23 /home/matt/public_html/Provins-2/core/index.php(8): Kernel->run()
#24 /home/matt/public_html/Provins-2/index.php(5): require_once('/home/matt/publ...')
#25 {main}
ERROR - 2015-03-22T16:49:45+01:00 - exception 'Twig_Error_Runtime' with message 'Key "preview" for array with keys "name, category, target, pitch, start, arrival, duration, distance, preview-map, id" does not exist in "page-itinerary-summary.twig" at line 36' in /home/matt/public_html/Provins-2/core/vendor/twig/twig/lib/Twig/Template.php:403
Stack trace:
#0 /home/matt/public_html/Provins-2/core/views_cache/f0/c3/c4dcb096282a88e582e68622d61cc8f8440831b56bc7f943a8062e4b11c6.php(122): Twig_Template->getAttribute(Array, 'preview', Array)
#1 /home/matt/public_html/Provins-2/core/vendor/twig/twig/lib/Twig/Template.php(154): __TwigTemplate_f0c3c4dcb096282a88e582e68622d61cc8f8440831b56bc7f943a8062e4b11c6->block_section(Array, Array)
#2 /home/matt/public_html/Provins-2/core/views_cache/e7/a7/5cefd83a951f6c20299935c9f8ecae65b331ad2bd0f6509cfecee0d3e2d3.php(70): Twig_Template->displayBlock('section', Array, Array)
#3 /home/matt/public_html/Provins-2/core/vendor/twig/twig/lib/Twig/Template.php(289): __TwigTemplate_e7a75cefd83a951f6c20299935c9f8ecae65b331ad2bd0f6509cfecee0d3e2d3->doDisplay(Array, Array)
#4 /home/matt/public_html/Provins-2/core/vendor/twig/twig/lib/Twig/Template.php(263): Twig_Template->displayWithErrorHandling(Array, Array)
#5 /home/matt/public_html/Provins-2/core/views_cache/f0/c3/c4dcb096282a88e582e68622d61cc8f8440831b56bc7f943a8062e4b11c6.php(37): Twig_Template->display(Array, Array)
#6 /home/matt/public_html/Provins-2/core/vendor/twig/twig/lib/Twig/Template.php(289): __TwigTemplate_f0c3c4dcb096282a88e582e68622d61cc8f8440831b56bc7f943a8062e4b11c6->doDisplay(Array, Array)
#7 /home/matt/public_html/Provins-2/core/vendor/twig/twig/lib/Twig/Template.php(263): Twig_Template->displayWithErrorHandling(Array, Array)
#8 /home/matt/public_html/Provins-2/core/vendor/twig/twig/lib/Twig/Template.php(274): Twig_Template->display(Array)
#9 /home/matt/public_html/Provins-2/core/vendor/slim/views/Twig.php(91): Twig_Template->render(Array)
#10 /home/matt/public_html/Provins-2/core/vendor/slim/slim/Slim/View.php(255): Slim\Views\Twig->render('page-itinerary-...', NULL)
#11 /home/matt/public_html/Provins-2/core/vendor/slim/slim/Slim/View.php(243): Slim\View->fetch('page-itinerary-...', NULL)
#12 /home/matt/public_html/Provins-2/core/vendor/slim/slim/Slim/Slim.php(757): Slim\View->display('page-itinerary-...')
#13 /home/matt/public_html/Provins-2/core/kernel/View.php(89): Slim\Slim->render('page-itinerary-...')
#14 /home/matt/public_html/Provins-2/core/kernel/Controllers.php(125): View::render('La Petite \xC3\x89pop...', 'itinerary-summa...', Array)
#15 [internal function]: Controllers::itinerarySummary('court-famille-l...')
#16 /home/matt/public_html/Provins-2/core/vendor/slim/slim/Slim/Route.php(468): call_user_func_array('Controllers::it...', Array)
#17 /home/matt/public_html/Provins-2/core/vendor/slim/slim/Slim/Slim.php(1357): Slim\Route->dispatch()
#18 /home/matt/public_html/Provins-2/core/vendor/slim/slim/Slim/Middleware/Flash.php(85): Slim\Slim->call()
#19 /home/matt/public_html/Provins-2/core/vendor/slim/slim/Slim/Middleware/MethodOverride.php(92): Slim\Middleware\Flash->call()
#20 /home/matt/public_html/Provins-2/core/vendor/slim/slim/Slim/Middleware/PrettyExceptions.php(67): Slim\Middleware\MethodOverride->call()
#21 /home/matt/public_html/Provins-2/core/vendor/slim/slim/Slim/Slim.php(1302): Slim\Middleware\PrettyExceptions->call()
#22 /home/matt/public_html/Provins-2/core/kernel/Kernel.php(150): Slim\Slim->run()
#23 /home/matt/public_html/Provins-2/core/index.php(8): Kernel->run()
#24 /home/matt/public_html/Provins-2/index.php(5): require_once('/home/matt/publ...')
#25 {main}
ERROR - 2015-03-22T16:49:46+01:00 - exception 'Twig_Error_Runtime' with message 'Key "preview" for array with keys "name, category, target, pitch, start, arrival, duration, distance, preview-map, id" does not exist in "page-itinerary-summary.twig" at line 36' in /home/matt/public_html/Provins-2/core/vendor/twig/twig/lib/Twig/Template.php:403
Stack trace:
#0 /home/matt/public_html/Provins-2/core/views_cache/f0/c3/c4dcb096282a88e582e68622d61cc8f8440831b56bc7f943a8062e4b11c6.php(122): Twig_Template->getAttribute(Array, 'preview', Array)
#1 /home/matt/public_html/Provins-2/core/vendor/twig/twig/lib/Twig/Template.php(154): __TwigTemplate_f0c3c4dcb096282a88e582e68622d61cc8f8440831b56bc7f943a8062e4b11c6->block_section(Array, Array)
#2 /home/matt/public_html/Provins-2/core/views_cache/e7/a7/5cefd83a951f6c20299935c9f8ecae65b331ad2bd0f6509cfecee0d3e2d3.php(70): Twig_Template->displayBlock('section', Array, Array)
#3 /home/matt/public_html/Provins-2/core/vendor/twig/twig/lib/Twig/Template.php(289): __TwigTemplate_e7a75cefd83a951f6c20299935c9f8ecae65b331ad2bd0f6509cfecee0d3e2d3->doDisplay(Array, Array)
#4 /home/matt/public_html/Provins-2/core/vendor/twig/twig/lib/Twig/Template.php(263): Twig_Template->displayWithErrorHandling(Array, Array)
#5 /home/matt/public_html/Provins-2/core/views_cache/f0/c3/c4dcb096282a88e582e68622d61cc8f8440831b56bc7f943a8062e4b11c6.php(37): Twig_Template->display(Array, Array)
#6 /home/matt/public_html/Provins-2/core/vendor/twig/twig/lib/Twig/Template.php(289): __TwigTemplate_f0c3c4dcb096282a88e582e68622d61cc8f8440831b56bc7f943a8062e4b11c6->doDisplay(Array, Array)
#7 /home/matt/public_html/Provins-2/core/vendor/twig/twig/lib/Twig/Template.php(263): Twig_Template->displayWithErrorHandling(Array, Array)
#8 /home/matt/public_html/Provins-2/core/vendor/twig/twig/lib/Twig/Template.php(274): Twig_Template->display(Array)
#9 /home/matt/public_html/Provins-2/core/vendor/slim/views/Twig.php(91): Twig_Template->render(Array)
#10 /home/matt/public_html/Provins-2/core/vendor/slim/slim/Slim/View.php(255): Slim\Views\Twig->render('page-itinerary-...', NULL)
#11 /home/matt/public_html/Provins-2/core/vendor/slim/slim/Slim/View.php(243): Slim\View->fetch('page-itinerary-...', NULL)
#12 /home/matt/public_html/Provins-2/core/vendor/slim/slim/Slim/Slim.php(757): Slim\View->display('page-itinerary-...')
#13 /home/matt/public_html/Provins-2/core/kernel/View.php(89): Slim\Slim->render('page-itinerary-...')
#14 /home/matt/public_html/Provins-2/core/kernel/Controllers.php(125): View::render('La Petite \xC3\x89pop...', 'itinerary-summa...', Array)
#15 [internal function]: Controllers::itinerarySummary('court-famille-l...')
#16 /home/matt/public_html/Provins-2/core/vendor/slim/slim/Slim/Route.php(468): call_user_func_array('Controllers::it...', Array)
#17 /home/matt/public_html/Provins-2/core/vendor/slim/slim/Slim/Slim.php(1357): Slim\Route->dispatch()
#18 /home/matt/public_html/Provins-2/core/vendor/slim/slim/Slim/Middleware/Flash.php(85): Slim\Slim->call()
#19 /home/matt/public_html/Provins-2/core/vendor/slim/slim/Slim/Middleware/MethodOverride.php(92): Slim\Middleware\Flash->call()
#20 /home/matt/public_html/Provins-2/core/vendor/slim/slim/Slim/Middleware/PrettyExceptions.php(67): Slim\Middleware\MethodOverride->call()
#21 /home/matt/public_html/Provins-2/core/vendor/slim/slim/Slim/Slim.php(1302): Slim\Middleware\PrettyExceptions->call()
#22 /home/matt/public_html/Provins-2/core/kernel/Kernel.php(150): Slim\Slim->run()
#23 /home/matt/public_html/Provins-2/core/index.php(8): Kernel->run()
#24 /home/matt/public_html/Provins-2/index.php(5): require_once('/home/matt/publ...')
#25 {main}
ERROR - 2015-03-22T16:49:58+01:00 - exception 'Twig_Error_Runtime' with message 'Key "preview" for array with keys "name, category, target, pitch, start, arrival, duration, distance, preview-map, id" does not exist in "page-itinerary-summary.twig" at line 36' in /home/matt/public_html/Provins-2/core/vendor/twig/twig/lib/Twig/Template.php:403
Stack trace:
#0 /home/matt/public_html/Provins-2/core/views_cache/f0/c3/c4dcb096282a88e582e68622d61cc8f8440831b56bc7f943a8062e4b11c6.php(122): Twig_Template->getAttribute(Array, 'preview', Array)
#1 /home/matt/public_html/Provins-2/core/vendor/twig/twig/lib/Twig/Template.php(154): __TwigTemplate_f0c3c4dcb096282a88e582e68622d61cc8f8440831b56bc7f943a8062e4b11c6->block_section(Array, Array)
#2 /home/matt/public_html/Provins-2/core/views_cache/e7/a7/5cefd83a951f6c20299935c9f8ecae65b331ad2bd0f6509cfecee0d3e2d3.php(70): Twig_Template->displayBlock('section', Array, Array)
#3 /home/matt/public_html/Provins-2/core/vendor/twig/twig/lib/Twig/Template.php(289): __TwigTemplate_e7a75cefd83a951f6c20299935c9f8ecae65b331ad2bd0f6509cfecee0d3e2d3->doDisplay(Array, Array)
#4 /home/matt/public_html/Provins-2/core/vendor/twig/twig/lib/Twig/Template.php(263): Twig_Template->displayWithErrorHandling(Array, Array)
#5 /home/matt/public_html/Provins-2/core/views_cache/f0/c3/c4dcb096282a88e582e68622d61cc8f8440831b56bc7f943a8062e4b11c6.php(37): Twig_Template->display(Array, Array)
#6 /home/matt/public_html/Provins-2/core/vendor/twig/twig/lib/Twig/Template.php(289): __TwigTemplate_f0c3c4dcb096282a88e582e68622d61cc8f8440831b56bc7f943a8062e4b11c6->doDisplay(Array, Array)
#7 /home/matt/public_html/Provins-2/core/vendor/twig/twig/lib/Twig/Template.php(263): Twig_Template->displayWithErrorHandling(Array, Array)
#8 /home/matt/public_html/Provins-2/core/vendor/twig/twig/lib/Twig/Template.php(274): Twig_Template->display(Array)
#9 /home/matt/public_html/Provins-2/core/vendor/slim/views/Twig.php(91): Twig_Template->render(Array)
#10 /home/matt/public_html/Provins-2/core/vendor/slim/slim/Slim/View.php(255): Slim\Views\Twig->render('page-itinerary-...', NULL)
#11 /home/matt/public_html/Provins-2/core/vendor/slim/slim/Slim/View.php(243): Slim\View->fetch('page-itinerary-...', NULL)
#12 /home/matt/public_html/Provins-2/core/vendor/slim/slim/Slim/Slim.php(757): Slim\View->display('page-itinerary-...')
#13 /home/matt/public_html/Provins-2/core/kernel/View.php(89): Slim\Slim->render('page-itinerary-...')
#14 /home/matt/public_html/Provins-2/core/kernel/Controllers.php(125): View::render('La Petite \xC3\x89pop...', 'itinerary-summa...', Array)
#15 [internal function]: Controllers::itinerarySummary('court-famille-l...')
#16 /home/matt/public_html/Provins-2/core/vendor/slim/slim/Slim/Route.php(468): call_user_func_array('Controllers::it...', Array)
#17 /home/matt/public_html/Provins-2/core/vendor/slim/slim/Slim/Slim.php(1357): Slim\Route->dispatch()
#18 /home/matt/public_html/Provins-2/core/vendor/slim/slim/Slim/Middleware/Flash.php(85): Slim\Slim->call()
#19 /home/matt/public_html/Provins-2/core/vendor/slim/slim/Slim/Middleware/MethodOverride.php(92): Slim\Middleware\Flash->call()
#20 /home/matt/public_html/Provins-2/core/vendor/slim/slim/Slim/Middleware/PrettyExceptions.php(67): Slim\Middleware\MethodOverride->call()
#21 /home/matt/public_html/Provins-2/core/vendor/slim/slim/Slim/Slim.php(1302): Slim\Middleware\PrettyExceptions->call()
#22 /home/matt/public_html/Provins-2/core/kernel/Kernel.php(150): Slim\Slim->run()
#23 /home/matt/public_html/Provins-2/core/index.php(8): Kernel->run()
#24 /home/matt/public_html/Provins-2/index.php(5): require_once('/home/matt/publ...')
#25 {main}
ERROR - 2015-03-22T16:49:59+01:00 - exception 'Twig_Error_Runtime' with message 'Key "preview" for array with keys "name, category, target, pitch, start, arrival, duration, distance, preview-map, id" does not exist in "page-itinerary-summary.twig" at line 36' in /home/matt/public_html/Provins-2/core/vendor/twig/twig/lib/Twig/Template.php:403
Stack trace:
#0 /home/matt/public_html/Provins-2/core/views_cache/f0/c3/c4dcb096282a88e582e68622d61cc8f8440831b56bc7f943a8062e4b11c6.php(122): Twig_Template->getAttribute(Array, 'preview', Array)
#1 /home/matt/public_html/Provins-2/core/vendor/twig/twig/lib/Twig/Template.php(154): __TwigTemplate_f0c3c4dcb096282a88e582e68622d61cc8f8440831b56bc7f943a8062e4b11c6->block_section(Array, Array)
#2 /home/matt/public_html/Provins-2/core/views_cache/e7/a7/5cefd83a951f6c20299935c9f8ecae65b331ad2bd0f6509cfecee0d3e2d3.php(70): Twig_Template->displayBlock('section', Array, Array)
#3 /home/matt/public_html/Provins-2/core/vendor/twig/twig/lib/Twig/Template.php(289): __TwigTemplate_e7a75cefd83a951f6c20299935c9f8ecae65b331ad2bd0f6509cfecee0d3e2d3->doDisplay(Array, Array)
#4 /home/matt/public_html/Provins-2/core/vendor/twig/twig/lib/Twig/Template.php(263): Twig_Template->displayWithErrorHandling(Array, Array)
#5 /home/matt/public_html/Provins-2/core/views_cache/f0/c3/c4dcb096282a88e582e68622d61cc8f8440831b56bc7f943a8062e4b11c6.php(37): Twig_Template->display(Array, Array)
#6 /home/matt/public_html/Provins-2/core/vendor/twig/twig/lib/Twig/Template.php(289): __TwigTemplate_f0c3c4dcb096282a88e582e68622d61cc8f8440831b56bc7f943a8062e4b11c6->doDisplay(Array, Array)
#7 /home/matt/public_html/Provins-2/core/vendor/twig/twig/lib/Twig/Template.php(263): Twig_Template->displayWithErrorHandling(Array, Array)
#8 /home/matt/public_html/Provins-2/core/vendor/twig/twig/lib/Twig/Template.php(274): Twig_Template->display(Array)
#9 /home/matt/public_html/Provins-2/core/vendor/slim/views/Twig.php(91): Twig_Template->render(Array)
#10 /home/matt/public_html/Provins-2/core/vendor/slim/slim/Slim/View.php(255): Slim\Views\Twig->render('page-itinerary-...', NULL)
#11 /home/matt/public_html/Provins-2/core/vendor/slim/slim/Slim/View.php(243): Slim\View->fetch('page-itinerary-...', NULL)
#12 /home/matt/public_html/Provins-2/core/vendor/slim/slim/Slim/Slim.php(757): Slim\View->display('page-itinerary-...')
#13 /home/matt/public_html/Provins-2/core/kernel/View.php(89): Slim\Slim->render('page-itinerary-...')
#14 /home/matt/public_html/Provins-2/core/kernel/Controllers.php(125): View::render('La Petite \xC3\x89pop...', 'itinerary-summa...', Array)
#15 [internal function]: Controllers::itinerarySummary('court-famille-l...')
#16 /home/matt/public_html/Provins-2/core/vendor/slim/slim/Slim/Route.php(468): call_user_func_array('Controllers::it...', Array)
#17 /home/matt/public_html/Provins-2/core/vendor/slim/slim/Slim/Slim.php(1357): Slim\Route->dispatch()
#18 /home/matt/public_html/Provins-2/core/vendor/slim/slim/Slim/Middleware/Flash.php(85): Slim\Slim->call()
#19 /home/matt/public_html/Provins-2/core/vendor/slim/slim/Slim/Middleware/MethodOverride.php(92): Slim\Middleware\Flash->call()
#20 /home/matt/public_html/Provins-2/core/vendor/slim/slim/Slim/Middleware/PrettyExceptions.php(67): Slim\Middleware\MethodOverride->call()
#21 /home/matt/public_html/Provins-2/core/vendor/slim/slim/Slim/Slim.php(1302): Slim\Middleware\PrettyExceptions->call()
#22 /home/matt/public_html/Provins-2/core/kernel/Kernel.php(150): Slim\Slim->run()
#23 /home/matt/public_html/Provins-2/core/index.php(8): Kernel->run()
#24 /home/matt/public_html/Provins-2/index.php(5): require_once('/home/matt/publ...')
#25 {main}
ERROR - 2015-03-22T16:50:00+01:00 - exception 'Twig_Error_Runtime' with message 'Key "preview" for array with keys "name, category, target, pitch, start, arrival, duration, distance, preview-map, id" does not exist in "page-itinerary-summary.twig" at line 36' in /home/matt/public_html/Provins-2/core/vendor/twig/twig/lib/Twig/Template.php:403
Stack trace:
#0 /home/matt/public_html/Provins-2/core/views_cache/f0/c3/c4dcb096282a88e582e68622d61cc8f8440831b56bc7f943a8062e4b11c6.php(122): Twig_Template->getAttribute(Array, 'preview', Array)
#1 /home/matt/public_html/Provins-2/core/vendor/twig/twig/lib/Twig/Template.php(154): __TwigTemplate_f0c3c4dcb096282a88e582e68622d61cc8f8440831b56bc7f943a8062e4b11c6->block_section(Array, Array)
#2 /home/matt/public_html/Provins-2/core/views_cache/e7/a7/5cefd83a951f6c20299935c9f8ecae65b331ad2bd0f6509cfecee0d3e2d3.php(70): Twig_Template->displayBlock('section', Array, Array)
#3 /home/matt/public_html/Provins-2/core/vendor/twig/twig/lib/Twig/Template.php(289): __TwigTemplate_e7a75cefd83a951f6c20299935c9f8ecae65b331ad2bd0f6509cfecee0d3e2d3->doDisplay(Array, Array)
#4 /home/matt/public_html/Provins-2/core/vendor/twig/twig/lib/Twig/Template.php(263): Twig_Template->displayWithErrorHandling(Array, Array)
#5 /home/matt/public_html/Provins-2/core/views_cache/f0/c3/c4dcb096282a88e582e68622d61cc8f8440831b56bc7f943a8062e4b11c6.php(37): Twig_Template->display(Array, Array)
#6 /home/matt/public_html/Provins-2/core/vendor/twig/twig/lib/Twig/Template.php(289): __TwigTemplate_f0c3c4dcb096282a88e582e68622d61cc8f8440831b56bc7f943a8062e4b11c6->doDisplay(Array, Array)
#7 /home/matt/public_html/Provins-2/core/vendor/twig/twig/lib/Twig/Template.php(263): Twig_Template->displayWithErrorHandling(Array, Array)
#8 /home/matt/public_html/Provins-2/core/vendor/twig/twig/lib/Twig/Template.php(274): Twig_Template->display(Array)
#9 /home/matt/public_html/Provins-2/core/vendor/slim/views/Twig.php(91): Twig_Template->render(Array)
#10 /home/matt/public_html/Provins-2/core/vendor/slim/slim/Slim/View.php(255): Slim\Views\Twig->render('page-itinerary-...', NULL)
#11 /home/matt/public_html/Provins-2/core/vendor/slim/slim/Slim/View.php(243): Slim\View->fetch('page-itinerary-...', NULL)
#12 /home/matt/public_html/Provins-2/core/vendor/slim/slim/Slim/Slim.php(757): Slim\View->display('page-itinerary-...')
#13 /home/matt/public_html/Provins-2/core/kernel/View.php(89): Slim\Slim->render('page-itinerary-...')
#14 /home/matt/public_html/Provins-2/core/kernel/Controllers.php(125): View::render('La Petite \xC3\x89pop...', 'itinerary-summa...', Array)
#15 [internal function]: Controllers::itinerarySummary('court-famille-l...')
#16 /home/matt/public_html/Provins-2/core/vendor/slim/slim/Slim/Route.php(468): call_user_func_array('Controllers::it...', Array)
#17 /home/matt/public_html/Provins-2/core/vendor/slim/slim/Slim/Slim.php(1357): Slim\Route->dispatch()
#18 /home/matt/public_html/Provins-2/core/vendor/slim/slim/Slim/Middleware/Flash.php(85): Slim\Slim->call()
#19 /home/matt/public_html/Provins-2/core/vendor/slim/slim/Slim/Middleware/MethodOverride.php(92): Slim\Middleware\Flash->call()
#20 /home/matt/public_html/Provins-2/core/vendor/slim/slim/Slim/Middleware/PrettyExceptions.php(67): Slim\Middleware\MethodOverride->call()
#21 /home/matt/public_html/Provins-2/core/vendor/slim/slim/Slim/Slim.php(1302): Slim\Middleware\PrettyExceptions->call()
#22 /home/matt/public_html/Provins-2/core/kernel/Kernel.php(150): Slim\Slim->run()
#23 /home/matt/public_html/Provins-2/core/index.php(8): Kernel->run()
#24 /home/matt/public_html/Provins-2/index.php(5): require_once('/home/matt/publ...')
#25 {main}
ERROR - 2015-03-22T16:50:26+01:00 - exception 'RuntimeException' with message 'Unable to write in the cache directory (/home/matt/public_html/Provins-2/core/views_cache/f0/c3).' in /home/matt/public_html/Provins-2/core/vendor/twig/twig/lib/Twig/Environment.php:1278
Stack trace:
#0 /home/matt/public_html/Provins-2/core/vendor/twig/twig/lib/Twig/Environment.php(335): Twig_Environment->writeCacheFile('/home/matt/publ...', '<?php\n\n/* page-...')
#1 /home/matt/public_html/Provins-2/core/vendor/slim/views/Twig.php(87): Twig_Environment->loadTemplate('page-itinerary-...')
#2 /home/matt/public_html/Provins-2/core/vendor/slim/slim/Slim/View.php(255): Slim\Views\Twig->render('page-itinerary-...', NULL)
#3 /home/matt/public_html/Provins-2/core/vendor/slim/slim/Slim/View.php(243): Slim\View->fetch('page-itinerary-...', NULL)
#4 /home/matt/public_html/Provins-2/core/vendor/slim/slim/Slim/Slim.php(757): Slim\View->display('page-itinerary-...')
#5 /home/matt/public_html/Provins-2/core/kernel/View.php(89): Slim\Slim->render('page-itinerary-...')
#6 /home/matt/public_html/Provins-2/core/kernel/Controllers.php(125): View::render('La Petite \xC3\x89pop...', 'itinerary-summa...', Array)
#7 [internal function]: Controllers::itinerarySummary('court-famille-l...')
#8 /home/matt/public_html/Provins-2/core/vendor/slim/slim/Slim/Route.php(468): call_user_func_array('Controllers::it...', Array)
#9 /home/matt/public_html/Provins-2/core/vendor/slim/slim/Slim/Slim.php(1357): Slim\Route->dispatch()
#10 /home/matt/public_html/Provins-2/core/vendor/slim/slim/Slim/Middleware/Flash.php(85): Slim\Slim->call()
#11 /home/matt/public_html/Provins-2/core/vendor/slim/slim/Slim/Middleware/MethodOverride.php(92): Slim\Middleware\Flash->call()
#12 /home/matt/public_html/Provins-2/core/vendor/slim/slim/Slim/Middleware/PrettyExceptions.php(67): Slim\Middleware\MethodOverride->call()
#13 /home/matt/public_html/Provins-2/core/vendor/slim/slim/Slim/Slim.php(1302): Slim\Middleware\PrettyExceptions->call()
#14 /home/matt/public_html/Provins-2/core/kernel/Kernel.php(150): Slim\Slim->run()
#15 /home/matt/public_html/Provins-2/core/index.php(8): Kernel->run()
#16 /home/matt/public_html/Provins-2/index.php(5): require_once('/home/matt/publ...')
#17 {main}
ERROR - 2015-03-22T16:50:28+01:00 - exception 'RuntimeException' with message 'Unable to write in the cache directory (/home/matt/public_html/Provins-2/core/views_cache/f0/c3).' in /home/matt/public_html/Provins-2/core/vendor/twig/twig/lib/Twig/Environment.php:1278
Stack trace:
#0 /home/matt/public_html/Provins-2/core/vendor/twig/twig/lib/Twig/Environment.php(335): Twig_Environment->writeCacheFile('/home/matt/publ...', '<?php\n\n/* page-...')
#1 /home/matt/public_html/Provins-2/core/vendor/slim/views/Twig.php(87): Twig_Environment->loadTemplate('page-itinerary-...')
#2 /home/matt/public_html/Provins-2/core/vendor/slim/slim/Slim/View.php(255): Slim\Views\Twig->render('page-itinerary-...', NULL)
#3 /home/matt/public_html/Provins-2/core/vendor/slim/slim/Slim/View.php(243): Slim\View->fetch('page-itinerary-...', NULL)
#4 /home/matt/public_html/Provins-2/core/vendor/slim/slim/Slim/Slim.php(757): Slim\View->display('page-itinerary-...')
#5 /home/matt/public_html/Provins-2/core/kernel/View.php(89): Slim\Slim->render('page-itinerary-...')
#6 /home/matt/public_html/Provins-2/core/kernel/Controllers.php(125): View::render('La Petite \xC3\x89pop...', 'itinerary-summa...', Array)
#7 [internal function]: Controllers::itinerarySummary('court-famille-l...')
#8 /home/matt/public_html/Provins-2/core/vendor/slim/slim/Slim/Route.php(468): call_user_func_array('Controllers::it...', Array)
#9 /home/matt/public_html/Provins-2/core/vendor/slim/slim/Slim/Slim.php(1357): Slim\Route->dispatch()
#10 /home/matt/public_html/Provins-2/core/vendor/slim/slim/Slim/Middleware/Flash.php(85): Slim\Slim->call()
#11 /home/matt/public_html/Provins-2/core/vendor/slim/slim/Slim/Middleware/MethodOverride.php(92): Slim\Middleware\Flash->call()
#12 /home/matt/public_html/Provins-2/core/vendor/slim/slim/Slim/Middleware/PrettyExceptions.php(67): Slim\Middleware\MethodOverride->call()
#13 /home/matt/public_html/Provins-2/core/vendor/slim/slim/Slim/Slim.php(1302): Slim\Middleware\PrettyExceptions->call()
#14 /home/matt/public_html/Provins-2/core/kernel/Kernel.php(150): Slim\Slim->run()
#15 /home/matt/public_html/Provins-2/core/index.php(8): Kernel->run()
#16 /home/matt/public_html/Provins-2/index.php(5): require_once('/home/matt/publ...')
#17 {main}
ERROR - 2015-03-22T16:50:28+01:00 - exception 'RuntimeException' with message 'Unable to write in the cache directory (/home/matt/public_html/Provins-2/core/views_cache/f0/c3).' in /home/matt/public_html/Provins-2/core/vendor/twig/twig/lib/Twig/Environment.php:1278
Stack trace:
#0 /home/matt/public_html/Provins-2/core/vendor/twig/twig/lib/Twig/Environment.php(335): Twig_Environment->writeCacheFile('/home/matt/publ...', '<?php\n\n/* page-...')
#1 /home/matt/public_html/Provins-2/core/vendor/slim/views/Twig.php(87): Twig_Environment->loadTemplate('page-itinerary-...')
#2 /home/matt/public_html/Provins-2/core/vendor/slim/slim/Slim/View.php(255): Slim\Views\Twig->render('page-itinerary-...', NULL)
#3 /home/matt/public_html/Provins-2/core/vendor/slim/slim/Slim/View.php(243): Slim\View->fetch('page-itinerary-...', NULL)
#4 /home/matt/public_html/Provins-2/core/vendor/slim/slim/Slim/Slim.php(757): Slim\View->display('page-itinerary-...')
#5 /home/matt/public_html/Provins-2/core/kernel/View.php(89): Slim\Slim->render('page-itinerary-...')
#6 /home/matt/public_html/Provins-2/core/kernel/Controllers.php(125): View::render('La Petite \xC3\x89pop...', 'itinerary-summa...', Array)
#7 [internal function]: Controllers::itinerarySummary('court-famille-l...')
#8 /home/matt/public_html/Provins-2/core/vendor/slim/slim/Slim/Route.php(468): call_user_func_array('Controllers::it...', Array)
#9 /home/matt/public_html/Provins-2/core/vendor/slim/slim/Slim/Slim.php(1357): Slim\Route->dispatch()
#10 /home/matt/public_html/Provins-2/core/vendor/slim/slim/Slim/Middleware/Flash.php(85): Slim\Slim->call()
#11 /home/matt/public_html/Provins-2/core/vendor/slim/slim/Slim/Middleware/MethodOverride.php(92): Slim\Middleware\Flash->call()
#12 /home/matt/public_html/Provins-2/core/vendor/slim/slim/Slim/Middleware/PrettyExceptions.php(67): Slim\Middleware\MethodOverride->call()
#13 /home/matt/public_html/Provins-2/core/vendor/slim/slim/Slim/Slim.php(1302): Slim\Middleware\PrettyExceptions->call()
#14 /home/matt/public_html/Provins-2/core/kernel/Kernel.php(150): Slim\Slim->run()
#15 /home/matt/public_html/Provins-2/core/index.php(8): Kernel->run()
#16 /home/matt/public_html/Provins-2/index.php(5): require_once('/home/matt/publ...')
#17 {main}
ERROR - 2015-03-22T18:36:48+01:00 - exception 'ErrorException' with message 'file_put_contents(data/itineraries/court-famille-la-petite-epopee/cache.manifest): failed to open stream: Permission non accorde' in /home/matt/public_html/Provins-2/core/kernel/Cache.php:72
Stack trace:
#0 [internal function]: Slim\Slim::handleErrors(2, 'file_put_conten...', '/home/matt/publ...', 72, Array)
#1 /home/matt/public_html/Provins-2/core/kernel/Cache.php(72): file_put_contents('data/itinerarie...', 'CACHE MANIFEST\n...')
#2 /home/matt/public_html/Provins-2/core/kernel/Controllers.php(249): Cache::generate('court-famille-l...')
#3 [internal function]: Controllers::itineraryDownload()
#4 /home/matt/public_html/Provins-2/core/vendor/slim/slim/Slim/Route.php(468): call_user_func_array('Controllers::it...', Array)
#5 /home/matt/public_html/Provins-2/core/vendor/slim/slim/Slim/Slim.php(1357): Slim\Route->dispatch()
#6 /home/matt/public_html/Provins-2/core/vendor/slim/slim/Slim/Middleware/Flash.php(85): Slim\Slim->call()
#7 /home/matt/public_html/Provins-2/core/vendor/slim/slim/Slim/Middleware/MethodOverride.php(92): Slim\Middleware\Flash->call()
#8 /home/matt/public_html/Provins-2/core/vendor/slim/slim/Slim/Middleware/PrettyExceptions.php(67): Slim\Middleware\MethodOverride->call()
#9 /home/matt/public_html/Provins-2/core/vendor/slim/slim/Slim/Slim.php(1302): Slim\Middleware\PrettyExceptions->call()
#10 /home/matt/public_html/Provins-2/core/kernel/Kernel.php(150): Slim\Slim->run()
#11 /home/matt/public_html/Provins-2/core/index.php(8): Kernel->run()
#12 /home/matt/public_html/Provins-2/index.php(5): require_once('/home/matt/publ...')
#13 {main}
