ERROR - 2015-02-14T19:09:12+07:00 - exception 'Twig_Error_Runtime' with message 'Impossible to access an attribute ("name") on a NULL variable ("") in "itineraries.twig" at line 7' in /home/matt/public_html/Provins-2/core/vendor/twig/twig/lib/Twig/Template.php:393
Stack trace:
#0 /home/matt/public_html/Provins-2/core/views_cache/3c/a6/5e1cd827a04242376cd1bacb5d08deb52af0e39ff7246bbd76b042b5aa20.php(41): Twig_Template->getAttribute(NULL, 'name', Array)
#1 /home/matt/public_html/Provins-2/core/vendor/twig/twig/lib/Twig/Template.php(144): __TwigTemplate_3ca65e1cd827a04242376cd1bacb5d08deb52af0e39ff7246bbd76b042b5aa20->block_section(Array, Array)
#2 /home/matt/public_html/Provins-2/core/views_cache/0a/4c/bd615aee27a81e830cf3cc4c42a408d359db12c32467ff3e202def5f8ad1.php(70): Twig_Template->displayBlock('section', Array, Array)
#3 /home/matt/public_html/Provins-2/core/vendor/twig/twig/lib/Twig/Template.php(279): __TwigTemplate_0a4cbd615aee27a81e830cf3cc4c42a408d359db12c32467ff3e202def5f8ad1->doDisplay(Array, Array)
#4 /home/matt/public_html/Provins-2/core/vendor/twig/twig/lib/Twig/Template.php(253): Twig_Template->displayWithErrorHandling(Array, Array)
#5 /home/matt/public_html/Provins-2/core/views_cache/3c/a6/5e1cd827a04242376cd1bacb5d08deb52af0e39ff7246bbd76b042b5aa20.php(24): Twig_Template->display(Array, Array)
#6 /home/matt/public_html/Provins-2/core/vendor/twig/twig/lib/Twig/Template.php(279): __TwigTemplate_3ca65e1cd827a04242376cd1bacb5d08deb52af0e39ff7246bbd76b042b5aa20->doDisplay(Array, Array)
#7 /home/matt/public_html/Provins-2/core/vendor/twig/twig/lib/Twig/Template.php(253): Twig_Template->displayWithErrorHandling(Array, Array)
#8 /home/matt/public_html/Provins-2/core/vendor/twig/twig/lib/Twig/Template.php(264): Twig_Template->display(Array)
#9 /home/matt/public_html/Provins-2/core/vendor/slim/views/Slim/Views/Twig.php(91): Twig_Template->render(Array)
#10 /home/matt/public_html/Provins-2/core/vendor/slim/slim/Slim/View.php(255): Slim\Views\Twig->render('itineraries.twi...', NULL)
#11 /home/matt/public_html/Provins-2/core/vendor/slim/slim/Slim/View.php(243): Slim\View->fetch('itineraries.twi...', NULL)
#12 /home/matt/public_html/Provins-2/core/vendor/slim/slim/Slim/Slim.php(757): Slim\View->display('itineraries.twi...')
#13 /home/matt/public_html/Provins-2/core/kernel/View.php(73): Slim\Slim->render('itineraries.twi...')
#14 /home/matt/public_html/Provins-2/core/kernel/Controllers.php(91): View::render('Parcours', 'itineraries', Array)
#15 [internal function]: Controllers::itineraries()
#16 /home/matt/public_html/Provins-2/core/vendor/slim/slim/Slim/Route.php(462): call_user_func_array('Controllers::it...', Array)
#17 /home/matt/public_html/Provins-2/core/vendor/slim/slim/Slim/Slim.php(1326): Slim\Route->dispatch()
#18 /home/matt/public_html/Provins-2/core/vendor/slim/slim/Slim/Middleware/Flash.php(85): Slim\Slim->call()
#19 /home/matt/public_html/Provins-2/core/vendor/slim/slim/Slim/Middleware/MethodOverride.php(92): Slim\Middleware\Flash->call()
#20 /home/matt/public_html/Provins-2/core/vendor/slim/slim/Slim/Middleware/PrettyExceptions.php(67): Slim\Middleware\MethodOverride->call()
#21 /home/matt/public_html/Provins-2/core/vendor/slim/slim/Slim/Slim.php(1271): Slim\Middleware\PrettyExceptions->call()
#22 /home/matt/public_html/Provins-2/core/kernel/Kernel.php(126): Slim\Slim->run()
#23 /home/matt/public_html/Provins-2/core/index.php(8): Kernel->run()
#24 /home/matt/public_html/Provins-2/index.php(5): require_once('/home/matt/publ...')
#25 {main}
ERROR - 2015-02-14T19:09:12+07:00 - exception 'Twig_Error_Runtime' with message 'Impossible to access an attribute ("name") on a NULL variable ("") in "itineraries.twig" at line 7' in /home/matt/public_html/Provins-2/core/vendor/twig/twig/lib/Twig/Template.php:393
Stack trace:
#0 /home/matt/public_html/Provins-2/core/views_cache/3c/a6/5e1cd827a04242376cd1bacb5d08deb52af0e39ff7246bbd76b042b5aa20.php(41): Twig_Template->getAttribute(NULL, 'name', Array)
#1 /home/matt/public_html/Provins-2/core/vendor/twig/twig/lib/Twig/Template.php(144): __TwigTemplate_3ca65e1cd827a04242376cd1bacb5d08deb52af0e39ff7246bbd76b042b5aa20->block_section(Array, Array)
#2 /home/matt/public_html/Provins-2/core/views_cache/0a/4c/bd615aee27a81e830cf3cc4c42a408d359db12c32467ff3e202def5f8ad1.php(70): Twig_Template->displayBlock('section', Array, Array)
#3 /home/matt/public_html/Provins-2/core/vendor/twig/twig/lib/Twig/Template.php(279): __TwigTemplate_0a4cbd615aee27a81e830cf3cc4c42a408d359db12c32467ff3e202def5f8ad1->doDisplay(Array, Array)
#4 /home/matt/public_html/Provins-2/core/vendor/twig/twig/lib/Twig/Template.php(253): Twig_Template->displayWithErrorHandling(Array, Array)
#5 /home/matt/public_html/Provins-2/core/views_cache/3c/a6/5e1cd827a04242376cd1bacb5d08deb52af0e39ff7246bbd76b042b5aa20.php(24): Twig_Template->display(Array, Array)
#6 /home/matt/public_html/Provins-2/core/vendor/twig/twig/lib/Twig/Template.php(279): __TwigTemplate_3ca65e1cd827a04242376cd1bacb5d08deb52af0e39ff7246bbd76b042b5aa20->doDisplay(Array, Array)
#7 /home/matt/public_html/Provins-2/core/vendor/twig/twig/lib/Twig/Template.php(253): Twig_Template->displayWithErrorHandling(Array, Array)
#8 /home/matt/public_html/Provins-2/core/vendor/twig/twig/lib/Twig/Template.php(264): Twig_Template->display(Array)
#9 /home/matt/public_html/Provins-2/core/vendor/slim/views/Slim/Views/Twig.php(91): Twig_Template->render(Array)
#10 /home/matt/public_html/Provins-2/core/vendor/slim/slim/Slim/View.php(255): Slim\Views\Twig->render('itineraries.twi...', NULL)
#11 /home/matt/public_html/Provins-2/core/vendor/slim/slim/Slim/View.php(243): Slim\View->fetch('itineraries.twi...', NULL)
#12 /home/matt/public_html/Provins-2/core/vendor/slim/slim/Slim/Slim.php(757): Slim\View->display('itineraries.twi...')
#13 /home/matt/public_html/Provins-2/core/kernel/View.php(73): Slim\Slim->render('itineraries.twi...')
#14 /home/matt/public_html/Provins-2/core/kernel/Controllers.php(91): View::render('Parcours', 'itineraries', Array)
#15 [internal function]: Controllers::itineraries()
#16 /home/matt/public_html/Provins-2/core/vendor/slim/slim/Slim/Route.php(462): call_user_func_array('Controllers::it...', Array)
#17 /home/matt/public_html/Provins-2/core/vendor/slim/slim/Slim/Slim.php(1326): Slim\Route->dispatch()
#18 /home/matt/public_html/Provins-2/core/vendor/slim/slim/Slim/Middleware/Flash.php(85): Slim\Slim->call()
#19 /home/matt/public_html/Provins-2/core/vendor/slim/slim/Slim/Middleware/MethodOverride.php(92): Slim\Middleware\Flash->call()
#20 /home/matt/public_html/Provins-2/core/vendor/slim/slim/Slim/Middleware/PrettyExceptions.php(67): Slim\Middleware\MethodOverride->call()
#21 /home/matt/public_html/Provins-2/core/vendor/slim/slim/Slim/Slim.php(1271): Slim\Middleware\PrettyExceptions->call()
#22 /home/matt/public_html/Provins-2/core/kernel/Kernel.php(126): Slim\Slim->run()
#23 /home/matt/public_html/Provins-2/core/index.php(8): Kernel->run()
#24 /home/matt/public_html/Provins-2/index.php(5): require_once('/home/matt/publ...')
#25 {main}
ERROR - 2015-02-14T19:09:25+07:00 - exception 'Twig_Error_Runtime' with message 'Impossible to access an attribute ("name") on a NULL variable ("") in "itineraries.twig" at line 7' in /home/matt/public_html/Provins-2/core/vendor/twig/twig/lib/Twig/Template.php:393
Stack trace:
#0 /home/matt/public_html/Provins-2/core/views_cache/3c/a6/5e1cd827a04242376cd1bacb5d08deb52af0e39ff7246bbd76b042b5aa20.php(41): Twig_Template->getAttribute(NULL, 'name', Array)
#1 /home/matt/public_html/Provins-2/core/vendor/twig/twig/lib/Twig/Template.php(144): __TwigTemplate_3ca65e1cd827a04242376cd1bacb5d08deb52af0e39ff7246bbd76b042b5aa20->block_section(Array, Array)
#2 /home/matt/public_html/Provins-2/core/views_cache/0a/4c/bd615aee27a81e830cf3cc4c42a408d359db12c32467ff3e202def5f8ad1.php(70): Twig_Template->displayBlock('section', Array, Array)
#3 /home/matt/public_html/Provins-2/core/vendor/twig/twig/lib/Twig/Template.php(279): __TwigTemplate_0a4cbd615aee27a81e830cf3cc4c42a408d359db12c32467ff3e202def5f8ad1->doDisplay(Array, Array)
#4 /home/matt/public_html/Provins-2/core/vendor/twig/twig/lib/Twig/Template.php(253): Twig_Template->displayWithErrorHandling(Array, Array)
#5 /home/matt/public_html/Provins-2/core/views_cache/3c/a6/5e1cd827a04242376cd1bacb5d08deb52af0e39ff7246bbd76b042b5aa20.php(24): Twig_Template->display(Array, Array)
#6 /home/matt/public_html/Provins-2/core/vendor/twig/twig/lib/Twig/Template.php(279): __TwigTemplate_3ca65e1cd827a04242376cd1bacb5d08deb52af0e39ff7246bbd76b042b5aa20->doDisplay(Array, Array)
#7 /home/matt/public_html/Provins-2/core/vendor/twig/twig/lib/Twig/Template.php(253): Twig_Template->displayWithErrorHandling(Array, Array)
#8 /home/matt/public_html/Provins-2/core/vendor/twig/twig/lib/Twig/Template.php(264): Twig_Template->display(Array)
#9 /home/matt/public_html/Provins-2/core/vendor/slim/views/Slim/Views/Twig.php(91): Twig_Template->render(Array)
#10 /home/matt/public_html/Provins-2/core/vendor/slim/slim/Slim/View.php(255): Slim\Views\Twig->render('itineraries.twi...', NULL)
#11 /home/matt/public_html/Provins-2/core/vendor/slim/slim/Slim/View.php(243): Slim\View->fetch('itineraries.twi...', NULL)
#12 /home/matt/public_html/Provins-2/core/vendor/slim/slim/Slim/Slim.php(757): Slim\View->display('itineraries.twi...')
#13 /home/matt/public_html/Provins-2/core/kernel/View.php(73): Slim\Slim->render('itineraries.twi...')
#14 /home/matt/public_html/Provins-2/core/kernel/Controllers.php(91): View::render('Parcours', 'itineraries', Array)
#15 [internal function]: Controllers::itineraries()
#16 /home/matt/public_html/Provins-2/core/vendor/slim/slim/Slim/Route.php(462): call_user_func_array('Controllers::it...', Array)
#17 /home/matt/public_html/Provins-2/core/vendor/slim/slim/Slim/Slim.php(1326): Slim\Route->dispatch()
#18 /home/matt/public_html/Provins-2/core/vendor/slim/slim/Slim/Middleware/Flash.php(85): Slim\Slim->call()
#19 /home/matt/public_html/Provins-2/core/vendor/slim/slim/Slim/Middleware/MethodOverride.php(92): Slim\Middleware\Flash->call()
#20 /home/matt/public_html/Provins-2/core/vendor/slim/slim/Slim/Middleware/PrettyExceptions.php(67): Slim\Middleware\MethodOverride->call()
#21 /home/matt/public_html/Provins-2/core/vendor/slim/slim/Slim/Slim.php(1271): Slim\Middleware\PrettyExceptions->call()
#22 /home/matt/public_html/Provins-2/core/kernel/Kernel.php(126): Slim\Slim->run()
#23 /home/matt/public_html/Provins-2/core/index.php(8): Kernel->run()
#24 /home/matt/public_html/Provins-2/index.php(5): require_once('/home/matt/publ...')
#25 {main}
ERROR - 2015-02-14T19:09:26+07:00 - exception 'Twig_Error_Runtime' with message 'Impossible to access an attribute ("name") on a NULL variable ("") in "itineraries.twig" at line 7' in /home/matt/public_html/Provins-2/core/vendor/twig/twig/lib/Twig/Template.php:393
Stack trace:
#0 /home/matt/public_html/Provins-2/core/views_cache/3c/a6/5e1cd827a04242376cd1bacb5d08deb52af0e39ff7246bbd76b042b5aa20.php(41): Twig_Template->getAttribute(NULL, 'name', Array)
#1 /home/matt/public_html/Provins-2/core/vendor/twig/twig/lib/Twig/Template.php(144): __TwigTemplate_3ca65e1cd827a04242376cd1bacb5d08deb52af0e39ff7246bbd76b042b5aa20->block_section(Array, Array)
#2 /home/matt/public_html/Provins-2/core/views_cache/0a/4c/bd615aee27a81e830cf3cc4c42a408d359db12c32467ff3e202def5f8ad1.php(70): Twig_Template->displayBlock('section', Array, Array)
#3 /home/matt/public_html/Provins-2/core/vendor/twig/twig/lib/Twig/Template.php(279): __TwigTemplate_0a4cbd615aee27a81e830cf3cc4c42a408d359db12c32467ff3e202def5f8ad1->doDisplay(Array, Array)
#4 /home/matt/public_html/Provins-2/core/vendor/twig/twig/lib/Twig/Template.php(253): Twig_Template->displayWithErrorHandling(Array, Array)
#5 /home/matt/public_html/Provins-2/core/views_cache/3c/a6/5e1cd827a04242376cd1bacb5d08deb52af0e39ff7246bbd76b042b5aa20.php(24): Twig_Template->display(Array, Array)
#6 /home/matt/public_html/Provins-2/core/vendor/twig/twig/lib/Twig/Template.php(279): __TwigTemplate_3ca65e1cd827a04242376cd1bacb5d08deb52af0e39ff7246bbd76b042b5aa20->doDisplay(Array, Array)
#7 /home/matt/public_html/Provins-2/core/vendor/twig/twig/lib/Twig/Template.php(253): Twig_Template->displayWithErrorHandling(Array, Array)
#8 /home/matt/public_html/Provins-2/core/vendor/twig/twig/lib/Twig/Template.php(264): Twig_Template->display(Array)
#9 /home/matt/public_html/Provins-2/core/vendor/slim/views/Slim/Views/Twig.php(91): Twig_Template->render(Array)
#10 /home/matt/public_html/Provins-2/core/vendor/slim/slim/Slim/View.php(255): Slim\Views\Twig->render('itineraries.twi...', NULL)
#11 /home/matt/public_html/Provins-2/core/vendor/slim/slim/Slim/View.php(243): Slim\View->fetch('itineraries.twi...', NULL)
#12 /home/matt/public_html/Provins-2/core/vendor/slim/slim/Slim/Slim.php(757): Slim\View->display('itineraries.twi...')
#13 /home/matt/public_html/Provins-2/core/kernel/View.php(73): Slim\Slim->render('itineraries.twi...')
#14 /home/matt/public_html/Provins-2/core/kernel/Controllers.php(91): View::render('Parcours', 'itineraries', Array)
#15 [internal function]: Controllers::itineraries()
#16 /home/matt/public_html/Provins-2/core/vendor/slim/slim/Slim/Route.php(462): call_user_func_array('Controllers::it...', Array)
#17 /home/matt/public_html/Provins-2/core/vendor/slim/slim/Slim/Slim.php(1326): Slim\Route->dispatch()
#18 /home/matt/public_html/Provins-2/core/vendor/slim/slim/Slim/Middleware/Flash.php(85): Slim\Slim->call()
#19 /home/matt/public_html/Provins-2/core/vendor/slim/slim/Slim/Middleware/MethodOverride.php(92): Slim\Middleware\Flash->call()
#20 /home/matt/public_html/Provins-2/core/vendor/slim/slim/Slim/Middleware/PrettyExceptions.php(67): Slim\Middleware\MethodOverride->call()
#21 /home/matt/public_html/Provins-2/core/vendor/slim/slim/Slim/Slim.php(1271): Slim\Middleware\PrettyExceptions->call()
#22 /home/matt/public_html/Provins-2/core/kernel/Kernel.php(126): Slim\Slim->run()
#23 /home/matt/public_html/Provins-2/core/index.php(8): Kernel->run()
#24 /home/matt/public_html/Provins-2/index.php(5): require_once('/home/matt/publ...')
#25 {main}
ERROR - 2015-02-14T19:09:26+07:00 - exception 'Twig_Error_Runtime' with message 'Impossible to access an attribute ("name") on a NULL variable ("") in "itineraries.twig" at line 7' in /home/matt/public_html/Provins-2/core/vendor/twig/twig/lib/Twig/Template.php:393
Stack trace:
#0 /home/matt/public_html/Provins-2/core/views_cache/3c/a6/5e1cd827a04242376cd1bacb5d08deb52af0e39ff7246bbd76b042b5aa20.php(41): Twig_Template->getAttribute(NULL, 'name', Array)
#1 /home/matt/public_html/Provins-2/core/vendor/twig/twig/lib/Twig/Template.php(144): __TwigTemplate_3ca65e1cd827a04242376cd1bacb5d08deb52af0e39ff7246bbd76b042b5aa20->block_section(Array, Array)
#2 /home/matt/public_html/Provins-2/core/views_cache/0a/4c/bd615aee27a81e830cf3cc4c42a408d359db12c32467ff3e202def5f8ad1.php(70): Twig_Template->displayBlock('section', Array, Array)
#3 /home/matt/public_html/Provins-2/core/vendor/twig/twig/lib/Twig/Template.php(279): __TwigTemplate_0a4cbd615aee27a81e830cf3cc4c42a408d359db12c32467ff3e202def5f8ad1->doDisplay(Array, Array)
#4 /home/matt/public_html/Provins-2/core/vendor/twig/twig/lib/Twig/Template.php(253): Twig_Template->displayWithErrorHandling(Array, Array)
#5 /home/matt/public_html/Provins-2/core/views_cache/3c/a6/5e1cd827a04242376cd1bacb5d08deb52af0e39ff7246bbd76b042b5aa20.php(24): Twig_Template->display(Array, Array)
#6 /home/matt/public_html/Provins-2/core/vendor/twig/twig/lib/Twig/Template.php(279): __TwigTemplate_3ca65e1cd827a04242376cd1bacb5d08deb52af0e39ff7246bbd76b042b5aa20->doDisplay(Array, Array)
#7 /home/matt/public_html/Provins-2/core/vendor/twig/twig/lib/Twig/Template.php(253): Twig_Template->displayWithErrorHandling(Array, Array)
#8 /home/matt/public_html/Provins-2/core/vendor/twig/twig/lib/Twig/Template.php(264): Twig_Template->display(Array)
#9 /home/matt/public_html/Provins-2/core/vendor/slim/views/Slim/Views/Twig.php(91): Twig_Template->render(Array)
#10 /home/matt/public_html/Provins-2/core/vendor/slim/slim/Slim/View.php(255): Slim\Views\Twig->render('itineraries.twi...', NULL)
#11 /home/matt/public_html/Provins-2/core/vendor/slim/slim/Slim/View.php(243): Slim\View->fetch('itineraries.twi...', NULL)
#12 /home/matt/public_html/Provins-2/core/vendor/slim/slim/Slim/Slim.php(757): Slim\View->display('itineraries.twi...')
#13 /home/matt/public_html/Provins-2/core/kernel/View.php(73): Slim\Slim->render('itineraries.twi...')
#14 /home/matt/public_html/Provins-2/core/kernel/Controllers.php(91): View::render('Parcours', 'itineraries', Array)
#15 [internal function]: Controllers::itineraries()
#16 /home/matt/public_html/Provins-2/core/vendor/slim/slim/Slim/Route.php(462): call_user_func_array('Controllers::it...', Array)
#17 /home/matt/public_html/Provins-2/core/vendor/slim/slim/Slim/Slim.php(1326): Slim\Route->dispatch()
#18 /home/matt/public_html/Provins-2/core/vendor/slim/slim/Slim/Middleware/Flash.php(85): Slim\Slim->call()
#19 /home/matt/public_html/Provins-2/core/vendor/slim/slim/Slim/Middleware/MethodOverride.php(92): Slim\Middleware\Flash->call()
#20 /home/matt/public_html/Provins-2/core/vendor/slim/slim/Slim/Middleware/PrettyExceptions.php(67): Slim\Middleware\MethodOverride->call()
#21 /home/matt/public_html/Provins-2/core/vendor/slim/slim/Slim/Slim.php(1271): Slim\Middleware\PrettyExceptions->call()
#22 /home/matt/public_html/Provins-2/core/kernel/Kernel.php(126): Slim\Slim->run()
#23 /home/matt/public_html/Provins-2/core/index.php(8): Kernel->run()
#24 /home/matt/public_html/Provins-2/index.php(5): require_once('/home/matt/publ...')
#25 {main}
ERROR - 2015-02-14T19:09:30+07:00 - exception 'Twig_Error_Runtime' with message 'Impossible to access an attribute ("name") on a NULL variable ("") in "itineraries.twig" at line 7' in /home/matt/public_html/Provins-2/core/vendor/twig/twig/lib/Twig/Template.php:393
Stack trace:
#0 /home/matt/public_html/Provins-2/core/views_cache/3c/a6/5e1cd827a04242376cd1bacb5d08deb52af0e39ff7246bbd76b042b5aa20.php(41): Twig_Template->getAttribute(NULL, 'name', Array)
#1 /home/matt/public_html/Provins-2/core/vendor/twig/twig/lib/Twig/Template.php(144): __TwigTemplate_3ca65e1cd827a04242376cd1bacb5d08deb52af0e39ff7246bbd76b042b5aa20->block_section(Array, Array)
#2 /home/matt/public_html/Provins-2/core/views_cache/0a/4c/bd615aee27a81e830cf3cc4c42a408d359db12c32467ff3e202def5f8ad1.php(70): Twig_Template->displayBlock('section', Array, Array)
#3 /home/matt/public_html/Provins-2/core/vendor/twig/twig/lib/Twig/Template.php(279): __TwigTemplate_0a4cbd615aee27a81e830cf3cc4c42a408d359db12c32467ff3e202def5f8ad1->doDisplay(Array, Array)
#4 /home/matt/public_html/Provins-2/core/vendor/twig/twig/lib/Twig/Template.php(253): Twig_Template->displayWithErrorHandling(Array, Array)
#5 /home/matt/public_html/Provins-2/core/views_cache/3c/a6/5e1cd827a04242376cd1bacb5d08deb52af0e39ff7246bbd76b042b5aa20.php(24): Twig_Template->display(Array, Array)
#6 /home/matt/public_html/Provins-2/core/vendor/twig/twig/lib/Twig/Template.php(279): __TwigTemplate_3ca65e1cd827a04242376cd1bacb5d08deb52af0e39ff7246bbd76b042b5aa20->doDisplay(Array, Array)
#7 /home/matt/public_html/Provins-2/core/vendor/twig/twig/lib/Twig/Template.php(253): Twig_Template->displayWithErrorHandling(Array, Array)
#8 /home/matt/public_html/Provins-2/core/vendor/twig/twig/lib/Twig/Template.php(264): Twig_Template->display(Array)
#9 /home/matt/public_html/Provins-2/core/vendor/slim/views/Slim/Views/Twig.php(91): Twig_Template->render(Array)
#10 /home/matt/public_html/Provins-2/core/vendor/slim/slim/Slim/View.php(255): Slim\Views\Twig->render('itineraries.twi...', NULL)
#11 /home/matt/public_html/Provins-2/core/vendor/slim/slim/Slim/View.php(243): Slim\View->fetch('itineraries.twi...', NULL)
#12 /home/matt/public_html/Provins-2/core/vendor/slim/slim/Slim/Slim.php(757): Slim\View->display('itineraries.twi...')
#13 /home/matt/public_html/Provins-2/core/kernel/View.php(73): Slim\Slim->render('itineraries.twi...')
#14 /home/matt/public_html/Provins-2/core/kernel/Controllers.php(91): View::render('Parcours', 'itineraries', Array)
#15 [internal function]: Controllers::itineraries()
#16 /home/matt/public_html/Provins-2/core/vendor/slim/slim/Slim/Route.php(462): call_user_func_array('Controllers::it...', Array)
#17 /home/matt/public_html/Provins-2/core/vendor/slim/slim/Slim/Slim.php(1326): Slim\Route->dispatch()
#18 /home/matt/public_html/Provins-2/core/vendor/slim/slim/Slim/Middleware/Flash.php(85): Slim\Slim->call()
#19 /home/matt/public_html/Provins-2/core/vendor/slim/slim/Slim/Middleware/MethodOverride.php(92): Slim\Middleware\Flash->call()
#20 /home/matt/public_html/Provins-2/core/vendor/slim/slim/Slim/Middleware/PrettyExceptions.php(67): Slim\Middleware\MethodOverride->call()
#21 /home/matt/public_html/Provins-2/core/vendor/slim/slim/Slim/Slim.php(1271): Slim\Middleware\PrettyExceptions->call()
#22 /home/matt/public_html/Provins-2/core/kernel/Kernel.php(126): Slim\Slim->run()
#23 /home/matt/public_html/Provins-2/core/index.php(8): Kernel->run()
#24 /home/matt/public_html/Provins-2/index.php(5): require_once('/home/matt/publ...')
#25 {main}
ERROR - 2015-02-14T19:09:34+07:00 - exception 'Twig_Error_Runtime' with message 'Impossible to access an attribute ("name") on a NULL variable ("") in "itineraries.twig" at line 7' in /home/matt/public_html/Provins-2/core/vendor/twig/twig/lib/Twig/Template.php:393
Stack trace:
#0 /home/matt/public_html/Provins-2/core/views_cache/3c/a6/5e1cd827a04242376cd1bacb5d08deb52af0e39ff7246bbd76b042b5aa20.php(41): Twig_Template->getAttribute(NULL, 'name', Array)
#1 /home/matt/public_html/Provins-2/core/vendor/twig/twig/lib/Twig/Template.php(144): __TwigTemplate_3ca65e1cd827a04242376cd1bacb5d08deb52af0e39ff7246bbd76b042b5aa20->block_section(Array, Array)
#2 /home/matt/public_html/Provins-2/core/views_cache/0a/4c/bd615aee27a81e830cf3cc4c42a408d359db12c32467ff3e202def5f8ad1.php(70): Twig_Template->displayBlock('section', Array, Array)
#3 /home/matt/public_html/Provins-2/core/vendor/twig/twig/lib/Twig/Template.php(279): __TwigTemplate_0a4cbd615aee27a81e830cf3cc4c42a408d359db12c32467ff3e202def5f8ad1->doDisplay(Array, Array)
#4 /home/matt/public_html/Provins-2/core/vendor/twig/twig/lib/Twig/Template.php(253): Twig_Template->displayWithErrorHandling(Array, Array)
#5 /home/matt/public_html/Provins-2/core/views_cache/3c/a6/5e1cd827a04242376cd1bacb5d08deb52af0e39ff7246bbd76b042b5aa20.php(24): Twig_Template->display(Array, Array)
#6 /home/matt/public_html/Provins-2/core/vendor/twig/twig/lib/Twig/Template.php(279): __TwigTemplate_3ca65e1cd827a04242376cd1bacb5d08deb52af0e39ff7246bbd76b042b5aa20->doDisplay(Array, Array)
#7 /home/matt/public_html/Provins-2/core/vendor/twig/twig/lib/Twig/Template.php(253): Twig_Template->displayWithErrorHandling(Array, Array)
#8 /home/matt/public_html/Provins-2/core/vendor/twig/twig/lib/Twig/Template.php(264): Twig_Template->display(Array)
#9 /home/matt/public_html/Provins-2/core/vendor/slim/views/Slim/Views/Twig.php(91): Twig_Template->render(Array)
#10 /home/matt/public_html/Provins-2/core/vendor/slim/slim/Slim/View.php(255): Slim\Views\Twig->render('itineraries.twi...', NULL)
#11 /home/matt/public_html/Provins-2/core/vendor/slim/slim/Slim/View.php(243): Slim\View->fetch('itineraries.twi...', NULL)
#12 /home/matt/public_html/Provins-2/core/vendor/slim/slim/Slim/Slim.php(757): Slim\View->display('itineraries.twi...')
#13 /home/matt/public_html/Provins-2/core/kernel/View.php(73): Slim\Slim->render('itineraries.twi...')
#14 /home/matt/public_html/Provins-2/core/kernel/Controllers.php(91): View::render('Parcours', 'itineraries', Array)
#15 [internal function]: Controllers::itineraries()
#16 /home/matt/public_html/Provins-2/core/vendor/slim/slim/Slim/Route.php(462): call_user_func_array('Controllers::it...', Array)
#17 /home/matt/public_html/Provins-2/core/vendor/slim/slim/Slim/Slim.php(1326): Slim\Route->dispatch()
#18 /home/matt/public_html/Provins-2/core/vendor/slim/slim/Slim/Middleware/Flash.php(85): Slim\Slim->call()
#19 /home/matt/public_html/Provins-2/core/vendor/slim/slim/Slim/Middleware/MethodOverride.php(92): Slim\Middleware\Flash->call()
#20 /home/matt/public_html/Provins-2/core/vendor/slim/slim/Slim/Middleware/PrettyExceptions.php(67): Slim\Middleware\MethodOverride->call()
#21 /home/matt/public_html/Provins-2/core/vendor/slim/slim/Slim/Slim.php(1271): Slim\Middleware\PrettyExceptions->call()
#22 /home/matt/public_html/Provins-2/core/kernel/Kernel.php(126): Slim\Slim->run()
#23 /home/matt/public_html/Provins-2/core/index.php(8): Kernel->run()
#24 /home/matt/public_html/Provins-2/index.php(5): require_once('/home/matt/publ...')
#25 {main}
ERROR - 2015-02-14T19:58:21+07:00 - exception 'Twig_Error_Runtime' with message 'Key "itinerary" for array with keys "itineraries" does not exist in "skel/nav.twig" at line 13' in /home/matt/public_html/Provins-2/core/vendor/twig/twig/lib/Twig/Template.php:393
Stack trace:
#0 /home/matt/public_html/Provins-2/core/views_cache/99/b4/abddf240edfe21d7925d60f0b5ead5f78a94c7bf754e69c49d7e68c9d297.php(42): Twig_Template->getAttribute(Array, 'itinerary', Array)
#1 /home/matt/public_html/Provins-2/core/vendor/twig/twig/lib/Twig/Template.php(279): __TwigTemplate_99b4abddf240edfe21d7925d60f0b5ead5f78a94c7bf754e69c49d7e68c9d297->doDisplay(Array, Array)
#2 /home/matt/public_html/Provins-2/core/vendor/twig/twig/lib/Twig/Template.php(253): Twig_Template->displayWithErrorHandling(Array, Array)
#3 /home/matt/public_html/Provins-2/core/views_cache/0a/4c/bd615aee27a81e830cf3cc4c42a408d359db12c32467ff3e202def5f8ad1.php(61): Twig_Template->display(Array)
#4 /home/matt/public_html/Provins-2/core/vendor/twig/twig/lib/Twig/Template.php(279): __TwigTemplate_0a4cbd615aee27a81e830cf3cc4c42a408d359db12c32467ff3e202def5f8ad1->doDisplay(Array, Array)
#5 /home/matt/public_html/Provins-2/core/vendor/twig/twig/lib/Twig/Template.php(253): Twig_Template->displayWithErrorHandling(Array, Array)
#6 /home/matt/public_html/Provins-2/core/views_cache/3c/a6/5e1cd827a04242376cd1bacb5d08deb52af0e39ff7246bbd76b042b5aa20.php(24): Twig_Template->display(Array, Array)
#7 /home/matt/public_html/Provins-2/core/vendor/twig/twig/lib/Twig/Template.php(279): __TwigTemplate_3ca65e1cd827a04242376cd1bacb5d08deb52af0e39ff7246bbd76b042b5aa20->doDisplay(Array, Array)
#8 /home/matt/public_html/Provins-2/core/vendor/twig/twig/lib/Twig/Template.php(253): Twig_Template->displayWithErrorHandling(Array, Array)
#9 /home/matt/public_html/Provins-2/core/vendor/twig/twig/lib/Twig/Template.php(264): Twig_Template->display(Array)
#10 /home/matt/public_html/Provins-2/core/vendor/slim/views/Slim/Views/Twig.php(91): Twig_Template->render(Array)
#11 /home/matt/public_html/Provins-2/core/vendor/slim/slim/Slim/View.php(255): Slim\Views\Twig->render('itineraries.twi...', NULL)
#12 /home/matt/public_html/Provins-2/core/vendor/slim/slim/Slim/View.php(243): Slim\View->fetch('itineraries.twi...', NULL)
#13 /home/matt/public_html/Provins-2/core/vendor/slim/slim/Slim/Slim.php(757): Slim\View->display('itineraries.twi...')
#14 /home/matt/public_html/Provins-2/core/kernel/View.php(77): Slim\Slim->render('itineraries.twi...')
#15 /home/matt/public_html/Provins-2/core/kernel/Controllers.php(100): View::render('Parcours', 'itineraries', Array)
#16 [internal function]: Controllers::itineraries()
#17 /home/matt/public_html/Provins-2/core/vendor/slim/slim/Slim/Route.php(462): call_user_func_array('Controllers::it...', Array)
#18 /home/matt/public_html/Provins-2/core/vendor/slim/slim/Slim/Slim.php(1326): Slim\Route->dispatch()
#19 /home/matt/public_html/Provins-2/core/vendor/slim/slim/Slim/Middleware/Flash.php(85): Slim\Slim->call()
#20 /home/matt/public_html/Provins-2/core/vendor/slim/slim/Slim/Middleware/MethodOverride.php(92): Slim\Middleware\Flash->call()
#21 /home/matt/public_html/Provins-2/core/vendor/slim/slim/Slim/Middleware/PrettyExceptions.php(67): Slim\Middleware\MethodOverride->call()
#22 /home/matt/public_html/Provins-2/core/vendor/slim/slim/Slim/Slim.php(1271): Slim\Middleware\PrettyExceptions->call()
#23 /home/matt/public_html/Provins-2/core/kernel/Kernel.php(148): Slim\Slim->run()
#24 /home/matt/public_html/Provins-2/core/index.php(8): Kernel->run()
#25 /home/matt/public_html/Provins-2/index.php(5): require_once('/home/matt/publ...')
#26 {main}
